[0.006s] Invoking command in '/home/harikrishnan/ROS_PROJECTS/snake_robot_harmonic_ws/build/ros_gz_example_gazebo': AMENT_PREFIX_PATH=/home/harikrishnan/ROS_PROJECTS/snake_robot_harmonic_ws/install/ros_gz_example_description:${AMENT_PREFIX_PATH} CMAKE_PREFIX_PATH=/home/harikrishnan/ROS_PROJECTS/snake_robot_harmonic_ws/install/ros_gz_example_description:/opt/ros/jazzy/opt/gz_math_vendor:/opt/ros/jazzy/opt/gz_utils_vendor:/opt/ros/jazzy/opt/gz_cmake_vendor:/home/harikrishnan/turtlebot3_ws/install/turtlebot3:/home/harikrishnan/turtlebot3_ws/install/turtlebot3_bringup:/home/harikrishnan/turtlebot3_ws/install/turtlebot3_node:/home/harikrishnan/turtlebot3_ws/install/turtlebot3_navigation2:/home/harikrishnan/turtlebot3_ws/install/turtlebot3_msgs:/home/harikrishnan/turtlebot3_ws/install/turtlebot3_description:/home/harikrishnan/turtlebot3_ws/install/turtlebot3_cartographer:/home/harikrishnan/turtlebot3_ws/install/dynamixel_sdk_examples:/home/harikrishnan/turtlebot3_ws/install/dynamixel_sdk_custom_interfaces:/home/harikrishnan/turtlebot3_ws/install/dynamixel_sdk:/home/harikrishnan/ros2_ws/install/snake_bot:/opt/ros/jazzy:/home/harikrishnan/turtlebot3_ws/install/turtlebot3_teleop:/home/harikrishnan/turtlebot3_ws/install/turtlebot3_example DEBUGINFOD_URLS=https://debuginfod.ubuntu.com GZ_SIM_RESOURCE_PATH=/home/harikrishnan/ROS_PROJECTS/snake_robot_harmonic_ws/install/ros_gz_example_description/share/ros_gz_example_description/models /usr/bin/cmake /home/harikrishnan/ROS_PROJECTS/snake_robot_harmonic_ws/src/ros_gz_example_gazebo -DCMAKE_INSTALL_PREFIX=/home/harikrishnan/ROS_PROJECTS/snake_robot_harmonic_ws/install/ros_gz_example_gazebo
[0.048s] -- The C compiler identification is GNU 13.3.0
[0.090s] -- The CXX compiler identification is GNU 13.3.0
[0.102s] -- Detecting C compiler ABI info
[0.186s] -- Detecting C compiler ABI info - done
[0.192s] -- Check for working C compiler: /usr/bin/cc - skipped
[0.192s] -- Detecting C compile features
[0.192s] -- Detecting C compile features - done
[0.201s] -- Detecting CXX compiler ABI info
[0.287s] -- Detecting CXX compiler ABI info - done
[0.293s] -- Check for working CXX compiler: /usr/bin/c++ - skipped
[0.293s] -- Detecting CXX compile features
[0.293s] -- Detecting CXX compile features - done
[0.295s] -- Found ament_cmake: 2.5.2 (/opt/ros/jazzy/share/ament_cmake/cmake)
[0.402s] -- Found Python3: /usr/bin/python3 (found version "3.12.3") found components: Interpreter 
[0.473s] -- Found ros_gz_example_description: 0.0.0 (/home/harikrishnan/ROS_PROJECTS/snake_robot_harmonic_ws/install/ros_gz_example_description/share/ros_gz_example_description/cmake)
[0.479s] -- Looking for gz-plugin2 -- found version 2.0.3
[0.479s] -- Searching for dependencies of gz-plugin2
[0.480s] -- Looking for gz-utils2 -- found version 2.2.0
[0.480s] -- Searching for dependencies of gz-utils2
[0.480s] -- Searching for <gz-utils2> component [cli]
[0.481s] -- Looking for gz-utils2-cli -- found version 2.2.0
[0.481s] -- Searching for dependencies of gz-utils2-cli
[0.481s] -- Searching for <gz-plugin2> component [register]
[0.483s] -- Looking for gz-plugin2-register -- found version 2.0.3
[0.483s] -- Searching for dependencies of gz-plugin2-register
[0.485s] -- Looking for gz-common5 -- found version 5.7.0
[0.485s] -- Searching for dependencies of gz-common5
[0.485s] -- Looking for gz-utils2 -- found version 2.2.0
[0.485s] -- Looking for dlfcn.h - found
[0.490s] -- Looking for libdl - found
[0.491s] -- Found DL: TRUE  
[0.495s] -- Checking for module 'uuid'
[0.504s] --   Found uuid, version 2.39.3
[0.536s] -- Found UUID: TRUE  
[0.537s] -- Searching for <gz-common5> component [profiler]
[0.540s] -- Looking for gz-common5-profiler -- found version 5.7.0
[0.540s] -- Searching for dependencies of gz-common5-profiler
[0.558s] -- Looking for gz-sim8 -- found version 8.7.0
[0.559s] -- Searching for dependencies of gz-sim8
[0.561s] -- Looking for sdformat14 -- found version 14.6.0
[0.561s] -- Searching for dependencies of sdformat14
[0.566s] -- Checking for module 'tinyxml2'
[0.583s] --   Found tinyxml2, version 10.0.0
[0.628s] -- Looking for gz-math7 -- found version 7.5.1
[0.628s] -- Searching for dependencies of gz-math7
[0.629s] -- Looking for gz-utils2 -- found version 2.2.0
[0.630s] -- Looking for gz-utils2 -- found version 2.2.0
[0.632s] -- Looking for gz-plugin2 -- found version 2.0.3
[0.632s] -- Searching for dependencies of gz-plugin2
[0.632s] -- Looking for gz-utils2 -- found version 2.2.0
[0.633s] -- Searching for <gz-plugin2> component [loader]
[0.636s] -- Looking for gz-plugin2-loader -- found version 2.0.3
[0.636s] -- Searching for dependencies of gz-plugin2-loader
[0.637s] -- Searching for <gz-plugin2> component [register]
[0.640s] -- Looking for gz-transport13 -- found version 13.4.0
[0.640s] -- Searching for dependencies of gz-transport13
[0.740s] -- Found Protobuf: /usr/lib/x86_64-linux-gnu/libprotobuf.so (found version "3.21.12") 
[0.748s] -- Config-file not installed for ZeroMQ -- checking for pkg-config
[0.752s] -- Checking for module 'libzmq >= 4'
[0.762s] --   Found libzmq, version 4.3.5
[0.805s] -- Found ZeroMQ: TRUE (Required is at least version "4") 
[0.815s] -- Looking for gz-utils2 -- found version 2.2.0
[0.819s] -- Looking for gz-msgs10 -- found version 10.3.1
[0.819s] -- Searching for dependencies of gz-msgs10
[0.834s] -- Looking for gz-utils2 -- found version 2.2.0
[0.834s] -- Looking for gz-math7 -- found version 7.5.1
[0.938s] -- Searching for <gz-transport13> component [log]
[0.940s] -- Looking for gz-transport13-log -- found version 13.4.0
[0.940s] -- Searching for dependencies of gz-transport13-log
[0.941s] -- Searching for <gz-transport13> component [parameters]
[0.942s] -- Looking for gz-transport13-parameters -- found version 13.4.0
[0.943s] -- Searching for dependencies of gz-transport13-parameters
[0.943s] -- Looking for gz-msgs10 -- found version 10.3.1
[0.944s] -- Looking for gz-common5 -- found version 5.7.0
[0.944s] -- Searching for dependencies of gz-common5
[0.944s] -- Looking for gz-utils2 -- found version 2.2.0
[0.944s] -- Looking for dlfcn.h - found
[0.944s] -- Looking for libdl - found
[0.949s] -- Searching for <gz-common5> component [av]
[0.952s] -- Looking for gz-common5-av -- found version 5.7.0
[0.952s] -- Searching for dependencies of gz-common5-av
[0.956s] -- Checking for module 'libswscale'
[0.968s] --   Found libswscale, version 7.5.100
[1.004s] -- Found SWSCALE: TRUE  
[1.010s] -- Checking for module 'libavdevice >= 56.4.100'
[1.028s] --   Found libavdevice, version 60.3.100
[1.080s] -- Found AVDEVICE: TRUE (Required is at least version "56.4.100") 
[1.085s] -- Checking for module 'libavformat'
[1.101s] --   Found libavformat, version 60.16.100
[1.152s] -- Found AVFORMAT: TRUE  
[1.159s] -- Checking for module 'libavcodec'
[1.171s] --   Found libavcodec, version 60.31.102
[1.203s] -- Found AVCODEC: TRUE  
[1.207s] -- Checking for module 'libavutil'
[1.219s] --   Found libavutil, version 58.29.100
[1.247s] -- Found AVUTIL: TRUE  
[1.249s] -- Searching for <gz-common5> component [events]
[1.251s] -- Looking for gz-common5-events -- found version 5.7.0
[1.251s] -- Searching for dependencies of gz-common5-events
[1.252s] -- Looking for gz-math7 -- found version 7.5.1
[1.253s] -- Searching for <gz-common5> component [graphics]
[1.255s] -- Looking for gz-common5-graphics -- found version 5.7.0
[1.255s] -- Searching for dependencies of gz-common5-graphics
[1.255s] -- Looking for gz-math7 -- found version 7.5.1
[1.258s] -- Found GzAssimp: TRUE (found version "5.3.0") 
[1.259s] -- Searching for <gz-common5> component [io]
[1.260s] -- Looking for gz-common5-io -- found version 5.7.0
[1.260s] -- Searching for dependencies of gz-common5-io
[1.261s] -- Searching for <gz-common5> component [profiler]
[1.263s] -- Looking for gz-fuel_tools9 -- found version 9.1.0
[1.263s] -- Searching for dependencies of gz-fuel_tools9
[1.354s] -- Found CURL: /usr/lib/x86_64-linux-gnu/libcurl.so (found version "8.5.0")  
[1.361s] -- Checking for module 'jsoncpp'
[1.373s] --   Found jsoncpp, version 1.9.5
[1.414s] -- Found JSONCPP: TRUE  
[1.426s] -- Checking for module 'yaml-0.1'
[1.440s] --   Found yaml-0.1, version 0.2.5
[1.475s] -- Found YAML: TRUE  
[1.481s] -- Checking for module 'libzip'
[1.500s] --   Found libzip, version 1.7.3
[1.550s] -- Found ZIP: TRUE  
[1.551s] -- Looking for gz-utils2 -- found version 2.2.0
[1.551s] -- Looking for gz-common5 -- found version 5.7.0
[1.551s] -- Searching for dependencies of gz-common5
[1.552s] -- Looking for gz-utils2 -- found version 2.2.0
[1.552s] -- Looking for dlfcn.h - found
[1.552s] -- Looking for libdl - found
[1.558s] -- Searching for <gz-common5> component [testing]
[1.561s] -- Looking for gz-common5-testing -- found version 5.7.0
[1.562s] -- Searching for dependencies of gz-common5-testing
[1.563s] -- Looking for gz-math7 -- found version 7.5.1
[1.563s] -- Looking for gz-msgs10 -- found version 10.3.1
[1.566s] -- Looking for gz-gui8 -- found version 8.3.0
[1.566s] -- Searching for dependencies of gz-gui8
[1.584s] -- Looking for gz-utils2 -- found version 2.2.0
[1.584s] -- Looking for gz-math7 -- found version 7.5.1
[1.585s] -- Looking for gz-common5 -- found version 5.7.0
[1.585s] -- Looking for gz-plugin2 -- found version 2.0.3
[1.586s] -- Looking for gz-transport13 -- found version 13.4.0
[1.589s] -- Looking for gz-rendering8 -- found version 8.2.1
[1.589s] -- Searching for dependencies of gz-rendering8
[1.590s] -- Looking for gz-math7 -- found version 7.5.1
[1.590s] -- Searching for dependencies of gz-math7
[1.590s] -- Looking for gz-utils2 -- found version 2.2.0
[1.590s] -- Searching for <gz-math7> component [eigen3]
[1.591s] -- Looking for gz-math7-eigen3 -- found version 7.5.1
[1.591s] -- Searching for dependencies of gz-math7-eigen3
[1.597s] -- Looking for gz-common5 -- found version 5.7.0
[1.597s] -- Searching for dependencies of gz-common5
[1.597s] -- Looking for gz-utils2 -- found version 2.2.0
[1.597s] -- Looking for dlfcn.h - found
[1.597s] -- Looking for libdl - found
[1.603s] -- Searching for <gz-common5> component [graphics]
[1.603s] -- Searching for <gz-common5> component [events]
[1.603s] -- Searching for <gz-common5> component [geospatial]
[1.605s] -- Looking for gz-common5-geospatial -- found version 5.7.0
[1.605s] -- Searching for dependencies of gz-common5-geospatial
[1.605s] -- Looking for gz-math7 -- found version 7.5.1
[1.605s] -- Looking for gz-common5 -- found version 5.7.0
[1.606s] -- Looking for gz-plugin2 -- found version 2.0.3
[1.606s] -- Searching for dependencies of gz-plugin2
[1.606s] -- Looking for gz-utils2 -- found version 2.2.0
[1.606s] -- Searching for <gz-plugin2> component [all]
[1.608s] -- Looking for all libraries of gz-plugin2 -- found version 2.0.3
[1.608s] -- Looking for gz-plugin2 -- found version 2.0.3
[1.609s] -- Looking for gz-utils2 -- found version 2.2.0
[1.616s] -- Found OpenGL: /usr/lib/x86_64-linux-gnu/libOpenGL.so  found components: OpenGL 
[1.617s] -- Looking for gz-msgs10 -- found version 10.3.1
[1.639s] -- Looking for gz-physics7 -- found version 7.4.0
[1.639s] -- Searching for dependencies of gz-physics7
[1.639s] -- Looking for gz-common5 -- found version 5.7.0
[1.640s] -- Looking for gz-math7 -- found version 7.5.1
[1.640s] -- Looking for gz-plugin2 -- found version 2.0.3
[1.640s] -- Looking for gz-utils2 -- found version 2.2.0
[1.641s] -- Searching for <gz-physics7> component [heightmap]
[1.643s] -- Looking for gz-physics7-heightmap -- found version 7.4.0
[1.643s] -- Searching for dependencies of gz-physics7-heightmap
[1.643s] -- Looking for gz-common5 -- found version 5.7.0
[1.643s] -- Searching for <gz-physics7> component [mesh]
[1.645s] -- Looking for gz-physics7-mesh -- found version 7.4.0
[1.646s] -- Searching for dependencies of gz-physics7-mesh
[1.646s] -- Looking for gz-common5 -- found version 5.7.0
[1.646s] -- Searching for <gz-physics7> component [sdf]
[1.648s] -- Looking for gz-physics7-sdf -- found version 7.4.0
[1.648s] -- Searching for dependencies of gz-physics7-sdf
[1.648s] -- Looking for sdformat14 -- found version 14.6.0
[1.651s] -- Looking for gz-sensors8 -- found version 8.2.1
[1.651s] -- Searching for dependencies of gz-sensors8
[1.665s] -- Looking for gz-math7 -- found version 7.5.1
[1.665s] -- Looking for gz-common5 -- found version 5.7.0
[1.666s] -- Looking for gz-transport13 -- found version 13.4.0
[1.666s] -- Looking for gz-rendering8 -- found version 8.2.1
[1.666s] -- Looking for gz-msgs10 -- found version 10.3.1
[1.666s] -- Looking for sdformat14 -- found version 14.6.0
[1.667s] -- Searching for <gz-sensors8> component [air_pressure]
[1.669s] -- Looking for gz-sensors8-air_pressure -- found version 8.2.1
[1.669s] -- Searching for dependencies of gz-sensors8-air_pressure
[1.669s] -- Searching for <gz-sensors8> component [air_speed]
[1.671s] -- Looking for gz-sensors8-air_speed -- found version 8.2.1
[1.671s] -- Searching for dependencies of gz-sensors8-air_speed
[1.672s] -- Searching for <gz-sensors8> component [altimeter]
[1.674s] -- Looking for gz-sensors8-altimeter -- found version 8.2.1
[1.674s] -- Searching for dependencies of gz-sensors8-altimeter
[1.674s] -- Searching for <gz-sensors8> component [imu]
[1.676s] -- Looking for gz-sensors8-imu -- found version 8.2.1
[1.676s] -- Searching for dependencies of gz-sensors8-imu
[1.676s] -- Searching for <gz-sensors8> component [force_torque]
[1.678s] -- Looking for gz-sensors8-force_torque -- found version 8.2.1
[1.678s] -- Searching for dependencies of gz-sensors8-force_torque
[1.679s] -- Searching for <gz-sensors8> component [logical_camera]
[1.680s] -- Looking for gz-sensors8-logical_camera -- found version 8.2.1
[1.680s] -- Searching for dependencies of gz-sensors8-logical_camera
[1.681s] -- Searching for <gz-sensors8> component [magnetometer]
[1.683s] -- Looking for gz-sensors8-magnetometer -- found version 8.2.1
[1.683s] -- Searching for dependencies of gz-sensors8-magnetometer
[1.683s] -- Searching for <gz-sensors8> component [navsat]
[1.685s] -- Looking for gz-sensors8-navsat -- found version 8.2.1
[1.685s] -- Searching for dependencies of gz-sensors8-navsat
[1.686s] -- Searching for <gz-sensors8> component [dvl]
[1.687s] -- Looking for gz-sensors8-dvl -- found version 8.2.1
[1.687s] -- Searching for dependencies of gz-sensors8-dvl
[1.687s] -- Looking for gz-sensors8 -- found version 8.2.1
[1.688s] -- Searching for dependencies of gz-sensors8
[1.702s] -- Looking for gz-math7 -- found version 7.5.1
[1.702s] -- Looking for gz-common5 -- found version 5.7.0
[1.702s] -- Looking for gz-transport13 -- found version 13.4.0
[1.702s] -- Looking for gz-rendering8 -- found version 8.2.1
[1.702s] -- Looking for gz-msgs10 -- found version 10.3.1
[1.703s] -- Looking for sdformat14 -- found version 14.6.0
[1.703s] -- Searching for <gz-sensors8> component [rendering]
[1.704s] -- Looking for gz-sensors8-rendering -- found version 8.2.1
[1.705s] -- Searching for dependencies of gz-sensors8-rendering
[1.706s] -- Searching for <gz-sensors8> component [rendering]
[1.706s] -- Searching for <gz-sensors8> component [lidar]
[1.707s] -- Looking for gz-sensors8-lidar -- found version 8.2.1
[1.707s] -- Searching for dependencies of gz-sensors8-lidar
[1.708s] -- Looking for gz-sensors8 -- found version 8.2.1
[1.708s] -- Searching for <gz-sensors8> component [gpu_lidar]
[1.710s] -- Looking for gz-sensors8-gpu_lidar -- found version 8.2.1
[1.710s] -- Searching for dependencies of gz-sensors8-gpu_lidar
[1.710s] -- Looking for gz-sensors8 -- found version 8.2.1
[1.711s] -- Searching for <gz-sensors8> component [camera]
[1.713s] -- Looking for gz-sensors8-camera -- found version 8.2.1
[1.713s] -- Searching for dependencies of gz-sensors8-camera
[1.713s] -- Looking for gz-sensors8 -- found version 8.2.1
[1.714s] -- Searching for <gz-sensors8> component [boundingbox_camera]
[1.715s] -- Looking for gz-sensors8-boundingbox_camera -- found version 8.2.1
[1.715s] -- Searching for dependencies of gz-sensors8-boundingbox_camera
[1.716s] -- Searching for <gz-sensors8> component [segmentation_camera]
[1.718s] -- Looking for gz-sensors8-segmentation_camera -- found version 8.2.1
[1.718s] -- Searching for dependencies of gz-sensors8-segmentation_camera
[1.718s] -- Searching for <gz-sensors8> component [depth_camera]
[1.720s] -- Looking for gz-sensors8-depth_camera -- found version 8.2.1
[1.720s] -- Searching for dependencies of gz-sensors8-depth_camera
[1.720s] -- Looking for gz-sensors8 -- found version 8.2.1
[1.721s] -- Searching for <gz-sensors8> component [rgbd_camera]
[1.723s] -- Looking for gz-sensors8-rgbd_camera -- found version 8.2.1
[1.723s] -- Searching for dependencies of gz-sensors8-rgbd_camera
[1.723s] -- Looking for gz-sensors8 -- found version 8.2.1
[1.723s] -- Searching for <gz-sensors8> component [thermal_camera]
[1.725s] -- Looking for gz-sensors8-thermal_camera -- found version 8.2.1
[1.725s] -- Searching for dependencies of gz-sensors8-thermal_camera
[1.725s] -- Looking for gz-sensors8 -- found version 8.2.1
[1.726s] -- Searching for <gz-sensors8> component [wide_angle_camera]
[1.728s] -- Looking for gz-sensors8-wide_angle_camera -- found version 8.2.1
[1.728s] -- Searching for dependencies of gz-sensors8-wide_angle_camera
[1.729s] -- Looking for gz-rendering8 -- found version 8.2.1
[1.729s] -- Looking for gz-math7 -- found version 7.5.1
[1.729s] -- Looking for gz-utils2 -- found version 2.2.0
[1.742s] -- Compiling against Gazebo Garden
[1.744s] -- Found ament_lint_auto: 0.17.1 (/opt/ros/jazzy/share/ament_lint_auto/cmake)
[1.805s] -- Configuring done (1.8s)
[1.817s] -- Generating done (0.0s)
[1.820s] -- Build files have been written to: /home/harikrishnan/ROS_PROJECTS/snake_robot_harmonic_ws/build/ros_gz_example_gazebo
[1.829s] Invoked command in '/home/harikrishnan/ROS_PROJECTS/snake_robot_harmonic_ws/build/ros_gz_example_gazebo' returned '0': AMENT_PREFIX_PATH=/home/harikrishnan/ROS_PROJECTS/snake_robot_harmonic_ws/install/ros_gz_example_description:${AMENT_PREFIX_PATH} CMAKE_PREFIX_PATH=/home/harikrishnan/ROS_PROJECTS/snake_robot_harmonic_ws/install/ros_gz_example_description:/opt/ros/jazzy/opt/gz_math_vendor:/opt/ros/jazzy/opt/gz_utils_vendor:/opt/ros/jazzy/opt/gz_cmake_vendor:/home/harikrishnan/turtlebot3_ws/install/turtlebot3:/home/harikrishnan/turtlebot3_ws/install/turtlebot3_bringup:/home/harikrishnan/turtlebot3_ws/install/turtlebot3_node:/home/harikrishnan/turtlebot3_ws/install/turtlebot3_navigation2:/home/harikrishnan/turtlebot3_ws/install/turtlebot3_msgs:/home/harikrishnan/turtlebot3_ws/install/turtlebot3_description:/home/harikrishnan/turtlebot3_ws/install/turtlebot3_cartographer:/home/harikrishnan/turtlebot3_ws/install/dynamixel_sdk_examples:/home/harikrishnan/turtlebot3_ws/install/dynamixel_sdk_custom_interfaces:/home/harikrishnan/turtlebot3_ws/install/dynamixel_sdk:/home/harikrishnan/ros2_ws/install/snake_bot:/opt/ros/jazzy:/home/harikrishnan/turtlebot3_ws/install/turtlebot3_teleop:/home/harikrishnan/turtlebot3_ws/install/turtlebot3_example DEBUGINFOD_URLS=https://debuginfod.ubuntu.com GZ_SIM_RESOURCE_PATH=/home/harikrishnan/ROS_PROJECTS/snake_robot_harmonic_ws/install/ros_gz_example_description/share/ros_gz_example_description/models /usr/bin/cmake /home/harikrishnan/ROS_PROJECTS/snake_robot_harmonic_ws/src/ros_gz_example_gazebo -DCMAKE_INSTALL_PREFIX=/home/harikrishnan/ROS_PROJECTS/snake_robot_harmonic_ws/install/ros_gz_example_gazebo
[1.829s] Invoking command in '/home/harikrishnan/ROS_PROJECTS/snake_robot_harmonic_ws/build/ros_gz_example_gazebo': AMENT_PREFIX_PATH=/home/harikrishnan/ROS_PROJECTS/snake_robot_harmonic_ws/install/ros_gz_example_description:${AMENT_PREFIX_PATH} CMAKE_PREFIX_PATH=/home/harikrishnan/ROS_PROJECTS/snake_robot_harmonic_ws/install/ros_gz_example_description:/opt/ros/jazzy/opt/gz_math_vendor:/opt/ros/jazzy/opt/gz_utils_vendor:/opt/ros/jazzy/opt/gz_cmake_vendor:/home/harikrishnan/turtlebot3_ws/install/turtlebot3:/home/harikrishnan/turtlebot3_ws/install/turtlebot3_bringup:/home/harikrishnan/turtlebot3_ws/install/turtlebot3_node:/home/harikrishnan/turtlebot3_ws/install/turtlebot3_navigation2:/home/harikrishnan/turtlebot3_ws/install/turtlebot3_msgs:/home/harikrishnan/turtlebot3_ws/install/turtlebot3_description:/home/harikrishnan/turtlebot3_ws/install/turtlebot3_cartographer:/home/harikrishnan/turtlebot3_ws/install/dynamixel_sdk_examples:/home/harikrishnan/turtlebot3_ws/install/dynamixel_sdk_custom_interfaces:/home/harikrishnan/turtlebot3_ws/install/dynamixel_sdk:/home/harikrishnan/ros2_ws/install/snake_bot:/opt/ros/jazzy:/home/harikrishnan/turtlebot3_ws/install/turtlebot3_teleop:/home/harikrishnan/turtlebot3_ws/install/turtlebot3_example DEBUGINFOD_URLS=https://debuginfod.ubuntu.com GZ_SIM_RESOURCE_PATH=/home/harikrishnan/ROS_PROJECTS/snake_robot_harmonic_ws/install/ros_gz_example_description/share/ros_gz_example_description/models /usr/bin/cmake --build /home/harikrishnan/ROS_PROJECTS/snake_robot_harmonic_ws/build/ros_gz_example_gazebo -- -j12 -l12
[1.870s] [ 25%] [32mBuilding CXX object CMakeFiles/FullSystem.dir/src/FullSystem.cc.o[0m
[1.870s] [ 50%] [32mBuilding CXX object CMakeFiles/BasicSystem.dir/src/BasicSystem.cc.o[0m
[3.070s] [ 75%] [32m[1mLinking CXX shared library libBasicSystem.so[0m
[3.144s] [100%] [32m[1mLinking CXX shared library libFullSystem.so[0m
[3.181s] [100%] Built target BasicSystem
[3.250s] [100%] Built target FullSystem
[3.260s] Invoked command in '/home/harikrishnan/ROS_PROJECTS/snake_robot_harmonic_ws/build/ros_gz_example_gazebo' returned '0': AMENT_PREFIX_PATH=/home/harikrishnan/ROS_PROJECTS/snake_robot_harmonic_ws/install/ros_gz_example_description:${AMENT_PREFIX_PATH} CMAKE_PREFIX_PATH=/home/harikrishnan/ROS_PROJECTS/snake_robot_harmonic_ws/install/ros_gz_example_description:/opt/ros/jazzy/opt/gz_math_vendor:/opt/ros/jazzy/opt/gz_utils_vendor:/opt/ros/jazzy/opt/gz_cmake_vendor:/home/harikrishnan/turtlebot3_ws/install/turtlebot3:/home/harikrishnan/turtlebot3_ws/install/turtlebot3_bringup:/home/harikrishnan/turtlebot3_ws/install/turtlebot3_node:/home/harikrishnan/turtlebot3_ws/install/turtlebot3_navigation2:/home/harikrishnan/turtlebot3_ws/install/turtlebot3_msgs:/home/harikrishnan/turtlebot3_ws/install/turtlebot3_description:/home/harikrishnan/turtlebot3_ws/install/turtlebot3_cartographer:/home/harikrishnan/turtlebot3_ws/install/dynamixel_sdk_examples:/home/harikrishnan/turtlebot3_ws/install/dynamixel_sdk_custom_interfaces:/home/harikrishnan/turtlebot3_ws/install/dynamixel_sdk:/home/harikrishnan/ros2_ws/install/snake_bot:/opt/ros/jazzy:/home/harikrishnan/turtlebot3_ws/install/turtlebot3_teleop:/home/harikrishnan/turtlebot3_ws/install/turtlebot3_example DEBUGINFOD_URLS=https://debuginfod.ubuntu.com GZ_SIM_RESOURCE_PATH=/home/harikrishnan/ROS_PROJECTS/snake_robot_harmonic_ws/install/ros_gz_example_description/share/ros_gz_example_description/models /usr/bin/cmake --build /home/harikrishnan/ROS_PROJECTS/snake_robot_harmonic_ws/build/ros_gz_example_gazebo -- -j12 -l12
[3.261s] Invoking command in '/home/harikrishnan/ROS_PROJECTS/snake_robot_harmonic_ws/build/ros_gz_example_gazebo': AMENT_PREFIX_PATH=/home/harikrishnan/ROS_PROJECTS/snake_robot_harmonic_ws/install/ros_gz_example_description:${AMENT_PREFIX_PATH} CMAKE_PREFIX_PATH=/home/harikrishnan/ROS_PROJECTS/snake_robot_harmonic_ws/install/ros_gz_example_description:/opt/ros/jazzy/opt/gz_math_vendor:/opt/ros/jazzy/opt/gz_utils_vendor:/opt/ros/jazzy/opt/gz_cmake_vendor:/home/harikrishnan/turtlebot3_ws/install/turtlebot3:/home/harikrishnan/turtlebot3_ws/install/turtlebot3_bringup:/home/harikrishnan/turtlebot3_ws/install/turtlebot3_node:/home/harikrishnan/turtlebot3_ws/install/turtlebot3_navigation2:/home/harikrishnan/turtlebot3_ws/install/turtlebot3_msgs:/home/harikrishnan/turtlebot3_ws/install/turtlebot3_description:/home/harikrishnan/turtlebot3_ws/install/turtlebot3_cartographer:/home/harikrishnan/turtlebot3_ws/install/dynamixel_sdk_examples:/home/harikrishnan/turtlebot3_ws/install/dynamixel_sdk_custom_interfaces:/home/harikrishnan/turtlebot3_ws/install/dynamixel_sdk:/home/harikrishnan/ros2_ws/install/snake_bot:/opt/ros/jazzy:/home/harikrishnan/turtlebot3_ws/install/turtlebot3_teleop:/home/harikrishnan/turtlebot3_ws/install/turtlebot3_example DEBUGINFOD_URLS=https://debuginfod.ubuntu.com GZ_SIM_RESOURCE_PATH=/home/harikrishnan/ROS_PROJECTS/snake_robot_harmonic_ws/install/ros_gz_example_description/share/ros_gz_example_description/models /usr/bin/cmake --install /home/harikrishnan/ROS_PROJECTS/snake_robot_harmonic_ws/build/ros_gz_example_gazebo
[3.267s] -- Install configuration: ""
[3.267s] -- Installing: /home/harikrishnan/ROS_PROJECTS/snake_robot_harmonic_ws/install/ros_gz_example_gazebo/lib/ros_gz_example_gazebo/libBasicSystem.so
[3.267s] -- Set non-toolchain portion of runtime path of "/home/harikrishnan/ROS_PROJECTS/snake_robot_harmonic_ws/install/ros_gz_example_gazebo/lib/ros_gz_example_gazebo/libBasicSystem.so" to ""
[3.267s] -- Installing: /home/harikrishnan/ROS_PROJECTS/snake_robot_harmonic_ws/install/ros_gz_example_gazebo/lib/ros_gz_example_gazebo/libFullSystem.so
[3.268s] -- Set non-toolchain portion of runtime path of "/home/harikrishnan/ROS_PROJECTS/snake_robot_harmonic_ws/install/ros_gz_example_gazebo/lib/ros_gz_example_gazebo/libFullSystem.so" to ""
[3.268s] -- Installing: /home/harikrishnan/ROS_PROJECTS/snake_robot_harmonic_ws/install/ros_gz_example_gazebo/share/ros_gz_example_gazebo/worlds
[3.268s] -- Installing: /home/harikrishnan/ROS_PROJECTS/snake_robot_harmonic_ws/install/ros_gz_example_gazebo/share/ros_gz_example_gazebo/worlds/diff_drive.sdf
[3.268s] -- Installing: /home/harikrishnan/ROS_PROJECTS/snake_robot_harmonic_ws/install/ros_gz_example_gazebo/share/ros_gz_example_gazebo/environment/ros_gz_example_gazebo.dsv
[3.268s] -- Installing: /home/harikrishnan/ROS_PROJECTS/snake_robot_harmonic_ws/install/ros_gz_example_gazebo/share/ros_gz_example_gazebo/environment/ros_gz_example_gazebo.sh
[3.268s] -- Installing: /home/harikrishnan/ROS_PROJECTS/snake_robot_harmonic_ws/install/ros_gz_example_gazebo/share/ament_index/resource_index/package_run_dependencies/ros_gz_example_gazebo
[3.268s] -- Installing: /home/harikrishnan/ROS_PROJECTS/snake_robot_harmonic_ws/install/ros_gz_example_gazebo/share/ament_index/resource_index/parent_prefix_path/ros_gz_example_gazebo
[3.268s] -- Installing: /home/harikrishnan/ROS_PROJECTS/snake_robot_harmonic_ws/install/ros_gz_example_gazebo/share/ros_gz_example_gazebo/environment/ament_prefix_path.sh
[3.268s] -- Installing: /home/harikrishnan/ROS_PROJECTS/snake_robot_harmonic_ws/install/ros_gz_example_gazebo/share/ros_gz_example_gazebo/environment/ament_prefix_path.dsv
[3.268s] -- Installing: /home/harikrishnan/ROS_PROJECTS/snake_robot_harmonic_ws/install/ros_gz_example_gazebo/share/ros_gz_example_gazebo/environment/path.sh
[3.268s] -- Installing: /home/harikrishnan/ROS_PROJECTS/snake_robot_harmonic_ws/install/ros_gz_example_gazebo/share/ros_gz_example_gazebo/environment/path.dsv
[3.268s] -- Installing: /home/harikrishnan/ROS_PROJECTS/snake_robot_harmonic_ws/install/ros_gz_example_gazebo/share/ros_gz_example_gazebo/local_setup.bash
[3.268s] -- Installing: /home/harikrishnan/ROS_PROJECTS/snake_robot_harmonic_ws/install/ros_gz_example_gazebo/share/ros_gz_example_gazebo/local_setup.sh
[3.268s] -- Installing: /home/harikrishnan/ROS_PROJECTS/snake_robot_harmonic_ws/install/ros_gz_example_gazebo/share/ros_gz_example_gazebo/local_setup.zsh
[3.268s] -- Installing: /home/harikrishnan/ROS_PROJECTS/snake_robot_harmonic_ws/install/ros_gz_example_gazebo/share/ros_gz_example_gazebo/local_setup.dsv
[3.268s] -- Installing: /home/harikrishnan/ROS_PROJECTS/snake_robot_harmonic_ws/install/ros_gz_example_gazebo/share/ros_gz_example_gazebo/package.dsv
[3.268s] -- Installing: /home/harikrishnan/ROS_PROJECTS/snake_robot_harmonic_ws/install/ros_gz_example_gazebo/share/ament_index/resource_index/packages/ros_gz_example_gazebo
[3.268s] -- Installing: /home/harikrishnan/ROS_PROJECTS/snake_robot_harmonic_ws/install/ros_gz_example_gazebo/share/ros_gz_example_gazebo/cmake/ros_gz_example_gazeboConfig.cmake
[3.268s] -- Installing: /home/harikrishnan/ROS_PROJECTS/snake_robot_harmonic_ws/install/ros_gz_example_gazebo/share/ros_gz_example_gazebo/cmake/ros_gz_example_gazeboConfig-version.cmake
[3.268s] -- Installing: /home/harikrishnan/ROS_PROJECTS/snake_robot_harmonic_ws/install/ros_gz_example_gazebo/share/ros_gz_example_gazebo/package.xml
[3.270s] Invoked command in '/home/harikrishnan/ROS_PROJECTS/snake_robot_harmonic_ws/build/ros_gz_example_gazebo' returned '0': AMENT_PREFIX_PATH=/home/harikrishnan/ROS_PROJECTS/snake_robot_harmonic_ws/install/ros_gz_example_description:${AMENT_PREFIX_PATH} CMAKE_PREFIX_PATH=/home/harikrishnan/ROS_PROJECTS/snake_robot_harmonic_ws/install/ros_gz_example_description:/opt/ros/jazzy/opt/gz_math_vendor:/opt/ros/jazzy/opt/gz_utils_vendor:/opt/ros/jazzy/opt/gz_cmake_vendor:/home/harikrishnan/turtlebot3_ws/install/turtlebot3:/home/harikrishnan/turtlebot3_ws/install/turtlebot3_bringup:/home/harikrishnan/turtlebot3_ws/install/turtlebot3_node:/home/harikrishnan/turtlebot3_ws/install/turtlebot3_navigation2:/home/harikrishnan/turtlebot3_ws/install/turtlebot3_msgs:/home/harikrishnan/turtlebot3_ws/install/turtlebot3_description:/home/harikrishnan/turtlebot3_ws/install/turtlebot3_cartographer:/home/harikrishnan/turtlebot3_ws/install/dynamixel_sdk_examples:/home/harikrishnan/turtlebot3_ws/install/dynamixel_sdk_custom_interfaces:/home/harikrishnan/turtlebot3_ws/install/dynamixel_sdk:/home/harikrishnan/ros2_ws/install/snake_bot:/opt/ros/jazzy:/home/harikrishnan/turtlebot3_ws/install/turtlebot3_teleop:/home/harikrishnan/turtlebot3_ws/install/turtlebot3_example DEBUGINFOD_URLS=https://debuginfod.ubuntu.com GZ_SIM_RESOURCE_PATH=/home/harikrishnan/ROS_PROJECTS/snake_robot_harmonic_ws/install/ros_gz_example_description/share/ros_gz_example_description/models /usr/bin/cmake --install /home/harikrishnan/ROS_PROJECTS/snake_robot_harmonic_ws/build/ros_gz_example_gazebo
