[0.123s] DEBUG:colcon:Command line arguments: ['/usr/bin/colcon', 'build']
[0.123s] DEBUG:colcon:Parsed command line arguments: Namespace(log_base=None, log_level=None, verb_name='build', build_base='build', install_base='install', merge_install=False, symlink_install=False, test_result_base=None, continue_on_error=False, executor='parallel', parallel_workers=12, event_handlers=None, ignore_user_meta=False, metas=['./colcon.meta'], base_paths=['.'], packages_ignore=None, packages_ignore_regex=None, paths=None, packages_up_to=None, packages_up_to_regex=None, packages_above=None, packages_above_and_dependencies=None, packages_above_depth=None, packages_select_by_dep=None, packages_skip_by_dep=None, packages_skip_up_to=None, packages_select_build_failed=False, packages_skip_build_finished=False, packages_select_test_failures=False, packages_skip_test_passed=False, packages_select=None, packages_skip=None, packages_select_regex=None, packages_skip_regex=None, packages_start=None, packages_end=None, allow_overriding=[], cmake_args=None, cmake_target=None, cmake_target_skip_unavailable=False, cmake_clean_cache=False, cmake_clean_first=False, cmake_force_configure=False, ament_cmake_args=None, catkin_cmake_args=None, catkin_skip_building_tests=False, mixin_files=None, mixin=None, verb_parser=<colcon_mixin.mixin.mixin_argument.MixinArgumentDecorator object at 0x786ceca99370>, verb_extension=<colcon_core.verb.build.BuildVerb object at 0x786ceca99580>, main=<bound method BuildVerb.main of <colcon_core.verb.build.BuildVerb object at 0x786ceca99580>>, mixin_verb=('build',))
[0.168s] Level 1:colcon.colcon_core.package_discovery:discover_packages(colcon_meta) check parameters
[0.168s] Level 1:colcon.colcon_core.package_discovery:discover_packages(recursive) check parameters
[0.168s] Level 1:colcon.colcon_core.package_discovery:discover_packages(ignore) check parameters
[0.168s] Level 1:colcon.colcon_core.package_discovery:discover_packages(path) check parameters
[0.168s] Level 1:colcon.colcon_core.package_discovery:discover_packages(colcon_meta) discover
[0.168s] Level 1:colcon.colcon_core.package_discovery:discover_packages(recursive) discover
[0.168s] INFO:colcon.colcon_core.package_discovery:Crawling recursively for packages in '/home/harikrishnan/ROS_PROJECTS/snake_robot_harmonic_ws'
[0.169s] Level 1:colcon.colcon_core.package_identification:_identify(.) by extensions ['ignore', 'ignore_ament_install']
[0.169s] Level 1:colcon.colcon_core.package_identification:_identify(.) by extension 'ignore'
[0.169s] Level 1:colcon.colcon_core.package_identification:_identify(.) by extension 'ignore_ament_install'
[0.169s] Level 1:colcon.colcon_core.package_identification:_identify(.) by extensions ['colcon_pkg']
[0.169s] Level 1:colcon.colcon_core.package_identification:_identify(.) by extension 'colcon_pkg'
[0.169s] Level 1:colcon.colcon_core.package_identification:_identify(.) by extensions ['colcon_meta']
[0.169s] Level 1:colcon.colcon_core.package_identification:_identify(.) by extension 'colcon_meta'
[0.169s] Level 1:colcon.colcon_core.package_identification:_identify(.) by extensions ['ros']
[0.169s] Level 1:colcon.colcon_core.package_identification:_identify(.) by extension 'ros'
[0.200s] Level 1:colcon.colcon_core.package_identification:_identify(.) by extensions ['cmake', 'python']
[0.200s] Level 1:colcon.colcon_core.package_identification:_identify(.) by extension 'cmake'
[0.200s] Level 1:colcon.colcon_core.package_identification:_identify(.) by extension 'python'
[0.200s] Level 1:colcon.colcon_core.package_identification:_identify(.) by extensions ['python_setup_py']
[0.200s] Level 1:colcon.colcon_core.package_identification:_identify(.) by extension 'python_setup_py'
[0.201s] Level 1:colcon.colcon_core.package_identification:_identify(build) by extensions ['ignore', 'ignore_ament_install']
[0.201s] Level 1:colcon.colcon_core.package_identification:_identify(build) by extension 'ignore'
[0.201s] Level 1:colcon.colcon_core.package_identification:_identify(build) ignored
[0.201s] Level 1:colcon.colcon_core.package_identification:_identify(install) by extensions ['ignore', 'ignore_ament_install']
[0.201s] Level 1:colcon.colcon_core.package_identification:_identify(install) by extension 'ignore'
[0.201s] Level 1:colcon.colcon_core.package_identification:_identify(install) ignored
[0.201s] Level 1:colcon.colcon_core.package_identification:_identify(log) by extensions ['ignore', 'ignore_ament_install']
[0.201s] Level 1:colcon.colcon_core.package_identification:_identify(log) by extension 'ignore'
[0.201s] Level 1:colcon.colcon_core.package_identification:_identify(log) ignored
[0.201s] Level 1:colcon.colcon_core.package_identification:_identify(src) by extensions ['ignore', 'ignore_ament_install']
[0.202s] Level 1:colcon.colcon_core.package_identification:_identify(src) by extension 'ignore'
[0.202s] Level 1:colcon.colcon_core.package_identification:_identify(src) by extension 'ignore_ament_install'
[0.202s] Level 1:colcon.colcon_core.package_identification:_identify(src) by extensions ['colcon_pkg']
[0.202s] Level 1:colcon.colcon_core.package_identification:_identify(src) by extension 'colcon_pkg'
[0.202s] Level 1:colcon.colcon_core.package_identification:_identify(src) by extensions ['colcon_meta']
[0.202s] Level 1:colcon.colcon_core.package_identification:_identify(src) by extension 'colcon_meta'
[0.202s] Level 1:colcon.colcon_core.package_identification:_identify(src) by extensions ['ros']
[0.202s] Level 1:colcon.colcon_core.package_identification:_identify(src) by extension 'ros'
[0.202s] Level 1:colcon.colcon_core.package_identification:_identify(src) by extensions ['cmake', 'python']
[0.202s] Level 1:colcon.colcon_core.package_identification:_identify(src) by extension 'cmake'
[0.202s] Level 1:colcon.colcon_core.package_identification:_identify(src) by extension 'python'
[0.202s] Level 1:colcon.colcon_core.package_identification:_identify(src) by extensions ['python_setup_py']
[0.202s] Level 1:colcon.colcon_core.package_identification:_identify(src) by extension 'python_setup_py'
[0.202s] Level 1:colcon.colcon_core.package_identification:_identify(src/ros_gz_example_application) by extensions ['ignore', 'ignore_ament_install']
[0.202s] Level 1:colcon.colcon_core.package_identification:_identify(src/ros_gz_example_application) by extension 'ignore'
[0.202s] Level 1:colcon.colcon_core.package_identification:_identify(src/ros_gz_example_application) by extension 'ignore_ament_install'
[0.202s] Level 1:colcon.colcon_core.package_identification:_identify(src/ros_gz_example_application) by extensions ['colcon_pkg']
[0.202s] Level 1:colcon.colcon_core.package_identification:_identify(src/ros_gz_example_application) by extension 'colcon_pkg'
[0.202s] Level 1:colcon.colcon_core.package_identification:_identify(src/ros_gz_example_application) by extensions ['colcon_meta']
[0.202s] Level 1:colcon.colcon_core.package_identification:_identify(src/ros_gz_example_application) by extension 'colcon_meta'
[0.202s] Level 1:colcon.colcon_core.package_identification:_identify(src/ros_gz_example_application) by extensions ['ros']
[0.202s] Level 1:colcon.colcon_core.package_identification:_identify(src/ros_gz_example_application) by extension 'ros'
[0.206s] DEBUG:colcon.colcon_core.package_identification:Package 'src/ros_gz_example_application' with type 'ros.ament_cmake' and name 'ros_gz_example_application'
[0.206s] Level 1:colcon.colcon_core.package_identification:_identify(src/ros_gz_example_bringup) by extensions ['ignore', 'ignore_ament_install']
[0.207s] Level 1:colcon.colcon_core.package_identification:_identify(src/ros_gz_example_bringup) by extension 'ignore'
[0.207s] Level 1:colcon.colcon_core.package_identification:_identify(src/ros_gz_example_bringup) by extension 'ignore_ament_install'
[0.207s] Level 1:colcon.colcon_core.package_identification:_identify(src/ros_gz_example_bringup) by extensions ['colcon_pkg']
[0.207s] Level 1:colcon.colcon_core.package_identification:_identify(src/ros_gz_example_bringup) by extension 'colcon_pkg'
[0.207s] Level 1:colcon.colcon_core.package_identification:_identify(src/ros_gz_example_bringup) by extensions ['colcon_meta']
[0.207s] Level 1:colcon.colcon_core.package_identification:_identify(src/ros_gz_example_bringup) by extension 'colcon_meta'
[0.207s] Level 1:colcon.colcon_core.package_identification:_identify(src/ros_gz_example_bringup) by extensions ['ros']
[0.207s] Level 1:colcon.colcon_core.package_identification:_identify(src/ros_gz_example_bringup) by extension 'ros'
[0.208s] DEBUG:colcon.colcon_core.package_identification:Package 'src/ros_gz_example_bringup' with type 'ros.ament_cmake' and name 'ros_gz_example_bringup'
[0.208s] Level 1:colcon.colcon_core.package_identification:_identify(src/ros_gz_example_description) by extensions ['ignore', 'ignore_ament_install']
[0.208s] Level 1:colcon.colcon_core.package_identification:_identify(src/ros_gz_example_description) by extension 'ignore'
[0.208s] Level 1:colcon.colcon_core.package_identification:_identify(src/ros_gz_example_description) by extension 'ignore_ament_install'
[0.208s] Level 1:colcon.colcon_core.package_identification:_identify(src/ros_gz_example_description) by extensions ['colcon_pkg']
[0.208s] Level 1:colcon.colcon_core.package_identification:_identify(src/ros_gz_example_description) by extension 'colcon_pkg'
[0.208s] Level 1:colcon.colcon_core.package_identification:_identify(src/ros_gz_example_description) by extensions ['colcon_meta']
[0.208s] Level 1:colcon.colcon_core.package_identification:_identify(src/ros_gz_example_description) by extension 'colcon_meta'
[0.208s] Level 1:colcon.colcon_core.package_identification:_identify(src/ros_gz_example_description) by extensions ['ros']
[0.208s] Level 1:colcon.colcon_core.package_identification:_identify(src/ros_gz_example_description) by extension 'ros'
[0.209s] DEBUG:colcon.colcon_core.package_identification:Package 'src/ros_gz_example_description' with type 'ros.ament_cmake' and name 'ros_gz_example_description'
[0.209s] Level 1:colcon.colcon_core.package_identification:_identify(src/ros_gz_example_gazebo) by extensions ['ignore', 'ignore_ament_install']
[0.209s] Level 1:colcon.colcon_core.package_identification:_identify(src/ros_gz_example_gazebo) by extension 'ignore'
[0.209s] Level 1:colcon.colcon_core.package_identification:_identify(src/ros_gz_example_gazebo) by extension 'ignore_ament_install'
[0.209s] Level 1:colcon.colcon_core.package_identification:_identify(src/ros_gz_example_gazebo) by extensions ['colcon_pkg']
[0.209s] Level 1:colcon.colcon_core.package_identification:_identify(src/ros_gz_example_gazebo) by extension 'colcon_pkg'
[0.209s] Level 1:colcon.colcon_core.package_identification:_identify(src/ros_gz_example_gazebo) by extensions ['colcon_meta']
[0.209s] Level 1:colcon.colcon_core.package_identification:_identify(src/ros_gz_example_gazebo) by extension 'colcon_meta'
[0.209s] Level 1:colcon.colcon_core.package_identification:_identify(src/ros_gz_example_gazebo) by extensions ['ros']
[0.209s] Level 1:colcon.colcon_core.package_identification:_identify(src/ros_gz_example_gazebo) by extension 'ros'
[0.210s] DEBUG:colcon.colcon_core.package_identification:Package 'src/ros_gz_example_gazebo' with type 'ros.ament_cmake' and name 'ros_gz_example_gazebo'
[0.210s] Level 1:colcon.colcon_core.package_discovery:discover_packages(recursive) using defaults
[0.210s] Level 1:colcon.colcon_core.package_discovery:discover_packages(ignore) discover
[0.210s] Level 1:colcon.colcon_core.package_discovery:discover_packages(ignore) using defaults
[0.210s] Level 1:colcon.colcon_core.package_discovery:discover_packages(path) discover
[0.210s] Level 1:colcon.colcon_core.package_discovery:discover_packages(path) using defaults
[0.232s] Level 1:colcon.colcon_core.package_discovery:discover_packages(prefix_path) check parameters
[0.232s] Level 1:colcon.colcon_core.package_discovery:discover_packages(prefix_path) discover
[0.234s] DEBUG:colcon.colcon_installed_package_information.package_discovery:Found 4 installed packages in /home/harikrishnan/ROS_PROJECTS/snake_robot_harmonic_ws/install
[0.234s] DEBUG:colcon.colcon_installed_package_information.package_discovery:Found 1 installed packages in /home/harikrishnan/ros2_ws/install
[0.235s] DEBUG:colcon.colcon_installed_package_information.package_discovery:Found 12 installed packages in /home/harikrishnan/turtlebot3_ws/install
[0.237s] DEBUG:colcon.colcon_installed_package_information.package_discovery:Found 357 installed packages in /opt/ros/jazzy
[0.239s] Level 1:colcon.colcon_core.package_discovery:discover_packages(prefix_path) using defaults
[0.287s] Level 5:colcon.colcon_core.verb:set package 'ros_gz_example_application' build argument 'cmake_args' from command line to 'None'
[0.288s] Level 5:colcon.colcon_core.verb:set package 'ros_gz_example_application' build argument 'cmake_target' from command line to 'None'
[0.288s] Level 5:colcon.colcon_core.verb:set package 'ros_gz_example_application' build argument 'cmake_target_skip_unavailable' from command line to 'False'
[0.288s] Level 5:colcon.colcon_core.verb:set package 'ros_gz_example_application' build argument 'cmake_clean_cache' from command line to 'False'
[0.288s] Level 5:colcon.colcon_core.verb:set package 'ros_gz_example_application' build argument 'cmake_clean_first' from command line to 'False'
[0.288s] Level 5:colcon.colcon_core.verb:set package 'ros_gz_example_application' build argument 'cmake_force_configure' from command line to 'False'
[0.288s] Level 5:colcon.colcon_core.verb:set package 'ros_gz_example_application' build argument 'ament_cmake_args' from command line to 'None'
[0.288s] Level 5:colcon.colcon_core.verb:set package 'ros_gz_example_application' build argument 'catkin_cmake_args' from command line to 'None'
[0.288s] Level 5:colcon.colcon_core.verb:set package 'ros_gz_example_application' build argument 'catkin_skip_building_tests' from command line to 'False'
[0.288s] DEBUG:colcon.colcon_core.verb:Building package 'ros_gz_example_application' with the following arguments: {'ament_cmake_args': None, 'build_base': '/home/harikrishnan/ROS_PROJECTS/snake_robot_harmonic_ws/build/ros_gz_example_application', 'catkin_cmake_args': None, 'catkin_skip_building_tests': False, 'cmake_args': None, 'cmake_clean_cache': False, 'cmake_clean_first': False, 'cmake_force_configure': False, 'cmake_target': None, 'cmake_target_skip_unavailable': False, 'install_base': '/home/harikrishnan/ROS_PROJECTS/snake_robot_harmonic_ws/install/ros_gz_example_application', 'merge_install': False, 'path': '/home/harikrishnan/ROS_PROJECTS/snake_robot_harmonic_ws/src/ros_gz_example_application', 'symlink_install': False, 'test_result_base': None}
[0.288s] Level 5:colcon.colcon_core.verb:set package 'ros_gz_example_description' build argument 'cmake_args' from command line to 'None'
[0.288s] Level 5:colcon.colcon_core.verb:set package 'ros_gz_example_description' build argument 'cmake_target' from command line to 'None'
[0.288s] Level 5:colcon.colcon_core.verb:set package 'ros_gz_example_description' build argument 'cmake_target_skip_unavailable' from command line to 'False'
[0.288s] Level 5:colcon.colcon_core.verb:set package 'ros_gz_example_description' build argument 'cmake_clean_cache' from command line to 'False'
[0.288s] Level 5:colcon.colcon_core.verb:set package 'ros_gz_example_description' build argument 'cmake_clean_first' from command line to 'False'
[0.288s] Level 5:colcon.colcon_core.verb:set package 'ros_gz_example_description' build argument 'cmake_force_configure' from command line to 'False'
[0.288s] Level 5:colcon.colcon_core.verb:set package 'ros_gz_example_description' build argument 'ament_cmake_args' from command line to 'None'
[0.288s] Level 5:colcon.colcon_core.verb:set package 'ros_gz_example_description' build argument 'catkin_cmake_args' from command line to 'None'
[0.288s] Level 5:colcon.colcon_core.verb:set package 'ros_gz_example_description' build argument 'catkin_skip_building_tests' from command line to 'False'
[0.288s] DEBUG:colcon.colcon_core.verb:Building package 'ros_gz_example_description' with the following arguments: {'ament_cmake_args': None, 'build_base': '/home/harikrishnan/ROS_PROJECTS/snake_robot_harmonic_ws/build/ros_gz_example_description', 'catkin_cmake_args': None, 'catkin_skip_building_tests': False, 'cmake_args': None, 'cmake_clean_cache': False, 'cmake_clean_first': False, 'cmake_force_configure': False, 'cmake_target': None, 'cmake_target_skip_unavailable': False, 'install_base': '/home/harikrishnan/ROS_PROJECTS/snake_robot_harmonic_ws/install/ros_gz_example_description', 'merge_install': False, 'path': '/home/harikrishnan/ROS_PROJECTS/snake_robot_harmonic_ws/src/ros_gz_example_description', 'symlink_install': False, 'test_result_base': None}
[0.289s] Level 5:colcon.colcon_core.verb:set package 'ros_gz_example_gazebo' build argument 'cmake_args' from command line to 'None'
[0.289s] Level 5:colcon.colcon_core.verb:set package 'ros_gz_example_gazebo' build argument 'cmake_target' from command line to 'None'
[0.289s] Level 5:colcon.colcon_core.verb:set package 'ros_gz_example_gazebo' build argument 'cmake_target_skip_unavailable' from command line to 'False'
[0.289s] Level 5:colcon.colcon_core.verb:set package 'ros_gz_example_gazebo' build argument 'cmake_clean_cache' from command line to 'False'
[0.289s] Level 5:colcon.colcon_core.verb:set package 'ros_gz_example_gazebo' build argument 'cmake_clean_first' from command line to 'False'
[0.289s] Level 5:colcon.colcon_core.verb:set package 'ros_gz_example_gazebo' build argument 'cmake_force_configure' from command line to 'False'
[0.289s] Level 5:colcon.colcon_core.verb:set package 'ros_gz_example_gazebo' build argument 'ament_cmake_args' from command line to 'None'
[0.289s] Level 5:colcon.colcon_core.verb:set package 'ros_gz_example_gazebo' build argument 'catkin_cmake_args' from command line to 'None'
[0.289s] Level 5:colcon.colcon_core.verb:set package 'ros_gz_example_gazebo' build argument 'catkin_skip_building_tests' from command line to 'False'
[0.289s] DEBUG:colcon.colcon_core.verb:Building package 'ros_gz_example_gazebo' with the following arguments: {'ament_cmake_args': None, 'build_base': '/home/harikrishnan/ROS_PROJECTS/snake_robot_harmonic_ws/build/ros_gz_example_gazebo', 'catkin_cmake_args': None, 'catkin_skip_building_tests': False, 'cmake_args': None, 'cmake_clean_cache': False, 'cmake_clean_first': False, 'cmake_force_configure': False, 'cmake_target': None, 'cmake_target_skip_unavailable': False, 'install_base': '/home/harikrishnan/ROS_PROJECTS/snake_robot_harmonic_ws/install/ros_gz_example_gazebo', 'merge_install': False, 'path': '/home/harikrishnan/ROS_PROJECTS/snake_robot_harmonic_ws/src/ros_gz_example_gazebo', 'symlink_install': False, 'test_result_base': None}
[0.289s] Level 5:colcon.colcon_core.verb:set package 'ros_gz_example_bringup' build argument 'cmake_args' from command line to 'None'
[0.289s] Level 5:colcon.colcon_core.verb:set package 'ros_gz_example_bringup' build argument 'cmake_target' from command line to 'None'
[0.289s] Level 5:colcon.colcon_core.verb:set package 'ros_gz_example_bringup' build argument 'cmake_target_skip_unavailable' from command line to 'False'
[0.289s] Level 5:colcon.colcon_core.verb:set package 'ros_gz_example_bringup' build argument 'cmake_clean_cache' from command line to 'False'
[0.289s] Level 5:colcon.colcon_core.verb:set package 'ros_gz_example_bringup' build argument 'cmake_clean_first' from command line to 'False'
[0.289s] Level 5:colcon.colcon_core.verb:set package 'ros_gz_example_bringup' build argument 'cmake_force_configure' from command line to 'False'
[0.289s] Level 5:colcon.colcon_core.verb:set package 'ros_gz_example_bringup' build argument 'ament_cmake_args' from command line to 'None'
[0.289s] Level 5:colcon.colcon_core.verb:set package 'ros_gz_example_bringup' build argument 'catkin_cmake_args' from command line to 'None'
[0.289s] Level 5:colcon.colcon_core.verb:set package 'ros_gz_example_bringup' build argument 'catkin_skip_building_tests' from command line to 'False'
[0.289s] DEBUG:colcon.colcon_core.verb:Building package 'ros_gz_example_bringup' with the following arguments: {'ament_cmake_args': None, 'build_base': '/home/harikrishnan/ROS_PROJECTS/snake_robot_harmonic_ws/build/ros_gz_example_bringup', 'catkin_cmake_args': None, 'catkin_skip_building_tests': False, 'cmake_args': None, 'cmake_clean_cache': False, 'cmake_clean_first': False, 'cmake_force_configure': False, 'cmake_target': None, 'cmake_target_skip_unavailable': False, 'install_base': '/home/harikrishnan/ROS_PROJECTS/snake_robot_harmonic_ws/install/ros_gz_example_bringup', 'merge_install': False, 'path': '/home/harikrishnan/ROS_PROJECTS/snake_robot_harmonic_ws/src/ros_gz_example_bringup', 'symlink_install': False, 'test_result_base': None}
[0.289s] INFO:colcon.colcon_core.executor:Executing jobs using 'parallel' executor
[0.291s] DEBUG:colcon.colcon_parallel_executor.executor.parallel:run_until_complete
[0.291s] INFO:colcon.colcon_ros.task.ament_cmake.build:Building ROS package in '/home/harikrishnan/ROS_PROJECTS/snake_robot_harmonic_ws/src/ros_gz_example_description' with build type 'ament_cmake'
[0.291s] INFO:colcon.colcon_cmake.task.cmake.build:Building CMake package in '/home/harikrishnan/ROS_PROJECTS/snake_robot_harmonic_ws/src/ros_gz_example_description'
[0.293s] INFO:colcon.colcon_core.plugin_system:Skipping extension 'colcon_core.shell.bat': Not used on non-Windows systems
[0.293s] INFO:colcon.colcon_core.shell:Skip shell extension 'powershell' for command environment: Not usable outside of PowerShell
[0.293s] DEBUG:colcon.colcon_core.shell:Skip shell extension 'dsv' for command environment
[0.299s] INFO:colcon.colcon_ros.task.ament_cmake.build:Building ROS package in '/home/harikrishnan/ROS_PROJECTS/snake_robot_harmonic_ws/src/ros_gz_example_application' with build type 'ament_cmake'
[0.299s] INFO:colcon.colcon_cmake.task.cmake.build:Building CMake package in '/home/harikrishnan/ROS_PROJECTS/snake_robot_harmonic_ws/src/ros_gz_example_application'
[0.299s] INFO:colcon.colcon_core.shell:Skip shell extension 'powershell' for command environment: Not usable outside of PowerShell
[0.299s] DEBUG:colcon.colcon_core.shell:Skip shell extension 'dsv' for command environment
[0.310s] DEBUG:colcon.colcon_core.event_handler.log_command:Invoking command in '/home/harikrishnan/ROS_PROJECTS/snake_robot_harmonic_ws/build/ros_gz_example_description': CMAKE_PREFIX_PATH=${CMAKE_PREFIX_PATH}:/opt/ros/jazzy:/home/harikrishnan/turtlebot3_ws/install/turtlebot3_teleop:/home/harikrishnan/turtlebot3_ws/install/turtlebot3_example DEBUGINFOD_URLS=https://debuginfod.ubuntu.com /usr/bin/cmake --build /home/harikrishnan/ROS_PROJECTS/snake_robot_harmonic_ws/build/ros_gz_example_description -- -j12 -l12
[0.316s] DEBUG:colcon.colcon_core.event_handler.log_command:Invoking command in '/home/harikrishnan/ROS_PROJECTS/snake_robot_harmonic_ws/build/ros_gz_example_application': CMAKE_PREFIX_PATH=${CMAKE_PREFIX_PATH}:/opt/ros/jazzy:/home/harikrishnan/turtlebot3_ws/install/turtlebot3_teleop:/home/harikrishnan/turtlebot3_ws/install/turtlebot3_example DEBUGINFOD_URLS=https://debuginfod.ubuntu.com /usr/bin/cmake --build /home/harikrishnan/ROS_PROJECTS/snake_robot_harmonic_ws/build/ros_gz_example_application -- -j12 -l12
[0.363s] DEBUG:colcon.colcon_core.event_handler.log_command:Invoked command in '/home/harikrishnan/ROS_PROJECTS/snake_robot_harmonic_ws/build/ros_gz_example_description' returned '0': CMAKE_PREFIX_PATH=${CMAKE_PREFIX_PATH}:/opt/ros/jazzy:/home/harikrishnan/turtlebot3_ws/install/turtlebot3_teleop:/home/harikrishnan/turtlebot3_ws/install/turtlebot3_example DEBUGINFOD_URLS=https://debuginfod.ubuntu.com /usr/bin/cmake --build /home/harikrishnan/ROS_PROJECTS/snake_robot_harmonic_ws/build/ros_gz_example_description -- -j12 -l12
[0.383s] DEBUG:colcon.colcon_core.event_handler.log_command:Invoking command in '/home/harikrishnan/ROS_PROJECTS/snake_robot_harmonic_ws/build/ros_gz_example_description': CMAKE_PREFIX_PATH=${CMAKE_PREFIX_PATH}:/opt/ros/jazzy:/home/harikrishnan/turtlebot3_ws/install/turtlebot3_teleop:/home/harikrishnan/turtlebot3_ws/install/turtlebot3_example DEBUGINFOD_URLS=https://debuginfod.ubuntu.com /usr/bin/cmake --install /home/harikrishnan/ROS_PROJECTS/snake_robot_harmonic_ws/build/ros_gz_example_description
[0.403s] Level 1:colcon.colcon_core.environment:create_environment_scripts_only(ros_gz_example_description)
[0.404s] DEBUG:colcon.colcon_core.event_handler.log_command:Invoked command in '/home/harikrishnan/ROS_PROJECTS/snake_robot_harmonic_ws/build/ros_gz_example_description' returned '0': CMAKE_PREFIX_PATH=${CMAKE_PREFIX_PATH}:/opt/ros/jazzy:/home/harikrishnan/turtlebot3_ws/install/turtlebot3_teleop:/home/harikrishnan/turtlebot3_ws/install/turtlebot3_example DEBUGINFOD_URLS=https://debuginfod.ubuntu.com /usr/bin/cmake --install /home/harikrishnan/ROS_PROJECTS/snake_robot_harmonic_ws/build/ros_gz_example_description
[0.409s] Level 1:colcon.colcon_core.environment:checking '/home/harikrishnan/ROS_PROJECTS/snake_robot_harmonic_ws/install/ros_gz_example_description' for CMake module files
[0.410s] Level 1:colcon.colcon_core.environment:checking '/home/harikrishnan/ROS_PROJECTS/snake_robot_harmonic_ws/install/ros_gz_example_description' for CMake config files
[0.411s] Level 1:colcon.colcon_core.shell:create_environment_hook('ros_gz_example_description', 'cmake_prefix_path')
[0.411s] INFO:colcon.colcon_core.shell:Creating environment hook '/home/harikrishnan/ROS_PROJECTS/snake_robot_harmonic_ws/install/ros_gz_example_description/share/ros_gz_example_description/hook/cmake_prefix_path.ps1'
[0.412s] INFO:colcon.colcon_core.shell:Creating environment descriptor '/home/harikrishnan/ROS_PROJECTS/snake_robot_harmonic_ws/install/ros_gz_example_description/share/ros_gz_example_description/hook/cmake_prefix_path.dsv'
[0.413s] INFO:colcon.colcon_core.shell:Creating environment hook '/home/harikrishnan/ROS_PROJECTS/snake_robot_harmonic_ws/install/ros_gz_example_description/share/ros_gz_example_description/hook/cmake_prefix_path.sh'
[0.415s] Level 1:colcon.colcon_core.environment:checking '/home/harikrishnan/ROS_PROJECTS/snake_robot_harmonic_ws/install/ros_gz_example_description/bin'
[0.416s] Level 1:colcon.colcon_core.environment:checking '/home/harikrishnan/ROS_PROJECTS/snake_robot_harmonic_ws/install/ros_gz_example_description/lib/pkgconfig/ros_gz_example_description.pc'
[0.416s] Level 1:colcon.colcon_core.environment:checking '/home/harikrishnan/ROS_PROJECTS/snake_robot_harmonic_ws/install/ros_gz_example_description/lib/python3.12/site-packages'
[0.417s] Level 1:colcon.colcon_core.environment:checking '/home/harikrishnan/ROS_PROJECTS/snake_robot_harmonic_ws/install/ros_gz_example_description/bin'
[0.418s] INFO:colcon.colcon_core.shell:Creating package script '/home/harikrishnan/ROS_PROJECTS/snake_robot_harmonic_ws/install/ros_gz_example_description/share/ros_gz_example_description/package.ps1'
[0.420s] INFO:colcon.colcon_core.shell:Creating package descriptor '/home/harikrishnan/ROS_PROJECTS/snake_robot_harmonic_ws/install/ros_gz_example_description/share/ros_gz_example_description/package.dsv'
[0.421s] INFO:colcon.colcon_core.shell:Creating package script '/home/harikrishnan/ROS_PROJECTS/snake_robot_harmonic_ws/install/ros_gz_example_description/share/ros_gz_example_description/package.sh'
[0.423s] INFO:colcon.colcon_core.shell:Creating package script '/home/harikrishnan/ROS_PROJECTS/snake_robot_harmonic_ws/install/ros_gz_example_description/share/ros_gz_example_description/package.bash'
[0.424s] INFO:colcon.colcon_core.shell:Creating package script '/home/harikrishnan/ROS_PROJECTS/snake_robot_harmonic_ws/install/ros_gz_example_description/share/ros_gz_example_description/package.zsh'
[0.425s] Level 1:colcon.colcon_core.environment:create_file_with_runtime_dependencies(/home/harikrishnan/ROS_PROJECTS/snake_robot_harmonic_ws/install/ros_gz_example_description/share/colcon-core/packages/ros_gz_example_description)
[0.426s] Level 1:colcon.colcon_core.environment:create_environment_scripts_only(ros_gz_example_description)
[0.426s] Level 1:colcon.colcon_core.environment:checking '/home/harikrishnan/ROS_PROJECTS/snake_robot_harmonic_ws/install/ros_gz_example_description' for CMake module files
[0.427s] Level 1:colcon.colcon_core.environment:checking '/home/harikrishnan/ROS_PROJECTS/snake_robot_harmonic_ws/install/ros_gz_example_description' for CMake config files
[0.428s] Level 1:colcon.colcon_core.shell:create_environment_hook('ros_gz_example_description', 'cmake_prefix_path')
[0.428s] INFO:colcon.colcon_core.shell:Creating environment hook '/home/harikrishnan/ROS_PROJECTS/snake_robot_harmonic_ws/install/ros_gz_example_description/share/ros_gz_example_description/hook/cmake_prefix_path.ps1'
[0.429s] INFO:colcon.colcon_core.shell:Creating environment descriptor '/home/harikrishnan/ROS_PROJECTS/snake_robot_harmonic_ws/install/ros_gz_example_description/share/ros_gz_example_description/hook/cmake_prefix_path.dsv'
[0.429s] INFO:colcon.colcon_core.shell:Creating environment hook '/home/harikrishnan/ROS_PROJECTS/snake_robot_harmonic_ws/install/ros_gz_example_description/share/ros_gz_example_description/hook/cmake_prefix_path.sh'
[0.430s] Level 1:colcon.colcon_core.environment:checking '/home/harikrishnan/ROS_PROJECTS/snake_robot_harmonic_ws/install/ros_gz_example_description/bin'
[0.430s] Level 1:colcon.colcon_core.environment:checking '/home/harikrishnan/ROS_PROJECTS/snake_robot_harmonic_ws/install/ros_gz_example_description/lib/pkgconfig/ros_gz_example_description.pc'
[0.431s] Level 1:colcon.colcon_core.environment:checking '/home/harikrishnan/ROS_PROJECTS/snake_robot_harmonic_ws/install/ros_gz_example_description/lib/python3.12/site-packages'
[0.431s] Level 1:colcon.colcon_core.environment:checking '/home/harikrishnan/ROS_PROJECTS/snake_robot_harmonic_ws/install/ros_gz_example_description/bin'
[0.432s] INFO:colcon.colcon_core.shell:Creating package script '/home/harikrishnan/ROS_PROJECTS/snake_robot_harmonic_ws/install/ros_gz_example_description/share/ros_gz_example_description/package.ps1'
[0.432s] INFO:colcon.colcon_core.shell:Creating package descriptor '/home/harikrishnan/ROS_PROJECTS/snake_robot_harmonic_ws/install/ros_gz_example_description/share/ros_gz_example_description/package.dsv'
[0.433s] INFO:colcon.colcon_core.shell:Creating package script '/home/harikrishnan/ROS_PROJECTS/snake_robot_harmonic_ws/install/ros_gz_example_description/share/ros_gz_example_description/package.sh'
[0.434s] INFO:colcon.colcon_core.shell:Creating package script '/home/harikrishnan/ROS_PROJECTS/snake_robot_harmonic_ws/install/ros_gz_example_description/share/ros_gz_example_description/package.bash'
[0.434s] INFO:colcon.colcon_core.shell:Creating package script '/home/harikrishnan/ROS_PROJECTS/snake_robot_harmonic_ws/install/ros_gz_example_description/share/ros_gz_example_description/package.zsh'
[0.435s] Level 1:colcon.colcon_core.environment:create_file_with_runtime_dependencies(/home/harikrishnan/ROS_PROJECTS/snake_robot_harmonic_ws/install/ros_gz_example_description/share/colcon-core/packages/ros_gz_example_description)
[0.435s] INFO:colcon.colcon_ros.task.ament_cmake.build:Building ROS package in '/home/harikrishnan/ROS_PROJECTS/snake_robot_harmonic_ws/src/ros_gz_example_gazebo' with build type 'ament_cmake'
[0.435s] INFO:colcon.colcon_cmake.task.cmake.build:Building CMake package in '/home/harikrishnan/ROS_PROJECTS/snake_robot_harmonic_ws/src/ros_gz_example_gazebo'
[0.436s] INFO:colcon.colcon_core.shell:Skip shell extension 'powershell' for command environment: Not usable outside of PowerShell
[0.436s] DEBUG:colcon.colcon_core.shell:Skip shell extension 'dsv' for command environment
[0.454s] DEBUG:colcon.colcon_core.event_handler.log_command:Invoking command in '/home/harikrishnan/ROS_PROJECTS/snake_robot_harmonic_ws/build/ros_gz_example_gazebo': CMAKE_PREFIX_PATH=/home/harikrishnan/ROS_PROJECTS/snake_robot_harmonic_ws/install/ros_gz_example_description:/home/harikrishnan/ROS_PROJECTS/snake_robot_harmonic_ws/install/ros_gz_example_bringup:/home/harikrishnan/ROS_PROJECTS/snake_robot_harmonic_ws/install/ros_gz_example_gazebo:/home/harikrishnan/ROS_PROJECTS/snake_robot_harmonic_ws/install/ros_gz_example_application:/opt/ros/jazzy/opt/gz_sim_vendor:/opt/ros/jazzy/opt/gz_sensors_vendor:/opt/ros/jazzy/opt/gz_physics_vendor:/opt/ros/jazzy/opt/sdformat_vendor:/opt/ros/jazzy/opt/gz_gui_vendor:/opt/ros/jazzy/opt/gz_transport_vendor:/opt/ros/jazzy/opt/gz_rendering_vendor:/opt/ros/jazzy/opt/gz_plugin_vendor:/opt/ros/jazzy/opt/gz_fuel_tools_vendor:/opt/ros/jazzy/opt/gz_msgs_vendor:/opt/ros/jazzy/opt/gz_common_vendor:/opt/ros/jazzy/opt/gz_math_vendor:/opt/ros/jazzy/opt/gz_utils_vendor:/opt/ros/jazzy/opt/gz_tools_vendor:/opt/ros/jazzy/opt/gz_ogre_next_vendor:/opt/ros/jazzy/opt/gz_dartsim_vendor:/opt/ros/jazzy/opt/gz_cmake_vendor:/home/harikrishnan/turtlebot3_ws/install/turtlebot3:/home/harikrishnan/turtlebot3_ws/install/turtlebot3_bringup:/home/harikrishnan/turtlebot3_ws/install/turtlebot3_node:/home/harikrishnan/turtlebot3_ws/install/turtlebot3_navigation2:/home/harikrishnan/turtlebot3_ws/install/turtlebot3_msgs:/home/harikrishnan/turtlebot3_ws/install/turtlebot3_description:/home/harikrishnan/turtlebot3_ws/install/turtlebot3_cartographer:/home/harikrishnan/turtlebot3_ws/install/dynamixel_sdk_examples:/home/harikrishnan/turtlebot3_ws/install/dynamixel_sdk_custom_interfaces:/home/harikrishnan/turtlebot3_ws/install/dynamixel_sdk:/home/harikrishnan/ros2_ws/install/snake_bot:/opt/ros/jazzy:/home/harikrishnan/turtlebot3_ws/install/turtlebot3_teleop:/home/harikrishnan/turtlebot3_ws/install/turtlebot3_example DEBUGINFOD_URLS=https://debuginfod.ubuntu.com GZ_SIM_RESOURCE_PATH=/home/harikrishnan/ROS_PROJECTS/snake_robot_harmonic_ws/install/ros_gz_example_description/share/ros_gz_example_description/models:${GZ_SIM_RESOURCE_PATH} /usr/bin/cmake --build /home/harikrishnan/ROS_PROJECTS/snake_robot_harmonic_ws/build/ros_gz_example_gazebo -- -j12 -l12
[0.565s] DEBUG:colcon.colcon_core.event_handler.log_command:Invoked command in '/home/harikrishnan/ROS_PROJECTS/snake_robot_harmonic_ws/build/ros_gz_example_gazebo' returned '0': CMAKE_PREFIX_PATH=/home/harikrishnan/ROS_PROJECTS/snake_robot_harmonic_ws/install/ros_gz_example_description:/home/harikrishnan/ROS_PROJECTS/snake_robot_harmonic_ws/install/ros_gz_example_bringup:/home/harikrishnan/ROS_PROJECTS/snake_robot_harmonic_ws/install/ros_gz_example_gazebo:/home/harikrishnan/ROS_PROJECTS/snake_robot_harmonic_ws/install/ros_gz_example_application:/opt/ros/jazzy/opt/gz_sim_vendor:/opt/ros/jazzy/opt/gz_sensors_vendor:/opt/ros/jazzy/opt/gz_physics_vendor:/opt/ros/jazzy/opt/sdformat_vendor:/opt/ros/jazzy/opt/gz_gui_vendor:/opt/ros/jazzy/opt/gz_transport_vendor:/opt/ros/jazzy/opt/gz_rendering_vendor:/opt/ros/jazzy/opt/gz_plugin_vendor:/opt/ros/jazzy/opt/gz_fuel_tools_vendor:/opt/ros/jazzy/opt/gz_msgs_vendor:/opt/ros/jazzy/opt/gz_common_vendor:/opt/ros/jazzy/opt/gz_math_vendor:/opt/ros/jazzy/opt/gz_utils_vendor:/opt/ros/jazzy/opt/gz_tools_vendor:/opt/ros/jazzy/opt/gz_ogre_next_vendor:/opt/ros/jazzy/opt/gz_dartsim_vendor:/opt/ros/jazzy/opt/gz_cmake_vendor:/home/harikrishnan/turtlebot3_ws/install/turtlebot3:/home/harikrishnan/turtlebot3_ws/install/turtlebot3_bringup:/home/harikrishnan/turtlebot3_ws/install/turtlebot3_node:/home/harikrishnan/turtlebot3_ws/install/turtlebot3_navigation2:/home/harikrishnan/turtlebot3_ws/install/turtlebot3_msgs:/home/harikrishnan/turtlebot3_ws/install/turtlebot3_description:/home/harikrishnan/turtlebot3_ws/install/turtlebot3_cartographer:/home/harikrishnan/turtlebot3_ws/install/dynamixel_sdk_examples:/home/harikrishnan/turtlebot3_ws/install/dynamixel_sdk_custom_interfaces:/home/harikrishnan/turtlebot3_ws/install/dynamixel_sdk:/home/harikrishnan/ros2_ws/install/snake_bot:/opt/ros/jazzy:/home/harikrishnan/turtlebot3_ws/install/turtlebot3_teleop:/home/harikrishnan/turtlebot3_ws/install/turtlebot3_example DEBUGINFOD_URLS=https://debuginfod.ubuntu.com GZ_SIM_RESOURCE_PATH=/home/harikrishnan/ROS_PROJECTS/snake_robot_harmonic_ws/install/ros_gz_example_description/share/ros_gz_example_description/models:${GZ_SIM_RESOURCE_PATH} /usr/bin/cmake --build /home/harikrishnan/ROS_PROJECTS/snake_robot_harmonic_ws/build/ros_gz_example_gazebo -- -j12 -l12
[0.567s] DEBUG:colcon.colcon_core.event_handler.log_command:Invoking command in '/home/harikrishnan/ROS_PROJECTS/snake_robot_harmonic_ws/build/ros_gz_example_gazebo': CMAKE_PREFIX_PATH=/home/harikrishnan/ROS_PROJECTS/snake_robot_harmonic_ws/install/ros_gz_example_description:/home/harikrishnan/ROS_PROJECTS/snake_robot_harmonic_ws/install/ros_gz_example_bringup:/home/harikrishnan/ROS_PROJECTS/snake_robot_harmonic_ws/install/ros_gz_example_gazebo:/home/harikrishnan/ROS_PROJECTS/snake_robot_harmonic_ws/install/ros_gz_example_application:/opt/ros/jazzy/opt/gz_sim_vendor:/opt/ros/jazzy/opt/gz_sensors_vendor:/opt/ros/jazzy/opt/gz_physics_vendor:/opt/ros/jazzy/opt/sdformat_vendor:/opt/ros/jazzy/opt/gz_gui_vendor:/opt/ros/jazzy/opt/gz_transport_vendor:/opt/ros/jazzy/opt/gz_rendering_vendor:/opt/ros/jazzy/opt/gz_plugin_vendor:/opt/ros/jazzy/opt/gz_fuel_tools_vendor:/opt/ros/jazzy/opt/gz_msgs_vendor:/opt/ros/jazzy/opt/gz_common_vendor:/opt/ros/jazzy/opt/gz_math_vendor:/opt/ros/jazzy/opt/gz_utils_vendor:/opt/ros/jazzy/opt/gz_tools_vendor:/opt/ros/jazzy/opt/gz_ogre_next_vendor:/opt/ros/jazzy/opt/gz_dartsim_vendor:/opt/ros/jazzy/opt/gz_cmake_vendor:/home/harikrishnan/turtlebot3_ws/install/turtlebot3:/home/harikrishnan/turtlebot3_ws/install/turtlebot3_bringup:/home/harikrishnan/turtlebot3_ws/install/turtlebot3_node:/home/harikrishnan/turtlebot3_ws/install/turtlebot3_navigation2:/home/harikrishnan/turtlebot3_ws/install/turtlebot3_msgs:/home/harikrishnan/turtlebot3_ws/install/turtlebot3_description:/home/harikrishnan/turtlebot3_ws/install/turtlebot3_cartographer:/home/harikrishnan/turtlebot3_ws/install/dynamixel_sdk_examples:/home/harikrishnan/turtlebot3_ws/install/dynamixel_sdk_custom_interfaces:/home/harikrishnan/turtlebot3_ws/install/dynamixel_sdk:/home/harikrishnan/ros2_ws/install/snake_bot:/opt/ros/jazzy:/home/harikrishnan/turtlebot3_ws/install/turtlebot3_teleop:/home/harikrishnan/turtlebot3_ws/install/turtlebot3_example DEBUGINFOD_URLS=https://debuginfod.ubuntu.com GZ_SIM_RESOURCE_PATH=/home/harikrishnan/ROS_PROJECTS/snake_robot_harmonic_ws/install/ros_gz_example_description/share/ros_gz_example_description/models:${GZ_SIM_RESOURCE_PATH} /usr/bin/cmake --install /home/harikrishnan/ROS_PROJECTS/snake_robot_harmonic_ws/build/ros_gz_example_gazebo
[0.583s] Level 1:colcon.colcon_core.environment:create_environment_scripts_only(ros_gz_example_gazebo)
[0.583s] Level 1:colcon.colcon_core.environment:checking '/home/harikrishnan/ROS_PROJECTS/snake_robot_harmonic_ws/install/ros_gz_example_gazebo' for CMake module files
[0.584s] DEBUG:colcon.colcon_core.event_handler.log_command:Invoked command in '/home/harikrishnan/ROS_PROJECTS/snake_robot_harmonic_ws/build/ros_gz_example_gazebo' returned '0': CMAKE_PREFIX_PATH=/home/harikrishnan/ROS_PROJECTS/snake_robot_harmonic_ws/install/ros_gz_example_description:/home/harikrishnan/ROS_PROJECTS/snake_robot_harmonic_ws/install/ros_gz_example_bringup:/home/harikrishnan/ROS_PROJECTS/snake_robot_harmonic_ws/install/ros_gz_example_gazebo:/home/harikrishnan/ROS_PROJECTS/snake_robot_harmonic_ws/install/ros_gz_example_application:/opt/ros/jazzy/opt/gz_sim_vendor:/opt/ros/jazzy/opt/gz_sensors_vendor:/opt/ros/jazzy/opt/gz_physics_vendor:/opt/ros/jazzy/opt/sdformat_vendor:/opt/ros/jazzy/opt/gz_gui_vendor:/opt/ros/jazzy/opt/gz_transport_vendor:/opt/ros/jazzy/opt/gz_rendering_vendor:/opt/ros/jazzy/opt/gz_plugin_vendor:/opt/ros/jazzy/opt/gz_fuel_tools_vendor:/opt/ros/jazzy/opt/gz_msgs_vendor:/opt/ros/jazzy/opt/gz_common_vendor:/opt/ros/jazzy/opt/gz_math_vendor:/opt/ros/jazzy/opt/gz_utils_vendor:/opt/ros/jazzy/opt/gz_tools_vendor:/opt/ros/jazzy/opt/gz_ogre_next_vendor:/opt/ros/jazzy/opt/gz_dartsim_vendor:/opt/ros/jazzy/opt/gz_cmake_vendor:/home/harikrishnan/turtlebot3_ws/install/turtlebot3:/home/harikrishnan/turtlebot3_ws/install/turtlebot3_bringup:/home/harikrishnan/turtlebot3_ws/install/turtlebot3_node:/home/harikrishnan/turtlebot3_ws/install/turtlebot3_navigation2:/home/harikrishnan/turtlebot3_ws/install/turtlebot3_msgs:/home/harikrishnan/turtlebot3_ws/install/turtlebot3_description:/home/harikrishnan/turtlebot3_ws/install/turtlebot3_cartographer:/home/harikrishnan/turtlebot3_ws/install/dynamixel_sdk_examples:/home/harikrishnan/turtlebot3_ws/install/dynamixel_sdk_custom_interfaces:/home/harikrishnan/turtlebot3_ws/install/dynamixel_sdk:/home/harikrishnan/ros2_ws/install/snake_bot:/opt/ros/jazzy:/home/harikrishnan/turtlebot3_ws/install/turtlebot3_teleop:/home/harikrishnan/turtlebot3_ws/install/turtlebot3_example DEBUGINFOD_URLS=https://debuginfod.ubuntu.com GZ_SIM_RESOURCE_PATH=/home/harikrishnan/ROS_PROJECTS/snake_robot_harmonic_ws/install/ros_gz_example_description/share/ros_gz_example_description/models:${GZ_SIM_RESOURCE_PATH} /usr/bin/cmake --install /home/harikrishnan/ROS_PROJECTS/snake_robot_harmonic_ws/build/ros_gz_example_gazebo
[0.585s] Level 1:colcon.colcon_core.environment:checking '/home/harikrishnan/ROS_PROJECTS/snake_robot_harmonic_ws/install/ros_gz_example_gazebo' for CMake config files
[0.586s] Level 1:colcon.colcon_core.shell:create_environment_hook('ros_gz_example_gazebo', 'cmake_prefix_path')
[0.586s] INFO:colcon.colcon_core.shell:Creating environment hook '/home/harikrishnan/ROS_PROJECTS/snake_robot_harmonic_ws/install/ros_gz_example_gazebo/share/ros_gz_example_gazebo/hook/cmake_prefix_path.ps1'
[0.588s] INFO:colcon.colcon_core.shell:Creating environment descriptor '/home/harikrishnan/ROS_PROJECTS/snake_robot_harmonic_ws/install/ros_gz_example_gazebo/share/ros_gz_example_gazebo/hook/cmake_prefix_path.dsv'
[0.588s] INFO:colcon.colcon_core.shell:Creating environment hook '/home/harikrishnan/ROS_PROJECTS/snake_robot_harmonic_ws/install/ros_gz_example_gazebo/share/ros_gz_example_gazebo/hook/cmake_prefix_path.sh'
[0.589s] Level 1:colcon.colcon_core.environment:checking '/home/harikrishnan/ROS_PROJECTS/snake_robot_harmonic_ws/install/ros_gz_example_gazebo/lib'
[0.590s] Level 1:colcon.colcon_core.environment:checking '/home/harikrishnan/ROS_PROJECTS/snake_robot_harmonic_ws/install/ros_gz_example_gazebo/bin'
[0.590s] Level 1:colcon.colcon_core.environment:checking '/home/harikrishnan/ROS_PROJECTS/snake_robot_harmonic_ws/install/ros_gz_example_gazebo/lib/pkgconfig/ros_gz_example_gazebo.pc'
[0.590s] Level 1:colcon.colcon_core.environment:checking '/home/harikrishnan/ROS_PROJECTS/snake_robot_harmonic_ws/install/ros_gz_example_gazebo/lib/python3.12/site-packages'
[0.590s] Level 1:colcon.colcon_core.environment:checking '/home/harikrishnan/ROS_PROJECTS/snake_robot_harmonic_ws/install/ros_gz_example_gazebo/bin'
[0.591s] INFO:colcon.colcon_core.shell:Creating package script '/home/harikrishnan/ROS_PROJECTS/snake_robot_harmonic_ws/install/ros_gz_example_gazebo/share/ros_gz_example_gazebo/package.ps1'
[0.591s] INFO:colcon.colcon_core.shell:Creating package descriptor '/home/harikrishnan/ROS_PROJECTS/snake_robot_harmonic_ws/install/ros_gz_example_gazebo/share/ros_gz_example_gazebo/package.dsv'
[0.592s] INFO:colcon.colcon_core.shell:Creating package script '/home/harikrishnan/ROS_PROJECTS/snake_robot_harmonic_ws/install/ros_gz_example_gazebo/share/ros_gz_example_gazebo/package.sh'
[0.593s] INFO:colcon.colcon_core.shell:Creating package script '/home/harikrishnan/ROS_PROJECTS/snake_robot_harmonic_ws/install/ros_gz_example_gazebo/share/ros_gz_example_gazebo/package.bash'
[0.593s] INFO:colcon.colcon_core.shell:Creating package script '/home/harikrishnan/ROS_PROJECTS/snake_robot_harmonic_ws/install/ros_gz_example_gazebo/share/ros_gz_example_gazebo/package.zsh'
[0.593s] Level 1:colcon.colcon_core.environment:create_file_with_runtime_dependencies(/home/harikrishnan/ROS_PROJECTS/snake_robot_harmonic_ws/install/ros_gz_example_gazebo/share/colcon-core/packages/ros_gz_example_gazebo)
[0.594s] Level 1:colcon.colcon_core.environment:create_environment_scripts_only(ros_gz_example_gazebo)
[0.594s] Level 1:colcon.colcon_core.environment:checking '/home/harikrishnan/ROS_PROJECTS/snake_robot_harmonic_ws/install/ros_gz_example_gazebo' for CMake module files
[0.595s] Level 1:colcon.colcon_core.environment:checking '/home/harikrishnan/ROS_PROJECTS/snake_robot_harmonic_ws/install/ros_gz_example_gazebo' for CMake config files
[0.595s] Level 1:colcon.colcon_core.shell:create_environment_hook('ros_gz_example_gazebo', 'cmake_prefix_path')
[0.595s] INFO:colcon.colcon_core.shell:Creating environment hook '/home/harikrishnan/ROS_PROJECTS/snake_robot_harmonic_ws/install/ros_gz_example_gazebo/share/ros_gz_example_gazebo/hook/cmake_prefix_path.ps1'
[0.596s] INFO:colcon.colcon_core.shell:Creating environment descriptor '/home/harikrishnan/ROS_PROJECTS/snake_robot_harmonic_ws/install/ros_gz_example_gazebo/share/ros_gz_example_gazebo/hook/cmake_prefix_path.dsv'
[0.596s] INFO:colcon.colcon_core.shell:Creating environment hook '/home/harikrishnan/ROS_PROJECTS/snake_robot_harmonic_ws/install/ros_gz_example_gazebo/share/ros_gz_example_gazebo/hook/cmake_prefix_path.sh'
[0.597s] Level 1:colcon.colcon_core.environment:checking '/home/harikrishnan/ROS_PROJECTS/snake_robot_harmonic_ws/install/ros_gz_example_gazebo/lib'
[0.597s] Level 1:colcon.colcon_core.environment:checking '/home/harikrishnan/ROS_PROJECTS/snake_robot_harmonic_ws/install/ros_gz_example_gazebo/bin'
[0.597s] Level 1:colcon.colcon_core.environment:checking '/home/harikrishnan/ROS_PROJECTS/snake_robot_harmonic_ws/install/ros_gz_example_gazebo/lib/pkgconfig/ros_gz_example_gazebo.pc'
[0.597s] Level 1:colcon.colcon_core.environment:checking '/home/harikrishnan/ROS_PROJECTS/snake_robot_harmonic_ws/install/ros_gz_example_gazebo/lib/python3.12/site-packages'
[0.597s] Level 1:colcon.colcon_core.environment:checking '/home/harikrishnan/ROS_PROJECTS/snake_robot_harmonic_ws/install/ros_gz_example_gazebo/bin'
[0.597s] INFO:colcon.colcon_core.shell:Creating package script '/home/harikrishnan/ROS_PROJECTS/snake_robot_harmonic_ws/install/ros_gz_example_gazebo/share/ros_gz_example_gazebo/package.ps1'
[0.598s] INFO:colcon.colcon_core.shell:Creating package descriptor '/home/harikrishnan/ROS_PROJECTS/snake_robot_harmonic_ws/install/ros_gz_example_gazebo/share/ros_gz_example_gazebo/package.dsv'
[0.599s] INFO:colcon.colcon_core.shell:Creating package script '/home/harikrishnan/ROS_PROJECTS/snake_robot_harmonic_ws/install/ros_gz_example_gazebo/share/ros_gz_example_gazebo/package.sh'
[0.599s] INFO:colcon.colcon_core.shell:Creating package script '/home/harikrishnan/ROS_PROJECTS/snake_robot_harmonic_ws/install/ros_gz_example_gazebo/share/ros_gz_example_gazebo/package.bash'
[0.599s] INFO:colcon.colcon_core.shell:Creating package script '/home/harikrishnan/ROS_PROJECTS/snake_robot_harmonic_ws/install/ros_gz_example_gazebo/share/ros_gz_example_gazebo/package.zsh'
[0.600s] Level 1:colcon.colcon_core.environment:create_file_with_runtime_dependencies(/home/harikrishnan/ROS_PROJECTS/snake_robot_harmonic_ws/install/ros_gz_example_gazebo/share/colcon-core/packages/ros_gz_example_gazebo)
[0.600s] INFO:colcon.colcon_ros.task.ament_cmake.build:Building ROS package in '/home/harikrishnan/ROS_PROJECTS/snake_robot_harmonic_ws/src/ros_gz_example_bringup' with build type 'ament_cmake'
[0.600s] INFO:colcon.colcon_cmake.task.cmake.build:Building CMake package in '/home/harikrishnan/ROS_PROJECTS/snake_robot_harmonic_ws/src/ros_gz_example_bringup'
[0.600s] INFO:colcon.colcon_core.shell:Skip shell extension 'powershell' for command environment: Not usable outside of PowerShell
[0.600s] DEBUG:colcon.colcon_core.shell:Skip shell extension 'dsv' for command environment
[0.620s] DEBUG:colcon.colcon_core.event_handler.log_command:Invoking command in '/home/harikrishnan/ROS_PROJECTS/snake_robot_harmonic_ws/build/ros_gz_example_bringup': CMAKE_PREFIX_PATH=/home/harikrishnan/ROS_PROJECTS/snake_robot_harmonic_ws/install/ros_gz_example_gazebo:/home/harikrishnan/ROS_PROJECTS/snake_robot_harmonic_ws/install/ros_gz_example_description:/home/harikrishnan/ROS_PROJECTS/snake_robot_harmonic_ws/install/ros_gz_example_bringup:/home/harikrishnan/ROS_PROJECTS/snake_robot_harmonic_ws/install/ros_gz_example_application:/opt/ros/jazzy/opt/gz_sim_vendor:/opt/ros/jazzy/opt/gz_sensors_vendor:/opt/ros/jazzy/opt/gz_physics_vendor:/opt/ros/jazzy/opt/sdformat_vendor:/opt/ros/jazzy/opt/gz_gui_vendor:/opt/ros/jazzy/opt/gz_transport_vendor:/opt/ros/jazzy/opt/gz_rendering_vendor:/opt/ros/jazzy/opt/gz_plugin_vendor:/opt/ros/jazzy/opt/gz_fuel_tools_vendor:/opt/ros/jazzy/opt/gz_msgs_vendor:/opt/ros/jazzy/opt/gz_common_vendor:/opt/ros/jazzy/opt/gz_math_vendor:/opt/ros/jazzy/opt/gz_utils_vendor:/opt/ros/jazzy/opt/gz_tools_vendor:/opt/ros/jazzy/opt/gz_ogre_next_vendor:/opt/ros/jazzy/opt/gz_dartsim_vendor:/opt/ros/jazzy/opt/gz_cmake_vendor:/home/harikrishnan/turtlebot3_ws/install/turtlebot3:/home/harikrishnan/turtlebot3_ws/install/turtlebot3_bringup:/home/harikrishnan/turtlebot3_ws/install/turtlebot3_node:/home/harikrishnan/turtlebot3_ws/install/turtlebot3_navigation2:/home/harikrishnan/turtlebot3_ws/install/turtlebot3_msgs:/home/harikrishnan/turtlebot3_ws/install/turtlebot3_description:/home/harikrishnan/turtlebot3_ws/install/turtlebot3_cartographer:/home/harikrishnan/turtlebot3_ws/install/dynamixel_sdk_examples:/home/harikrishnan/turtlebot3_ws/install/dynamixel_sdk_custom_interfaces:/home/harikrishnan/turtlebot3_ws/install/dynamixel_sdk:/home/harikrishnan/ros2_ws/install/snake_bot:/opt/ros/jazzy:/home/harikrishnan/turtlebot3_ws/install/turtlebot3_teleop:/home/harikrishnan/turtlebot3_ws/install/turtlebot3_example DEBUGINFOD_URLS=https://debuginfod.ubuntu.com GZ_SIM_PLUGIN_PATH=/home/harikrishnan/ROS_PROJECTS/snake_robot_harmonic_ws/install/ros_gz_example_gazebo/lib/ros_gz_example_gazebo GZ_SIM_RESOURCE_PATH=/home/harikrishnan/ROS_PROJECTS/snake_robot_harmonic_ws/install/ros_gz_example_description/share/ros_gz_example_description/models:${GZ_SIM_RESOURCE_PATH} /usr/bin/cmake --build /home/harikrishnan/ROS_PROJECTS/snake_robot_harmonic_ws/build/ros_gz_example_bringup -- -j12 -l12
[0.680s] DEBUG:colcon.colcon_core.event_handler.log_command:Invoked command in '/home/harikrishnan/ROS_PROJECTS/snake_robot_harmonic_ws/build/ros_gz_example_bringup' returned '0': CMAKE_PREFIX_PATH=/home/harikrishnan/ROS_PROJECTS/snake_robot_harmonic_ws/install/ros_gz_example_gazebo:/home/harikrishnan/ROS_PROJECTS/snake_robot_harmonic_ws/install/ros_gz_example_description:/home/harikrishnan/ROS_PROJECTS/snake_robot_harmonic_ws/install/ros_gz_example_bringup:/home/harikrishnan/ROS_PROJECTS/snake_robot_harmonic_ws/install/ros_gz_example_application:/opt/ros/jazzy/opt/gz_sim_vendor:/opt/ros/jazzy/opt/gz_sensors_vendor:/opt/ros/jazzy/opt/gz_physics_vendor:/opt/ros/jazzy/opt/sdformat_vendor:/opt/ros/jazzy/opt/gz_gui_vendor:/opt/ros/jazzy/opt/gz_transport_vendor:/opt/ros/jazzy/opt/gz_rendering_vendor:/opt/ros/jazzy/opt/gz_plugin_vendor:/opt/ros/jazzy/opt/gz_fuel_tools_vendor:/opt/ros/jazzy/opt/gz_msgs_vendor:/opt/ros/jazzy/opt/gz_common_vendor:/opt/ros/jazzy/opt/gz_math_vendor:/opt/ros/jazzy/opt/gz_utils_vendor:/opt/ros/jazzy/opt/gz_tools_vendor:/opt/ros/jazzy/opt/gz_ogre_next_vendor:/opt/ros/jazzy/opt/gz_dartsim_vendor:/opt/ros/jazzy/opt/gz_cmake_vendor:/home/harikrishnan/turtlebot3_ws/install/turtlebot3:/home/harikrishnan/turtlebot3_ws/install/turtlebot3_bringup:/home/harikrishnan/turtlebot3_ws/install/turtlebot3_node:/home/harikrishnan/turtlebot3_ws/install/turtlebot3_navigation2:/home/harikrishnan/turtlebot3_ws/install/turtlebot3_msgs:/home/harikrishnan/turtlebot3_ws/install/turtlebot3_description:/home/harikrishnan/turtlebot3_ws/install/turtlebot3_cartographer:/home/harikrishnan/turtlebot3_ws/install/dynamixel_sdk_examples:/home/harikrishnan/turtlebot3_ws/install/dynamixel_sdk_custom_interfaces:/home/harikrishnan/turtlebot3_ws/install/dynamixel_sdk:/home/harikrishnan/ros2_ws/install/snake_bot:/opt/ros/jazzy:/home/harikrishnan/turtlebot3_ws/install/turtlebot3_teleop:/home/harikrishnan/turtlebot3_ws/install/turtlebot3_example DEBUGINFOD_URLS=https://debuginfod.ubuntu.com GZ_SIM_PLUGIN_PATH=/home/harikrishnan/ROS_PROJECTS/snake_robot_harmonic_ws/install/ros_gz_example_gazebo/lib/ros_gz_example_gazebo GZ_SIM_RESOURCE_PATH=/home/harikrishnan/ROS_PROJECTS/snake_robot_harmonic_ws/install/ros_gz_example_description/share/ros_gz_example_description/models:${GZ_SIM_RESOURCE_PATH} /usr/bin/cmake --build /home/harikrishnan/ROS_PROJECTS/snake_robot_harmonic_ws/build/ros_gz_example_bringup -- -j12 -l12
[0.682s] DEBUG:colcon.colcon_core.event_handler.log_command:Invoking command in '/home/harikrishnan/ROS_PROJECTS/snake_robot_harmonic_ws/build/ros_gz_example_bringup': CMAKE_PREFIX_PATH=/home/harikrishnan/ROS_PROJECTS/snake_robot_harmonic_ws/install/ros_gz_example_gazebo:/home/harikrishnan/ROS_PROJECTS/snake_robot_harmonic_ws/install/ros_gz_example_description:/home/harikrishnan/ROS_PROJECTS/snake_robot_harmonic_ws/install/ros_gz_example_bringup:/home/harikrishnan/ROS_PROJECTS/snake_robot_harmonic_ws/install/ros_gz_example_application:/opt/ros/jazzy/opt/gz_sim_vendor:/opt/ros/jazzy/opt/gz_sensors_vendor:/opt/ros/jazzy/opt/gz_physics_vendor:/opt/ros/jazzy/opt/sdformat_vendor:/opt/ros/jazzy/opt/gz_gui_vendor:/opt/ros/jazzy/opt/gz_transport_vendor:/opt/ros/jazzy/opt/gz_rendering_vendor:/opt/ros/jazzy/opt/gz_plugin_vendor:/opt/ros/jazzy/opt/gz_fuel_tools_vendor:/opt/ros/jazzy/opt/gz_msgs_vendor:/opt/ros/jazzy/opt/gz_common_vendor:/opt/ros/jazzy/opt/gz_math_vendor:/opt/ros/jazzy/opt/gz_utils_vendor:/opt/ros/jazzy/opt/gz_tools_vendor:/opt/ros/jazzy/opt/gz_ogre_next_vendor:/opt/ros/jazzy/opt/gz_dartsim_vendor:/opt/ros/jazzy/opt/gz_cmake_vendor:/home/harikrishnan/turtlebot3_ws/install/turtlebot3:/home/harikrishnan/turtlebot3_ws/install/turtlebot3_bringup:/home/harikrishnan/turtlebot3_ws/install/turtlebot3_node:/home/harikrishnan/turtlebot3_ws/install/turtlebot3_navigation2:/home/harikrishnan/turtlebot3_ws/install/turtlebot3_msgs:/home/harikrishnan/turtlebot3_ws/install/turtlebot3_description:/home/harikrishnan/turtlebot3_ws/install/turtlebot3_cartographer:/home/harikrishnan/turtlebot3_ws/install/dynamixel_sdk_examples:/home/harikrishnan/turtlebot3_ws/install/dynamixel_sdk_custom_interfaces:/home/harikrishnan/turtlebot3_ws/install/dynamixel_sdk:/home/harikrishnan/ros2_ws/install/snake_bot:/opt/ros/jazzy:/home/harikrishnan/turtlebot3_ws/install/turtlebot3_teleop:/home/harikrishnan/turtlebot3_ws/install/turtlebot3_example DEBUGINFOD_URLS=https://debuginfod.ubuntu.com GZ_SIM_PLUGIN_PATH=/home/harikrishnan/ROS_PROJECTS/snake_robot_harmonic_ws/install/ros_gz_example_gazebo/lib/ros_gz_example_gazebo GZ_SIM_RESOURCE_PATH=/home/harikrishnan/ROS_PROJECTS/snake_robot_harmonic_ws/install/ros_gz_example_description/share/ros_gz_example_description/models:${GZ_SIM_RESOURCE_PATH} /usr/bin/cmake --install /home/harikrishnan/ROS_PROJECTS/snake_robot_harmonic_ws/build/ros_gz_example_bringup
[0.695s] Level 1:colcon.colcon_core.environment:create_environment_scripts_only(ros_gz_example_bringup)
[0.695s] Level 1:colcon.colcon_core.environment:checking '/home/harikrishnan/ROS_PROJECTS/snake_robot_harmonic_ws/install/ros_gz_example_bringup' for CMake module files
[0.696s] DEBUG:colcon.colcon_core.event_handler.log_command:Invoked command in '/home/harikrishnan/ROS_PROJECTS/snake_robot_harmonic_ws/build/ros_gz_example_bringup' returned '0': CMAKE_PREFIX_PATH=/home/harikrishnan/ROS_PROJECTS/snake_robot_harmonic_ws/install/ros_gz_example_gazebo:/home/harikrishnan/ROS_PROJECTS/snake_robot_harmonic_ws/install/ros_gz_example_description:/home/harikrishnan/ROS_PROJECTS/snake_robot_harmonic_ws/install/ros_gz_example_bringup:/home/harikrishnan/ROS_PROJECTS/snake_robot_harmonic_ws/install/ros_gz_example_application:/opt/ros/jazzy/opt/gz_sim_vendor:/opt/ros/jazzy/opt/gz_sensors_vendor:/opt/ros/jazzy/opt/gz_physics_vendor:/opt/ros/jazzy/opt/sdformat_vendor:/opt/ros/jazzy/opt/gz_gui_vendor:/opt/ros/jazzy/opt/gz_transport_vendor:/opt/ros/jazzy/opt/gz_rendering_vendor:/opt/ros/jazzy/opt/gz_plugin_vendor:/opt/ros/jazzy/opt/gz_fuel_tools_vendor:/opt/ros/jazzy/opt/gz_msgs_vendor:/opt/ros/jazzy/opt/gz_common_vendor:/opt/ros/jazzy/opt/gz_math_vendor:/opt/ros/jazzy/opt/gz_utils_vendor:/opt/ros/jazzy/opt/gz_tools_vendor:/opt/ros/jazzy/opt/gz_ogre_next_vendor:/opt/ros/jazzy/opt/gz_dartsim_vendor:/opt/ros/jazzy/opt/gz_cmake_vendor:/home/harikrishnan/turtlebot3_ws/install/turtlebot3:/home/harikrishnan/turtlebot3_ws/install/turtlebot3_bringup:/home/harikrishnan/turtlebot3_ws/install/turtlebot3_node:/home/harikrishnan/turtlebot3_ws/install/turtlebot3_navigation2:/home/harikrishnan/turtlebot3_ws/install/turtlebot3_msgs:/home/harikrishnan/turtlebot3_ws/install/turtlebot3_description:/home/harikrishnan/turtlebot3_ws/install/turtlebot3_cartographer:/home/harikrishnan/turtlebot3_ws/install/dynamixel_sdk_examples:/home/harikrishnan/turtlebot3_ws/install/dynamixel_sdk_custom_interfaces:/home/harikrishnan/turtlebot3_ws/install/dynamixel_sdk:/home/harikrishnan/ros2_ws/install/snake_bot:/opt/ros/jazzy:/home/harikrishnan/turtlebot3_ws/install/turtlebot3_teleop:/home/harikrishnan/turtlebot3_ws/install/turtlebot3_example DEBUGINFOD_URLS=https://debuginfod.ubuntu.com GZ_SIM_PLUGIN_PATH=/home/harikrishnan/ROS_PROJECTS/snake_robot_harmonic_ws/install/ros_gz_example_gazebo/lib/ros_gz_example_gazebo GZ_SIM_RESOURCE_PATH=/home/harikrishnan/ROS_PROJECTS/snake_robot_harmonic_ws/install/ros_gz_example_description/share/ros_gz_example_description/models:${GZ_SIM_RESOURCE_PATH} /usr/bin/cmake --install /home/harikrishnan/ROS_PROJECTS/snake_robot_harmonic_ws/build/ros_gz_example_bringup
[0.696s] Level 1:colcon.colcon_core.environment:checking '/home/harikrishnan/ROS_PROJECTS/snake_robot_harmonic_ws/install/ros_gz_example_bringup' for CMake config files
[0.696s] Level 1:colcon.colcon_core.shell:create_environment_hook('ros_gz_example_bringup', 'cmake_prefix_path')
[0.697s] INFO:colcon.colcon_core.shell:Creating environment hook '/home/harikrishnan/ROS_PROJECTS/snake_robot_harmonic_ws/install/ros_gz_example_bringup/share/ros_gz_example_bringup/hook/cmake_prefix_path.ps1'
[0.697s] INFO:colcon.colcon_core.shell:Creating environment descriptor '/home/harikrishnan/ROS_PROJECTS/snake_robot_harmonic_ws/install/ros_gz_example_bringup/share/ros_gz_example_bringup/hook/cmake_prefix_path.dsv'
[0.698s] INFO:colcon.colcon_core.shell:Creating environment hook '/home/harikrishnan/ROS_PROJECTS/snake_robot_harmonic_ws/install/ros_gz_example_bringup/share/ros_gz_example_bringup/hook/cmake_prefix_path.sh'
[0.698s] Level 1:colcon.colcon_core.environment:checking '/home/harikrishnan/ROS_PROJECTS/snake_robot_harmonic_ws/install/ros_gz_example_bringup/bin'
[0.699s] Level 1:colcon.colcon_core.environment:checking '/home/harikrishnan/ROS_PROJECTS/snake_robot_harmonic_ws/install/ros_gz_example_bringup/lib/pkgconfig/ros_gz_example_bringup.pc'
[0.699s] Level 1:colcon.colcon_core.environment:checking '/home/harikrishnan/ROS_PROJECTS/snake_robot_harmonic_ws/install/ros_gz_example_bringup/lib/python3.12/site-packages'
[0.699s] Level 1:colcon.colcon_core.environment:checking '/home/harikrishnan/ROS_PROJECTS/snake_robot_harmonic_ws/install/ros_gz_example_bringup/bin'
[0.699s] INFO:colcon.colcon_core.shell:Creating package script '/home/harikrishnan/ROS_PROJECTS/snake_robot_harmonic_ws/install/ros_gz_example_bringup/share/ros_gz_example_bringup/package.ps1'
[0.700s] INFO:colcon.colcon_core.shell:Creating package descriptor '/home/harikrishnan/ROS_PROJECTS/snake_robot_harmonic_ws/install/ros_gz_example_bringup/share/ros_gz_example_bringup/package.dsv'
[0.700s] INFO:colcon.colcon_core.shell:Creating package script '/home/harikrishnan/ROS_PROJECTS/snake_robot_harmonic_ws/install/ros_gz_example_bringup/share/ros_gz_example_bringup/package.sh'
[0.701s] INFO:colcon.colcon_core.shell:Creating package script '/home/harikrishnan/ROS_PROJECTS/snake_robot_harmonic_ws/install/ros_gz_example_bringup/share/ros_gz_example_bringup/package.bash'
[0.702s] INFO:colcon.colcon_core.shell:Creating package script '/home/harikrishnan/ROS_PROJECTS/snake_robot_harmonic_ws/install/ros_gz_example_bringup/share/ros_gz_example_bringup/package.zsh'
[0.702s] Level 1:colcon.colcon_core.environment:create_file_with_runtime_dependencies(/home/harikrishnan/ROS_PROJECTS/snake_robot_harmonic_ws/install/ros_gz_example_bringup/share/colcon-core/packages/ros_gz_example_bringup)
[0.704s] Level 1:colcon.colcon_core.environment:create_environment_scripts_only(ros_gz_example_bringup)
[0.704s] Level 1:colcon.colcon_core.environment:checking '/home/harikrishnan/ROS_PROJECTS/snake_robot_harmonic_ws/install/ros_gz_example_bringup' for CMake module files
[0.705s] Level 1:colcon.colcon_core.environment:checking '/home/harikrishnan/ROS_PROJECTS/snake_robot_harmonic_ws/install/ros_gz_example_bringup' for CMake config files
[0.706s] Level 1:colcon.colcon_core.shell:create_environment_hook('ros_gz_example_bringup', 'cmake_prefix_path')
[0.706s] INFO:colcon.colcon_core.shell:Creating environment hook '/home/harikrishnan/ROS_PROJECTS/snake_robot_harmonic_ws/install/ros_gz_example_bringup/share/ros_gz_example_bringup/hook/cmake_prefix_path.ps1'
[0.707s] INFO:colcon.colcon_core.shell:Creating environment descriptor '/home/harikrishnan/ROS_PROJECTS/snake_robot_harmonic_ws/install/ros_gz_example_bringup/share/ros_gz_example_bringup/hook/cmake_prefix_path.dsv'
[0.707s] INFO:colcon.colcon_core.shell:Creating environment hook '/home/harikrishnan/ROS_PROJECTS/snake_robot_harmonic_ws/install/ros_gz_example_bringup/share/ros_gz_example_bringup/hook/cmake_prefix_path.sh'
[0.708s] Level 1:colcon.colcon_core.environment:checking '/home/harikrishnan/ROS_PROJECTS/snake_robot_harmonic_ws/install/ros_gz_example_bringup/bin'
[0.708s] Level 1:colcon.colcon_core.environment:checking '/home/harikrishnan/ROS_PROJECTS/snake_robot_harmonic_ws/install/ros_gz_example_bringup/lib/pkgconfig/ros_gz_example_bringup.pc'
[0.709s] Level 1:colcon.colcon_core.environment:checking '/home/harikrishnan/ROS_PROJECTS/snake_robot_harmonic_ws/install/ros_gz_example_bringup/lib/python3.12/site-packages'
[0.709s] Level 1:colcon.colcon_core.environment:checking '/home/harikrishnan/ROS_PROJECTS/snake_robot_harmonic_ws/install/ros_gz_example_bringup/bin'
[0.709s] INFO:colcon.colcon_core.shell:Creating package script '/home/harikrishnan/ROS_PROJECTS/snake_robot_harmonic_ws/install/ros_gz_example_bringup/share/ros_gz_example_bringup/package.ps1'
[0.710s] INFO:colcon.colcon_core.shell:Creating package descriptor '/home/harikrishnan/ROS_PROJECTS/snake_robot_harmonic_ws/install/ros_gz_example_bringup/share/ros_gz_example_bringup/package.dsv'
[0.711s] INFO:colcon.colcon_core.shell:Creating package script '/home/harikrishnan/ROS_PROJECTS/snake_robot_harmonic_ws/install/ros_gz_example_bringup/share/ros_gz_example_bringup/package.sh'
[0.711s] INFO:colcon.colcon_core.shell:Creating package script '/home/harikrishnan/ROS_PROJECTS/snake_robot_harmonic_ws/install/ros_gz_example_bringup/share/ros_gz_example_bringup/package.bash'
[0.712s] INFO:colcon.colcon_core.shell:Creating package script '/home/harikrishnan/ROS_PROJECTS/snake_robot_harmonic_ws/install/ros_gz_example_bringup/share/ros_gz_example_bringup/package.zsh'
[0.712s] Level 1:colcon.colcon_core.environment:create_file_with_runtime_dependencies(/home/harikrishnan/ROS_PROJECTS/snake_robot_harmonic_ws/install/ros_gz_example_bringup/share/colcon-core/packages/ros_gz_example_bringup)
[0.926s] DEBUG:colcon.colcon_core.event_handler.log_command:Invoked command in '/home/harikrishnan/ROS_PROJECTS/snake_robot_harmonic_ws/build/ros_gz_example_application' returned '0': CMAKE_PREFIX_PATH=${CMAKE_PREFIX_PATH}:/opt/ros/jazzy:/home/harikrishnan/turtlebot3_ws/install/turtlebot3_teleop:/home/harikrishnan/turtlebot3_ws/install/turtlebot3_example DEBUGINFOD_URLS=https://debuginfod.ubuntu.com /usr/bin/cmake --build /home/harikrishnan/ROS_PROJECTS/snake_robot_harmonic_ws/build/ros_gz_example_application -- -j12 -l12
[0.927s] DEBUG:colcon.colcon_core.event_handler.log_command:Invoking command in '/home/harikrishnan/ROS_PROJECTS/snake_robot_harmonic_ws/build/ros_gz_example_application': CMAKE_PREFIX_PATH=${CMAKE_PREFIX_PATH}:/opt/ros/jazzy:/home/harikrishnan/turtlebot3_ws/install/turtlebot3_teleop:/home/harikrishnan/turtlebot3_ws/install/turtlebot3_example DEBUGINFOD_URLS=https://debuginfod.ubuntu.com /usr/bin/cmake --install /home/harikrishnan/ROS_PROJECTS/snake_robot_harmonic_ws/build/ros_gz_example_application
[0.952s] Level 1:colcon.colcon_core.environment:create_environment_scripts_only(ros_gz_example_application)
[0.954s] Level 1:colcon.colcon_core.environment:checking '/home/harikrishnan/ROS_PROJECTS/snake_robot_harmonic_ws/install/ros_gz_example_application' for CMake module files
[0.958s] DEBUG:colcon.colcon_core.event_handler.log_command:Invoked command in '/home/harikrishnan/ROS_PROJECTS/snake_robot_harmonic_ws/build/ros_gz_example_application' returned '0': CMAKE_PREFIX_PATH=${CMAKE_PREFIX_PATH}:/opt/ros/jazzy:/home/harikrishnan/turtlebot3_ws/install/turtlebot3_teleop:/home/harikrishnan/turtlebot3_ws/install/turtlebot3_example DEBUGINFOD_URLS=https://debuginfod.ubuntu.com /usr/bin/cmake --install /home/harikrishnan/ROS_PROJECTS/snake_robot_harmonic_ws/build/ros_gz_example_application
[0.959s] Level 1:colcon.colcon_core.environment:checking '/home/harikrishnan/ROS_PROJECTS/snake_robot_harmonic_ws/install/ros_gz_example_application' for CMake config files
[0.961s] Level 1:colcon.colcon_core.shell:create_environment_hook('ros_gz_example_application', 'cmake_prefix_path')
[0.961s] INFO:colcon.colcon_core.shell:Creating environment hook '/home/harikrishnan/ROS_PROJECTS/snake_robot_harmonic_ws/install/ros_gz_example_application/share/ros_gz_example_application/hook/cmake_prefix_path.ps1'
[0.962s] INFO:colcon.colcon_core.shell:Creating environment descriptor '/home/harikrishnan/ROS_PROJECTS/snake_robot_harmonic_ws/install/ros_gz_example_application/share/ros_gz_example_application/hook/cmake_prefix_path.dsv'
[0.963s] INFO:colcon.colcon_core.shell:Creating environment hook '/home/harikrishnan/ROS_PROJECTS/snake_robot_harmonic_ws/install/ros_gz_example_application/share/ros_gz_example_application/hook/cmake_prefix_path.sh'
[0.964s] Level 1:colcon.colcon_core.environment:checking '/home/harikrishnan/ROS_PROJECTS/snake_robot_harmonic_ws/install/ros_gz_example_application/lib'
[0.965s] Level 1:colcon.colcon_core.environment:checking '/home/harikrishnan/ROS_PROJECTS/snake_robot_harmonic_ws/install/ros_gz_example_application/bin'
[0.965s] Level 1:colcon.colcon_core.environment:checking '/home/harikrishnan/ROS_PROJECTS/snake_robot_harmonic_ws/install/ros_gz_example_application/lib/pkgconfig/ros_gz_example_application.pc'
[0.965s] Level 1:colcon.colcon_core.environment:checking '/home/harikrishnan/ROS_PROJECTS/snake_robot_harmonic_ws/install/ros_gz_example_application/lib/python3.12/site-packages'
[0.966s] Level 1:colcon.colcon_core.environment:checking '/home/harikrishnan/ROS_PROJECTS/snake_robot_harmonic_ws/install/ros_gz_example_application/bin'
[0.966s] INFO:colcon.colcon_core.shell:Creating package script '/home/harikrishnan/ROS_PROJECTS/snake_robot_harmonic_ws/install/ros_gz_example_application/share/ros_gz_example_application/package.ps1'
[0.967s] INFO:colcon.colcon_core.shell:Creating package descriptor '/home/harikrishnan/ROS_PROJECTS/snake_robot_harmonic_ws/install/ros_gz_example_application/share/ros_gz_example_application/package.dsv'
[0.967s] INFO:colcon.colcon_core.shell:Creating package script '/home/harikrishnan/ROS_PROJECTS/snake_robot_harmonic_ws/install/ros_gz_example_application/share/ros_gz_example_application/package.sh'
[0.968s] INFO:colcon.colcon_core.shell:Creating package script '/home/harikrishnan/ROS_PROJECTS/snake_robot_harmonic_ws/install/ros_gz_example_application/share/ros_gz_example_application/package.bash'
[0.968s] INFO:colcon.colcon_core.shell:Creating package script '/home/harikrishnan/ROS_PROJECTS/snake_robot_harmonic_ws/install/ros_gz_example_application/share/ros_gz_example_application/package.zsh'
[0.968s] Level 1:colcon.colcon_core.environment:create_file_with_runtime_dependencies(/home/harikrishnan/ROS_PROJECTS/snake_robot_harmonic_ws/install/ros_gz_example_application/share/colcon-core/packages/ros_gz_example_application)
[0.969s] Level 1:colcon.colcon_core.environment:create_environment_scripts_only(ros_gz_example_application)
[0.969s] Level 1:colcon.colcon_core.environment:checking '/home/harikrishnan/ROS_PROJECTS/snake_robot_harmonic_ws/install/ros_gz_example_application' for CMake module files
[0.970s] Level 1:colcon.colcon_core.environment:checking '/home/harikrishnan/ROS_PROJECTS/snake_robot_harmonic_ws/install/ros_gz_example_application' for CMake config files
[0.970s] Level 1:colcon.colcon_core.shell:create_environment_hook('ros_gz_example_application', 'cmake_prefix_path')
[0.970s] INFO:colcon.colcon_core.shell:Creating environment hook '/home/harikrishnan/ROS_PROJECTS/snake_robot_harmonic_ws/install/ros_gz_example_application/share/ros_gz_example_application/hook/cmake_prefix_path.ps1'
[0.971s] INFO:colcon.colcon_core.shell:Creating environment descriptor '/home/harikrishnan/ROS_PROJECTS/snake_robot_harmonic_ws/install/ros_gz_example_application/share/ros_gz_example_application/hook/cmake_prefix_path.dsv'
[0.971s] INFO:colcon.colcon_core.shell:Creating environment hook '/home/harikrishnan/ROS_PROJECTS/snake_robot_harmonic_ws/install/ros_gz_example_application/share/ros_gz_example_application/hook/cmake_prefix_path.sh'
[0.972s] Level 1:colcon.colcon_core.environment:checking '/home/harikrishnan/ROS_PROJECTS/snake_robot_harmonic_ws/install/ros_gz_example_application/lib'
[0.972s] Level 1:colcon.colcon_core.environment:checking '/home/harikrishnan/ROS_PROJECTS/snake_robot_harmonic_ws/install/ros_gz_example_application/bin'
[0.973s] Level 1:colcon.colcon_core.environment:checking '/home/harikrishnan/ROS_PROJECTS/snake_robot_harmonic_ws/install/ros_gz_example_application/lib/pkgconfig/ros_gz_example_application.pc'
[0.973s] Level 1:colcon.colcon_core.environment:checking '/home/harikrishnan/ROS_PROJECTS/snake_robot_harmonic_ws/install/ros_gz_example_application/lib/python3.12/site-packages'
[0.973s] Level 1:colcon.colcon_core.environment:checking '/home/harikrishnan/ROS_PROJECTS/snake_robot_harmonic_ws/install/ros_gz_example_application/bin'
[0.973s] INFO:colcon.colcon_core.shell:Creating package script '/home/harikrishnan/ROS_PROJECTS/snake_robot_harmonic_ws/install/ros_gz_example_application/share/ros_gz_example_application/package.ps1'
[0.974s] INFO:colcon.colcon_core.shell:Creating package descriptor '/home/harikrishnan/ROS_PROJECTS/snake_robot_harmonic_ws/install/ros_gz_example_application/share/ros_gz_example_application/package.dsv'
[0.975s] INFO:colcon.colcon_core.shell:Creating package script '/home/harikrishnan/ROS_PROJECTS/snake_robot_harmonic_ws/install/ros_gz_example_application/share/ros_gz_example_application/package.sh'
[0.975s] INFO:colcon.colcon_core.shell:Creating package script '/home/harikrishnan/ROS_PROJECTS/snake_robot_harmonic_ws/install/ros_gz_example_application/share/ros_gz_example_application/package.bash'
[0.976s] INFO:colcon.colcon_core.shell:Creating package script '/home/harikrishnan/ROS_PROJECTS/snake_robot_harmonic_ws/install/ros_gz_example_application/share/ros_gz_example_application/package.zsh'
[0.976s] Level 1:colcon.colcon_core.environment:create_file_with_runtime_dependencies(/home/harikrishnan/ROS_PROJECTS/snake_robot_harmonic_ws/install/ros_gz_example_application/share/colcon-core/packages/ros_gz_example_application)
[0.977s] DEBUG:colcon.colcon_parallel_executor.executor.parallel:closing loop
[0.977s] DEBUG:colcon.colcon_parallel_executor.executor.parallel:loop closed
[0.977s] DEBUG:colcon.colcon_parallel_executor.executor.parallel:run_until_complete finished with '0'
[0.978s] DEBUG:colcon.colcon_core.event_reactor:joining thread
[0.989s] INFO:colcon.colcon_core.plugin_system:Skipping extension 'colcon_notification.desktop_notification.terminal_notifier': Not used on non-Darwin systems
[0.990s] INFO:colcon.colcon_core.plugin_system:Skipping extension 'colcon_notification.desktop_notification.win32': Not used on non-Windows systems
[0.990s] INFO:colcon.colcon_notification.desktop_notification:Sending desktop notification using 'notify2'
[1.029s] DEBUG:colcon.colcon_core.event_reactor:joined thread
[1.030s] INFO:colcon.colcon_core.shell:Creating prefix script '/home/harikrishnan/ROS_PROJECTS/snake_robot_harmonic_ws/install/local_setup.ps1'
[1.032s] INFO:colcon.colcon_core.shell:Creating prefix util module '/home/harikrishnan/ROS_PROJECTS/snake_robot_harmonic_ws/install/_local_setup_util_ps1.py'
[1.034s] INFO:colcon.colcon_core.shell:Creating prefix chain script '/home/harikrishnan/ROS_PROJECTS/snake_robot_harmonic_ws/install/setup.ps1'
[1.037s] INFO:colcon.colcon_core.shell:Creating prefix script '/home/harikrishnan/ROS_PROJECTS/snake_robot_harmonic_ws/install/local_setup.sh'
[1.038s] INFO:colcon.colcon_core.shell:Creating prefix util module '/home/harikrishnan/ROS_PROJECTS/snake_robot_harmonic_ws/install/_local_setup_util_sh.py'
[1.039s] INFO:colcon.colcon_core.shell:Creating prefix chain script '/home/harikrishnan/ROS_PROJECTS/snake_robot_harmonic_ws/install/setup.sh'
[1.041s] INFO:colcon.colcon_core.shell:Creating prefix script '/home/harikrishnan/ROS_PROJECTS/snake_robot_harmonic_ws/install/local_setup.bash'
[1.042s] INFO:colcon.colcon_core.shell:Creating prefix chain script '/home/harikrishnan/ROS_PROJECTS/snake_robot_harmonic_ws/install/setup.bash'
[1.044s] INFO:colcon.colcon_core.shell:Creating prefix script '/home/harikrishnan/ROS_PROJECTS/snake_robot_harmonic_ws/install/local_setup.zsh'
[1.044s] INFO:colcon.colcon_core.shell:Creating prefix chain script '/home/harikrishnan/ROS_PROJECTS/snake_robot_harmonic_ws/install/setup.zsh'
