[0.010s] Invoking command in '/home/harikrishnan/ROS_PROJECTS/snake_robot_harmonic_ws/build/ros_gz_example_description': CMAKE_PREFIX_PATH=${CMAKE_PREFIX_PATH}:/opt/ros/jazzy:/home/harikrishnan/turtlebot3_ws/install/turtlebot3_teleop:/home/harikrishnan/turtlebot3_ws/install/turtlebot3_example DEBUGINFOD_URLS=https://debuginfod.ubuntu.com /usr/bin/cmake --build /home/harikrishnan/ROS_PROJECTS/snake_robot_harmonic_ws/build/ros_gz_example_description -- -j12 -l12
[0.042s] Invoked command in '/home/harikrishnan/ROS_PROJECTS/snake_robot_harmonic_ws/build/ros_gz_example_description' returned '0': CMAKE_PREFIX_PATH=${CMAKE_PREFIX_PATH}:/opt/ros/jazzy:/home/harikrishnan/turtlebot3_ws/install/turtlebot3_teleop:/home/harikrishnan/turtlebot3_ws/install/turtlebot3_example DEBUGINFOD_URLS=https://debuginfod.ubuntu.com /usr/bin/cmake --build /home/harikrishnan/ROS_PROJECTS/snake_robot_harmonic_ws/build/ros_gz_example_description -- -j12 -l12
[0.049s] Invoking command in '/home/harikrishnan/ROS_PROJECTS/snake_robot_harmonic_ws/build/ros_gz_example_description': CMAKE_PREFIX_PATH=${CMAKE_PREFIX_PATH}:/opt/ros/jazzy:/home/harikrishnan/turtlebot3_ws/install/turtlebot3_teleop:/home/harikrishnan/turtlebot3_ws/install/turtlebot3_example DEBUGINFOD_URLS=https://debuginfod.ubuntu.com /usr/bin/cmake --install /home/harikrishnan/ROS_PROJECTS/snake_robot_harmonic_ws/build/ros_gz_example_description
[0.054s] -- Install configuration: ""
[0.054s] -- Up-to-date: /home/harikrishnan/ROS_PROJECTS/snake_robot_harmonic_ws/install/ros_gz_example_description/share/ros_gz_example_description/models
[0.054s] -- Up-to-date: /home/harikrishnan/ROS_PROJECTS/snake_robot_harmonic_ws/install/ros_gz_example_description/share/ros_gz_example_description/models/snakebot
[0.054s] -- Installing: /home/harikrishnan/ROS_PROJECTS/snake_robot_harmonic_ws/install/ros_gz_example_description/share/ros_gz_example_description/models/snakebot/snake_robot.xacro
[0.054s] -- Up-to-date: /home/harikrishnan/ROS_PROJECTS/snake_robot_harmonic_ws/install/ros_gz_example_description/share/ros_gz_example_description/models/snakebot/robot.gazebo
[0.055s] -- Up-to-date: /home/harikrishnan/ROS_PROJECTS/snake_robot_harmonic_ws/install/ros_gz_example_description/share/ros_gz_example_description/models/snakebot/frictional_world.sdf
[0.055s] -- Up-to-date: /home/harikrishnan/ROS_PROJECTS/snake_robot_harmonic_ws/install/ros_gz_example_description/share/ros_gz_example_description/models/snakebot/snakebot_v3.urdf
[0.055s] -- Up-to-date: /home/harikrishnan/ROS_PROJECTS/snake_robot_harmonic_ws/install/ros_gz_example_description/share/ros_gz_example_description/models/snakebot/snake_robot wokrbale.xacro
[0.055s] -- Up-to-date: /home/harikrishnan/ROS_PROJECTS/snake_robot_harmonic_ws/install/ros_gz_example_description/share/ros_gz_example_description/models/rrbot
[0.055s] -- Up-to-date: /home/harikrishnan/ROS_PROJECTS/snake_robot_harmonic_ws/install/ros_gz_example_description/share/ros_gz_example_description/models/rrbot/model.sdf
[0.055s] -- Up-to-date: /home/harikrishnan/ROS_PROJECTS/snake_robot_harmonic_ws/install/ros_gz_example_description/share/ros_gz_example_description/models/diff_drive
[0.055s] -- Up-to-date: /home/harikrishnan/ROS_PROJECTS/snake_robot_harmonic_ws/install/ros_gz_example_description/share/ros_gz_example_description/models/diff_drive/model.sdf
[0.055s] -- Up-to-date: /home/harikrishnan/ROS_PROJECTS/snake_robot_harmonic_ws/install/ros_gz_example_description/share/ros_gz_example_description/models/diff_drive/model.config
[0.055s] -- Up-to-date: /home/harikrishnan/ROS_PROJECTS/snake_robot_harmonic_ws/install/ros_gz_example_description/share/ros_gz_example_description/environment/ros_gz_example_description.dsv
[0.055s] -- Up-to-date: /home/harikrishnan/ROS_PROJECTS/snake_robot_harmonic_ws/install/ros_gz_example_description/share/ros_gz_example_description/environment/ros_gz_example_description.sh
[0.055s] -- Up-to-date: /home/harikrishnan/ROS_PROJECTS/snake_robot_harmonic_ws/install/ros_gz_example_description/share/ament_index/resource_index/package_run_dependencies/ros_gz_example_description
[0.055s] -- Up-to-date: /home/harikrishnan/ROS_PROJECTS/snake_robot_harmonic_ws/install/ros_gz_example_description/share/ament_index/resource_index/parent_prefix_path/ros_gz_example_description
[0.055s] -- Up-to-date: /home/harikrishnan/ROS_PROJECTS/snake_robot_harmonic_ws/install/ros_gz_example_description/share/ros_gz_example_description/environment/ament_prefix_path.sh
[0.055s] -- Up-to-date: /home/harikrishnan/ROS_PROJECTS/snake_robot_harmonic_ws/install/ros_gz_example_description/share/ros_gz_example_description/environment/ament_prefix_path.dsv
[0.055s] -- Up-to-date: /home/harikrishnan/ROS_PROJECTS/snake_robot_harmonic_ws/install/ros_gz_example_description/share/ros_gz_example_description/environment/path.sh
[0.055s] -- Up-to-date: /home/harikrishnan/ROS_PROJECTS/snake_robot_harmonic_ws/install/ros_gz_example_description/share/ros_gz_example_description/environment/path.dsv
[0.055s] -- Up-to-date: /home/harikrishnan/ROS_PROJECTS/snake_robot_harmonic_ws/install/ros_gz_example_description/share/ros_gz_example_description/local_setup.bash
[0.055s] -- Up-to-date: /home/harikrishnan/ROS_PROJECTS/snake_robot_harmonic_ws/install/ros_gz_example_description/share/ros_gz_example_description/local_setup.sh
[0.055s] -- Up-to-date: /home/harikrishnan/ROS_PROJECTS/snake_robot_harmonic_ws/install/ros_gz_example_description/share/ros_gz_example_description/local_setup.zsh
[0.055s] -- Up-to-date: /home/harikrishnan/ROS_PROJECTS/snake_robot_harmonic_ws/install/ros_gz_example_description/share/ros_gz_example_description/local_setup.dsv
[0.055s] -- Installing: /home/harikrishnan/ROS_PROJECTS/snake_robot_harmonic_ws/install/ros_gz_example_description/share/ros_gz_example_description/package.dsv
[0.055s] -- Up-to-date: /home/harikrishnan/ROS_PROJECTS/snake_robot_harmonic_ws/install/ros_gz_example_description/share/ament_index/resource_index/packages/ros_gz_example_description
[0.055s] -- Up-to-date: /home/harikrishnan/ROS_PROJECTS/snake_robot_harmonic_ws/install/ros_gz_example_description/share/ros_gz_example_description/cmake/ros_gz_example_descriptionConfig.cmake
[0.055s] -- Up-to-date: /home/harikrishnan/ROS_PROJECTS/snake_robot_harmonic_ws/install/ros_gz_example_description/share/ros_gz_example_description/cmake/ros_gz_example_descriptionConfig-version.cmake
[0.055s] -- Up-to-date: /home/harikrishnan/ROS_PROJECTS/snake_robot_harmonic_ws/install/ros_gz_example_description/share/ros_gz_example_description/package.xml
[0.056s] Invoked command in '/home/harikrishnan/ROS_PROJECTS/snake_robot_harmonic_ws/build/ros_gz_example_description' returned '0': CMAKE_PREFIX_PATH=${CMAKE_PREFIX_PATH}:/opt/ros/jazzy:/home/harikrishnan/turtlebot3_ws/install/turtlebot3_teleop:/home/harikrishnan/turtlebot3_ws/install/turtlebot3_example DEBUGINFOD_URLS=https://debuginfod.ubuntu.com /usr/bin/cmake --install /home/harikrishnan/ROS_PROJECTS/snake_robot_harmonic_ws/build/ros_gz_example_description
