[0.171s] DEBUG:colcon:Command line arguments: ['/usr/bin/colcon', 'build']
[0.171s] DEBUG:colcon:Parsed command line arguments: Namespace(log_base=None, log_level=None, verb_name='build', build_base='build', install_base='install', merge_install=False, symlink_install=False, test_result_base=None, continue_on_error=False, executor='parallel', parallel_workers=12, event_handlers=None, ignore_user_meta=False, metas=['./colcon.meta'], base_paths=['.'], packages_ignore=None, packages_ignore_regex=None, paths=None, packages_up_to=None, packages_up_to_regex=None, packages_above=None, packages_above_and_dependencies=None, packages_above_depth=None, packages_select_by_dep=None, packages_skip_by_dep=None, packages_skip_up_to=None, packages_select_build_failed=False, packages_skip_build_finished=False, packages_select_test_failures=False, packages_skip_test_passed=False, packages_select=None, packages_skip=None, packages_select_regex=None, packages_skip_regex=None, packages_start=None, packages_end=None, allow_overriding=[], cmake_args=None, cmake_target=None, cmake_target_skip_unavailable=False, cmake_clean_cache=False, cmake_clean_first=False, cmake_force_configure=False, ament_cmake_args=None, catkin_cmake_args=None, catkin_skip_building_tests=False, mixin_files=None, mixin=None, verb_parser=<colcon_mixin.mixin.mixin_argument.MixinArgumentDecorator object at 0x77e25d8a1730>, verb_extension=<colcon_core.verb.build.BuildVerb object at 0x77e25d8a14c0>, main=<bound method BuildVerb.main of <colcon_core.verb.build.BuildVerb object at 0x77e25d8a14c0>>, mixin_verb=('build',))
[0.230s] Level 1:colcon.colcon_core.package_discovery:discover_packages(colcon_meta) check parameters
[0.230s] Level 1:colcon.colcon_core.package_discovery:discover_packages(recursive) check parameters
[0.230s] Level 1:colcon.colcon_core.package_discovery:discover_packages(ignore) check parameters
[0.230s] Level 1:colcon.colcon_core.package_discovery:discover_packages(path) check parameters
[0.230s] Level 1:colcon.colcon_core.package_discovery:discover_packages(colcon_meta) discover
[0.230s] Level 1:colcon.colcon_core.package_discovery:discover_packages(recursive) discover
[0.230s] INFO:colcon.colcon_core.package_discovery:Crawling recursively for packages in '/home/harikrishnan/ROS_PROJECTS/snake_robot_harmonic_ws'
[0.231s] Level 1:colcon.colcon_core.package_identification:_identify(.) by extensions ['ignore', 'ignore_ament_install']
[0.231s] Level 1:colcon.colcon_core.package_identification:_identify(.) by extension 'ignore'
[0.231s] Level 1:colcon.colcon_core.package_identification:_identify(.) by extension 'ignore_ament_install'
[0.231s] Level 1:colcon.colcon_core.package_identification:_identify(.) by extensions ['colcon_pkg']
[0.231s] Level 1:colcon.colcon_core.package_identification:_identify(.) by extension 'colcon_pkg'
[0.231s] Level 1:colcon.colcon_core.package_identification:_identify(.) by extensions ['colcon_meta']
[0.231s] Level 1:colcon.colcon_core.package_identification:_identify(.) by extension 'colcon_meta'
[0.231s] Level 1:colcon.colcon_core.package_identification:_identify(.) by extensions ['ros']
[0.231s] Level 1:colcon.colcon_core.package_identification:_identify(.) by extension 'ros'
[0.272s] Level 1:colcon.colcon_core.package_identification:_identify(.) by extensions ['cmake', 'python']
[0.272s] Level 1:colcon.colcon_core.package_identification:_identify(.) by extension 'cmake'
[0.272s] Level 1:colcon.colcon_core.package_identification:_identify(.) by extension 'python'
[0.272s] Level 1:colcon.colcon_core.package_identification:_identify(.) by extensions ['python_setup_py']
[0.272s] Level 1:colcon.colcon_core.package_identification:_identify(.) by extension 'python_setup_py'
[0.272s] Level 1:colcon.colcon_core.package_identification:_identify(build) by extensions ['ignore', 'ignore_ament_install']
[0.273s] Level 1:colcon.colcon_core.package_identification:_identify(build) by extension 'ignore'
[0.273s] Level 1:colcon.colcon_core.package_identification:_identify(build) ignored
[0.273s] Level 1:colcon.colcon_core.package_identification:_identify(install) by extensions ['ignore', 'ignore_ament_install']
[0.273s] Level 1:colcon.colcon_core.package_identification:_identify(install) by extension 'ignore'
[0.273s] Level 1:colcon.colcon_core.package_identification:_identify(install) ignored
[0.274s] Level 1:colcon.colcon_core.package_identification:_identify(log) by extensions ['ignore', 'ignore_ament_install']
[0.274s] Level 1:colcon.colcon_core.package_identification:_identify(log) by extension 'ignore'
[0.274s] Level 1:colcon.colcon_core.package_identification:_identify(log) ignored
[0.274s] Level 1:colcon.colcon_core.package_identification:_identify(src) by extensions ['ignore', 'ignore_ament_install']
[0.274s] Level 1:colcon.colcon_core.package_identification:_identify(src) by extension 'ignore'
[0.274s] Level 1:colcon.colcon_core.package_identification:_identify(src) by extension 'ignore_ament_install'
[0.274s] Level 1:colcon.colcon_core.package_identification:_identify(src) by extensions ['colcon_pkg']
[0.274s] Level 1:colcon.colcon_core.package_identification:_identify(src) by extension 'colcon_pkg'
[0.275s] Level 1:colcon.colcon_core.package_identification:_identify(src) by extensions ['colcon_meta']
[0.275s] Level 1:colcon.colcon_core.package_identification:_identify(src) by extension 'colcon_meta'
[0.275s] Level 1:colcon.colcon_core.package_identification:_identify(src) by extensions ['ros']
[0.275s] Level 1:colcon.colcon_core.package_identification:_identify(src) by extension 'ros'
[0.275s] Level 1:colcon.colcon_core.package_identification:_identify(src) by extensions ['cmake', 'python']
[0.275s] Level 1:colcon.colcon_core.package_identification:_identify(src) by extension 'cmake'
[0.275s] Level 1:colcon.colcon_core.package_identification:_identify(src) by extension 'python'
[0.275s] Level 1:colcon.colcon_core.package_identification:_identify(src) by extensions ['python_setup_py']
[0.275s] Level 1:colcon.colcon_core.package_identification:_identify(src) by extension 'python_setup_py'
[0.275s] Level 1:colcon.colcon_core.package_identification:_identify(src/ros_gz_example_application) by extensions ['ignore', 'ignore_ament_install']
[0.275s] Level 1:colcon.colcon_core.package_identification:_identify(src/ros_gz_example_application) by extension 'ignore'
[0.276s] Level 1:colcon.colcon_core.package_identification:_identify(src/ros_gz_example_application) by extension 'ignore_ament_install'
[0.276s] Level 1:colcon.colcon_core.package_identification:_identify(src/ros_gz_example_application) by extensions ['colcon_pkg']
[0.276s] Level 1:colcon.colcon_core.package_identification:_identify(src/ros_gz_example_application) by extension 'colcon_pkg'
[0.276s] Level 1:colcon.colcon_core.package_identification:_identify(src/ros_gz_example_application) by extensions ['colcon_meta']
[0.276s] Level 1:colcon.colcon_core.package_identification:_identify(src/ros_gz_example_application) by extension 'colcon_meta'
[0.276s] Level 1:colcon.colcon_core.package_identification:_identify(src/ros_gz_example_application) by extensions ['ros']
[0.276s] Level 1:colcon.colcon_core.package_identification:_identify(src/ros_gz_example_application) by extension 'ros'
[0.281s] DEBUG:colcon.colcon_core.package_identification:Package 'src/ros_gz_example_application' with type 'ros.ament_cmake' and name 'ros_gz_example_application'
[0.281s] Level 1:colcon.colcon_core.package_identification:_identify(src/ros_gz_example_bringup) by extensions ['ignore', 'ignore_ament_install']
[0.281s] Level 1:colcon.colcon_core.package_identification:_identify(src/ros_gz_example_bringup) by extension 'ignore'
[0.281s] Level 1:colcon.colcon_core.package_identification:_identify(src/ros_gz_example_bringup) by extension 'ignore_ament_install'
[0.281s] Level 1:colcon.colcon_core.package_identification:_identify(src/ros_gz_example_bringup) by extensions ['colcon_pkg']
[0.281s] Level 1:colcon.colcon_core.package_identification:_identify(src/ros_gz_example_bringup) by extension 'colcon_pkg'
[0.281s] Level 1:colcon.colcon_core.package_identification:_identify(src/ros_gz_example_bringup) by extensions ['colcon_meta']
[0.282s] Level 1:colcon.colcon_core.package_identification:_identify(src/ros_gz_example_bringup) by extension 'colcon_meta'
[0.282s] Level 1:colcon.colcon_core.package_identification:_identify(src/ros_gz_example_bringup) by extensions ['ros']
[0.282s] Level 1:colcon.colcon_core.package_identification:_identify(src/ros_gz_example_bringup) by extension 'ros'
[0.282s] DEBUG:colcon.colcon_core.package_identification:Package 'src/ros_gz_example_bringup' with type 'ros.ament_cmake' and name 'ros_gz_example_bringup'
[0.283s] Level 1:colcon.colcon_core.package_identification:_identify(src/ros_gz_example_description) by extensions ['ignore', 'ignore_ament_install']
[0.283s] Level 1:colcon.colcon_core.package_identification:_identify(src/ros_gz_example_description) by extension 'ignore'
[0.283s] Level 1:colcon.colcon_core.package_identification:_identify(src/ros_gz_example_description) by extension 'ignore_ament_install'
[0.283s] Level 1:colcon.colcon_core.package_identification:_identify(src/ros_gz_example_description) by extensions ['colcon_pkg']
[0.283s] Level 1:colcon.colcon_core.package_identification:_identify(src/ros_gz_example_description) by extension 'colcon_pkg'
[0.283s] Level 1:colcon.colcon_core.package_identification:_identify(src/ros_gz_example_description) by extensions ['colcon_meta']
[0.283s] Level 1:colcon.colcon_core.package_identification:_identify(src/ros_gz_example_description) by extension 'colcon_meta'
[0.283s] Level 1:colcon.colcon_core.package_identification:_identify(src/ros_gz_example_description) by extensions ['ros']
[0.283s] Level 1:colcon.colcon_core.package_identification:_identify(src/ros_gz_example_description) by extension 'ros'
[0.283s] DEBUG:colcon.colcon_core.package_identification:Package 'src/ros_gz_example_description' with type 'ros.ament_cmake' and name 'ros_gz_example_description'
[0.284s] Level 1:colcon.colcon_core.package_identification:_identify(src/ros_gz_example_gazebo) by extensions ['ignore', 'ignore_ament_install']
[0.284s] Level 1:colcon.colcon_core.package_identification:_identify(src/ros_gz_example_gazebo) by extension 'ignore'
[0.284s] Level 1:colcon.colcon_core.package_identification:_identify(src/ros_gz_example_gazebo) by extension 'ignore_ament_install'
[0.284s] Level 1:colcon.colcon_core.package_identification:_identify(src/ros_gz_example_gazebo) by extensions ['colcon_pkg']
[0.284s] Level 1:colcon.colcon_core.package_identification:_identify(src/ros_gz_example_gazebo) by extension 'colcon_pkg'
[0.284s] Level 1:colcon.colcon_core.package_identification:_identify(src/ros_gz_example_gazebo) by extensions ['colcon_meta']
[0.284s] Level 1:colcon.colcon_core.package_identification:_identify(src/ros_gz_example_gazebo) by extension 'colcon_meta'
[0.284s] Level 1:colcon.colcon_core.package_identification:_identify(src/ros_gz_example_gazebo) by extensions ['ros']
[0.284s] Level 1:colcon.colcon_core.package_identification:_identify(src/ros_gz_example_gazebo) by extension 'ros'
[0.285s] DEBUG:colcon.colcon_core.package_identification:Package 'src/ros_gz_example_gazebo' with type 'ros.ament_cmake' and name 'ros_gz_example_gazebo'
[0.285s] Level 1:colcon.colcon_core.package_discovery:discover_packages(recursive) using defaults
[0.285s] Level 1:colcon.colcon_core.package_discovery:discover_packages(ignore) discover
[0.285s] Level 1:colcon.colcon_core.package_discovery:discover_packages(ignore) using defaults
[0.285s] Level 1:colcon.colcon_core.package_discovery:discover_packages(path) discover
[0.285s] Level 1:colcon.colcon_core.package_discovery:discover_packages(path) using defaults
[0.314s] Level 1:colcon.colcon_core.package_discovery:discover_packages(prefix_path) check parameters
[0.314s] Level 1:colcon.colcon_core.package_discovery:discover_packages(prefix_path) discover
[0.317s] DEBUG:colcon.colcon_installed_package_information.package_discovery:Found 4 installed packages in /home/harikrishnan/ROS_PROJECTS/snake_robot_harmonic_ws/install
[0.317s] DEBUG:colcon.colcon_installed_package_information.package_discovery:Found 1 installed packages in /home/harikrishnan/ros2_ws/install
[0.318s] DEBUG:colcon.colcon_installed_package_information.package_discovery:Found 12 installed packages in /home/harikrishnan/turtlebot3_ws/install
[0.322s] DEBUG:colcon.colcon_installed_package_information.package_discovery:Found 357 installed packages in /opt/ros/jazzy
[0.325s] Level 1:colcon.colcon_core.package_discovery:discover_packages(prefix_path) using defaults
[0.399s] Level 5:colcon.colcon_core.verb:set package 'ros_gz_example_application' build argument 'cmake_args' from command line to 'None'
[0.399s] Level 5:colcon.colcon_core.verb:set package 'ros_gz_example_application' build argument 'cmake_target' from command line to 'None'
[0.400s] Level 5:colcon.colcon_core.verb:set package 'ros_gz_example_application' build argument 'cmake_target_skip_unavailable' from command line to 'False'
[0.400s] Level 5:colcon.colcon_core.verb:set package 'ros_gz_example_application' build argument 'cmake_clean_cache' from command line to 'False'
[0.400s] Level 5:colcon.colcon_core.verb:set package 'ros_gz_example_application' build argument 'cmake_clean_first' from command line to 'False'
[0.400s] Level 5:colcon.colcon_core.verb:set package 'ros_gz_example_application' build argument 'cmake_force_configure' from command line to 'False'
[0.400s] Level 5:colcon.colcon_core.verb:set package 'ros_gz_example_application' build argument 'ament_cmake_args' from command line to 'None'
[0.400s] Level 5:colcon.colcon_core.verb:set package 'ros_gz_example_application' build argument 'catkin_cmake_args' from command line to 'None'
[0.400s] Level 5:colcon.colcon_core.verb:set package 'ros_gz_example_application' build argument 'catkin_skip_building_tests' from command line to 'False'
[0.400s] DEBUG:colcon.colcon_core.verb:Building package 'ros_gz_example_application' with the following arguments: {'ament_cmake_args': None, 'build_base': '/home/harikrishnan/ROS_PROJECTS/snake_robot_harmonic_ws/build/ros_gz_example_application', 'catkin_cmake_args': None, 'catkin_skip_building_tests': False, 'cmake_args': None, 'cmake_clean_cache': False, 'cmake_clean_first': False, 'cmake_force_configure': False, 'cmake_target': None, 'cmake_target_skip_unavailable': False, 'install_base': '/home/harikrishnan/ROS_PROJECTS/snake_robot_harmonic_ws/install/ros_gz_example_application', 'merge_install': False, 'path': '/home/harikrishnan/ROS_PROJECTS/snake_robot_harmonic_ws/src/ros_gz_example_application', 'symlink_install': False, 'test_result_base': None}
[0.400s] Level 5:colcon.colcon_core.verb:set package 'ros_gz_example_description' build argument 'cmake_args' from command line to 'None'
[0.401s] Level 5:colcon.colcon_core.verb:set package 'ros_gz_example_description' build argument 'cmake_target' from command line to 'None'
[0.401s] Level 5:colcon.colcon_core.verb:set package 'ros_gz_example_description' build argument 'cmake_target_skip_unavailable' from command line to 'False'
[0.401s] Level 5:colcon.colcon_core.verb:set package 'ros_gz_example_description' build argument 'cmake_clean_cache' from command line to 'False'
[0.401s] Level 5:colcon.colcon_core.verb:set package 'ros_gz_example_description' build argument 'cmake_clean_first' from command line to 'False'
[0.401s] Level 5:colcon.colcon_core.verb:set package 'ros_gz_example_description' build argument 'cmake_force_configure' from command line to 'False'
[0.401s] Level 5:colcon.colcon_core.verb:set package 'ros_gz_example_description' build argument 'ament_cmake_args' from command line to 'None'
[0.401s] Level 5:colcon.colcon_core.verb:set package 'ros_gz_example_description' build argument 'catkin_cmake_args' from command line to 'None'
[0.401s] Level 5:colcon.colcon_core.verb:set package 'ros_gz_example_description' build argument 'catkin_skip_building_tests' from command line to 'False'
[0.401s] DEBUG:colcon.colcon_core.verb:Building package 'ros_gz_example_description' with the following arguments: {'ament_cmake_args': None, 'build_base': '/home/harikrishnan/ROS_PROJECTS/snake_robot_harmonic_ws/build/ros_gz_example_description', 'catkin_cmake_args': None, 'catkin_skip_building_tests': False, 'cmake_args': None, 'cmake_clean_cache': False, 'cmake_clean_first': False, 'cmake_force_configure': False, 'cmake_target': None, 'cmake_target_skip_unavailable': False, 'install_base': '/home/harikrishnan/ROS_PROJECTS/snake_robot_harmonic_ws/install/ros_gz_example_description', 'merge_install': False, 'path': '/home/harikrishnan/ROS_PROJECTS/snake_robot_harmonic_ws/src/ros_gz_example_description', 'symlink_install': False, 'test_result_base': None}
[0.402s] Level 5:colcon.colcon_core.verb:set package 'ros_gz_example_gazebo' build argument 'cmake_args' from command line to 'None'
[0.402s] Level 5:colcon.colcon_core.verb:set package 'ros_gz_example_gazebo' build argument 'cmake_target' from command line to 'None'
[0.402s] Level 5:colcon.colcon_core.verb:set package 'ros_gz_example_gazebo' build argument 'cmake_target_skip_unavailable' from command line to 'False'
[0.402s] Level 5:colcon.colcon_core.verb:set package 'ros_gz_example_gazebo' build argument 'cmake_clean_cache' from command line to 'False'
[0.402s] Level 5:colcon.colcon_core.verb:set package 'ros_gz_example_gazebo' build argument 'cmake_clean_first' from command line to 'False'
[0.402s] Level 5:colcon.colcon_core.verb:set package 'ros_gz_example_gazebo' build argument 'cmake_force_configure' from command line to 'False'
[0.402s] Level 5:colcon.colcon_core.verb:set package 'ros_gz_example_gazebo' build argument 'ament_cmake_args' from command line to 'None'
[0.402s] Level 5:colcon.colcon_core.verb:set package 'ros_gz_example_gazebo' build argument 'catkin_cmake_args' from command line to 'None'
[0.402s] Level 5:colcon.colcon_core.verb:set package 'ros_gz_example_gazebo' build argument 'catkin_skip_building_tests' from command line to 'False'
[0.402s] DEBUG:colcon.colcon_core.verb:Building package 'ros_gz_example_gazebo' with the following arguments: {'ament_cmake_args': None, 'build_base': '/home/harikrishnan/ROS_PROJECTS/snake_robot_harmonic_ws/build/ros_gz_example_gazebo', 'catkin_cmake_args': None, 'catkin_skip_building_tests': False, 'cmake_args': None, 'cmake_clean_cache': False, 'cmake_clean_first': False, 'cmake_force_configure': False, 'cmake_target': None, 'cmake_target_skip_unavailable': False, 'install_base': '/home/harikrishnan/ROS_PROJECTS/snake_robot_harmonic_ws/install/ros_gz_example_gazebo', 'merge_install': False, 'path': '/home/harikrishnan/ROS_PROJECTS/snake_robot_harmonic_ws/src/ros_gz_example_gazebo', 'symlink_install': False, 'test_result_base': None}
[0.403s] Level 5:colcon.colcon_core.verb:set package 'ros_gz_example_bringup' build argument 'cmake_args' from command line to 'None'
[0.403s] Level 5:colcon.colcon_core.verb:set package 'ros_gz_example_bringup' build argument 'cmake_target' from command line to 'None'
[0.403s] Level 5:colcon.colcon_core.verb:set package 'ros_gz_example_bringup' build argument 'cmake_target_skip_unavailable' from command line to 'False'
[0.403s] Level 5:colcon.colcon_core.verb:set package 'ros_gz_example_bringup' build argument 'cmake_clean_cache' from command line to 'False'
[0.403s] Level 5:colcon.colcon_core.verb:set package 'ros_gz_example_bringup' build argument 'cmake_clean_first' from command line to 'False'
[0.403s] Level 5:colcon.colcon_core.verb:set package 'ros_gz_example_bringup' build argument 'cmake_force_configure' from command line to 'False'
[0.403s] Level 5:colcon.colcon_core.verb:set package 'ros_gz_example_bringup' build argument 'ament_cmake_args' from command line to 'None'
[0.403s] Level 5:colcon.colcon_core.verb:set package 'ros_gz_example_bringup' build argument 'catkin_cmake_args' from command line to 'None'
[0.403s] Level 5:colcon.colcon_core.verb:set package 'ros_gz_example_bringup' build argument 'catkin_skip_building_tests' from command line to 'False'
[0.403s] DEBUG:colcon.colcon_core.verb:Building package 'ros_gz_example_bringup' with the following arguments: {'ament_cmake_args': None, 'build_base': '/home/harikrishnan/ROS_PROJECTS/snake_robot_harmonic_ws/build/ros_gz_example_bringup', 'catkin_cmake_args': None, 'catkin_skip_building_tests': False, 'cmake_args': None, 'cmake_clean_cache': False, 'cmake_clean_first': False, 'cmake_force_configure': False, 'cmake_target': None, 'cmake_target_skip_unavailable': False, 'install_base': '/home/harikrishnan/ROS_PROJECTS/snake_robot_harmonic_ws/install/ros_gz_example_bringup', 'merge_install': False, 'path': '/home/harikrishnan/ROS_PROJECTS/snake_robot_harmonic_ws/src/ros_gz_example_bringup', 'symlink_install': False, 'test_result_base': None}
[0.404s] INFO:colcon.colcon_core.executor:Executing jobs using 'parallel' executor
[0.405s] DEBUG:colcon.colcon_parallel_executor.executor.parallel:run_until_complete
[0.405s] INFO:colcon.colcon_ros.task.ament_cmake.build:Building ROS package in '/home/harikrishnan/ROS_PROJECTS/snake_robot_harmonic_ws/src/ros_gz_example_description' with build type 'ament_cmake'
[0.406s] INFO:colcon.colcon_cmake.task.cmake.build:Building CMake package in '/home/harikrishnan/ROS_PROJECTS/snake_robot_harmonic_ws/src/ros_gz_example_description'
[0.409s] INFO:colcon.colcon_core.plugin_system:Skipping extension 'colcon_core.shell.bat': Not used on non-Windows systems
[0.409s] INFO:colcon.colcon_core.shell:Skip shell extension 'powershell' for command environment: Not usable outside of PowerShell
[0.409s] DEBUG:colcon.colcon_core.shell:Skip shell extension 'dsv' for command environment
[0.416s] INFO:colcon.colcon_ros.task.ament_cmake.build:Building ROS package in '/home/harikrishnan/ROS_PROJECTS/snake_robot_harmonic_ws/src/ros_gz_example_application' with build type 'ament_cmake'
[0.416s] INFO:colcon.colcon_cmake.task.cmake.build:Building CMake package in '/home/harikrishnan/ROS_PROJECTS/snake_robot_harmonic_ws/src/ros_gz_example_application'
[0.417s] INFO:colcon.colcon_core.shell:Skip shell extension 'powershell' for command environment: Not usable outside of PowerShell
[0.417s] DEBUG:colcon.colcon_core.shell:Skip shell extension 'dsv' for command environment
[0.433s] DEBUG:colcon.colcon_core.event_handler.log_command:Invoking command in '/home/harikrishnan/ROS_PROJECTS/snake_robot_harmonic_ws/build/ros_gz_example_description': CMAKE_PREFIX_PATH=${CMAKE_PREFIX_PATH}:/opt/ros/jazzy:/home/harikrishnan/turtlebot3_ws/install/turtlebot3_teleop:/home/harikrishnan/turtlebot3_ws/install/turtlebot3_example DEBUGINFOD_URLS=https://debuginfod.ubuntu.com /usr/bin/cmake --build /home/harikrishnan/ROS_PROJECTS/snake_robot_harmonic_ws/build/ros_gz_example_description -- -j12 -l12
[0.445s] DEBUG:colcon.colcon_core.event_handler.log_command:Invoking command in '/home/harikrishnan/ROS_PROJECTS/snake_robot_harmonic_ws/build/ros_gz_example_application': CMAKE_PREFIX_PATH=${CMAKE_PREFIX_PATH}:/opt/ros/jazzy:/home/harikrishnan/turtlebot3_ws/install/turtlebot3_teleop:/home/harikrishnan/turtlebot3_ws/install/turtlebot3_example DEBUGINFOD_URLS=https://debuginfod.ubuntu.com /usr/bin/cmake --build /home/harikrishnan/ROS_PROJECTS/snake_robot_harmonic_ws/build/ros_gz_example_application -- -j12 -l12
[0.508s] DEBUG:colcon.colcon_core.event_handler.log_command:Invoked command in '/home/harikrishnan/ROS_PROJECTS/snake_robot_harmonic_ws/build/ros_gz_example_description' returned '0': CMAKE_PREFIX_PATH=${CMAKE_PREFIX_PATH}:/opt/ros/jazzy:/home/harikrishnan/turtlebot3_ws/install/turtlebot3_teleop:/home/harikrishnan/turtlebot3_ws/install/turtlebot3_example DEBUGINFOD_URLS=https://debuginfod.ubuntu.com /usr/bin/cmake --build /home/harikrishnan/ROS_PROJECTS/snake_robot_harmonic_ws/build/ros_gz_example_description -- -j12 -l12
[0.528s] DEBUG:colcon.colcon_core.event_handler.log_command:Invoking command in '/home/harikrishnan/ROS_PROJECTS/snake_robot_harmonic_ws/build/ros_gz_example_description': CMAKE_PREFIX_PATH=${CMAKE_PREFIX_PATH}:/opt/ros/jazzy:/home/harikrishnan/turtlebot3_ws/install/turtlebot3_teleop:/home/harikrishnan/turtlebot3_ws/install/turtlebot3_example DEBUGINFOD_URLS=https://debuginfod.ubuntu.com /usr/bin/cmake --install /home/harikrishnan/ROS_PROJECTS/snake_robot_harmonic_ws/build/ros_gz_example_description
[0.529s] DEBUG:colcon.colcon_core.event_handler.log_command:Invoked command in '/home/harikrishnan/ROS_PROJECTS/snake_robot_harmonic_ws/build/ros_gz_example_application' returned '0': CMAKE_PREFIX_PATH=${CMAKE_PREFIX_PATH}:/opt/ros/jazzy:/home/harikrishnan/turtlebot3_ws/install/turtlebot3_teleop:/home/harikrishnan/turtlebot3_ws/install/turtlebot3_example DEBUGINFOD_URLS=https://debuginfod.ubuntu.com /usr/bin/cmake --build /home/harikrishnan/ROS_PROJECTS/snake_robot_harmonic_ws/build/ros_gz_example_application -- -j12 -l12
[0.532s] DEBUG:colcon.colcon_core.event_handler.log_command:Invoking command in '/home/harikrishnan/ROS_PROJECTS/snake_robot_harmonic_ws/build/ros_gz_example_application': CMAKE_PREFIX_PATH=${CMAKE_PREFIX_PATH}:/opt/ros/jazzy:/home/harikrishnan/turtlebot3_ws/install/turtlebot3_teleop:/home/harikrishnan/turtlebot3_ws/install/turtlebot3_example DEBUGINFOD_URLS=https://debuginfod.ubuntu.com /usr/bin/cmake --install /home/harikrishnan/ROS_PROJECTS/snake_robot_harmonic_ws/build/ros_gz_example_application
[0.546s] Level 1:colcon.colcon_core.environment:create_environment_scripts_only(ros_gz_example_description)
[0.552s] DEBUG:colcon.colcon_core.event_handler.log_command:Invoked command in '/home/harikrishnan/ROS_PROJECTS/snake_robot_harmonic_ws/build/ros_gz_example_description' returned '0': CMAKE_PREFIX_PATH=${CMAKE_PREFIX_PATH}:/opt/ros/jazzy:/home/harikrishnan/turtlebot3_ws/install/turtlebot3_teleop:/home/harikrishnan/turtlebot3_ws/install/turtlebot3_example DEBUGINFOD_URLS=https://debuginfod.ubuntu.com /usr/bin/cmake --install /home/harikrishnan/ROS_PROJECTS/snake_robot_harmonic_ws/build/ros_gz_example_description
[0.557s] Level 1:colcon.colcon_core.environment:checking '/home/harikrishnan/ROS_PROJECTS/snake_robot_harmonic_ws/install/ros_gz_example_description' for CMake module files
[0.558s] Level 1:colcon.colcon_core.environment:checking '/home/harikrishnan/ROS_PROJECTS/snake_robot_harmonic_ws/install/ros_gz_example_description' for CMake config files
[0.558s] Level 1:colcon.colcon_core.shell:create_environment_hook('ros_gz_example_description', 'cmake_prefix_path')
[0.559s] INFO:colcon.colcon_core.shell:Creating environment hook '/home/harikrishnan/ROS_PROJECTS/snake_robot_harmonic_ws/install/ros_gz_example_description/share/ros_gz_example_description/hook/cmake_prefix_path.ps1'
[0.560s] INFO:colcon.colcon_core.shell:Creating environment descriptor '/home/harikrishnan/ROS_PROJECTS/snake_robot_harmonic_ws/install/ros_gz_example_description/share/ros_gz_example_description/hook/cmake_prefix_path.dsv'
[0.560s] INFO:colcon.colcon_core.shell:Creating environment hook '/home/harikrishnan/ROS_PROJECTS/snake_robot_harmonic_ws/install/ros_gz_example_description/share/ros_gz_example_description/hook/cmake_prefix_path.sh'
[0.562s] Level 1:colcon.colcon_core.environment:checking '/home/harikrishnan/ROS_PROJECTS/snake_robot_harmonic_ws/install/ros_gz_example_description/bin'
[0.562s] Level 1:colcon.colcon_core.environment:checking '/home/harikrishnan/ROS_PROJECTS/snake_robot_harmonic_ws/install/ros_gz_example_description/lib/pkgconfig/ros_gz_example_description.pc'
[0.563s] Level 1:colcon.colcon_core.environment:checking '/home/harikrishnan/ROS_PROJECTS/snake_robot_harmonic_ws/install/ros_gz_example_description/lib/python3.12/site-packages'
[0.563s] Level 1:colcon.colcon_core.environment:checking '/home/harikrishnan/ROS_PROJECTS/snake_robot_harmonic_ws/install/ros_gz_example_description/bin'
[0.564s] INFO:colcon.colcon_core.shell:Creating package script '/home/harikrishnan/ROS_PROJECTS/snake_robot_harmonic_ws/install/ros_gz_example_description/share/ros_gz_example_description/package.ps1'
[0.566s] INFO:colcon.colcon_core.shell:Creating package descriptor '/home/harikrishnan/ROS_PROJECTS/snake_robot_harmonic_ws/install/ros_gz_example_description/share/ros_gz_example_description/package.dsv'
[0.567s] INFO:colcon.colcon_core.shell:Creating package script '/home/harikrishnan/ROS_PROJECTS/snake_robot_harmonic_ws/install/ros_gz_example_description/share/ros_gz_example_description/package.sh'
[0.569s] INFO:colcon.colcon_core.shell:Creating package script '/home/harikrishnan/ROS_PROJECTS/snake_robot_harmonic_ws/install/ros_gz_example_description/share/ros_gz_example_description/package.bash'
[0.570s] INFO:colcon.colcon_core.shell:Creating package script '/home/harikrishnan/ROS_PROJECTS/snake_robot_harmonic_ws/install/ros_gz_example_description/share/ros_gz_example_description/package.zsh'
[0.571s] Level 1:colcon.colcon_core.environment:create_file_with_runtime_dependencies(/home/harikrishnan/ROS_PROJECTS/snake_robot_harmonic_ws/install/ros_gz_example_description/share/colcon-core/packages/ros_gz_example_description)
[0.571s] Level 1:colcon.colcon_core.environment:create_environment_scripts_only(ros_gz_example_description)
[0.572s] Level 1:colcon.colcon_core.environment:checking '/home/harikrishnan/ROS_PROJECTS/snake_robot_harmonic_ws/install/ros_gz_example_description' for CMake module files
[0.572s] Level 1:colcon.colcon_core.environment:checking '/home/harikrishnan/ROS_PROJECTS/snake_robot_harmonic_ws/install/ros_gz_example_description' for CMake config files
[0.573s] Level 1:colcon.colcon_core.shell:create_environment_hook('ros_gz_example_description', 'cmake_prefix_path')
[0.573s] INFO:colcon.colcon_core.shell:Creating environment hook '/home/harikrishnan/ROS_PROJECTS/snake_robot_harmonic_ws/install/ros_gz_example_description/share/ros_gz_example_description/hook/cmake_prefix_path.ps1'
[0.574s] INFO:colcon.colcon_core.shell:Creating environment descriptor '/home/harikrishnan/ROS_PROJECTS/snake_robot_harmonic_ws/install/ros_gz_example_description/share/ros_gz_example_description/hook/cmake_prefix_path.dsv'
[0.575s] INFO:colcon.colcon_core.shell:Creating environment hook '/home/harikrishnan/ROS_PROJECTS/snake_robot_harmonic_ws/install/ros_gz_example_description/share/ros_gz_example_description/hook/cmake_prefix_path.sh'
[0.576s] Level 1:colcon.colcon_core.environment:checking '/home/harikrishnan/ROS_PROJECTS/snake_robot_harmonic_ws/install/ros_gz_example_description/bin'
[0.576s] Level 1:colcon.colcon_core.environment:checking '/home/harikrishnan/ROS_PROJECTS/snake_robot_harmonic_ws/install/ros_gz_example_description/lib/pkgconfig/ros_gz_example_description.pc'
[0.576s] Level 1:colcon.colcon_core.environment:checking '/home/harikrishnan/ROS_PROJECTS/snake_robot_harmonic_ws/install/ros_gz_example_description/lib/python3.12/site-packages'
[0.577s] Level 1:colcon.colcon_core.environment:checking '/home/harikrishnan/ROS_PROJECTS/snake_robot_harmonic_ws/install/ros_gz_example_description/bin'
[0.577s] INFO:colcon.colcon_core.shell:Creating package script '/home/harikrishnan/ROS_PROJECTS/snake_robot_harmonic_ws/install/ros_gz_example_description/share/ros_gz_example_description/package.ps1'
[0.578s] INFO:colcon.colcon_core.shell:Creating package descriptor '/home/harikrishnan/ROS_PROJECTS/snake_robot_harmonic_ws/install/ros_gz_example_description/share/ros_gz_example_description/package.dsv'
[0.579s] INFO:colcon.colcon_core.shell:Creating package script '/home/harikrishnan/ROS_PROJECTS/snake_robot_harmonic_ws/install/ros_gz_example_description/share/ros_gz_example_description/package.sh'
[0.579s] INFO:colcon.colcon_core.shell:Creating package script '/home/harikrishnan/ROS_PROJECTS/snake_robot_harmonic_ws/install/ros_gz_example_description/share/ros_gz_example_description/package.bash'
[0.580s] INFO:colcon.colcon_core.shell:Creating package script '/home/harikrishnan/ROS_PROJECTS/snake_robot_harmonic_ws/install/ros_gz_example_description/share/ros_gz_example_description/package.zsh'
[0.581s] Level 1:colcon.colcon_core.environment:create_file_with_runtime_dependencies(/home/harikrishnan/ROS_PROJECTS/snake_robot_harmonic_ws/install/ros_gz_example_description/share/colcon-core/packages/ros_gz_example_description)
[0.582s] INFO:colcon.colcon_ros.task.ament_cmake.build:Building ROS package in '/home/harikrishnan/ROS_PROJECTS/snake_robot_harmonic_ws/src/ros_gz_example_gazebo' with build type 'ament_cmake'
[0.582s] INFO:colcon.colcon_cmake.task.cmake.build:Building CMake package in '/home/harikrishnan/ROS_PROJECTS/snake_robot_harmonic_ws/src/ros_gz_example_gazebo'
[0.583s] INFO:colcon.colcon_core.shell:Skip shell extension 'powershell' for command environment: Not usable outside of PowerShell
[0.583s] DEBUG:colcon.colcon_core.shell:Skip shell extension 'dsv' for command environment
[0.590s] Level 1:colcon.colcon_core.environment:create_environment_scripts_only(ros_gz_example_application)
[0.591s] DEBUG:colcon.colcon_core.event_handler.log_command:Invoked command in '/home/harikrishnan/ROS_PROJECTS/snake_robot_harmonic_ws/build/ros_gz_example_application' returned '0': CMAKE_PREFIX_PATH=${CMAKE_PREFIX_PATH}:/opt/ros/jazzy:/home/harikrishnan/turtlebot3_ws/install/turtlebot3_teleop:/home/harikrishnan/turtlebot3_ws/install/turtlebot3_example DEBUGINFOD_URLS=https://debuginfod.ubuntu.com /usr/bin/cmake --install /home/harikrishnan/ROS_PROJECTS/snake_robot_harmonic_ws/build/ros_gz_example_application
[0.592s] Level 1:colcon.colcon_core.environment:checking '/home/harikrishnan/ROS_PROJECTS/snake_robot_harmonic_ws/install/ros_gz_example_application' for CMake module files
[0.593s] Level 1:colcon.colcon_core.environment:checking '/home/harikrishnan/ROS_PROJECTS/snake_robot_harmonic_ws/install/ros_gz_example_application' for CMake config files
[0.594s] Level 1:colcon.colcon_core.shell:create_environment_hook('ros_gz_example_application', 'cmake_prefix_path')
[0.594s] INFO:colcon.colcon_core.shell:Creating environment hook '/home/harikrishnan/ROS_PROJECTS/snake_robot_harmonic_ws/install/ros_gz_example_application/share/ros_gz_example_application/hook/cmake_prefix_path.ps1'
[0.595s] INFO:colcon.colcon_core.shell:Creating environment descriptor '/home/harikrishnan/ROS_PROJECTS/snake_robot_harmonic_ws/install/ros_gz_example_application/share/ros_gz_example_application/hook/cmake_prefix_path.dsv'
[0.596s] INFO:colcon.colcon_core.shell:Creating environment hook '/home/harikrishnan/ROS_PROJECTS/snake_robot_harmonic_ws/install/ros_gz_example_application/share/ros_gz_example_application/hook/cmake_prefix_path.sh'
[0.598s] Level 1:colcon.colcon_core.environment:checking '/home/harikrishnan/ROS_PROJECTS/snake_robot_harmonic_ws/install/ros_gz_example_application/lib'
[0.598s] Level 1:colcon.colcon_core.environment:checking '/home/harikrishnan/ROS_PROJECTS/snake_robot_harmonic_ws/install/ros_gz_example_application/bin'
[0.598s] Level 1:colcon.colcon_core.environment:checking '/home/harikrishnan/ROS_PROJECTS/snake_robot_harmonic_ws/install/ros_gz_example_application/lib/pkgconfig/ros_gz_example_application.pc'
[0.599s] Level 1:colcon.colcon_core.environment:checking '/home/harikrishnan/ROS_PROJECTS/snake_robot_harmonic_ws/install/ros_gz_example_application/lib/python3.12/site-packages'
[0.599s] Level 1:colcon.colcon_core.environment:checking '/home/harikrishnan/ROS_PROJECTS/snake_robot_harmonic_ws/install/ros_gz_example_application/bin'
[0.600s] INFO:colcon.colcon_core.shell:Creating package script '/home/harikrishnan/ROS_PROJECTS/snake_robot_harmonic_ws/install/ros_gz_example_application/share/ros_gz_example_application/package.ps1'
[0.600s] INFO:colcon.colcon_core.shell:Creating package descriptor '/home/harikrishnan/ROS_PROJECTS/snake_robot_harmonic_ws/install/ros_gz_example_application/share/ros_gz_example_application/package.dsv'
[0.601s] INFO:colcon.colcon_core.shell:Creating package script '/home/harikrishnan/ROS_PROJECTS/snake_robot_harmonic_ws/install/ros_gz_example_application/share/ros_gz_example_application/package.sh'
[0.601s] INFO:colcon.colcon_core.shell:Creating package script '/home/harikrishnan/ROS_PROJECTS/snake_robot_harmonic_ws/install/ros_gz_example_application/share/ros_gz_example_application/package.bash'
[0.601s] INFO:colcon.colcon_core.shell:Creating package script '/home/harikrishnan/ROS_PROJECTS/snake_robot_harmonic_ws/install/ros_gz_example_application/share/ros_gz_example_application/package.zsh'
[0.603s] Level 1:colcon.colcon_core.environment:create_file_with_runtime_dependencies(/home/harikrishnan/ROS_PROJECTS/snake_robot_harmonic_ws/install/ros_gz_example_application/share/colcon-core/packages/ros_gz_example_application)
[0.604s] Level 1:colcon.colcon_core.environment:create_environment_scripts_only(ros_gz_example_application)
[0.604s] Level 1:colcon.colcon_core.environment:checking '/home/harikrishnan/ROS_PROJECTS/snake_robot_harmonic_ws/install/ros_gz_example_application' for CMake module files
[0.606s] Level 1:colcon.colcon_core.environment:checking '/home/harikrishnan/ROS_PROJECTS/snake_robot_harmonic_ws/install/ros_gz_example_application' for CMake config files
[0.607s] Level 1:colcon.colcon_core.shell:create_environment_hook('ros_gz_example_application', 'cmake_prefix_path')
[0.607s] INFO:colcon.colcon_core.shell:Creating environment hook '/home/harikrishnan/ROS_PROJECTS/snake_robot_harmonic_ws/install/ros_gz_example_application/share/ros_gz_example_application/hook/cmake_prefix_path.ps1'
[0.608s] INFO:colcon.colcon_core.shell:Creating environment descriptor '/home/harikrishnan/ROS_PROJECTS/snake_robot_harmonic_ws/install/ros_gz_example_application/share/ros_gz_example_application/hook/cmake_prefix_path.dsv'
[0.609s] INFO:colcon.colcon_core.shell:Creating environment hook '/home/harikrishnan/ROS_PROJECTS/snake_robot_harmonic_ws/install/ros_gz_example_application/share/ros_gz_example_application/hook/cmake_prefix_path.sh'
[0.611s] Level 1:colcon.colcon_core.environment:checking '/home/harikrishnan/ROS_PROJECTS/snake_robot_harmonic_ws/install/ros_gz_example_application/lib'
[0.611s] Level 1:colcon.colcon_core.environment:checking '/home/harikrishnan/ROS_PROJECTS/snake_robot_harmonic_ws/install/ros_gz_example_application/bin'
[0.611s] Level 1:colcon.colcon_core.environment:checking '/home/harikrishnan/ROS_PROJECTS/snake_robot_harmonic_ws/install/ros_gz_example_application/lib/pkgconfig/ros_gz_example_application.pc'
[0.612s] Level 1:colcon.colcon_core.environment:checking '/home/harikrishnan/ROS_PROJECTS/snake_robot_harmonic_ws/install/ros_gz_example_application/lib/python3.12/site-packages'
[0.612s] Level 1:colcon.colcon_core.environment:checking '/home/harikrishnan/ROS_PROJECTS/snake_robot_harmonic_ws/install/ros_gz_example_application/bin'
[0.613s] INFO:colcon.colcon_core.shell:Creating package script '/home/harikrishnan/ROS_PROJECTS/snake_robot_harmonic_ws/install/ros_gz_example_application/share/ros_gz_example_application/package.ps1'
[0.614s] INFO:colcon.colcon_core.shell:Creating package descriptor '/home/harikrishnan/ROS_PROJECTS/snake_robot_harmonic_ws/install/ros_gz_example_application/share/ros_gz_example_application/package.dsv'
[0.615s] INFO:colcon.colcon_core.shell:Creating package script '/home/harikrishnan/ROS_PROJECTS/snake_robot_harmonic_ws/install/ros_gz_example_application/share/ros_gz_example_application/package.sh'
[0.616s] INFO:colcon.colcon_core.shell:Creating package script '/home/harikrishnan/ROS_PROJECTS/snake_robot_harmonic_ws/install/ros_gz_example_application/share/ros_gz_example_application/package.bash'
[0.617s] INFO:colcon.colcon_core.shell:Creating package script '/home/harikrishnan/ROS_PROJECTS/snake_robot_harmonic_ws/install/ros_gz_example_application/share/ros_gz_example_application/package.zsh'
[0.618s] Level 1:colcon.colcon_core.environment:create_file_with_runtime_dependencies(/home/harikrishnan/ROS_PROJECTS/snake_robot_harmonic_ws/install/ros_gz_example_application/share/colcon-core/packages/ros_gz_example_application)
[0.630s] DEBUG:colcon.colcon_core.event_handler.log_command:Invoking command in '/home/harikrishnan/ROS_PROJECTS/snake_robot_harmonic_ws/build/ros_gz_example_gazebo': CMAKE_PREFIX_PATH=/home/harikrishnan/ROS_PROJECTS/snake_robot_harmonic_ws/install/ros_gz_example_description:/home/harikrishnan/ROS_PROJECTS/snake_robot_harmonic_ws/install/ros_gz_example_bringup:/home/harikrishnan/ROS_PROJECTS/snake_robot_harmonic_ws/install/ros_gz_example_gazebo:/home/harikrishnan/ROS_PROJECTS/snake_robot_harmonic_ws/install/ros_gz_example_application:/opt/ros/jazzy/opt/gz_sim_vendor:/opt/ros/jazzy/opt/gz_sensors_vendor:/opt/ros/jazzy/opt/gz_physics_vendor:/opt/ros/jazzy/opt/sdformat_vendor:/opt/ros/jazzy/opt/gz_gui_vendor:/opt/ros/jazzy/opt/gz_transport_vendor:/opt/ros/jazzy/opt/gz_rendering_vendor:/opt/ros/jazzy/opt/gz_plugin_vendor:/opt/ros/jazzy/opt/gz_fuel_tools_vendor:/opt/ros/jazzy/opt/gz_msgs_vendor:/opt/ros/jazzy/opt/gz_common_vendor:/opt/ros/jazzy/opt/gz_math_vendor:/opt/ros/jazzy/opt/gz_utils_vendor:/opt/ros/jazzy/opt/gz_tools_vendor:/opt/ros/jazzy/opt/gz_ogre_next_vendor:/opt/ros/jazzy/opt/gz_dartsim_vendor:/opt/ros/jazzy/opt/gz_cmake_vendor:/home/harikrishnan/turtlebot3_ws/install/turtlebot3:/home/harikrishnan/turtlebot3_ws/install/turtlebot3_bringup:/home/harikrishnan/turtlebot3_ws/install/turtlebot3_node:/home/harikrishnan/turtlebot3_ws/install/turtlebot3_navigation2:/home/harikrishnan/turtlebot3_ws/install/turtlebot3_msgs:/home/harikrishnan/turtlebot3_ws/install/turtlebot3_description:/home/harikrishnan/turtlebot3_ws/install/turtlebot3_cartographer:/home/harikrishnan/turtlebot3_ws/install/dynamixel_sdk_examples:/home/harikrishnan/turtlebot3_ws/install/dynamixel_sdk_custom_interfaces:/home/harikrishnan/turtlebot3_ws/install/dynamixel_sdk:/home/harikrishnan/ros2_ws/install/snake_bot:/opt/ros/jazzy:/home/harikrishnan/turtlebot3_ws/install/turtlebot3_teleop:/home/harikrishnan/turtlebot3_ws/install/turtlebot3_example DEBUGINFOD_URLS=https://debuginfod.ubuntu.com GZ_SIM_RESOURCE_PATH=/home/harikrishnan/ROS_PROJECTS/snake_robot_harmonic_ws/install/ros_gz_example_description/share/ros_gz_example_description/models:${GZ_SIM_RESOURCE_PATH} /usr/bin/cmake --build /home/harikrishnan/ROS_PROJECTS/snake_robot_harmonic_ws/build/ros_gz_example_gazebo -- -j12 -l12
[0.778s] DEBUG:colcon.colcon_core.event_handler.log_command:Invoked command in '/home/harikrishnan/ROS_PROJECTS/snake_robot_harmonic_ws/build/ros_gz_example_gazebo' returned '0': CMAKE_PREFIX_PATH=/home/harikrishnan/ROS_PROJECTS/snake_robot_harmonic_ws/install/ros_gz_example_description:/home/harikrishnan/ROS_PROJECTS/snake_robot_harmonic_ws/install/ros_gz_example_bringup:/home/harikrishnan/ROS_PROJECTS/snake_robot_harmonic_ws/install/ros_gz_example_gazebo:/home/harikrishnan/ROS_PROJECTS/snake_robot_harmonic_ws/install/ros_gz_example_application:/opt/ros/jazzy/opt/gz_sim_vendor:/opt/ros/jazzy/opt/gz_sensors_vendor:/opt/ros/jazzy/opt/gz_physics_vendor:/opt/ros/jazzy/opt/sdformat_vendor:/opt/ros/jazzy/opt/gz_gui_vendor:/opt/ros/jazzy/opt/gz_transport_vendor:/opt/ros/jazzy/opt/gz_rendering_vendor:/opt/ros/jazzy/opt/gz_plugin_vendor:/opt/ros/jazzy/opt/gz_fuel_tools_vendor:/opt/ros/jazzy/opt/gz_msgs_vendor:/opt/ros/jazzy/opt/gz_common_vendor:/opt/ros/jazzy/opt/gz_math_vendor:/opt/ros/jazzy/opt/gz_utils_vendor:/opt/ros/jazzy/opt/gz_tools_vendor:/opt/ros/jazzy/opt/gz_ogre_next_vendor:/opt/ros/jazzy/opt/gz_dartsim_vendor:/opt/ros/jazzy/opt/gz_cmake_vendor:/home/harikrishnan/turtlebot3_ws/install/turtlebot3:/home/harikrishnan/turtlebot3_ws/install/turtlebot3_bringup:/home/harikrishnan/turtlebot3_ws/install/turtlebot3_node:/home/harikrishnan/turtlebot3_ws/install/turtlebot3_navigation2:/home/harikrishnan/turtlebot3_ws/install/turtlebot3_msgs:/home/harikrishnan/turtlebot3_ws/install/turtlebot3_description:/home/harikrishnan/turtlebot3_ws/install/turtlebot3_cartographer:/home/harikrishnan/turtlebot3_ws/install/dynamixel_sdk_examples:/home/harikrishnan/turtlebot3_ws/install/dynamixel_sdk_custom_interfaces:/home/harikrishnan/turtlebot3_ws/install/dynamixel_sdk:/home/harikrishnan/ros2_ws/install/snake_bot:/opt/ros/jazzy:/home/harikrishnan/turtlebot3_ws/install/turtlebot3_teleop:/home/harikrishnan/turtlebot3_ws/install/turtlebot3_example DEBUGINFOD_URLS=https://debuginfod.ubuntu.com GZ_SIM_RESOURCE_PATH=/home/harikrishnan/ROS_PROJECTS/snake_robot_harmonic_ws/install/ros_gz_example_description/share/ros_gz_example_description/models:${GZ_SIM_RESOURCE_PATH} /usr/bin/cmake --build /home/harikrishnan/ROS_PROJECTS/snake_robot_harmonic_ws/build/ros_gz_example_gazebo -- -j12 -l12
[0.781s] DEBUG:colcon.colcon_core.event_handler.log_command:Invoking command in '/home/harikrishnan/ROS_PROJECTS/snake_robot_harmonic_ws/build/ros_gz_example_gazebo': CMAKE_PREFIX_PATH=/home/harikrishnan/ROS_PROJECTS/snake_robot_harmonic_ws/install/ros_gz_example_description:/home/harikrishnan/ROS_PROJECTS/snake_robot_harmonic_ws/install/ros_gz_example_bringup:/home/harikrishnan/ROS_PROJECTS/snake_robot_harmonic_ws/install/ros_gz_example_gazebo:/home/harikrishnan/ROS_PROJECTS/snake_robot_harmonic_ws/install/ros_gz_example_application:/opt/ros/jazzy/opt/gz_sim_vendor:/opt/ros/jazzy/opt/gz_sensors_vendor:/opt/ros/jazzy/opt/gz_physics_vendor:/opt/ros/jazzy/opt/sdformat_vendor:/opt/ros/jazzy/opt/gz_gui_vendor:/opt/ros/jazzy/opt/gz_transport_vendor:/opt/ros/jazzy/opt/gz_rendering_vendor:/opt/ros/jazzy/opt/gz_plugin_vendor:/opt/ros/jazzy/opt/gz_fuel_tools_vendor:/opt/ros/jazzy/opt/gz_msgs_vendor:/opt/ros/jazzy/opt/gz_common_vendor:/opt/ros/jazzy/opt/gz_math_vendor:/opt/ros/jazzy/opt/gz_utils_vendor:/opt/ros/jazzy/opt/gz_tools_vendor:/opt/ros/jazzy/opt/gz_ogre_next_vendor:/opt/ros/jazzy/opt/gz_dartsim_vendor:/opt/ros/jazzy/opt/gz_cmake_vendor:/home/harikrishnan/turtlebot3_ws/install/turtlebot3:/home/harikrishnan/turtlebot3_ws/install/turtlebot3_bringup:/home/harikrishnan/turtlebot3_ws/install/turtlebot3_node:/home/harikrishnan/turtlebot3_ws/install/turtlebot3_navigation2:/home/harikrishnan/turtlebot3_ws/install/turtlebot3_msgs:/home/harikrishnan/turtlebot3_ws/install/turtlebot3_description:/home/harikrishnan/turtlebot3_ws/install/turtlebot3_cartographer:/home/harikrishnan/turtlebot3_ws/install/dynamixel_sdk_examples:/home/harikrishnan/turtlebot3_ws/install/dynamixel_sdk_custom_interfaces:/home/harikrishnan/turtlebot3_ws/install/dynamixel_sdk:/home/harikrishnan/ros2_ws/install/snake_bot:/opt/ros/jazzy:/home/harikrishnan/turtlebot3_ws/install/turtlebot3_teleop:/home/harikrishnan/turtlebot3_ws/install/turtlebot3_example DEBUGINFOD_URLS=https://debuginfod.ubuntu.com GZ_SIM_RESOURCE_PATH=/home/harikrishnan/ROS_PROJECTS/snake_robot_harmonic_ws/install/ros_gz_example_description/share/ros_gz_example_description/models:${GZ_SIM_RESOURCE_PATH} /usr/bin/cmake --install /home/harikrishnan/ROS_PROJECTS/snake_robot_harmonic_ws/build/ros_gz_example_gazebo
[0.803s] Level 1:colcon.colcon_core.environment:create_environment_scripts_only(ros_gz_example_gazebo)
[0.804s] Level 1:colcon.colcon_core.environment:checking '/home/harikrishnan/ROS_PROJECTS/snake_robot_harmonic_ws/install/ros_gz_example_gazebo' for CMake module files
[0.805s] DEBUG:colcon.colcon_core.event_handler.log_command:Invoked command in '/home/harikrishnan/ROS_PROJECTS/snake_robot_harmonic_ws/build/ros_gz_example_gazebo' returned '0': CMAKE_PREFIX_PATH=/home/harikrishnan/ROS_PROJECTS/snake_robot_harmonic_ws/install/ros_gz_example_description:/home/harikrishnan/ROS_PROJECTS/snake_robot_harmonic_ws/install/ros_gz_example_bringup:/home/harikrishnan/ROS_PROJECTS/snake_robot_harmonic_ws/install/ros_gz_example_gazebo:/home/harikrishnan/ROS_PROJECTS/snake_robot_harmonic_ws/install/ros_gz_example_application:/opt/ros/jazzy/opt/gz_sim_vendor:/opt/ros/jazzy/opt/gz_sensors_vendor:/opt/ros/jazzy/opt/gz_physics_vendor:/opt/ros/jazzy/opt/sdformat_vendor:/opt/ros/jazzy/opt/gz_gui_vendor:/opt/ros/jazzy/opt/gz_transport_vendor:/opt/ros/jazzy/opt/gz_rendering_vendor:/opt/ros/jazzy/opt/gz_plugin_vendor:/opt/ros/jazzy/opt/gz_fuel_tools_vendor:/opt/ros/jazzy/opt/gz_msgs_vendor:/opt/ros/jazzy/opt/gz_common_vendor:/opt/ros/jazzy/opt/gz_math_vendor:/opt/ros/jazzy/opt/gz_utils_vendor:/opt/ros/jazzy/opt/gz_tools_vendor:/opt/ros/jazzy/opt/gz_ogre_next_vendor:/opt/ros/jazzy/opt/gz_dartsim_vendor:/opt/ros/jazzy/opt/gz_cmake_vendor:/home/harikrishnan/turtlebot3_ws/install/turtlebot3:/home/harikrishnan/turtlebot3_ws/install/turtlebot3_bringup:/home/harikrishnan/turtlebot3_ws/install/turtlebot3_node:/home/harikrishnan/turtlebot3_ws/install/turtlebot3_navigation2:/home/harikrishnan/turtlebot3_ws/install/turtlebot3_msgs:/home/harikrishnan/turtlebot3_ws/install/turtlebot3_description:/home/harikrishnan/turtlebot3_ws/install/turtlebot3_cartographer:/home/harikrishnan/turtlebot3_ws/install/dynamixel_sdk_examples:/home/harikrishnan/turtlebot3_ws/install/dynamixel_sdk_custom_interfaces:/home/harikrishnan/turtlebot3_ws/install/dynamixel_sdk:/home/harikrishnan/ros2_ws/install/snake_bot:/opt/ros/jazzy:/home/harikrishnan/turtlebot3_ws/install/turtlebot3_teleop:/home/harikrishnan/turtlebot3_ws/install/turtlebot3_example DEBUGINFOD_URLS=https://debuginfod.ubuntu.com GZ_SIM_RESOURCE_PATH=/home/harikrishnan/ROS_PROJECTS/snake_robot_harmonic_ws/install/ros_gz_example_description/share/ros_gz_example_description/models:${GZ_SIM_RESOURCE_PATH} /usr/bin/cmake --install /home/harikrishnan/ROS_PROJECTS/snake_robot_harmonic_ws/build/ros_gz_example_gazebo
[0.806s] Level 1:colcon.colcon_core.environment:checking '/home/harikrishnan/ROS_PROJECTS/snake_robot_harmonic_ws/install/ros_gz_example_gazebo' for CMake config files
[0.807s] Level 1:colcon.colcon_core.shell:create_environment_hook('ros_gz_example_gazebo', 'cmake_prefix_path')
[0.807s] INFO:colcon.colcon_core.shell:Creating environment hook '/home/harikrishnan/ROS_PROJECTS/snake_robot_harmonic_ws/install/ros_gz_example_gazebo/share/ros_gz_example_gazebo/hook/cmake_prefix_path.ps1'
[0.808s] INFO:colcon.colcon_core.shell:Creating environment descriptor '/home/harikrishnan/ROS_PROJECTS/snake_robot_harmonic_ws/install/ros_gz_example_gazebo/share/ros_gz_example_gazebo/hook/cmake_prefix_path.dsv'
[0.809s] INFO:colcon.colcon_core.shell:Creating environment hook '/home/harikrishnan/ROS_PROJECTS/snake_robot_harmonic_ws/install/ros_gz_example_gazebo/share/ros_gz_example_gazebo/hook/cmake_prefix_path.sh'
[0.811s] Level 1:colcon.colcon_core.environment:checking '/home/harikrishnan/ROS_PROJECTS/snake_robot_harmonic_ws/install/ros_gz_example_gazebo/lib'
[0.811s] Level 1:colcon.colcon_core.environment:checking '/home/harikrishnan/ROS_PROJECTS/snake_robot_harmonic_ws/install/ros_gz_example_gazebo/bin'
[0.812s] Level 1:colcon.colcon_core.environment:checking '/home/harikrishnan/ROS_PROJECTS/snake_robot_harmonic_ws/install/ros_gz_example_gazebo/lib/pkgconfig/ros_gz_example_gazebo.pc'
[0.812s] Level 1:colcon.colcon_core.environment:checking '/home/harikrishnan/ROS_PROJECTS/snake_robot_harmonic_ws/install/ros_gz_example_gazebo/lib/python3.12/site-packages'
[0.813s] Level 1:colcon.colcon_core.environment:checking '/home/harikrishnan/ROS_PROJECTS/snake_robot_harmonic_ws/install/ros_gz_example_gazebo/bin'
[0.814s] INFO:colcon.colcon_core.shell:Creating package script '/home/harikrishnan/ROS_PROJECTS/snake_robot_harmonic_ws/install/ros_gz_example_gazebo/share/ros_gz_example_gazebo/package.ps1'
[0.816s] INFO:colcon.colcon_core.shell:Creating package descriptor '/home/harikrishnan/ROS_PROJECTS/snake_robot_harmonic_ws/install/ros_gz_example_gazebo/share/ros_gz_example_gazebo/package.dsv'
[0.817s] INFO:colcon.colcon_core.shell:Creating package script '/home/harikrishnan/ROS_PROJECTS/snake_robot_harmonic_ws/install/ros_gz_example_gazebo/share/ros_gz_example_gazebo/package.sh'
[0.819s] INFO:colcon.colcon_core.shell:Creating package script '/home/harikrishnan/ROS_PROJECTS/snake_robot_harmonic_ws/install/ros_gz_example_gazebo/share/ros_gz_example_gazebo/package.bash'
[0.819s] INFO:colcon.colcon_core.shell:Creating package script '/home/harikrishnan/ROS_PROJECTS/snake_robot_harmonic_ws/install/ros_gz_example_gazebo/share/ros_gz_example_gazebo/package.zsh'
[0.820s] Level 1:colcon.colcon_core.environment:create_file_with_runtime_dependencies(/home/harikrishnan/ROS_PROJECTS/snake_robot_harmonic_ws/install/ros_gz_example_gazebo/share/colcon-core/packages/ros_gz_example_gazebo)
[0.821s] Level 1:colcon.colcon_core.environment:create_environment_scripts_only(ros_gz_example_gazebo)
[0.821s] Level 1:colcon.colcon_core.environment:checking '/home/harikrishnan/ROS_PROJECTS/snake_robot_harmonic_ws/install/ros_gz_example_gazebo' for CMake module files
[0.823s] Level 1:colcon.colcon_core.environment:checking '/home/harikrishnan/ROS_PROJECTS/snake_robot_harmonic_ws/install/ros_gz_example_gazebo' for CMake config files
[0.823s] Level 1:colcon.colcon_core.shell:create_environment_hook('ros_gz_example_gazebo', 'cmake_prefix_path')
[0.824s] INFO:colcon.colcon_core.shell:Creating environment hook '/home/harikrishnan/ROS_PROJECTS/snake_robot_harmonic_ws/install/ros_gz_example_gazebo/share/ros_gz_example_gazebo/hook/cmake_prefix_path.ps1'
[0.825s] INFO:colcon.colcon_core.shell:Creating environment descriptor '/home/harikrishnan/ROS_PROJECTS/snake_robot_harmonic_ws/install/ros_gz_example_gazebo/share/ros_gz_example_gazebo/hook/cmake_prefix_path.dsv'
[0.825s] INFO:colcon.colcon_core.shell:Creating environment hook '/home/harikrishnan/ROS_PROJECTS/snake_robot_harmonic_ws/install/ros_gz_example_gazebo/share/ros_gz_example_gazebo/hook/cmake_prefix_path.sh'
[0.827s] Level 1:colcon.colcon_core.environment:checking '/home/harikrishnan/ROS_PROJECTS/snake_robot_harmonic_ws/install/ros_gz_example_gazebo/lib'
[0.827s] Level 1:colcon.colcon_core.environment:checking '/home/harikrishnan/ROS_PROJECTS/snake_robot_harmonic_ws/install/ros_gz_example_gazebo/bin'
[0.827s] Level 1:colcon.colcon_core.environment:checking '/home/harikrishnan/ROS_PROJECTS/snake_robot_harmonic_ws/install/ros_gz_example_gazebo/lib/pkgconfig/ros_gz_example_gazebo.pc'
[0.827s] Level 1:colcon.colcon_core.environment:checking '/home/harikrishnan/ROS_PROJECTS/snake_robot_harmonic_ws/install/ros_gz_example_gazebo/lib/python3.12/site-packages'
[0.828s] Level 1:colcon.colcon_core.environment:checking '/home/harikrishnan/ROS_PROJECTS/snake_robot_harmonic_ws/install/ros_gz_example_gazebo/bin'
[0.828s] INFO:colcon.colcon_core.shell:Creating package script '/home/harikrishnan/ROS_PROJECTS/snake_robot_harmonic_ws/install/ros_gz_example_gazebo/share/ros_gz_example_gazebo/package.ps1'
[0.829s] INFO:colcon.colcon_core.shell:Creating package descriptor '/home/harikrishnan/ROS_PROJECTS/snake_robot_harmonic_ws/install/ros_gz_example_gazebo/share/ros_gz_example_gazebo/package.dsv'
[0.830s] INFO:colcon.colcon_core.shell:Creating package script '/home/harikrishnan/ROS_PROJECTS/snake_robot_harmonic_ws/install/ros_gz_example_gazebo/share/ros_gz_example_gazebo/package.sh'
[0.831s] INFO:colcon.colcon_core.shell:Creating package script '/home/harikrishnan/ROS_PROJECTS/snake_robot_harmonic_ws/install/ros_gz_example_gazebo/share/ros_gz_example_gazebo/package.bash'
[0.832s] INFO:colcon.colcon_core.shell:Creating package script '/home/harikrishnan/ROS_PROJECTS/snake_robot_harmonic_ws/install/ros_gz_example_gazebo/share/ros_gz_example_gazebo/package.zsh'
[0.833s] Level 1:colcon.colcon_core.environment:create_file_with_runtime_dependencies(/home/harikrishnan/ROS_PROJECTS/snake_robot_harmonic_ws/install/ros_gz_example_gazebo/share/colcon-core/packages/ros_gz_example_gazebo)
[0.834s] INFO:colcon.colcon_ros.task.ament_cmake.build:Building ROS package in '/home/harikrishnan/ROS_PROJECTS/snake_robot_harmonic_ws/src/ros_gz_example_bringup' with build type 'ament_cmake'
[0.834s] INFO:colcon.colcon_cmake.task.cmake.build:Building CMake package in '/home/harikrishnan/ROS_PROJECTS/snake_robot_harmonic_ws/src/ros_gz_example_bringup'
[0.835s] INFO:colcon.colcon_core.shell:Skip shell extension 'powershell' for command environment: Not usable outside of PowerShell
[0.835s] DEBUG:colcon.colcon_core.shell:Skip shell extension 'dsv' for command environment
[0.855s] DEBUG:colcon.colcon_core.event_handler.log_command:Invoking command in '/home/harikrishnan/ROS_PROJECTS/snake_robot_harmonic_ws/build/ros_gz_example_bringup': CMAKE_PREFIX_PATH=/home/harikrishnan/ROS_PROJECTS/snake_robot_harmonic_ws/install/ros_gz_example_gazebo:/home/harikrishnan/ROS_PROJECTS/snake_robot_harmonic_ws/install/ros_gz_example_description:/home/harikrishnan/ROS_PROJECTS/snake_robot_harmonic_ws/install/ros_gz_example_bringup:/home/harikrishnan/ROS_PROJECTS/snake_robot_harmonic_ws/install/ros_gz_example_application:/opt/ros/jazzy/opt/gz_sim_vendor:/opt/ros/jazzy/opt/gz_sensors_vendor:/opt/ros/jazzy/opt/gz_physics_vendor:/opt/ros/jazzy/opt/sdformat_vendor:/opt/ros/jazzy/opt/gz_gui_vendor:/opt/ros/jazzy/opt/gz_transport_vendor:/opt/ros/jazzy/opt/gz_rendering_vendor:/opt/ros/jazzy/opt/gz_plugin_vendor:/opt/ros/jazzy/opt/gz_fuel_tools_vendor:/opt/ros/jazzy/opt/gz_msgs_vendor:/opt/ros/jazzy/opt/gz_common_vendor:/opt/ros/jazzy/opt/gz_math_vendor:/opt/ros/jazzy/opt/gz_utils_vendor:/opt/ros/jazzy/opt/gz_tools_vendor:/opt/ros/jazzy/opt/gz_ogre_next_vendor:/opt/ros/jazzy/opt/gz_dartsim_vendor:/opt/ros/jazzy/opt/gz_cmake_vendor:/home/harikrishnan/turtlebot3_ws/install/turtlebot3:/home/harikrishnan/turtlebot3_ws/install/turtlebot3_bringup:/home/harikrishnan/turtlebot3_ws/install/turtlebot3_node:/home/harikrishnan/turtlebot3_ws/install/turtlebot3_navigation2:/home/harikrishnan/turtlebot3_ws/install/turtlebot3_msgs:/home/harikrishnan/turtlebot3_ws/install/turtlebot3_description:/home/harikrishnan/turtlebot3_ws/install/turtlebot3_cartographer:/home/harikrishnan/turtlebot3_ws/install/dynamixel_sdk_examples:/home/harikrishnan/turtlebot3_ws/install/dynamixel_sdk_custom_interfaces:/home/harikrishnan/turtlebot3_ws/install/dynamixel_sdk:/home/harikrishnan/ros2_ws/install/snake_bot:/opt/ros/jazzy:/home/harikrishnan/turtlebot3_ws/install/turtlebot3_teleop:/home/harikrishnan/turtlebot3_ws/install/turtlebot3_example DEBUGINFOD_URLS=https://debuginfod.ubuntu.com GZ_SIM_PLUGIN_PATH=/home/harikrishnan/ROS_PROJECTS/snake_robot_harmonic_ws/install/ros_gz_example_gazebo/lib/ros_gz_example_gazebo GZ_SIM_RESOURCE_PATH=/home/harikrishnan/ROS_PROJECTS/snake_robot_harmonic_ws/install/ros_gz_example_description/share/ros_gz_example_description/models:${GZ_SIM_RESOURCE_PATH} /usr/bin/cmake --build /home/harikrishnan/ROS_PROJECTS/snake_robot_harmonic_ws/build/ros_gz_example_bringup -- -j12 -l12
[0.947s] DEBUG:colcon.colcon_core.event_handler.log_command:Invoked command in '/home/harikrishnan/ROS_PROJECTS/snake_robot_harmonic_ws/build/ros_gz_example_bringup' returned '0': CMAKE_PREFIX_PATH=/home/harikrishnan/ROS_PROJECTS/snake_robot_harmonic_ws/install/ros_gz_example_gazebo:/home/harikrishnan/ROS_PROJECTS/snake_robot_harmonic_ws/install/ros_gz_example_description:/home/harikrishnan/ROS_PROJECTS/snake_robot_harmonic_ws/install/ros_gz_example_bringup:/home/harikrishnan/ROS_PROJECTS/snake_robot_harmonic_ws/install/ros_gz_example_application:/opt/ros/jazzy/opt/gz_sim_vendor:/opt/ros/jazzy/opt/gz_sensors_vendor:/opt/ros/jazzy/opt/gz_physics_vendor:/opt/ros/jazzy/opt/sdformat_vendor:/opt/ros/jazzy/opt/gz_gui_vendor:/opt/ros/jazzy/opt/gz_transport_vendor:/opt/ros/jazzy/opt/gz_rendering_vendor:/opt/ros/jazzy/opt/gz_plugin_vendor:/opt/ros/jazzy/opt/gz_fuel_tools_vendor:/opt/ros/jazzy/opt/gz_msgs_vendor:/opt/ros/jazzy/opt/gz_common_vendor:/opt/ros/jazzy/opt/gz_math_vendor:/opt/ros/jazzy/opt/gz_utils_vendor:/opt/ros/jazzy/opt/gz_tools_vendor:/opt/ros/jazzy/opt/gz_ogre_next_vendor:/opt/ros/jazzy/opt/gz_dartsim_vendor:/opt/ros/jazzy/opt/gz_cmake_vendor:/home/harikrishnan/turtlebot3_ws/install/turtlebot3:/home/harikrishnan/turtlebot3_ws/install/turtlebot3_bringup:/home/harikrishnan/turtlebot3_ws/install/turtlebot3_node:/home/harikrishnan/turtlebot3_ws/install/turtlebot3_navigation2:/home/harikrishnan/turtlebot3_ws/install/turtlebot3_msgs:/home/harikrishnan/turtlebot3_ws/install/turtlebot3_description:/home/harikrishnan/turtlebot3_ws/install/turtlebot3_cartographer:/home/harikrishnan/turtlebot3_ws/install/dynamixel_sdk_examples:/home/harikrishnan/turtlebot3_ws/install/dynamixel_sdk_custom_interfaces:/home/harikrishnan/turtlebot3_ws/install/dynamixel_sdk:/home/harikrishnan/ros2_ws/install/snake_bot:/opt/ros/jazzy:/home/harikrishnan/turtlebot3_ws/install/turtlebot3_teleop:/home/harikrishnan/turtlebot3_ws/install/turtlebot3_example DEBUGINFOD_URLS=https://debuginfod.ubuntu.com GZ_SIM_PLUGIN_PATH=/home/harikrishnan/ROS_PROJECTS/snake_robot_harmonic_ws/install/ros_gz_example_gazebo/lib/ros_gz_example_gazebo GZ_SIM_RESOURCE_PATH=/home/harikrishnan/ROS_PROJECTS/snake_robot_harmonic_ws/install/ros_gz_example_description/share/ros_gz_example_description/models:${GZ_SIM_RESOURCE_PATH} /usr/bin/cmake --build /home/harikrishnan/ROS_PROJECTS/snake_robot_harmonic_ws/build/ros_gz_example_bringup -- -j12 -l12
[0.949s] DEBUG:colcon.colcon_core.event_handler.log_command:Invoking command in '/home/harikrishnan/ROS_PROJECTS/snake_robot_harmonic_ws/build/ros_gz_example_bringup': CMAKE_PREFIX_PATH=/home/harikrishnan/ROS_PROJECTS/snake_robot_harmonic_ws/install/ros_gz_example_gazebo:/home/harikrishnan/ROS_PROJECTS/snake_robot_harmonic_ws/install/ros_gz_example_description:/home/harikrishnan/ROS_PROJECTS/snake_robot_harmonic_ws/install/ros_gz_example_bringup:/home/harikrishnan/ROS_PROJECTS/snake_robot_harmonic_ws/install/ros_gz_example_application:/opt/ros/jazzy/opt/gz_sim_vendor:/opt/ros/jazzy/opt/gz_sensors_vendor:/opt/ros/jazzy/opt/gz_physics_vendor:/opt/ros/jazzy/opt/sdformat_vendor:/opt/ros/jazzy/opt/gz_gui_vendor:/opt/ros/jazzy/opt/gz_transport_vendor:/opt/ros/jazzy/opt/gz_rendering_vendor:/opt/ros/jazzy/opt/gz_plugin_vendor:/opt/ros/jazzy/opt/gz_fuel_tools_vendor:/opt/ros/jazzy/opt/gz_msgs_vendor:/opt/ros/jazzy/opt/gz_common_vendor:/opt/ros/jazzy/opt/gz_math_vendor:/opt/ros/jazzy/opt/gz_utils_vendor:/opt/ros/jazzy/opt/gz_tools_vendor:/opt/ros/jazzy/opt/gz_ogre_next_vendor:/opt/ros/jazzy/opt/gz_dartsim_vendor:/opt/ros/jazzy/opt/gz_cmake_vendor:/home/harikrishnan/turtlebot3_ws/install/turtlebot3:/home/harikrishnan/turtlebot3_ws/install/turtlebot3_bringup:/home/harikrishnan/turtlebot3_ws/install/turtlebot3_node:/home/harikrishnan/turtlebot3_ws/install/turtlebot3_navigation2:/home/harikrishnan/turtlebot3_ws/install/turtlebot3_msgs:/home/harikrishnan/turtlebot3_ws/install/turtlebot3_description:/home/harikrishnan/turtlebot3_ws/install/turtlebot3_cartographer:/home/harikrishnan/turtlebot3_ws/install/dynamixel_sdk_examples:/home/harikrishnan/turtlebot3_ws/install/dynamixel_sdk_custom_interfaces:/home/harikrishnan/turtlebot3_ws/install/dynamixel_sdk:/home/harikrishnan/ros2_ws/install/snake_bot:/opt/ros/jazzy:/home/harikrishnan/turtlebot3_ws/install/turtlebot3_teleop:/home/harikrishnan/turtlebot3_ws/install/turtlebot3_example DEBUGINFOD_URLS=https://debuginfod.ubuntu.com GZ_SIM_PLUGIN_PATH=/home/harikrishnan/ROS_PROJECTS/snake_robot_harmonic_ws/install/ros_gz_example_gazebo/lib/ros_gz_example_gazebo GZ_SIM_RESOURCE_PATH=/home/harikrishnan/ROS_PROJECTS/snake_robot_harmonic_ws/install/ros_gz_example_description/share/ros_gz_example_description/models:${GZ_SIM_RESOURCE_PATH} /usr/bin/cmake --install /home/harikrishnan/ROS_PROJECTS/snake_robot_harmonic_ws/build/ros_gz_example_bringup
[0.973s] Level 1:colcon.colcon_core.environment:create_environment_scripts_only(ros_gz_example_bringup)
[0.973s] Level 1:colcon.colcon_core.environment:checking '/home/harikrishnan/ROS_PROJECTS/snake_robot_harmonic_ws/install/ros_gz_example_bringup' for CMake module files
[0.974s] DEBUG:colcon.colcon_core.event_handler.log_command:Invoked command in '/home/harikrishnan/ROS_PROJECTS/snake_robot_harmonic_ws/build/ros_gz_example_bringup' returned '0': CMAKE_PREFIX_PATH=/home/harikrishnan/ROS_PROJECTS/snake_robot_harmonic_ws/install/ros_gz_example_gazebo:/home/harikrishnan/ROS_PROJECTS/snake_robot_harmonic_ws/install/ros_gz_example_description:/home/harikrishnan/ROS_PROJECTS/snake_robot_harmonic_ws/install/ros_gz_example_bringup:/home/harikrishnan/ROS_PROJECTS/snake_robot_harmonic_ws/install/ros_gz_example_application:/opt/ros/jazzy/opt/gz_sim_vendor:/opt/ros/jazzy/opt/gz_sensors_vendor:/opt/ros/jazzy/opt/gz_physics_vendor:/opt/ros/jazzy/opt/sdformat_vendor:/opt/ros/jazzy/opt/gz_gui_vendor:/opt/ros/jazzy/opt/gz_transport_vendor:/opt/ros/jazzy/opt/gz_rendering_vendor:/opt/ros/jazzy/opt/gz_plugin_vendor:/opt/ros/jazzy/opt/gz_fuel_tools_vendor:/opt/ros/jazzy/opt/gz_msgs_vendor:/opt/ros/jazzy/opt/gz_common_vendor:/opt/ros/jazzy/opt/gz_math_vendor:/opt/ros/jazzy/opt/gz_utils_vendor:/opt/ros/jazzy/opt/gz_tools_vendor:/opt/ros/jazzy/opt/gz_ogre_next_vendor:/opt/ros/jazzy/opt/gz_dartsim_vendor:/opt/ros/jazzy/opt/gz_cmake_vendor:/home/harikrishnan/turtlebot3_ws/install/turtlebot3:/home/harikrishnan/turtlebot3_ws/install/turtlebot3_bringup:/home/harikrishnan/turtlebot3_ws/install/turtlebot3_node:/home/harikrishnan/turtlebot3_ws/install/turtlebot3_navigation2:/home/harikrishnan/turtlebot3_ws/install/turtlebot3_msgs:/home/harikrishnan/turtlebot3_ws/install/turtlebot3_description:/home/harikrishnan/turtlebot3_ws/install/turtlebot3_cartographer:/home/harikrishnan/turtlebot3_ws/install/dynamixel_sdk_examples:/home/harikrishnan/turtlebot3_ws/install/dynamixel_sdk_custom_interfaces:/home/harikrishnan/turtlebot3_ws/install/dynamixel_sdk:/home/harikrishnan/ros2_ws/install/snake_bot:/opt/ros/jazzy:/home/harikrishnan/turtlebot3_ws/install/turtlebot3_teleop:/home/harikrishnan/turtlebot3_ws/install/turtlebot3_example DEBUGINFOD_URLS=https://debuginfod.ubuntu.com GZ_SIM_PLUGIN_PATH=/home/harikrishnan/ROS_PROJECTS/snake_robot_harmonic_ws/install/ros_gz_example_gazebo/lib/ros_gz_example_gazebo GZ_SIM_RESOURCE_PATH=/home/harikrishnan/ROS_PROJECTS/snake_robot_harmonic_ws/install/ros_gz_example_description/share/ros_gz_example_description/models:${GZ_SIM_RESOURCE_PATH} /usr/bin/cmake --install /home/harikrishnan/ROS_PROJECTS/snake_robot_harmonic_ws/build/ros_gz_example_bringup
[0.974s] Level 1:colcon.colcon_core.environment:checking '/home/harikrishnan/ROS_PROJECTS/snake_robot_harmonic_ws/install/ros_gz_example_bringup' for CMake config files
[0.975s] Level 1:colcon.colcon_core.shell:create_environment_hook('ros_gz_example_bringup', 'cmake_prefix_path')
[0.975s] INFO:colcon.colcon_core.shell:Creating environment hook '/home/harikrishnan/ROS_PROJECTS/snake_robot_harmonic_ws/install/ros_gz_example_bringup/share/ros_gz_example_bringup/hook/cmake_prefix_path.ps1'
[0.976s] INFO:colcon.colcon_core.shell:Creating environment descriptor '/home/harikrishnan/ROS_PROJECTS/snake_robot_harmonic_ws/install/ros_gz_example_bringup/share/ros_gz_example_bringup/hook/cmake_prefix_path.dsv'
[0.976s] INFO:colcon.colcon_core.shell:Creating environment hook '/home/harikrishnan/ROS_PROJECTS/snake_robot_harmonic_ws/install/ros_gz_example_bringup/share/ros_gz_example_bringup/hook/cmake_prefix_path.sh'
[0.978s] Level 1:colcon.colcon_core.environment:checking '/home/harikrishnan/ROS_PROJECTS/snake_robot_harmonic_ws/install/ros_gz_example_bringup/bin'
[0.978s] Level 1:colcon.colcon_core.environment:checking '/home/harikrishnan/ROS_PROJECTS/snake_robot_harmonic_ws/install/ros_gz_example_bringup/lib/pkgconfig/ros_gz_example_bringup.pc'
[0.978s] Level 1:colcon.colcon_core.environment:checking '/home/harikrishnan/ROS_PROJECTS/snake_robot_harmonic_ws/install/ros_gz_example_bringup/lib/python3.12/site-packages'
[0.979s] Level 1:colcon.colcon_core.environment:checking '/home/harikrishnan/ROS_PROJECTS/snake_robot_harmonic_ws/install/ros_gz_example_bringup/bin'
[0.979s] INFO:colcon.colcon_core.shell:Creating package script '/home/harikrishnan/ROS_PROJECTS/snake_robot_harmonic_ws/install/ros_gz_example_bringup/share/ros_gz_example_bringup/package.ps1'
[0.980s] INFO:colcon.colcon_core.shell:Creating package descriptor '/home/harikrishnan/ROS_PROJECTS/snake_robot_harmonic_ws/install/ros_gz_example_bringup/share/ros_gz_example_bringup/package.dsv'
[0.981s] INFO:colcon.colcon_core.shell:Creating package script '/home/harikrishnan/ROS_PROJECTS/snake_robot_harmonic_ws/install/ros_gz_example_bringup/share/ros_gz_example_bringup/package.sh'
[0.982s] INFO:colcon.colcon_core.shell:Creating package script '/home/harikrishnan/ROS_PROJECTS/snake_robot_harmonic_ws/install/ros_gz_example_bringup/share/ros_gz_example_bringup/package.bash'
[0.983s] INFO:colcon.colcon_core.shell:Creating package script '/home/harikrishnan/ROS_PROJECTS/snake_robot_harmonic_ws/install/ros_gz_example_bringup/share/ros_gz_example_bringup/package.zsh'
[0.984s] Level 1:colcon.colcon_core.environment:create_file_with_runtime_dependencies(/home/harikrishnan/ROS_PROJECTS/snake_robot_harmonic_ws/install/ros_gz_example_bringup/share/colcon-core/packages/ros_gz_example_bringup)
[0.985s] Level 1:colcon.colcon_core.environment:create_environment_scripts_only(ros_gz_example_bringup)
[0.985s] Level 1:colcon.colcon_core.environment:checking '/home/harikrishnan/ROS_PROJECTS/snake_robot_harmonic_ws/install/ros_gz_example_bringup' for CMake module files
[0.986s] Level 1:colcon.colcon_core.environment:checking '/home/harikrishnan/ROS_PROJECTS/snake_robot_harmonic_ws/install/ros_gz_example_bringup' for CMake config files
[0.987s] Level 1:colcon.colcon_core.shell:create_environment_hook('ros_gz_example_bringup', 'cmake_prefix_path')
[0.988s] INFO:colcon.colcon_core.shell:Creating environment hook '/home/harikrishnan/ROS_PROJECTS/snake_robot_harmonic_ws/install/ros_gz_example_bringup/share/ros_gz_example_bringup/hook/cmake_prefix_path.ps1'
[0.988s] INFO:colcon.colcon_core.shell:Creating environment descriptor '/home/harikrishnan/ROS_PROJECTS/snake_robot_harmonic_ws/install/ros_gz_example_bringup/share/ros_gz_example_bringup/hook/cmake_prefix_path.dsv'
[0.989s] INFO:colcon.colcon_core.shell:Creating environment hook '/home/harikrishnan/ROS_PROJECTS/snake_robot_harmonic_ws/install/ros_gz_example_bringup/share/ros_gz_example_bringup/hook/cmake_prefix_path.sh'
[0.990s] Level 1:colcon.colcon_core.environment:checking '/home/harikrishnan/ROS_PROJECTS/snake_robot_harmonic_ws/install/ros_gz_example_bringup/bin'
[0.990s] Level 1:colcon.colcon_core.environment:checking '/home/harikrishnan/ROS_PROJECTS/snake_robot_harmonic_ws/install/ros_gz_example_bringup/lib/pkgconfig/ros_gz_example_bringup.pc'
[0.991s] Level 1:colcon.colcon_core.environment:checking '/home/harikrishnan/ROS_PROJECTS/snake_robot_harmonic_ws/install/ros_gz_example_bringup/lib/python3.12/site-packages'
[0.991s] Level 1:colcon.colcon_core.environment:checking '/home/harikrishnan/ROS_PROJECTS/snake_robot_harmonic_ws/install/ros_gz_example_bringup/bin'
[0.991s] INFO:colcon.colcon_core.shell:Creating package script '/home/harikrishnan/ROS_PROJECTS/snake_robot_harmonic_ws/install/ros_gz_example_bringup/share/ros_gz_example_bringup/package.ps1'
[0.992s] INFO:colcon.colcon_core.shell:Creating package descriptor '/home/harikrishnan/ROS_PROJECTS/snake_robot_harmonic_ws/install/ros_gz_example_bringup/share/ros_gz_example_bringup/package.dsv'
[0.993s] INFO:colcon.colcon_core.shell:Creating package script '/home/harikrishnan/ROS_PROJECTS/snake_robot_harmonic_ws/install/ros_gz_example_bringup/share/ros_gz_example_bringup/package.sh'
[0.993s] INFO:colcon.colcon_core.shell:Creating package script '/home/harikrishnan/ROS_PROJECTS/snake_robot_harmonic_ws/install/ros_gz_example_bringup/share/ros_gz_example_bringup/package.bash'
[0.994s] INFO:colcon.colcon_core.shell:Creating package script '/home/harikrishnan/ROS_PROJECTS/snake_robot_harmonic_ws/install/ros_gz_example_bringup/share/ros_gz_example_bringup/package.zsh'
[0.994s] Level 1:colcon.colcon_core.environment:create_file_with_runtime_dependencies(/home/harikrishnan/ROS_PROJECTS/snake_robot_harmonic_ws/install/ros_gz_example_bringup/share/colcon-core/packages/ros_gz_example_bringup)
[0.994s] DEBUG:colcon.colcon_parallel_executor.executor.parallel:closing loop
[0.995s] DEBUG:colcon.colcon_parallel_executor.executor.parallel:loop closed
[0.995s] DEBUG:colcon.colcon_parallel_executor.executor.parallel:run_until_complete finished with '0'
[0.995s] DEBUG:colcon.colcon_core.event_reactor:joining thread
[1.005s] INFO:colcon.colcon_core.plugin_system:Skipping extension 'colcon_notification.desktop_notification.terminal_notifier': Not used on non-Darwin systems
[1.005s] INFO:colcon.colcon_core.plugin_system:Skipping extension 'colcon_notification.desktop_notification.win32': Not used on non-Windows systems
[1.005s] INFO:colcon.colcon_notification.desktop_notification:Sending desktop notification using 'notify2'
[1.035s] DEBUG:colcon.colcon_core.event_reactor:joined thread
[1.036s] INFO:colcon.colcon_core.shell:Creating prefix script '/home/harikrishnan/ROS_PROJECTS/snake_robot_harmonic_ws/install/local_setup.ps1'
[1.037s] INFO:colcon.colcon_core.shell:Creating prefix util module '/home/harikrishnan/ROS_PROJECTS/snake_robot_harmonic_ws/install/_local_setup_util_ps1.py'
[1.039s] INFO:colcon.colcon_core.shell:Creating prefix chain script '/home/harikrishnan/ROS_PROJECTS/snake_robot_harmonic_ws/install/setup.ps1'
[1.041s] INFO:colcon.colcon_core.shell:Creating prefix script '/home/harikrishnan/ROS_PROJECTS/snake_robot_harmonic_ws/install/local_setup.sh'
[1.041s] INFO:colcon.colcon_core.shell:Creating prefix util module '/home/harikrishnan/ROS_PROJECTS/snake_robot_harmonic_ws/install/_local_setup_util_sh.py'
[1.042s] INFO:colcon.colcon_core.shell:Creating prefix chain script '/home/harikrishnan/ROS_PROJECTS/snake_robot_harmonic_ws/install/setup.sh'
[1.043s] INFO:colcon.colcon_core.shell:Creating prefix script '/home/harikrishnan/ROS_PROJECTS/snake_robot_harmonic_ws/install/local_setup.bash'
[1.044s] INFO:colcon.colcon_core.shell:Creating prefix chain script '/home/harikrishnan/ROS_PROJECTS/snake_robot_harmonic_ws/install/setup.bash'
[1.047s] INFO:colcon.colcon_core.shell:Creating prefix script '/home/harikrishnan/ROS_PROJECTS/snake_robot_harmonic_ws/install/local_setup.zsh'
[1.048s] INFO:colcon.colcon_core.shell:Creating prefix chain script '/home/harikrishnan/ROS_PROJECTS/snake_robot_harmonic_ws/install/setup.zsh'
