[0.019s] Invoking command in '/home/harikrishnan/ROS_PROJECTS/snake_robot_harmonic_ws/build/ros_gz_example_description': CMAKE_PREFIX_PATH=${CMAKE_PREFIX_PATH}:/opt/ros/jazzy:/home/harikrishnan/turtlebot3_ws/install/turtlebot3_teleop:/home/harikrishnan/turtlebot3_ws/install/turtlebot3_example DEBUGINFOD_URLS=https://debuginfod.ubuntu.com /usr/bin/cmake /home/harikrishnan/ROS_PROJECTS/snake_robot_harmonic_ws/src/ros_gz_example_description -DCMAKE_INSTALL_PREFIX=/home/harikrishnan/ROS_PROJECTS/snake_robot_harmonic_ws/install/ros_gz_example_description
[0.172s] -- The C compiler identification is GNU 13.3.0
[0.336s] -- The CXX compiler identification is GNU 13.3.0
[0.361s] -- Detecting C compiler ABI info
[0.545s] -- Detecting C compiler ABI info - done
[0.565s] -- Check for working C compiler: /usr/bin/cc - skipped
[0.574s] -- Detecting C compile features
[0.575s] -- Detecting C compile features - done
[0.594s] -- Detecting CXX compiler ABI info
[0.787s] -- Detecting CXX compiler ABI info - done
[0.801s] -- Check for working CXX compiler: /usr/bin/c++ - skipped
[0.802s] -- Detecting CXX compile features
[0.802s] -- Detecting CXX compile features - done
[0.813s] -- Found ament_cmake: 2.5.3 (/opt/ros/jazzy/share/ament_cmake/cmake)
[1.019s] -- Found Python3: /home/harikrishnan/ROS_PROJECTS/snake_robot_harmonic_ws/myenv/bin/python3 (found version "3.12.3") found components: Interpreter 
[1.243s] -- Found ament_lint_auto: 0.17.1 (/opt/ros/jazzy/share/ament_lint_auto/cmake)
[1.277s] Traceback (most recent call last):
[1.279s]   File "/opt/ros/jazzy/share/ament_cmake_core/cmake/core/package_xml_2_cmake.py", line 22, in <module>
[1.280s]     from catkin_pkg.package import parse_package_string
[1.280s] ModuleNotFoundError: No module named 'catkin_pkg'
[1.286s] [31mCMake Error at /opt/ros/jazzy/share/ament_cmake_core/cmake/core/ament_package_xml.cmake:95 (message):
[1.286s]   
[1.287s]   execute_process(/home/harikrishnan/ROS_PROJECTS/snake_robot_harmonic_ws/myenv/bin/python3
[1.287s]   /opt/ros/jazzy/share/ament_cmake_core/cmake/core/package_xml_2_cmake.py
[1.287s]   /home/harikrishnan/ROS_PROJECTS/snake_robot_harmonic_ws/src/ros_gz_example_description/package.xml
[1.288s]   /home/harikrishnan/ROS_PROJECTS/snake_robot_harmonic_ws/build/ros_gz_example_description/ament_cmake_core/package.cmake)
[1.289s]   returned error code 1
[1.289s] Call Stack (most recent call first):
[1.289s]   /opt/ros/jazzy/share/ament_cmake_core/cmake/core/ament_package_xml.cmake:49 (_ament_package_xml)
[1.289s]   /opt/ros/jazzy/share/ament_lint_auto/cmake/ament_lint_auto_find_test_dependencies.cmake:31 (ament_package_xml)
[1.289s]   CMakeLists.txt:9 (ament_lint_auto_find_test_dependencies)
[1.289s] 
[1.290s] [0m
[1.290s] -- Configuring incomplete, errors occurred!
