[0.223s] DEBUG:colcon:Command line arguments: ['/usr/bin/colcon', 'build']
[0.223s] DEBUG:colcon:Parsed command line arguments: Namespace(log_base=None, log_level=None, verb_name='build', build_base='build', install_base='install', merge_install=False, symlink_install=False, test_result_base=None, continue_on_error=False, executor='parallel', parallel_workers=12, event_handlers=None, ignore_user_meta=False, metas=['./colcon.meta'], base_paths=['.'], packages_ignore=None, packages_ignore_regex=None, paths=None, packages_up_to=None, packages_up_to_regex=None, packages_above=None, packages_above_and_dependencies=None, packages_above_depth=None, packages_select_by_dep=None, packages_skip_by_dep=None, packages_skip_up_to=None, packages_select_build_failed=False, packages_skip_build_finished=False, packages_select_test_failures=False, packages_skip_test_passed=False, packages_select=None, packages_skip=None, packages_select_regex=None, packages_skip_regex=None, packages_start=None, packages_end=None, allow_overriding=[], cmake_args=None, cmake_target=None, cmake_target_skip_unavailable=False, cmake_clean_cache=False, cmake_clean_first=False, cmake_force_configure=False, ament_cmake_args=None, catkin_cmake_args=None, catkin_skip_building_tests=False, mixin_files=None, mixin=None, verb_parser=<colcon_mixin.mixin.mixin_argument.MixinArgumentDecorator object at 0x7e8523e9d9a0>, verb_extension=<colcon_core.verb.build.BuildVerb object at 0x7e8523e9d5b0>, main=<bound method BuildVerb.main of <colcon_core.verb.build.BuildVerb object at 0x7e8523e9d5b0>>, mixin_verb=('build',))
[0.312s] Level 1:colcon.colcon_core.package_discovery:discover_packages(colcon_meta) check parameters
[0.312s] Level 1:colcon.colcon_core.package_discovery:discover_packages(recursive) check parameters
[0.312s] Level 1:colcon.colcon_core.package_discovery:discover_packages(ignore) check parameters
[0.312s] Level 1:colcon.colcon_core.package_discovery:discover_packages(path) check parameters
[0.312s] Level 1:colcon.colcon_core.package_discovery:discover_packages(colcon_meta) discover
[0.312s] Level 1:colcon.colcon_core.package_discovery:discover_packages(recursive) discover
[0.313s] INFO:colcon.colcon_core.package_discovery:Crawling recursively for packages in '/home/harikrishnan/ROS_PROJECTS/snake_robot_harmonic_ws'
[0.313s] Level 1:colcon.colcon_core.package_identification:_identify(.) by extensions ['ignore', 'ignore_ament_install']
[0.313s] Level 1:colcon.colcon_core.package_identification:_identify(.) by extension 'ignore'
[0.313s] Level 1:colcon.colcon_core.package_identification:_identify(.) by extension 'ignore_ament_install'
[0.314s] Level 1:colcon.colcon_core.package_identification:_identify(.) by extensions ['colcon_pkg']
[0.314s] Level 1:colcon.colcon_core.package_identification:_identify(.) by extension 'colcon_pkg'
[0.314s] Level 1:colcon.colcon_core.package_identification:_identify(.) by extensions ['colcon_meta']
[0.314s] Level 1:colcon.colcon_core.package_identification:_identify(.) by extension 'colcon_meta'
[0.314s] Level 1:colcon.colcon_core.package_identification:_identify(.) by extensions ['ros']
[0.314s] Level 1:colcon.colcon_core.package_identification:_identify(.) by extension 'ros'
[0.364s] Level 1:colcon.colcon_core.package_identification:_identify(.) by extensions ['cmake', 'python']
[0.364s] Level 1:colcon.colcon_core.package_identification:_identify(.) by extension 'cmake'
[0.365s] Level 1:colcon.colcon_core.package_identification:_identify(.) by extension 'python'
[0.365s] Level 1:colcon.colcon_core.package_identification:_identify(.) by extensions ['python_setup_py']
[0.365s] Level 1:colcon.colcon_core.package_identification:_identify(.) by extension 'python_setup_py'
[0.365s] Level 1:colcon.colcon_core.package_identification:_identify(build) by extensions ['ignore', 'ignore_ament_install']
[0.365s] Level 1:colcon.colcon_core.package_identification:_identify(build) by extension 'ignore'
[0.365s] Level 1:colcon.colcon_core.package_identification:_identify(build) ignored
[0.366s] Level 1:colcon.colcon_core.package_identification:_identify(install) by extensions ['ignore', 'ignore_ament_install']
[0.366s] Level 1:colcon.colcon_core.package_identification:_identify(install) by extension 'ignore'
[0.366s] Level 1:colcon.colcon_core.package_identification:_identify(install) ignored
[0.366s] Level 1:colcon.colcon_core.package_identification:_identify(log) by extensions ['ignore', 'ignore_ament_install']
[0.367s] Level 1:colcon.colcon_core.package_identification:_identify(log) by extension 'ignore'
[0.367s] Level 1:colcon.colcon_core.package_identification:_identify(log) ignored
[0.367s] Level 1:colcon.colcon_core.package_identification:_identify(src) by extensions ['ignore', 'ignore_ament_install']
[0.367s] Level 1:colcon.colcon_core.package_identification:_identify(src) by extension 'ignore'
[0.367s] Level 1:colcon.colcon_core.package_identification:_identify(src) by extension 'ignore_ament_install'
[0.367s] Level 1:colcon.colcon_core.package_identification:_identify(src) by extensions ['colcon_pkg']
[0.367s] Level 1:colcon.colcon_core.package_identification:_identify(src) by extension 'colcon_pkg'
[0.368s] Level 1:colcon.colcon_core.package_identification:_identify(src) by extensions ['colcon_meta']
[0.368s] Level 1:colcon.colcon_core.package_identification:_identify(src) by extension 'colcon_meta'
[0.368s] Level 1:colcon.colcon_core.package_identification:_identify(src) by extensions ['ros']
[0.368s] Level 1:colcon.colcon_core.package_identification:_identify(src) by extension 'ros'
[0.368s] Level 1:colcon.colcon_core.package_identification:_identify(src) by extensions ['cmake', 'python']
[0.368s] Level 1:colcon.colcon_core.package_identification:_identify(src) by extension 'cmake'
[0.368s] Level 1:colcon.colcon_core.package_identification:_identify(src) by extension 'python'
[0.368s] Level 1:colcon.colcon_core.package_identification:_identify(src) by extensions ['python_setup_py']
[0.368s] Level 1:colcon.colcon_core.package_identification:_identify(src) by extension 'python_setup_py'
[0.368s] Level 1:colcon.colcon_core.package_identification:_identify(src/ros_gz_example_application) by extensions ['ignore', 'ignore_ament_install']
[0.369s] Level 1:colcon.colcon_core.package_identification:_identify(src/ros_gz_example_application) by extension 'ignore'
[0.369s] Level 1:colcon.colcon_core.package_identification:_identify(src/ros_gz_example_application) by extension 'ignore_ament_install'
[0.369s] Level 1:colcon.colcon_core.package_identification:_identify(src/ros_gz_example_application) by extensions ['colcon_pkg']
[0.369s] Level 1:colcon.colcon_core.package_identification:_identify(src/ros_gz_example_application) by extension 'colcon_pkg'
[0.369s] Level 1:colcon.colcon_core.package_identification:_identify(src/ros_gz_example_application) by extensions ['colcon_meta']
[0.369s] Level 1:colcon.colcon_core.package_identification:_identify(src/ros_gz_example_application) by extension 'colcon_meta'
[0.369s] Level 1:colcon.colcon_core.package_identification:_identify(src/ros_gz_example_application) by extensions ['ros']
[0.369s] Level 1:colcon.colcon_core.package_identification:_identify(src/ros_gz_example_application) by extension 'ros'
[0.376s] DEBUG:colcon.colcon_core.package_identification:Package 'src/ros_gz_example_application' with type 'ros.ament_cmake' and name 'ros_gz_example_application'
[0.376s] Level 1:colcon.colcon_core.package_identification:_identify(src/ros_gz_example_bringup) by extensions ['ignore', 'ignore_ament_install']
[0.376s] Level 1:colcon.colcon_core.package_identification:_identify(src/ros_gz_example_bringup) by extension 'ignore'
[0.376s] Level 1:colcon.colcon_core.package_identification:_identify(src/ros_gz_example_bringup) by extension 'ignore_ament_install'
[0.376s] Level 1:colcon.colcon_core.package_identification:_identify(src/ros_gz_example_bringup) by extensions ['colcon_pkg']
[0.376s] Level 1:colcon.colcon_core.package_identification:_identify(src/ros_gz_example_bringup) by extension 'colcon_pkg'
[0.376s] Level 1:colcon.colcon_core.package_identification:_identify(src/ros_gz_example_bringup) by extensions ['colcon_meta']
[0.376s] Level 1:colcon.colcon_core.package_identification:_identify(src/ros_gz_example_bringup) by extension 'colcon_meta'
[0.376s] Level 1:colcon.colcon_core.package_identification:_identify(src/ros_gz_example_bringup) by extensions ['ros']
[0.376s] Level 1:colcon.colcon_core.package_identification:_identify(src/ros_gz_example_bringup) by extension 'ros'
[0.378s] DEBUG:colcon.colcon_core.package_identification:Package 'src/ros_gz_example_bringup' with type 'ros.ament_cmake' and name 'ros_gz_example_bringup'
[0.378s] Level 1:colcon.colcon_core.package_identification:_identify(src/ros_gz_example_description) by extensions ['ignore', 'ignore_ament_install']
[0.378s] Level 1:colcon.colcon_core.package_identification:_identify(src/ros_gz_example_description) by extension 'ignore'
[0.378s] Level 1:colcon.colcon_core.package_identification:_identify(src/ros_gz_example_description) by extension 'ignore_ament_install'
[0.379s] Level 1:colcon.colcon_core.package_identification:_identify(src/ros_gz_example_description) by extensions ['colcon_pkg']
[0.379s] Level 1:colcon.colcon_core.package_identification:_identify(src/ros_gz_example_description) by extension 'colcon_pkg'
[0.379s] Level 1:colcon.colcon_core.package_identification:_identify(src/ros_gz_example_description) by extensions ['colcon_meta']
[0.379s] Level 1:colcon.colcon_core.package_identification:_identify(src/ros_gz_example_description) by extension 'colcon_meta'
[0.379s] Level 1:colcon.colcon_core.package_identification:_identify(src/ros_gz_example_description) by extensions ['ros']
[0.379s] Level 1:colcon.colcon_core.package_identification:_identify(src/ros_gz_example_description) by extension 'ros'
[0.380s] DEBUG:colcon.colcon_core.package_identification:Package 'src/ros_gz_example_description' with type 'ros.ament_cmake' and name 'ros_gz_example_description'
[0.380s] Level 1:colcon.colcon_core.package_identification:_identify(src/ros_gz_example_gazebo) by extensions ['ignore', 'ignore_ament_install']
[0.380s] Level 1:colcon.colcon_core.package_identification:_identify(src/ros_gz_example_gazebo) by extension 'ignore'
[0.381s] Level 1:colcon.colcon_core.package_identification:_identify(src/ros_gz_example_gazebo) by extension 'ignore_ament_install'
[0.381s] Level 1:colcon.colcon_core.package_identification:_identify(src/ros_gz_example_gazebo) by extensions ['colcon_pkg']
[0.381s] Level 1:colcon.colcon_core.package_identification:_identify(src/ros_gz_example_gazebo) by extension 'colcon_pkg'
[0.381s] Level 1:colcon.colcon_core.package_identification:_identify(src/ros_gz_example_gazebo) by extensions ['colcon_meta']
[0.381s] Level 1:colcon.colcon_core.package_identification:_identify(src/ros_gz_example_gazebo) by extension 'colcon_meta'
[0.381s] Level 1:colcon.colcon_core.package_identification:_identify(src/ros_gz_example_gazebo) by extensions ['ros']
[0.381s] Level 1:colcon.colcon_core.package_identification:_identify(src/ros_gz_example_gazebo) by extension 'ros'
[0.382s] DEBUG:colcon.colcon_core.package_identification:Package 'src/ros_gz_example_gazebo' with type 'ros.ament_cmake' and name 'ros_gz_example_gazebo'
[0.383s] Level 1:colcon.colcon_core.package_discovery:discover_packages(recursive) using defaults
[0.383s] Level 1:colcon.colcon_core.package_discovery:discover_packages(ignore) discover
[0.383s] Level 1:colcon.colcon_core.package_discovery:discover_packages(ignore) using defaults
[0.383s] Level 1:colcon.colcon_core.package_discovery:discover_packages(path) discover
[0.383s] Level 1:colcon.colcon_core.package_discovery:discover_packages(path) using defaults
[0.421s] Level 1:colcon.colcon_core.package_discovery:discover_packages(prefix_path) check parameters
[0.421s] Level 1:colcon.colcon_core.package_discovery:discover_packages(prefix_path) discover
[0.426s] DEBUG:colcon.colcon_installed_package_information.package_discovery:Found 4 installed packages in /home/harikrishnan/ROS_PROJECTS/snake_robot_harmonic_ws/install
[0.427s] DEBUG:colcon.colcon_installed_package_information.package_discovery:Found 1 installed packages in /home/harikrishnan/ros2_ws/install
[0.428s] DEBUG:colcon.colcon_installed_package_information.package_discovery:Found 12 installed packages in /home/harikrishnan/turtlebot3_ws/install
[0.431s] DEBUG:colcon.colcon_installed_package_information.package_discovery:Found 357 installed packages in /opt/ros/jazzy
[0.433s] Level 1:colcon.colcon_core.package_discovery:discover_packages(prefix_path) using defaults
[0.516s] Level 5:colcon.colcon_core.verb:set package 'ros_gz_example_application' build argument 'cmake_args' from command line to 'None'
[0.516s] Level 5:colcon.colcon_core.verb:set package 'ros_gz_example_application' build argument 'cmake_target' from command line to 'None'
[0.516s] Level 5:colcon.colcon_core.verb:set package 'ros_gz_example_application' build argument 'cmake_target_skip_unavailable' from command line to 'False'
[0.516s] Level 5:colcon.colcon_core.verb:set package 'ros_gz_example_application' build argument 'cmake_clean_cache' from command line to 'False'
[0.516s] Level 5:colcon.colcon_core.verb:set package 'ros_gz_example_application' build argument 'cmake_clean_first' from command line to 'False'
[0.516s] Level 5:colcon.colcon_core.verb:set package 'ros_gz_example_application' build argument 'cmake_force_configure' from command line to 'False'
[0.516s] Level 5:colcon.colcon_core.verb:set package 'ros_gz_example_application' build argument 'ament_cmake_args' from command line to 'None'
[0.516s] Level 5:colcon.colcon_core.verb:set package 'ros_gz_example_application' build argument 'catkin_cmake_args' from command line to 'None'
[0.516s] Level 5:colcon.colcon_core.verb:set package 'ros_gz_example_application' build argument 'catkin_skip_building_tests' from command line to 'False'
[0.516s] DEBUG:colcon.colcon_core.verb:Building package 'ros_gz_example_application' with the following arguments: {'ament_cmake_args': None, 'build_base': '/home/harikrishnan/ROS_PROJECTS/snake_robot_harmonic_ws/build/ros_gz_example_application', 'catkin_cmake_args': None, 'catkin_skip_building_tests': False, 'cmake_args': None, 'cmake_clean_cache': False, 'cmake_clean_first': False, 'cmake_force_configure': False, 'cmake_target': None, 'cmake_target_skip_unavailable': False, 'install_base': '/home/harikrishnan/ROS_PROJECTS/snake_robot_harmonic_ws/install/ros_gz_example_application', 'merge_install': False, 'path': '/home/harikrishnan/ROS_PROJECTS/snake_robot_harmonic_ws/src/ros_gz_example_application', 'symlink_install': False, 'test_result_base': None}
[0.516s] Level 5:colcon.colcon_core.verb:set package 'ros_gz_example_description' build argument 'cmake_args' from command line to 'None'
[0.516s] Level 5:colcon.colcon_core.verb:set package 'ros_gz_example_description' build argument 'cmake_target' from command line to 'None'
[0.517s] Level 5:colcon.colcon_core.verb:set package 'ros_gz_example_description' build argument 'cmake_target_skip_unavailable' from command line to 'False'
[0.517s] Level 5:colcon.colcon_core.verb:set package 'ros_gz_example_description' build argument 'cmake_clean_cache' from command line to 'False'
[0.517s] Level 5:colcon.colcon_core.verb:set package 'ros_gz_example_description' build argument 'cmake_clean_first' from command line to 'False'
[0.517s] Level 5:colcon.colcon_core.verb:set package 'ros_gz_example_description' build argument 'cmake_force_configure' from command line to 'False'
[0.517s] Level 5:colcon.colcon_core.verb:set package 'ros_gz_example_description' build argument 'ament_cmake_args' from command line to 'None'
[0.517s] Level 5:colcon.colcon_core.verb:set package 'ros_gz_example_description' build argument 'catkin_cmake_args' from command line to 'None'
[0.517s] Level 5:colcon.colcon_core.verb:set package 'ros_gz_example_description' build argument 'catkin_skip_building_tests' from command line to 'False'
[0.517s] DEBUG:colcon.colcon_core.verb:Building package 'ros_gz_example_description' with the following arguments: {'ament_cmake_args': None, 'build_base': '/home/harikrishnan/ROS_PROJECTS/snake_robot_harmonic_ws/build/ros_gz_example_description', 'catkin_cmake_args': None, 'catkin_skip_building_tests': False, 'cmake_args': None, 'cmake_clean_cache': False, 'cmake_clean_first': False, 'cmake_force_configure': False, 'cmake_target': None, 'cmake_target_skip_unavailable': False, 'install_base': '/home/harikrishnan/ROS_PROJECTS/snake_robot_harmonic_ws/install/ros_gz_example_description', 'merge_install': False, 'path': '/home/harikrishnan/ROS_PROJECTS/snake_robot_harmonic_ws/src/ros_gz_example_description', 'symlink_install': False, 'test_result_base': None}
[0.517s] Level 5:colcon.colcon_core.verb:set package 'ros_gz_example_gazebo' build argument 'cmake_args' from command line to 'None'
[0.517s] Level 5:colcon.colcon_core.verb:set package 'ros_gz_example_gazebo' build argument 'cmake_target' from command line to 'None'
[0.517s] Level 5:colcon.colcon_core.verb:set package 'ros_gz_example_gazebo' build argument 'cmake_target_skip_unavailable' from command line to 'False'
[0.517s] Level 5:colcon.colcon_core.verb:set package 'ros_gz_example_gazebo' build argument 'cmake_clean_cache' from command line to 'False'
[0.517s] Level 5:colcon.colcon_core.verb:set package 'ros_gz_example_gazebo' build argument 'cmake_clean_first' from command line to 'False'
[0.517s] Level 5:colcon.colcon_core.verb:set package 'ros_gz_example_gazebo' build argument 'cmake_force_configure' from command line to 'False'
[0.517s] Level 5:colcon.colcon_core.verb:set package 'ros_gz_example_gazebo' build argument 'ament_cmake_args' from command line to 'None'
[0.517s] Level 5:colcon.colcon_core.verb:set package 'ros_gz_example_gazebo' build argument 'catkin_cmake_args' from command line to 'None'
[0.517s] Level 5:colcon.colcon_core.verb:set package 'ros_gz_example_gazebo' build argument 'catkin_skip_building_tests' from command line to 'False'
[0.517s] DEBUG:colcon.colcon_core.verb:Building package 'ros_gz_example_gazebo' with the following arguments: {'ament_cmake_args': None, 'build_base': '/home/harikrishnan/ROS_PROJECTS/snake_robot_harmonic_ws/build/ros_gz_example_gazebo', 'catkin_cmake_args': None, 'catkin_skip_building_tests': False, 'cmake_args': None, 'cmake_clean_cache': False, 'cmake_clean_first': False, 'cmake_force_configure': False, 'cmake_target': None, 'cmake_target_skip_unavailable': False, 'install_base': '/home/harikrishnan/ROS_PROJECTS/snake_robot_harmonic_ws/install/ros_gz_example_gazebo', 'merge_install': False, 'path': '/home/harikrishnan/ROS_PROJECTS/snake_robot_harmonic_ws/src/ros_gz_example_gazebo', 'symlink_install': False, 'test_result_base': None}
[0.518s] Level 5:colcon.colcon_core.verb:set package 'ros_gz_example_bringup' build argument 'cmake_args' from command line to 'None'
[0.518s] Level 5:colcon.colcon_core.verb:set package 'ros_gz_example_bringup' build argument 'cmake_target' from command line to 'None'
[0.518s] Level 5:colcon.colcon_core.verb:set package 'ros_gz_example_bringup' build argument 'cmake_target_skip_unavailable' from command line to 'False'
[0.518s] Level 5:colcon.colcon_core.verb:set package 'ros_gz_example_bringup' build argument 'cmake_clean_cache' from command line to 'False'
[0.518s] Level 5:colcon.colcon_core.verb:set package 'ros_gz_example_bringup' build argument 'cmake_clean_first' from command line to 'False'
[0.518s] Level 5:colcon.colcon_core.verb:set package 'ros_gz_example_bringup' build argument 'cmake_force_configure' from command line to 'False'
[0.518s] Level 5:colcon.colcon_core.verb:set package 'ros_gz_example_bringup' build argument 'ament_cmake_args' from command line to 'None'
[0.518s] Level 5:colcon.colcon_core.verb:set package 'ros_gz_example_bringup' build argument 'catkin_cmake_args' from command line to 'None'
[0.518s] Level 5:colcon.colcon_core.verb:set package 'ros_gz_example_bringup' build argument 'catkin_skip_building_tests' from command line to 'False'
[0.518s] DEBUG:colcon.colcon_core.verb:Building package 'ros_gz_example_bringup' with the following arguments: {'ament_cmake_args': None, 'build_base': '/home/harikrishnan/ROS_PROJECTS/snake_robot_harmonic_ws/build/ros_gz_example_bringup', 'catkin_cmake_args': None, 'catkin_skip_building_tests': False, 'cmake_args': None, 'cmake_clean_cache': False, 'cmake_clean_first': False, 'cmake_force_configure': False, 'cmake_target': None, 'cmake_target_skip_unavailable': False, 'install_base': '/home/harikrishnan/ROS_PROJECTS/snake_robot_harmonic_ws/install/ros_gz_example_bringup', 'merge_install': False, 'path': '/home/harikrishnan/ROS_PROJECTS/snake_robot_harmonic_ws/src/ros_gz_example_bringup', 'symlink_install': False, 'test_result_base': None}
[0.518s] INFO:colcon.colcon_core.executor:Executing jobs using 'parallel' executor
[0.520s] DEBUG:colcon.colcon_parallel_executor.executor.parallel:run_until_complete
[0.522s] INFO:colcon.colcon_ros.task.ament_cmake.build:Building ROS package in '/home/harikrishnan/ROS_PROJECTS/snake_robot_harmonic_ws/src/ros_gz_example_description' with build type 'ament_cmake'
[0.522s] INFO:colcon.colcon_cmake.task.cmake.build:Building CMake package in '/home/harikrishnan/ROS_PROJECTS/snake_robot_harmonic_ws/src/ros_gz_example_description'
[0.526s] INFO:colcon.colcon_core.plugin_system:Skipping extension 'colcon_core.shell.bat': Not used on non-Windows systems
[0.526s] INFO:colcon.colcon_core.shell:Skip shell extension 'powershell' for command environment: Not usable outside of PowerShell
[0.526s] DEBUG:colcon.colcon_core.shell:Skip shell extension 'dsv' for command environment
[0.535s] INFO:colcon.colcon_ros.task.ament_cmake.build:Building ROS package in '/home/harikrishnan/ROS_PROJECTS/snake_robot_harmonic_ws/src/ros_gz_example_application' with build type 'ament_cmake'
[0.536s] INFO:colcon.colcon_cmake.task.cmake.build:Building CMake package in '/home/harikrishnan/ROS_PROJECTS/snake_robot_harmonic_ws/src/ros_gz_example_application'
[0.536s] INFO:colcon.colcon_core.shell:Skip shell extension 'powershell' for command environment: Not usable outside of PowerShell
[0.536s] DEBUG:colcon.colcon_core.shell:Skip shell extension 'dsv' for command environment
[0.556s] DEBUG:colcon.colcon_core.event_handler.log_command:Invoking command in '/home/harikrishnan/ROS_PROJECTS/snake_robot_harmonic_ws/build/ros_gz_example_description': CMAKE_PREFIX_PATH=${CMAKE_PREFIX_PATH}:/opt/ros/jazzy:/home/harikrishnan/turtlebot3_ws/install/turtlebot3_teleop:/home/harikrishnan/turtlebot3_ws/install/turtlebot3_example DEBUGINFOD_URLS=https://debuginfod.ubuntu.com /usr/bin/cmake --build /home/harikrishnan/ROS_PROJECTS/snake_robot_harmonic_ws/build/ros_gz_example_description -- -j12 -l12
[0.565s] DEBUG:colcon.colcon_core.event_handler.log_command:Invoking command in '/home/harikrishnan/ROS_PROJECTS/snake_robot_harmonic_ws/build/ros_gz_example_application': CMAKE_PREFIX_PATH=${CMAKE_PREFIX_PATH}:/opt/ros/jazzy:/home/harikrishnan/turtlebot3_ws/install/turtlebot3_teleop:/home/harikrishnan/turtlebot3_ws/install/turtlebot3_example DEBUGINFOD_URLS=https://debuginfod.ubuntu.com /usr/bin/cmake --build /home/harikrishnan/ROS_PROJECTS/snake_robot_harmonic_ws/build/ros_gz_example_application -- -j12 -l12
[0.624s] DEBUG:colcon.colcon_core.event_handler.log_command:Invoked command in '/home/harikrishnan/ROS_PROJECTS/snake_robot_harmonic_ws/build/ros_gz_example_description' returned '0': CMAKE_PREFIX_PATH=${CMAKE_PREFIX_PATH}:/opt/ros/jazzy:/home/harikrishnan/turtlebot3_ws/install/turtlebot3_teleop:/home/harikrishnan/turtlebot3_ws/install/turtlebot3_example DEBUGINFOD_URLS=https://debuginfod.ubuntu.com /usr/bin/cmake --build /home/harikrishnan/ROS_PROJECTS/snake_robot_harmonic_ws/build/ros_gz_example_description -- -j12 -l12
[0.643s] DEBUG:colcon.colcon_core.event_handler.log_command:Invoking command in '/home/harikrishnan/ROS_PROJECTS/snake_robot_harmonic_ws/build/ros_gz_example_description': CMAKE_PREFIX_PATH=${CMAKE_PREFIX_PATH}:/opt/ros/jazzy:/home/harikrishnan/turtlebot3_ws/install/turtlebot3_teleop:/home/harikrishnan/turtlebot3_ws/install/turtlebot3_example DEBUGINFOD_URLS=https://debuginfod.ubuntu.com /usr/bin/cmake --install /home/harikrishnan/ROS_PROJECTS/snake_robot_harmonic_ws/build/ros_gz_example_description
[0.646s] DEBUG:colcon.colcon_core.event_handler.log_command:Invoked command in '/home/harikrishnan/ROS_PROJECTS/snake_robot_harmonic_ws/build/ros_gz_example_application' returned '0': CMAKE_PREFIX_PATH=${CMAKE_PREFIX_PATH}:/opt/ros/jazzy:/home/harikrishnan/turtlebot3_ws/install/turtlebot3_teleop:/home/harikrishnan/turtlebot3_ws/install/turtlebot3_example DEBUGINFOD_URLS=https://debuginfod.ubuntu.com /usr/bin/cmake --build /home/harikrishnan/ROS_PROJECTS/snake_robot_harmonic_ws/build/ros_gz_example_application -- -j12 -l12
[0.647s] DEBUG:colcon.colcon_core.event_handler.log_command:Invoking command in '/home/harikrishnan/ROS_PROJECTS/snake_robot_harmonic_ws/build/ros_gz_example_application': CMAKE_PREFIX_PATH=${CMAKE_PREFIX_PATH}:/opt/ros/jazzy:/home/harikrishnan/turtlebot3_ws/install/turtlebot3_teleop:/home/harikrishnan/turtlebot3_ws/install/turtlebot3_example DEBUGINFOD_URLS=https://debuginfod.ubuntu.com /usr/bin/cmake --install /home/harikrishnan/ROS_PROJECTS/snake_robot_harmonic_ws/build/ros_gz_example_application
[0.661s] Level 1:colcon.colcon_core.environment:create_environment_scripts_only(ros_gz_example_description)
[0.662s] DEBUG:colcon.colcon_core.event_handler.log_command:Invoked command in '/home/harikrishnan/ROS_PROJECTS/snake_robot_harmonic_ws/build/ros_gz_example_description' returned '0': CMAKE_PREFIX_PATH=${CMAKE_PREFIX_PATH}:/opt/ros/jazzy:/home/harikrishnan/turtlebot3_ws/install/turtlebot3_teleop:/home/harikrishnan/turtlebot3_ws/install/turtlebot3_example DEBUGINFOD_URLS=https://debuginfod.ubuntu.com /usr/bin/cmake --install /home/harikrishnan/ROS_PROJECTS/snake_robot_harmonic_ws/build/ros_gz_example_description
[0.667s] Level 1:colcon.colcon_core.environment:checking '/home/harikrishnan/ROS_PROJECTS/snake_robot_harmonic_ws/install/ros_gz_example_description' for CMake module files
[0.668s] Level 1:colcon.colcon_core.environment:checking '/home/harikrishnan/ROS_PROJECTS/snake_robot_harmonic_ws/install/ros_gz_example_description' for CMake config files
[0.668s] Level 1:colcon.colcon_core.shell:create_environment_hook('ros_gz_example_description', 'cmake_prefix_path')
[0.668s] INFO:colcon.colcon_core.shell:Creating environment hook '/home/harikrishnan/ROS_PROJECTS/snake_robot_harmonic_ws/install/ros_gz_example_description/share/ros_gz_example_description/hook/cmake_prefix_path.ps1'
[0.669s] INFO:colcon.colcon_core.shell:Creating environment descriptor '/home/harikrishnan/ROS_PROJECTS/snake_robot_harmonic_ws/install/ros_gz_example_description/share/ros_gz_example_description/hook/cmake_prefix_path.dsv'
[0.670s] INFO:colcon.colcon_core.shell:Creating environment hook '/home/harikrishnan/ROS_PROJECTS/snake_robot_harmonic_ws/install/ros_gz_example_description/share/ros_gz_example_description/hook/cmake_prefix_path.sh'
[0.670s] Level 1:colcon.colcon_core.environment:checking '/home/harikrishnan/ROS_PROJECTS/snake_robot_harmonic_ws/install/ros_gz_example_description/bin'
[0.671s] Level 1:colcon.colcon_core.environment:checking '/home/harikrishnan/ROS_PROJECTS/snake_robot_harmonic_ws/install/ros_gz_example_description/lib/pkgconfig/ros_gz_example_description.pc'
[0.671s] Level 1:colcon.colcon_core.environment:checking '/home/harikrishnan/ROS_PROJECTS/snake_robot_harmonic_ws/install/ros_gz_example_description/lib/python3.12/site-packages'
[0.671s] Level 1:colcon.colcon_core.environment:checking '/home/harikrishnan/ROS_PROJECTS/snake_robot_harmonic_ws/install/ros_gz_example_description/bin'
[0.671s] INFO:colcon.colcon_core.shell:Creating package script '/home/harikrishnan/ROS_PROJECTS/snake_robot_harmonic_ws/install/ros_gz_example_description/share/ros_gz_example_description/package.ps1'
[0.672s] INFO:colcon.colcon_core.shell:Creating package descriptor '/home/harikrishnan/ROS_PROJECTS/snake_robot_harmonic_ws/install/ros_gz_example_description/share/ros_gz_example_description/package.dsv'
[0.674s] INFO:colcon.colcon_core.shell:Creating package script '/home/harikrishnan/ROS_PROJECTS/snake_robot_harmonic_ws/install/ros_gz_example_description/share/ros_gz_example_description/package.sh'
[0.675s] INFO:colcon.colcon_core.shell:Creating package script '/home/harikrishnan/ROS_PROJECTS/snake_robot_harmonic_ws/install/ros_gz_example_description/share/ros_gz_example_description/package.bash'
[0.676s] INFO:colcon.colcon_core.shell:Creating package script '/home/harikrishnan/ROS_PROJECTS/snake_robot_harmonic_ws/install/ros_gz_example_description/share/ros_gz_example_description/package.zsh'
[0.677s] Level 1:colcon.colcon_core.environment:create_file_with_runtime_dependencies(/home/harikrishnan/ROS_PROJECTS/snake_robot_harmonic_ws/install/ros_gz_example_description/share/colcon-core/packages/ros_gz_example_description)
[0.678s] Level 1:colcon.colcon_core.environment:create_environment_scripts_only(ros_gz_example_description)
[0.679s] Level 1:colcon.colcon_core.environment:checking '/home/harikrishnan/ROS_PROJECTS/snake_robot_harmonic_ws/install/ros_gz_example_description' for CMake module files
[0.679s] Level 1:colcon.colcon_core.environment:checking '/home/harikrishnan/ROS_PROJECTS/snake_robot_harmonic_ws/install/ros_gz_example_description' for CMake config files
[0.680s] Level 1:colcon.colcon_core.shell:create_environment_hook('ros_gz_example_description', 'cmake_prefix_path')
[0.680s] INFO:colcon.colcon_core.shell:Creating environment hook '/home/harikrishnan/ROS_PROJECTS/snake_robot_harmonic_ws/install/ros_gz_example_description/share/ros_gz_example_description/hook/cmake_prefix_path.ps1'
[0.680s] INFO:colcon.colcon_core.shell:Creating environment descriptor '/home/harikrishnan/ROS_PROJECTS/snake_robot_harmonic_ws/install/ros_gz_example_description/share/ros_gz_example_description/hook/cmake_prefix_path.dsv'
[0.681s] INFO:colcon.colcon_core.shell:Creating environment hook '/home/harikrishnan/ROS_PROJECTS/snake_robot_harmonic_ws/install/ros_gz_example_description/share/ros_gz_example_description/hook/cmake_prefix_path.sh'
[0.681s] Level 1:colcon.colcon_core.environment:checking '/home/harikrishnan/ROS_PROJECTS/snake_robot_harmonic_ws/install/ros_gz_example_description/bin'
[0.681s] Level 1:colcon.colcon_core.environment:checking '/home/harikrishnan/ROS_PROJECTS/snake_robot_harmonic_ws/install/ros_gz_example_description/lib/pkgconfig/ros_gz_example_description.pc'
[0.682s] Level 1:colcon.colcon_core.environment:checking '/home/harikrishnan/ROS_PROJECTS/snake_robot_harmonic_ws/install/ros_gz_example_description/lib/python3.12/site-packages'
[0.682s] Level 1:colcon.colcon_core.environment:checking '/home/harikrishnan/ROS_PROJECTS/snake_robot_harmonic_ws/install/ros_gz_example_description/bin'
[0.682s] INFO:colcon.colcon_core.shell:Creating package script '/home/harikrishnan/ROS_PROJECTS/snake_robot_harmonic_ws/install/ros_gz_example_description/share/ros_gz_example_description/package.ps1'
[0.683s] INFO:colcon.colcon_core.shell:Creating package descriptor '/home/harikrishnan/ROS_PROJECTS/snake_robot_harmonic_ws/install/ros_gz_example_description/share/ros_gz_example_description/package.dsv'
[0.683s] INFO:colcon.colcon_core.shell:Creating package script '/home/harikrishnan/ROS_PROJECTS/snake_robot_harmonic_ws/install/ros_gz_example_description/share/ros_gz_example_description/package.sh'
[0.684s] INFO:colcon.colcon_core.shell:Creating package script '/home/harikrishnan/ROS_PROJECTS/snake_robot_harmonic_ws/install/ros_gz_example_description/share/ros_gz_example_description/package.bash'
[0.684s] INFO:colcon.colcon_core.shell:Creating package script '/home/harikrishnan/ROS_PROJECTS/snake_robot_harmonic_ws/install/ros_gz_example_description/share/ros_gz_example_description/package.zsh'
[0.684s] Level 1:colcon.colcon_core.environment:create_file_with_runtime_dependencies(/home/harikrishnan/ROS_PROJECTS/snake_robot_harmonic_ws/install/ros_gz_example_description/share/colcon-core/packages/ros_gz_example_description)
[0.685s] INFO:colcon.colcon_ros.task.ament_cmake.build:Building ROS package in '/home/harikrishnan/ROS_PROJECTS/snake_robot_harmonic_ws/src/ros_gz_example_gazebo' with build type 'ament_cmake'
[0.685s] INFO:colcon.colcon_cmake.task.cmake.build:Building CMake package in '/home/harikrishnan/ROS_PROJECTS/snake_robot_harmonic_ws/src/ros_gz_example_gazebo'
[0.686s] INFO:colcon.colcon_core.shell:Skip shell extension 'powershell' for command environment: Not usable outside of PowerShell
[0.686s] DEBUG:colcon.colcon_core.shell:Skip shell extension 'dsv' for command environment
[0.695s] Level 1:colcon.colcon_core.environment:create_environment_scripts_only(ros_gz_example_application)
[0.696s] Level 1:colcon.colcon_core.environment:checking '/home/harikrishnan/ROS_PROJECTS/snake_robot_harmonic_ws/install/ros_gz_example_application' for CMake module files
[0.696s] DEBUG:colcon.colcon_core.event_handler.log_command:Invoked command in '/home/harikrishnan/ROS_PROJECTS/snake_robot_harmonic_ws/build/ros_gz_example_application' returned '0': CMAKE_PREFIX_PATH=${CMAKE_PREFIX_PATH}:/opt/ros/jazzy:/home/harikrishnan/turtlebot3_ws/install/turtlebot3_teleop:/home/harikrishnan/turtlebot3_ws/install/turtlebot3_example DEBUGINFOD_URLS=https://debuginfod.ubuntu.com /usr/bin/cmake --install /home/harikrishnan/ROS_PROJECTS/snake_robot_harmonic_ws/build/ros_gz_example_application
[0.698s] Level 1:colcon.colcon_core.environment:checking '/home/harikrishnan/ROS_PROJECTS/snake_robot_harmonic_ws/install/ros_gz_example_application' for CMake config files
[0.699s] Level 1:colcon.colcon_core.shell:create_environment_hook('ros_gz_example_application', 'cmake_prefix_path')
[0.699s] INFO:colcon.colcon_core.shell:Creating environment hook '/home/harikrishnan/ROS_PROJECTS/snake_robot_harmonic_ws/install/ros_gz_example_application/share/ros_gz_example_application/hook/cmake_prefix_path.ps1'
[0.700s] INFO:colcon.colcon_core.shell:Creating environment descriptor '/home/harikrishnan/ROS_PROJECTS/snake_robot_harmonic_ws/install/ros_gz_example_application/share/ros_gz_example_application/hook/cmake_prefix_path.dsv'
[0.700s] INFO:colcon.colcon_core.shell:Creating environment hook '/home/harikrishnan/ROS_PROJECTS/snake_robot_harmonic_ws/install/ros_gz_example_application/share/ros_gz_example_application/hook/cmake_prefix_path.sh'
[0.701s] Level 1:colcon.colcon_core.environment:checking '/home/harikrishnan/ROS_PROJECTS/snake_robot_harmonic_ws/install/ros_gz_example_application/lib'
[0.702s] Level 1:colcon.colcon_core.environment:checking '/home/harikrishnan/ROS_PROJECTS/snake_robot_harmonic_ws/install/ros_gz_example_application/bin'
[0.702s] Level 1:colcon.colcon_core.environment:checking '/home/harikrishnan/ROS_PROJECTS/snake_robot_harmonic_ws/install/ros_gz_example_application/lib/pkgconfig/ros_gz_example_application.pc'
[0.702s] Level 1:colcon.colcon_core.environment:checking '/home/harikrishnan/ROS_PROJECTS/snake_robot_harmonic_ws/install/ros_gz_example_application/lib/python3.12/site-packages'
[0.702s] Level 1:colcon.colcon_core.environment:checking '/home/harikrishnan/ROS_PROJECTS/snake_robot_harmonic_ws/install/ros_gz_example_application/bin'
[0.703s] INFO:colcon.colcon_core.shell:Creating package script '/home/harikrishnan/ROS_PROJECTS/snake_robot_harmonic_ws/install/ros_gz_example_application/share/ros_gz_example_application/package.ps1'
[0.703s] INFO:colcon.colcon_core.shell:Creating package descriptor '/home/harikrishnan/ROS_PROJECTS/snake_robot_harmonic_ws/install/ros_gz_example_application/share/ros_gz_example_application/package.dsv'
[0.704s] INFO:colcon.colcon_core.shell:Creating package script '/home/harikrishnan/ROS_PROJECTS/snake_robot_harmonic_ws/install/ros_gz_example_application/share/ros_gz_example_application/package.sh'
[0.704s] INFO:colcon.colcon_core.shell:Creating package script '/home/harikrishnan/ROS_PROJECTS/snake_robot_harmonic_ws/install/ros_gz_example_application/share/ros_gz_example_application/package.bash'
[0.705s] INFO:colcon.colcon_core.shell:Creating package script '/home/harikrishnan/ROS_PROJECTS/snake_robot_harmonic_ws/install/ros_gz_example_application/share/ros_gz_example_application/package.zsh'
[0.705s] Level 1:colcon.colcon_core.environment:create_file_with_runtime_dependencies(/home/harikrishnan/ROS_PROJECTS/snake_robot_harmonic_ws/install/ros_gz_example_application/share/colcon-core/packages/ros_gz_example_application)
[0.706s] Level 1:colcon.colcon_core.environment:create_environment_scripts_only(ros_gz_example_application)
[0.706s] Level 1:colcon.colcon_core.environment:checking '/home/harikrishnan/ROS_PROJECTS/snake_robot_harmonic_ws/install/ros_gz_example_application' for CMake module files
[0.707s] Level 1:colcon.colcon_core.environment:checking '/home/harikrishnan/ROS_PROJECTS/snake_robot_harmonic_ws/install/ros_gz_example_application' for CMake config files
[0.707s] Level 1:colcon.colcon_core.shell:create_environment_hook('ros_gz_example_application', 'cmake_prefix_path')
[0.708s] INFO:colcon.colcon_core.shell:Creating environment hook '/home/harikrishnan/ROS_PROJECTS/snake_robot_harmonic_ws/install/ros_gz_example_application/share/ros_gz_example_application/hook/cmake_prefix_path.ps1'
[0.709s] INFO:colcon.colcon_core.shell:Creating environment descriptor '/home/harikrishnan/ROS_PROJECTS/snake_robot_harmonic_ws/install/ros_gz_example_application/share/ros_gz_example_application/hook/cmake_prefix_path.dsv'
[0.709s] INFO:colcon.colcon_core.shell:Creating environment hook '/home/harikrishnan/ROS_PROJECTS/snake_robot_harmonic_ws/install/ros_gz_example_application/share/ros_gz_example_application/hook/cmake_prefix_path.sh'
[0.710s] Level 1:colcon.colcon_core.environment:checking '/home/harikrishnan/ROS_PROJECTS/snake_robot_harmonic_ws/install/ros_gz_example_application/lib'
[0.711s] Level 1:colcon.colcon_core.environment:checking '/home/harikrishnan/ROS_PROJECTS/snake_robot_harmonic_ws/install/ros_gz_example_application/bin'
[0.711s] Level 1:colcon.colcon_core.environment:checking '/home/harikrishnan/ROS_PROJECTS/snake_robot_harmonic_ws/install/ros_gz_example_application/lib/pkgconfig/ros_gz_example_application.pc'
[0.711s] Level 1:colcon.colcon_core.environment:checking '/home/harikrishnan/ROS_PROJECTS/snake_robot_harmonic_ws/install/ros_gz_example_application/lib/python3.12/site-packages'
[0.711s] Level 1:colcon.colcon_core.environment:checking '/home/harikrishnan/ROS_PROJECTS/snake_robot_harmonic_ws/install/ros_gz_example_application/bin'
[0.712s] INFO:colcon.colcon_core.shell:Creating package script '/home/harikrishnan/ROS_PROJECTS/snake_robot_harmonic_ws/install/ros_gz_example_application/share/ros_gz_example_application/package.ps1'
[0.713s] INFO:colcon.colcon_core.shell:Creating package descriptor '/home/harikrishnan/ROS_PROJECTS/snake_robot_harmonic_ws/install/ros_gz_example_application/share/ros_gz_example_application/package.dsv'
[0.714s] INFO:colcon.colcon_core.shell:Creating package script '/home/harikrishnan/ROS_PROJECTS/snake_robot_harmonic_ws/install/ros_gz_example_application/share/ros_gz_example_application/package.sh'
[0.715s] INFO:colcon.colcon_core.shell:Creating package script '/home/harikrishnan/ROS_PROJECTS/snake_robot_harmonic_ws/install/ros_gz_example_application/share/ros_gz_example_application/package.bash'
[0.716s] INFO:colcon.colcon_core.shell:Creating package script '/home/harikrishnan/ROS_PROJECTS/snake_robot_harmonic_ws/install/ros_gz_example_application/share/ros_gz_example_application/package.zsh'
[0.716s] Level 1:colcon.colcon_core.environment:create_file_with_runtime_dependencies(/home/harikrishnan/ROS_PROJECTS/snake_robot_harmonic_ws/install/ros_gz_example_application/share/colcon-core/packages/ros_gz_example_application)
[0.724s] DEBUG:colcon.colcon_core.event_handler.log_command:Invoking command in '/home/harikrishnan/ROS_PROJECTS/snake_robot_harmonic_ws/build/ros_gz_example_gazebo': CMAKE_PREFIX_PATH=/home/harikrishnan/ROS_PROJECTS/snake_robot_harmonic_ws/install/ros_gz_example_description:/home/harikrishnan/ROS_PROJECTS/snake_robot_harmonic_ws/install/ros_gz_example_bringup:/home/harikrishnan/ROS_PROJECTS/snake_robot_harmonic_ws/install/ros_gz_example_gazebo:/home/harikrishnan/ROS_PROJECTS/snake_robot_harmonic_ws/install/ros_gz_example_application:/opt/ros/jazzy/opt/gz_sim_vendor:/opt/ros/jazzy/opt/gz_sensors_vendor:/opt/ros/jazzy/opt/gz_physics_vendor:/opt/ros/jazzy/opt/sdformat_vendor:/opt/ros/jazzy/opt/gz_gui_vendor:/opt/ros/jazzy/opt/gz_transport_vendor:/opt/ros/jazzy/opt/gz_rendering_vendor:/opt/ros/jazzy/opt/gz_plugin_vendor:/opt/ros/jazzy/opt/gz_fuel_tools_vendor:/opt/ros/jazzy/opt/gz_msgs_vendor:/opt/ros/jazzy/opt/gz_common_vendor:/opt/ros/jazzy/opt/gz_math_vendor:/opt/ros/jazzy/opt/gz_utils_vendor:/opt/ros/jazzy/opt/gz_tools_vendor:/opt/ros/jazzy/opt/gz_ogre_next_vendor:/opt/ros/jazzy/opt/gz_dartsim_vendor:/opt/ros/jazzy/opt/gz_cmake_vendor:/home/harikrishnan/turtlebot3_ws/install/turtlebot3:/home/harikrishnan/turtlebot3_ws/install/turtlebot3_bringup:/home/harikrishnan/turtlebot3_ws/install/turtlebot3_node:/home/harikrishnan/turtlebot3_ws/install/turtlebot3_navigation2:/home/harikrishnan/turtlebot3_ws/install/turtlebot3_msgs:/home/harikrishnan/turtlebot3_ws/install/turtlebot3_description:/home/harikrishnan/turtlebot3_ws/install/turtlebot3_cartographer:/home/harikrishnan/turtlebot3_ws/install/dynamixel_sdk_examples:/home/harikrishnan/turtlebot3_ws/install/dynamixel_sdk_custom_interfaces:/home/harikrishnan/turtlebot3_ws/install/dynamixel_sdk:/home/harikrishnan/ros2_ws/install/snake_bot:/opt/ros/jazzy:/home/harikrishnan/turtlebot3_ws/install/turtlebot3_teleop:/home/harikrishnan/turtlebot3_ws/install/turtlebot3_example DEBUGINFOD_URLS=https://debuginfod.ubuntu.com GZ_SIM_RESOURCE_PATH=/home/harikrishnan/ROS_PROJECTS/snake_robot_harmonic_ws/install/ros_gz_example_description/share/ros_gz_example_description/models:${GZ_SIM_RESOURCE_PATH} /usr/bin/cmake --build /home/harikrishnan/ROS_PROJECTS/snake_robot_harmonic_ws/build/ros_gz_example_gazebo -- -j12 -l12
[0.883s] DEBUG:colcon.colcon_core.event_handler.log_command:Invoked command in '/home/harikrishnan/ROS_PROJECTS/snake_robot_harmonic_ws/build/ros_gz_example_gazebo' returned '0': CMAKE_PREFIX_PATH=/home/harikrishnan/ROS_PROJECTS/snake_robot_harmonic_ws/install/ros_gz_example_description:/home/harikrishnan/ROS_PROJECTS/snake_robot_harmonic_ws/install/ros_gz_example_bringup:/home/harikrishnan/ROS_PROJECTS/snake_robot_harmonic_ws/install/ros_gz_example_gazebo:/home/harikrishnan/ROS_PROJECTS/snake_robot_harmonic_ws/install/ros_gz_example_application:/opt/ros/jazzy/opt/gz_sim_vendor:/opt/ros/jazzy/opt/gz_sensors_vendor:/opt/ros/jazzy/opt/gz_physics_vendor:/opt/ros/jazzy/opt/sdformat_vendor:/opt/ros/jazzy/opt/gz_gui_vendor:/opt/ros/jazzy/opt/gz_transport_vendor:/opt/ros/jazzy/opt/gz_rendering_vendor:/opt/ros/jazzy/opt/gz_plugin_vendor:/opt/ros/jazzy/opt/gz_fuel_tools_vendor:/opt/ros/jazzy/opt/gz_msgs_vendor:/opt/ros/jazzy/opt/gz_common_vendor:/opt/ros/jazzy/opt/gz_math_vendor:/opt/ros/jazzy/opt/gz_utils_vendor:/opt/ros/jazzy/opt/gz_tools_vendor:/opt/ros/jazzy/opt/gz_ogre_next_vendor:/opt/ros/jazzy/opt/gz_dartsim_vendor:/opt/ros/jazzy/opt/gz_cmake_vendor:/home/harikrishnan/turtlebot3_ws/install/turtlebot3:/home/harikrishnan/turtlebot3_ws/install/turtlebot3_bringup:/home/harikrishnan/turtlebot3_ws/install/turtlebot3_node:/home/harikrishnan/turtlebot3_ws/install/turtlebot3_navigation2:/home/harikrishnan/turtlebot3_ws/install/turtlebot3_msgs:/home/harikrishnan/turtlebot3_ws/install/turtlebot3_description:/home/harikrishnan/turtlebot3_ws/install/turtlebot3_cartographer:/home/harikrishnan/turtlebot3_ws/install/dynamixel_sdk_examples:/home/harikrishnan/turtlebot3_ws/install/dynamixel_sdk_custom_interfaces:/home/harikrishnan/turtlebot3_ws/install/dynamixel_sdk:/home/harikrishnan/ros2_ws/install/snake_bot:/opt/ros/jazzy:/home/harikrishnan/turtlebot3_ws/install/turtlebot3_teleop:/home/harikrishnan/turtlebot3_ws/install/turtlebot3_example DEBUGINFOD_URLS=https://debuginfod.ubuntu.com GZ_SIM_RESOURCE_PATH=/home/harikrishnan/ROS_PROJECTS/snake_robot_harmonic_ws/install/ros_gz_example_description/share/ros_gz_example_description/models:${GZ_SIM_RESOURCE_PATH} /usr/bin/cmake --build /home/harikrishnan/ROS_PROJECTS/snake_robot_harmonic_ws/build/ros_gz_example_gazebo -- -j12 -l12
[0.885s] DEBUG:colcon.colcon_core.event_handler.log_command:Invoking command in '/home/harikrishnan/ROS_PROJECTS/snake_robot_harmonic_ws/build/ros_gz_example_gazebo': CMAKE_PREFIX_PATH=/home/harikrishnan/ROS_PROJECTS/snake_robot_harmonic_ws/install/ros_gz_example_description:/home/harikrishnan/ROS_PROJECTS/snake_robot_harmonic_ws/install/ros_gz_example_bringup:/home/harikrishnan/ROS_PROJECTS/snake_robot_harmonic_ws/install/ros_gz_example_gazebo:/home/harikrishnan/ROS_PROJECTS/snake_robot_harmonic_ws/install/ros_gz_example_application:/opt/ros/jazzy/opt/gz_sim_vendor:/opt/ros/jazzy/opt/gz_sensors_vendor:/opt/ros/jazzy/opt/gz_physics_vendor:/opt/ros/jazzy/opt/sdformat_vendor:/opt/ros/jazzy/opt/gz_gui_vendor:/opt/ros/jazzy/opt/gz_transport_vendor:/opt/ros/jazzy/opt/gz_rendering_vendor:/opt/ros/jazzy/opt/gz_plugin_vendor:/opt/ros/jazzy/opt/gz_fuel_tools_vendor:/opt/ros/jazzy/opt/gz_msgs_vendor:/opt/ros/jazzy/opt/gz_common_vendor:/opt/ros/jazzy/opt/gz_math_vendor:/opt/ros/jazzy/opt/gz_utils_vendor:/opt/ros/jazzy/opt/gz_tools_vendor:/opt/ros/jazzy/opt/gz_ogre_next_vendor:/opt/ros/jazzy/opt/gz_dartsim_vendor:/opt/ros/jazzy/opt/gz_cmake_vendor:/home/harikrishnan/turtlebot3_ws/install/turtlebot3:/home/harikrishnan/turtlebot3_ws/install/turtlebot3_bringup:/home/harikrishnan/turtlebot3_ws/install/turtlebot3_node:/home/harikrishnan/turtlebot3_ws/install/turtlebot3_navigation2:/home/harikrishnan/turtlebot3_ws/install/turtlebot3_msgs:/home/harikrishnan/turtlebot3_ws/install/turtlebot3_description:/home/harikrishnan/turtlebot3_ws/install/turtlebot3_cartographer:/home/harikrishnan/turtlebot3_ws/install/dynamixel_sdk_examples:/home/harikrishnan/turtlebot3_ws/install/dynamixel_sdk_custom_interfaces:/home/harikrishnan/turtlebot3_ws/install/dynamixel_sdk:/home/harikrishnan/ros2_ws/install/snake_bot:/opt/ros/jazzy:/home/harikrishnan/turtlebot3_ws/install/turtlebot3_teleop:/home/harikrishnan/turtlebot3_ws/install/turtlebot3_example DEBUGINFOD_URLS=https://debuginfod.ubuntu.com GZ_SIM_RESOURCE_PATH=/home/harikrishnan/ROS_PROJECTS/snake_robot_harmonic_ws/install/ros_gz_example_description/share/ros_gz_example_description/models:${GZ_SIM_RESOURCE_PATH} /usr/bin/cmake --install /home/harikrishnan/ROS_PROJECTS/snake_robot_harmonic_ws/build/ros_gz_example_gazebo
[0.909s] Level 1:colcon.colcon_core.environment:create_environment_scripts_only(ros_gz_example_gazebo)
[0.910s] Level 1:colcon.colcon_core.environment:checking '/home/harikrishnan/ROS_PROJECTS/snake_robot_harmonic_ws/install/ros_gz_example_gazebo' for CMake module files
[0.911s] DEBUG:colcon.colcon_core.event_handler.log_command:Invoked command in '/home/harikrishnan/ROS_PROJECTS/snake_robot_harmonic_ws/build/ros_gz_example_gazebo' returned '0': CMAKE_PREFIX_PATH=/home/harikrishnan/ROS_PROJECTS/snake_robot_harmonic_ws/install/ros_gz_example_description:/home/harikrishnan/ROS_PROJECTS/snake_robot_harmonic_ws/install/ros_gz_example_bringup:/home/harikrishnan/ROS_PROJECTS/snake_robot_harmonic_ws/install/ros_gz_example_gazebo:/home/harikrishnan/ROS_PROJECTS/snake_robot_harmonic_ws/install/ros_gz_example_application:/opt/ros/jazzy/opt/gz_sim_vendor:/opt/ros/jazzy/opt/gz_sensors_vendor:/opt/ros/jazzy/opt/gz_physics_vendor:/opt/ros/jazzy/opt/sdformat_vendor:/opt/ros/jazzy/opt/gz_gui_vendor:/opt/ros/jazzy/opt/gz_transport_vendor:/opt/ros/jazzy/opt/gz_rendering_vendor:/opt/ros/jazzy/opt/gz_plugin_vendor:/opt/ros/jazzy/opt/gz_fuel_tools_vendor:/opt/ros/jazzy/opt/gz_msgs_vendor:/opt/ros/jazzy/opt/gz_common_vendor:/opt/ros/jazzy/opt/gz_math_vendor:/opt/ros/jazzy/opt/gz_utils_vendor:/opt/ros/jazzy/opt/gz_tools_vendor:/opt/ros/jazzy/opt/gz_ogre_next_vendor:/opt/ros/jazzy/opt/gz_dartsim_vendor:/opt/ros/jazzy/opt/gz_cmake_vendor:/home/harikrishnan/turtlebot3_ws/install/turtlebot3:/home/harikrishnan/turtlebot3_ws/install/turtlebot3_bringup:/home/harikrishnan/turtlebot3_ws/install/turtlebot3_node:/home/harikrishnan/turtlebot3_ws/install/turtlebot3_navigation2:/home/harikrishnan/turtlebot3_ws/install/turtlebot3_msgs:/home/harikrishnan/turtlebot3_ws/install/turtlebot3_description:/home/harikrishnan/turtlebot3_ws/install/turtlebot3_cartographer:/home/harikrishnan/turtlebot3_ws/install/dynamixel_sdk_examples:/home/harikrishnan/turtlebot3_ws/install/dynamixel_sdk_custom_interfaces:/home/harikrishnan/turtlebot3_ws/install/dynamixel_sdk:/home/harikrishnan/ros2_ws/install/snake_bot:/opt/ros/jazzy:/home/harikrishnan/turtlebot3_ws/install/turtlebot3_teleop:/home/harikrishnan/turtlebot3_ws/install/turtlebot3_example DEBUGINFOD_URLS=https://debuginfod.ubuntu.com GZ_SIM_RESOURCE_PATH=/home/harikrishnan/ROS_PROJECTS/snake_robot_harmonic_ws/install/ros_gz_example_description/share/ros_gz_example_description/models:${GZ_SIM_RESOURCE_PATH} /usr/bin/cmake --install /home/harikrishnan/ROS_PROJECTS/snake_robot_harmonic_ws/build/ros_gz_example_gazebo
[0.912s] Level 1:colcon.colcon_core.environment:checking '/home/harikrishnan/ROS_PROJECTS/snake_robot_harmonic_ws/install/ros_gz_example_gazebo' for CMake config files
[0.912s] Level 1:colcon.colcon_core.shell:create_environment_hook('ros_gz_example_gazebo', 'cmake_prefix_path')
[0.913s] INFO:colcon.colcon_core.shell:Creating environment hook '/home/harikrishnan/ROS_PROJECTS/snake_robot_harmonic_ws/install/ros_gz_example_gazebo/share/ros_gz_example_gazebo/hook/cmake_prefix_path.ps1'
[0.914s] INFO:colcon.colcon_core.shell:Creating environment descriptor '/home/harikrishnan/ROS_PROJECTS/snake_robot_harmonic_ws/install/ros_gz_example_gazebo/share/ros_gz_example_gazebo/hook/cmake_prefix_path.dsv'
[0.915s] INFO:colcon.colcon_core.shell:Creating environment hook '/home/harikrishnan/ROS_PROJECTS/snake_robot_harmonic_ws/install/ros_gz_example_gazebo/share/ros_gz_example_gazebo/hook/cmake_prefix_path.sh'
[0.916s] Level 1:colcon.colcon_core.environment:checking '/home/harikrishnan/ROS_PROJECTS/snake_robot_harmonic_ws/install/ros_gz_example_gazebo/lib'
[0.917s] Level 1:colcon.colcon_core.environment:checking '/home/harikrishnan/ROS_PROJECTS/snake_robot_harmonic_ws/install/ros_gz_example_gazebo/bin'
[0.917s] Level 1:colcon.colcon_core.environment:checking '/home/harikrishnan/ROS_PROJECTS/snake_robot_harmonic_ws/install/ros_gz_example_gazebo/lib/pkgconfig/ros_gz_example_gazebo.pc'
[0.917s] Level 1:colcon.colcon_core.environment:checking '/home/harikrishnan/ROS_PROJECTS/snake_robot_harmonic_ws/install/ros_gz_example_gazebo/lib/python3.12/site-packages'
[0.918s] Level 1:colcon.colcon_core.environment:checking '/home/harikrishnan/ROS_PROJECTS/snake_robot_harmonic_ws/install/ros_gz_example_gazebo/bin'
[0.918s] INFO:colcon.colcon_core.shell:Creating package script '/home/harikrishnan/ROS_PROJECTS/snake_robot_harmonic_ws/install/ros_gz_example_gazebo/share/ros_gz_example_gazebo/package.ps1'
[0.919s] INFO:colcon.colcon_core.shell:Creating package descriptor '/home/harikrishnan/ROS_PROJECTS/snake_robot_harmonic_ws/install/ros_gz_example_gazebo/share/ros_gz_example_gazebo/package.dsv'
[0.920s] INFO:colcon.colcon_core.shell:Creating package script '/home/harikrishnan/ROS_PROJECTS/snake_robot_harmonic_ws/install/ros_gz_example_gazebo/share/ros_gz_example_gazebo/package.sh'
[0.920s] INFO:colcon.colcon_core.shell:Creating package script '/home/harikrishnan/ROS_PROJECTS/snake_robot_harmonic_ws/install/ros_gz_example_gazebo/share/ros_gz_example_gazebo/package.bash'
[0.921s] INFO:colcon.colcon_core.shell:Creating package script '/home/harikrishnan/ROS_PROJECTS/snake_robot_harmonic_ws/install/ros_gz_example_gazebo/share/ros_gz_example_gazebo/package.zsh'
[0.921s] Level 1:colcon.colcon_core.environment:create_file_with_runtime_dependencies(/home/harikrishnan/ROS_PROJECTS/snake_robot_harmonic_ws/install/ros_gz_example_gazebo/share/colcon-core/packages/ros_gz_example_gazebo)
[0.922s] Level 1:colcon.colcon_core.environment:create_environment_scripts_only(ros_gz_example_gazebo)
[0.922s] Level 1:colcon.colcon_core.environment:checking '/home/harikrishnan/ROS_PROJECTS/snake_robot_harmonic_ws/install/ros_gz_example_gazebo' for CMake module files
[0.923s] Level 1:colcon.colcon_core.environment:checking '/home/harikrishnan/ROS_PROJECTS/snake_robot_harmonic_ws/install/ros_gz_example_gazebo' for CMake config files
[0.924s] Level 1:colcon.colcon_core.shell:create_environment_hook('ros_gz_example_gazebo', 'cmake_prefix_path')
[0.924s] INFO:colcon.colcon_core.shell:Creating environment hook '/home/harikrishnan/ROS_PROJECTS/snake_robot_harmonic_ws/install/ros_gz_example_gazebo/share/ros_gz_example_gazebo/hook/cmake_prefix_path.ps1'
[0.925s] INFO:colcon.colcon_core.shell:Creating environment descriptor '/home/harikrishnan/ROS_PROJECTS/snake_robot_harmonic_ws/install/ros_gz_example_gazebo/share/ros_gz_example_gazebo/hook/cmake_prefix_path.dsv'
[0.925s] INFO:colcon.colcon_core.shell:Creating environment hook '/home/harikrishnan/ROS_PROJECTS/snake_robot_harmonic_ws/install/ros_gz_example_gazebo/share/ros_gz_example_gazebo/hook/cmake_prefix_path.sh'
[0.926s] Level 1:colcon.colcon_core.environment:checking '/home/harikrishnan/ROS_PROJECTS/snake_robot_harmonic_ws/install/ros_gz_example_gazebo/lib'
[0.926s] Level 1:colcon.colcon_core.environment:checking '/home/harikrishnan/ROS_PROJECTS/snake_robot_harmonic_ws/install/ros_gz_example_gazebo/bin'
[0.927s] Level 1:colcon.colcon_core.environment:checking '/home/harikrishnan/ROS_PROJECTS/snake_robot_harmonic_ws/install/ros_gz_example_gazebo/lib/pkgconfig/ros_gz_example_gazebo.pc'
[0.927s] Level 1:colcon.colcon_core.environment:checking '/home/harikrishnan/ROS_PROJECTS/snake_robot_harmonic_ws/install/ros_gz_example_gazebo/lib/python3.12/site-packages'
[0.928s] Level 1:colcon.colcon_core.environment:checking '/home/harikrishnan/ROS_PROJECTS/snake_robot_harmonic_ws/install/ros_gz_example_gazebo/bin'
[0.928s] INFO:colcon.colcon_core.shell:Creating package script '/home/harikrishnan/ROS_PROJECTS/snake_robot_harmonic_ws/install/ros_gz_example_gazebo/share/ros_gz_example_gazebo/package.ps1'
[0.930s] INFO:colcon.colcon_core.shell:Creating package descriptor '/home/harikrishnan/ROS_PROJECTS/snake_robot_harmonic_ws/install/ros_gz_example_gazebo/share/ros_gz_example_gazebo/package.dsv'
[0.931s] INFO:colcon.colcon_core.shell:Creating package script '/home/harikrishnan/ROS_PROJECTS/snake_robot_harmonic_ws/install/ros_gz_example_gazebo/share/ros_gz_example_gazebo/package.sh'
[0.932s] INFO:colcon.colcon_core.shell:Creating package script '/home/harikrishnan/ROS_PROJECTS/snake_robot_harmonic_ws/install/ros_gz_example_gazebo/share/ros_gz_example_gazebo/package.bash'
[0.934s] INFO:colcon.colcon_core.shell:Creating package script '/home/harikrishnan/ROS_PROJECTS/snake_robot_harmonic_ws/install/ros_gz_example_gazebo/share/ros_gz_example_gazebo/package.zsh'
[0.934s] Level 1:colcon.colcon_core.environment:create_file_with_runtime_dependencies(/home/harikrishnan/ROS_PROJECTS/snake_robot_harmonic_ws/install/ros_gz_example_gazebo/share/colcon-core/packages/ros_gz_example_gazebo)
[0.935s] INFO:colcon.colcon_ros.task.ament_cmake.build:Building ROS package in '/home/harikrishnan/ROS_PROJECTS/snake_robot_harmonic_ws/src/ros_gz_example_bringup' with build type 'ament_cmake'
[0.935s] INFO:colcon.colcon_cmake.task.cmake.build:Building CMake package in '/home/harikrishnan/ROS_PROJECTS/snake_robot_harmonic_ws/src/ros_gz_example_bringup'
[0.936s] INFO:colcon.colcon_core.shell:Skip shell extension 'powershell' for command environment: Not usable outside of PowerShell
[0.936s] DEBUG:colcon.colcon_core.shell:Skip shell extension 'dsv' for command environment
[0.962s] DEBUG:colcon.colcon_core.event_handler.log_command:Invoking command in '/home/harikrishnan/ROS_PROJECTS/snake_robot_harmonic_ws/build/ros_gz_example_bringup': CMAKE_PREFIX_PATH=/home/harikrishnan/ROS_PROJECTS/snake_robot_harmonic_ws/install/ros_gz_example_gazebo:/home/harikrishnan/ROS_PROJECTS/snake_robot_harmonic_ws/install/ros_gz_example_description:/home/harikrishnan/ROS_PROJECTS/snake_robot_harmonic_ws/install/ros_gz_example_bringup:/home/harikrishnan/ROS_PROJECTS/snake_robot_harmonic_ws/install/ros_gz_example_application:/opt/ros/jazzy/opt/gz_sim_vendor:/opt/ros/jazzy/opt/gz_sensors_vendor:/opt/ros/jazzy/opt/gz_physics_vendor:/opt/ros/jazzy/opt/sdformat_vendor:/opt/ros/jazzy/opt/gz_gui_vendor:/opt/ros/jazzy/opt/gz_transport_vendor:/opt/ros/jazzy/opt/gz_rendering_vendor:/opt/ros/jazzy/opt/gz_plugin_vendor:/opt/ros/jazzy/opt/gz_fuel_tools_vendor:/opt/ros/jazzy/opt/gz_msgs_vendor:/opt/ros/jazzy/opt/gz_common_vendor:/opt/ros/jazzy/opt/gz_math_vendor:/opt/ros/jazzy/opt/gz_utils_vendor:/opt/ros/jazzy/opt/gz_tools_vendor:/opt/ros/jazzy/opt/gz_ogre_next_vendor:/opt/ros/jazzy/opt/gz_dartsim_vendor:/opt/ros/jazzy/opt/gz_cmake_vendor:/home/harikrishnan/turtlebot3_ws/install/turtlebot3:/home/harikrishnan/turtlebot3_ws/install/turtlebot3_bringup:/home/harikrishnan/turtlebot3_ws/install/turtlebot3_node:/home/harikrishnan/turtlebot3_ws/install/turtlebot3_navigation2:/home/harikrishnan/turtlebot3_ws/install/turtlebot3_msgs:/home/harikrishnan/turtlebot3_ws/install/turtlebot3_description:/home/harikrishnan/turtlebot3_ws/install/turtlebot3_cartographer:/home/harikrishnan/turtlebot3_ws/install/dynamixel_sdk_examples:/home/harikrishnan/turtlebot3_ws/install/dynamixel_sdk_custom_interfaces:/home/harikrishnan/turtlebot3_ws/install/dynamixel_sdk:/home/harikrishnan/ros2_ws/install/snake_bot:/opt/ros/jazzy:/home/harikrishnan/turtlebot3_ws/install/turtlebot3_teleop:/home/harikrishnan/turtlebot3_ws/install/turtlebot3_example DEBUGINFOD_URLS=https://debuginfod.ubuntu.com GZ_SIM_PLUGIN_PATH=/home/harikrishnan/ROS_PROJECTS/snake_robot_harmonic_ws/install/ros_gz_example_gazebo/lib/ros_gz_example_gazebo GZ_SIM_RESOURCE_PATH=/home/harikrishnan/ROS_PROJECTS/snake_robot_harmonic_ws/install/ros_gz_example_description/share/ros_gz_example_description/models:${GZ_SIM_RESOURCE_PATH} /usr/bin/cmake --build /home/harikrishnan/ROS_PROJECTS/snake_robot_harmonic_ws/build/ros_gz_example_bringup -- -j12 -l12
[1.030s] DEBUG:colcon.colcon_core.event_handler.log_command:Invoked command in '/home/harikrishnan/ROS_PROJECTS/snake_robot_harmonic_ws/build/ros_gz_example_bringup' returned '0': CMAKE_PREFIX_PATH=/home/harikrishnan/ROS_PROJECTS/snake_robot_harmonic_ws/install/ros_gz_example_gazebo:/home/harikrishnan/ROS_PROJECTS/snake_robot_harmonic_ws/install/ros_gz_example_description:/home/harikrishnan/ROS_PROJECTS/snake_robot_harmonic_ws/install/ros_gz_example_bringup:/home/harikrishnan/ROS_PROJECTS/snake_robot_harmonic_ws/install/ros_gz_example_application:/opt/ros/jazzy/opt/gz_sim_vendor:/opt/ros/jazzy/opt/gz_sensors_vendor:/opt/ros/jazzy/opt/gz_physics_vendor:/opt/ros/jazzy/opt/sdformat_vendor:/opt/ros/jazzy/opt/gz_gui_vendor:/opt/ros/jazzy/opt/gz_transport_vendor:/opt/ros/jazzy/opt/gz_rendering_vendor:/opt/ros/jazzy/opt/gz_plugin_vendor:/opt/ros/jazzy/opt/gz_fuel_tools_vendor:/opt/ros/jazzy/opt/gz_msgs_vendor:/opt/ros/jazzy/opt/gz_common_vendor:/opt/ros/jazzy/opt/gz_math_vendor:/opt/ros/jazzy/opt/gz_utils_vendor:/opt/ros/jazzy/opt/gz_tools_vendor:/opt/ros/jazzy/opt/gz_ogre_next_vendor:/opt/ros/jazzy/opt/gz_dartsim_vendor:/opt/ros/jazzy/opt/gz_cmake_vendor:/home/harikrishnan/turtlebot3_ws/install/turtlebot3:/home/harikrishnan/turtlebot3_ws/install/turtlebot3_bringup:/home/harikrishnan/turtlebot3_ws/install/turtlebot3_node:/home/harikrishnan/turtlebot3_ws/install/turtlebot3_navigation2:/home/harikrishnan/turtlebot3_ws/install/turtlebot3_msgs:/home/harikrishnan/turtlebot3_ws/install/turtlebot3_description:/home/harikrishnan/turtlebot3_ws/install/turtlebot3_cartographer:/home/harikrishnan/turtlebot3_ws/install/dynamixel_sdk_examples:/home/harikrishnan/turtlebot3_ws/install/dynamixel_sdk_custom_interfaces:/home/harikrishnan/turtlebot3_ws/install/dynamixel_sdk:/home/harikrishnan/ros2_ws/install/snake_bot:/opt/ros/jazzy:/home/harikrishnan/turtlebot3_ws/install/turtlebot3_teleop:/home/harikrishnan/turtlebot3_ws/install/turtlebot3_example DEBUGINFOD_URLS=https://debuginfod.ubuntu.com GZ_SIM_PLUGIN_PATH=/home/harikrishnan/ROS_PROJECTS/snake_robot_harmonic_ws/install/ros_gz_example_gazebo/lib/ros_gz_example_gazebo GZ_SIM_RESOURCE_PATH=/home/harikrishnan/ROS_PROJECTS/snake_robot_harmonic_ws/install/ros_gz_example_description/share/ros_gz_example_description/models:${GZ_SIM_RESOURCE_PATH} /usr/bin/cmake --build /home/harikrishnan/ROS_PROJECTS/snake_robot_harmonic_ws/build/ros_gz_example_bringup -- -j12 -l12
[1.032s] DEBUG:colcon.colcon_core.event_handler.log_command:Invoking command in '/home/harikrishnan/ROS_PROJECTS/snake_robot_harmonic_ws/build/ros_gz_example_bringup': CMAKE_PREFIX_PATH=/home/harikrishnan/ROS_PROJECTS/snake_robot_harmonic_ws/install/ros_gz_example_gazebo:/home/harikrishnan/ROS_PROJECTS/snake_robot_harmonic_ws/install/ros_gz_example_description:/home/harikrishnan/ROS_PROJECTS/snake_robot_harmonic_ws/install/ros_gz_example_bringup:/home/harikrishnan/ROS_PROJECTS/snake_robot_harmonic_ws/install/ros_gz_example_application:/opt/ros/jazzy/opt/gz_sim_vendor:/opt/ros/jazzy/opt/gz_sensors_vendor:/opt/ros/jazzy/opt/gz_physics_vendor:/opt/ros/jazzy/opt/sdformat_vendor:/opt/ros/jazzy/opt/gz_gui_vendor:/opt/ros/jazzy/opt/gz_transport_vendor:/opt/ros/jazzy/opt/gz_rendering_vendor:/opt/ros/jazzy/opt/gz_plugin_vendor:/opt/ros/jazzy/opt/gz_fuel_tools_vendor:/opt/ros/jazzy/opt/gz_msgs_vendor:/opt/ros/jazzy/opt/gz_common_vendor:/opt/ros/jazzy/opt/gz_math_vendor:/opt/ros/jazzy/opt/gz_utils_vendor:/opt/ros/jazzy/opt/gz_tools_vendor:/opt/ros/jazzy/opt/gz_ogre_next_vendor:/opt/ros/jazzy/opt/gz_dartsim_vendor:/opt/ros/jazzy/opt/gz_cmake_vendor:/home/harikrishnan/turtlebot3_ws/install/turtlebot3:/home/harikrishnan/turtlebot3_ws/install/turtlebot3_bringup:/home/harikrishnan/turtlebot3_ws/install/turtlebot3_node:/home/harikrishnan/turtlebot3_ws/install/turtlebot3_navigation2:/home/harikrishnan/turtlebot3_ws/install/turtlebot3_msgs:/home/harikrishnan/turtlebot3_ws/install/turtlebot3_description:/home/harikrishnan/turtlebot3_ws/install/turtlebot3_cartographer:/home/harikrishnan/turtlebot3_ws/install/dynamixel_sdk_examples:/home/harikrishnan/turtlebot3_ws/install/dynamixel_sdk_custom_interfaces:/home/harikrishnan/turtlebot3_ws/install/dynamixel_sdk:/home/harikrishnan/ros2_ws/install/snake_bot:/opt/ros/jazzy:/home/harikrishnan/turtlebot3_ws/install/turtlebot3_teleop:/home/harikrishnan/turtlebot3_ws/install/turtlebot3_example DEBUGINFOD_URLS=https://debuginfod.ubuntu.com GZ_SIM_PLUGIN_PATH=/home/harikrishnan/ROS_PROJECTS/snake_robot_harmonic_ws/install/ros_gz_example_gazebo/lib/ros_gz_example_gazebo GZ_SIM_RESOURCE_PATH=/home/harikrishnan/ROS_PROJECTS/snake_robot_harmonic_ws/install/ros_gz_example_description/share/ros_gz_example_description/models:${GZ_SIM_RESOURCE_PATH} /usr/bin/cmake --install /home/harikrishnan/ROS_PROJECTS/snake_robot_harmonic_ws/build/ros_gz_example_bringup
[1.052s] Level 1:colcon.colcon_core.environment:create_environment_scripts_only(ros_gz_example_bringup)
[1.052s] Level 1:colcon.colcon_core.environment:checking '/home/harikrishnan/ROS_PROJECTS/snake_robot_harmonic_ws/install/ros_gz_example_bringup' for CMake module files
[1.053s] DEBUG:colcon.colcon_core.event_handler.log_command:Invoked command in '/home/harikrishnan/ROS_PROJECTS/snake_robot_harmonic_ws/build/ros_gz_example_bringup' returned '0': CMAKE_PREFIX_PATH=/home/harikrishnan/ROS_PROJECTS/snake_robot_harmonic_ws/install/ros_gz_example_gazebo:/home/harikrishnan/ROS_PROJECTS/snake_robot_harmonic_ws/install/ros_gz_example_description:/home/harikrishnan/ROS_PROJECTS/snake_robot_harmonic_ws/install/ros_gz_example_bringup:/home/harikrishnan/ROS_PROJECTS/snake_robot_harmonic_ws/install/ros_gz_example_application:/opt/ros/jazzy/opt/gz_sim_vendor:/opt/ros/jazzy/opt/gz_sensors_vendor:/opt/ros/jazzy/opt/gz_physics_vendor:/opt/ros/jazzy/opt/sdformat_vendor:/opt/ros/jazzy/opt/gz_gui_vendor:/opt/ros/jazzy/opt/gz_transport_vendor:/opt/ros/jazzy/opt/gz_rendering_vendor:/opt/ros/jazzy/opt/gz_plugin_vendor:/opt/ros/jazzy/opt/gz_fuel_tools_vendor:/opt/ros/jazzy/opt/gz_msgs_vendor:/opt/ros/jazzy/opt/gz_common_vendor:/opt/ros/jazzy/opt/gz_math_vendor:/opt/ros/jazzy/opt/gz_utils_vendor:/opt/ros/jazzy/opt/gz_tools_vendor:/opt/ros/jazzy/opt/gz_ogre_next_vendor:/opt/ros/jazzy/opt/gz_dartsim_vendor:/opt/ros/jazzy/opt/gz_cmake_vendor:/home/harikrishnan/turtlebot3_ws/install/turtlebot3:/home/harikrishnan/turtlebot3_ws/install/turtlebot3_bringup:/home/harikrishnan/turtlebot3_ws/install/turtlebot3_node:/home/harikrishnan/turtlebot3_ws/install/turtlebot3_navigation2:/home/harikrishnan/turtlebot3_ws/install/turtlebot3_msgs:/home/harikrishnan/turtlebot3_ws/install/turtlebot3_description:/home/harikrishnan/turtlebot3_ws/install/turtlebot3_cartographer:/home/harikrishnan/turtlebot3_ws/install/dynamixel_sdk_examples:/home/harikrishnan/turtlebot3_ws/install/dynamixel_sdk_custom_interfaces:/home/harikrishnan/turtlebot3_ws/install/dynamixel_sdk:/home/harikrishnan/ros2_ws/install/snake_bot:/opt/ros/jazzy:/home/harikrishnan/turtlebot3_ws/install/turtlebot3_teleop:/home/harikrishnan/turtlebot3_ws/install/turtlebot3_example DEBUGINFOD_URLS=https://debuginfod.ubuntu.com GZ_SIM_PLUGIN_PATH=/home/harikrishnan/ROS_PROJECTS/snake_robot_harmonic_ws/install/ros_gz_example_gazebo/lib/ros_gz_example_gazebo GZ_SIM_RESOURCE_PATH=/home/harikrishnan/ROS_PROJECTS/snake_robot_harmonic_ws/install/ros_gz_example_description/share/ros_gz_example_description/models:${GZ_SIM_RESOURCE_PATH} /usr/bin/cmake --install /home/harikrishnan/ROS_PROJECTS/snake_robot_harmonic_ws/build/ros_gz_example_bringup
[1.055s] Level 1:colcon.colcon_core.environment:checking '/home/harikrishnan/ROS_PROJECTS/snake_robot_harmonic_ws/install/ros_gz_example_bringup' for CMake config files
[1.056s] Level 1:colcon.colcon_core.shell:create_environment_hook('ros_gz_example_bringup', 'cmake_prefix_path')
[1.056s] INFO:colcon.colcon_core.shell:Creating environment hook '/home/harikrishnan/ROS_PROJECTS/snake_robot_harmonic_ws/install/ros_gz_example_bringup/share/ros_gz_example_bringup/hook/cmake_prefix_path.ps1'
[1.057s] INFO:colcon.colcon_core.shell:Creating environment descriptor '/home/harikrishnan/ROS_PROJECTS/snake_robot_harmonic_ws/install/ros_gz_example_bringup/share/ros_gz_example_bringup/hook/cmake_prefix_path.dsv'
[1.058s] INFO:colcon.colcon_core.shell:Creating environment hook '/home/harikrishnan/ROS_PROJECTS/snake_robot_harmonic_ws/install/ros_gz_example_bringup/share/ros_gz_example_bringup/hook/cmake_prefix_path.sh'
[1.058s] Level 1:colcon.colcon_core.environment:checking '/home/harikrishnan/ROS_PROJECTS/snake_robot_harmonic_ws/install/ros_gz_example_bringup/bin'
[1.059s] Level 1:colcon.colcon_core.environment:checking '/home/harikrishnan/ROS_PROJECTS/snake_robot_harmonic_ws/install/ros_gz_example_bringup/lib/pkgconfig/ros_gz_example_bringup.pc'
[1.059s] Level 1:colcon.colcon_core.environment:checking '/home/harikrishnan/ROS_PROJECTS/snake_robot_harmonic_ws/install/ros_gz_example_bringup/lib/python3.12/site-packages'
[1.059s] Level 1:colcon.colcon_core.environment:checking '/home/harikrishnan/ROS_PROJECTS/snake_robot_harmonic_ws/install/ros_gz_example_bringup/bin'
[1.059s] INFO:colcon.colcon_core.shell:Creating package script '/home/harikrishnan/ROS_PROJECTS/snake_robot_harmonic_ws/install/ros_gz_example_bringup/share/ros_gz_example_bringup/package.ps1'
[1.060s] INFO:colcon.colcon_core.shell:Creating package descriptor '/home/harikrishnan/ROS_PROJECTS/snake_robot_harmonic_ws/install/ros_gz_example_bringup/share/ros_gz_example_bringup/package.dsv'
[1.060s] INFO:colcon.colcon_core.shell:Creating package script '/home/harikrishnan/ROS_PROJECTS/snake_robot_harmonic_ws/install/ros_gz_example_bringup/share/ros_gz_example_bringup/package.sh'
[1.061s] INFO:colcon.colcon_core.shell:Creating package script '/home/harikrishnan/ROS_PROJECTS/snake_robot_harmonic_ws/install/ros_gz_example_bringup/share/ros_gz_example_bringup/package.bash'
[1.061s] INFO:colcon.colcon_core.shell:Creating package script '/home/harikrishnan/ROS_PROJECTS/snake_robot_harmonic_ws/install/ros_gz_example_bringup/share/ros_gz_example_bringup/package.zsh'
[1.061s] Level 1:colcon.colcon_core.environment:create_file_with_runtime_dependencies(/home/harikrishnan/ROS_PROJECTS/snake_robot_harmonic_ws/install/ros_gz_example_bringup/share/colcon-core/packages/ros_gz_example_bringup)
[1.062s] Level 1:colcon.colcon_core.environment:create_environment_scripts_only(ros_gz_example_bringup)
[1.062s] Level 1:colcon.colcon_core.environment:checking '/home/harikrishnan/ROS_PROJECTS/snake_robot_harmonic_ws/install/ros_gz_example_bringup' for CMake module files
[1.063s] Level 1:colcon.colcon_core.environment:checking '/home/harikrishnan/ROS_PROJECTS/snake_robot_harmonic_ws/install/ros_gz_example_bringup' for CMake config files
[1.063s] Level 1:colcon.colcon_core.shell:create_environment_hook('ros_gz_example_bringup', 'cmake_prefix_path')
[1.063s] INFO:colcon.colcon_core.shell:Creating environment hook '/home/harikrishnan/ROS_PROJECTS/snake_robot_harmonic_ws/install/ros_gz_example_bringup/share/ros_gz_example_bringup/hook/cmake_prefix_path.ps1'
[1.064s] INFO:colcon.colcon_core.shell:Creating environment descriptor '/home/harikrishnan/ROS_PROJECTS/snake_robot_harmonic_ws/install/ros_gz_example_bringup/share/ros_gz_example_bringup/hook/cmake_prefix_path.dsv'
[1.065s] INFO:colcon.colcon_core.shell:Creating environment hook '/home/harikrishnan/ROS_PROJECTS/snake_robot_harmonic_ws/install/ros_gz_example_bringup/share/ros_gz_example_bringup/hook/cmake_prefix_path.sh'
[1.066s] Level 1:colcon.colcon_core.environment:checking '/home/harikrishnan/ROS_PROJECTS/snake_robot_harmonic_ws/install/ros_gz_example_bringup/bin'
[1.066s] Level 1:colcon.colcon_core.environment:checking '/home/harikrishnan/ROS_PROJECTS/snake_robot_harmonic_ws/install/ros_gz_example_bringup/lib/pkgconfig/ros_gz_example_bringup.pc'
[1.066s] Level 1:colcon.colcon_core.environment:checking '/home/harikrishnan/ROS_PROJECTS/snake_robot_harmonic_ws/install/ros_gz_example_bringup/lib/python3.12/site-packages'
[1.067s] Level 1:colcon.colcon_core.environment:checking '/home/harikrishnan/ROS_PROJECTS/snake_robot_harmonic_ws/install/ros_gz_example_bringup/bin'
[1.067s] INFO:colcon.colcon_core.shell:Creating package script '/home/harikrishnan/ROS_PROJECTS/snake_robot_harmonic_ws/install/ros_gz_example_bringup/share/ros_gz_example_bringup/package.ps1'
[1.068s] INFO:colcon.colcon_core.shell:Creating package descriptor '/home/harikrishnan/ROS_PROJECTS/snake_robot_harmonic_ws/install/ros_gz_example_bringup/share/ros_gz_example_bringup/package.dsv'
[1.069s] INFO:colcon.colcon_core.shell:Creating package script '/home/harikrishnan/ROS_PROJECTS/snake_robot_harmonic_ws/install/ros_gz_example_bringup/share/ros_gz_example_bringup/package.sh'
[1.071s] INFO:colcon.colcon_core.shell:Creating package script '/home/harikrishnan/ROS_PROJECTS/snake_robot_harmonic_ws/install/ros_gz_example_bringup/share/ros_gz_example_bringup/package.bash'
[1.071s] INFO:colcon.colcon_core.shell:Creating package script '/home/harikrishnan/ROS_PROJECTS/snake_robot_harmonic_ws/install/ros_gz_example_bringup/share/ros_gz_example_bringup/package.zsh'
[1.072s] Level 1:colcon.colcon_core.environment:create_file_with_runtime_dependencies(/home/harikrishnan/ROS_PROJECTS/snake_robot_harmonic_ws/install/ros_gz_example_bringup/share/colcon-core/packages/ros_gz_example_bringup)
[1.073s] DEBUG:colcon.colcon_parallel_executor.executor.parallel:closing loop
[1.074s] DEBUG:colcon.colcon_parallel_executor.executor.parallel:loop closed
[1.075s] DEBUG:colcon.colcon_parallel_executor.executor.parallel:run_until_complete finished with '0'
[1.075s] DEBUG:colcon.colcon_core.event_reactor:joining thread
[1.087s] INFO:colcon.colcon_core.plugin_system:Skipping extension 'colcon_notification.desktop_notification.terminal_notifier': Not used on non-Darwin systems
[1.088s] INFO:colcon.colcon_core.plugin_system:Skipping extension 'colcon_notification.desktop_notification.win32': Not used on non-Windows systems
[1.088s] INFO:colcon.colcon_notification.desktop_notification:Sending desktop notification using 'notify2'
[1.123s] DEBUG:colcon.colcon_core.event_reactor:joined thread
[1.123s] INFO:colcon.colcon_core.shell:Creating prefix script '/home/harikrishnan/ROS_PROJECTS/snake_robot_harmonic_ws/install/local_setup.ps1'
[1.125s] INFO:colcon.colcon_core.shell:Creating prefix util module '/home/harikrishnan/ROS_PROJECTS/snake_robot_harmonic_ws/install/_local_setup_util_ps1.py'
[1.126s] INFO:colcon.colcon_core.shell:Creating prefix chain script '/home/harikrishnan/ROS_PROJECTS/snake_robot_harmonic_ws/install/setup.ps1'
[1.128s] INFO:colcon.colcon_core.shell:Creating prefix script '/home/harikrishnan/ROS_PROJECTS/snake_robot_harmonic_ws/install/local_setup.sh'
[1.128s] INFO:colcon.colcon_core.shell:Creating prefix util module '/home/harikrishnan/ROS_PROJECTS/snake_robot_harmonic_ws/install/_local_setup_util_sh.py'
[1.129s] INFO:colcon.colcon_core.shell:Creating prefix chain script '/home/harikrishnan/ROS_PROJECTS/snake_robot_harmonic_ws/install/setup.sh'
[1.131s] INFO:colcon.colcon_core.shell:Creating prefix script '/home/harikrishnan/ROS_PROJECTS/snake_robot_harmonic_ws/install/local_setup.bash'
[1.132s] INFO:colcon.colcon_core.shell:Creating prefix chain script '/home/harikrishnan/ROS_PROJECTS/snake_robot_harmonic_ws/install/setup.bash'
[1.133s] INFO:colcon.colcon_core.shell:Creating prefix script '/home/harikrishnan/ROS_PROJECTS/snake_robot_harmonic_ws/install/local_setup.zsh'
[1.134s] INFO:colcon.colcon_core.shell:Creating prefix chain script '/home/harikrishnan/ROS_PROJECTS/snake_robot_harmonic_ws/install/setup.zsh'
