[0.022s] Invoking command in '/home/harikrishnan/ROS_PROJECTS/snake_robot_harmonic_ws/build/ros_gz_example_application': CMAKE_PREFIX_PATH=${CMAKE_PREFIX_PATH}:/opt/ros/jazzy:/home/harikrishnan/turtlebot3_ws/install/turtlebot3_teleop:/home/harikrishnan/turtlebot3_ws/install/turtlebot3_example DEBUGINFOD_URLS=https://debuginfod.ubuntu.com /usr/bin/cmake /home/harikrishnan/ROS_PROJECTS/snake_robot_harmonic_ws/src/ros_gz_example_application -DCMAKE_INSTALL_PREFIX=/home/harikrishnan/ROS_PROJECTS/snake_robot_harmonic_ws/install/ros_gz_example_application
[0.164s] -- The C compiler identification is GNU 13.3.0
[0.332s] -- The CXX compiler identification is GNU 13.3.0
[0.356s] -- Detecting C compiler ABI info
[0.536s] -- Detecting C compiler ABI info - done
[0.557s] -- Check for working C compiler: /usr/bin/cc - skipped
[0.566s] -- Detecting C compile features
[0.567s] -- Detecting C compile features - done
[0.587s] -- Detecting CXX compiler ABI info
[0.780s] -- Detecting CXX compiler ABI info - done
[0.793s] -- Check for working CXX compiler: /usr/bin/c++ - skipped
[0.794s] -- Detecting CXX compile features
[0.794s] -- Detecting CXX compile features - done
[0.800s] -- Found ament_cmake: 2.5.3 (/opt/ros/jazzy/share/ament_cmake/cmake)
[1.010s] -- Found Python3: /home/harikrishnan/ROS_PROJECTS/snake_robot_harmonic_ws/myenv/bin/python3 (found version "3.12.3") found components: Interpreter 
[1.226s] -- Found rclpy: 7.1.3 (/opt/ros/jazzy/share/rclpy/cmake)
[1.255s] Traceback (most recent call last):
[1.255s]   File "/opt/ros/jazzy/share/ament_cmake_core/cmake/core/package_xml_2_cmake.py", line 22, in <module>
[1.256s]     from catkin_pkg.package import parse_package_string
[1.256s] ModuleNotFoundError: No module named 'catkin_pkg'
[1.260s] [31mCMake Error at /opt/ros/jazzy/share/ament_cmake_core/cmake/core/ament_package_xml.cmake:95 (message):
[1.260s]   
[1.260s]   execute_process(/home/harikrishnan/ROS_PROJECTS/snake_robot_harmonic_ws/myenv/bin/python3
[1.260s]   /opt/ros/jazzy/share/ament_cmake_core/cmake/core/package_xml_2_cmake.py
[1.260s]   /home/harikrishnan/ROS_PROJECTS/snake_robot_harmonic_ws/src/ros_gz_example_application/package.xml
[1.260s]   /home/harikrishnan/ROS_PROJECTS/snake_robot_harmonic_ws/build/ros_gz_example_application/ament_cmake_core/package.cmake)
[1.261s]   returned error code 1
[1.261s] Call Stack (most recent call first):
[1.261s]   /opt/ros/jazzy/share/ament_cmake_core/cmake/core/ament_package_xml.cmake:49 (_ament_package_xml)
[1.261s]   /opt/ros/jazzy/share/ament_cmake_core/cmake/core/ament_package.cmake:63 (ament_package_xml)
[1.261s]   CMakeLists.txt:20 (ament_package)
[1.261s] 
[1.261s] [0m
[1.262s] -- Configuring incomplete, errors occurred!
[1.267s] Invoked command in '/home/harikrishnan/ROS_PROJECTS/snake_robot_harmonic_ws/build/ros_gz_example_application' returned '1': CMAKE_PREFIX_PATH=${CMAKE_PREFIX_PATH}:/opt/ros/jazzy:/home/harikrishnan/turtlebot3_ws/install/turtlebot3_teleop:/home/harikrishnan/turtlebot3_ws/install/turtlebot3_example DEBUGINFOD_URLS=https://debuginfod.ubuntu.com /usr/bin/cmake /home/harikrishnan/ROS_PROJECTS/snake_robot_harmonic_ws/src/ros_gz_example_application -DCMAKE_INSTALL_PREFIX=/home/harikrishnan/ROS_PROJECTS/snake_robot_harmonic_ws/install/ros_gz_example_application
