[0.026s] Invoking command in '/home/harikrishnan/ROS_PROJECTS/snake_robot_harmonic_ws/build/ros_gz_example_gazebo': CMAKE_PREFIX_PATH=/home/harikrishnan/ROS_PROJECTS/snake_robot_harmonic_ws/install/ros_gz_example_description:/home/harikrishnan/ROS_PROJECTS/snake_robot_harmonic_ws/install/ros_gz_example_bringup:/home/harikrishnan/ROS_PROJECTS/snake_robot_harmonic_ws/install/ros_gz_example_gazebo:/home/harikrishnan/ROS_PROJECTS/snake_robot_harmonic_ws/install/ros_gz_example_application:/opt/ros/jazzy/opt/gz_sim_vendor:/opt/ros/jazzy/opt/gz_sensors_vendor:/opt/ros/jazzy/opt/gz_physics_vendor:/opt/ros/jazzy/opt/sdformat_vendor:/opt/ros/jazzy/opt/gz_gui_vendor:/opt/ros/jazzy/opt/gz_transport_vendor:/opt/ros/jazzy/opt/gz_rendering_vendor:/opt/ros/jazzy/opt/gz_plugin_vendor:/opt/ros/jazzy/opt/gz_fuel_tools_vendor:/opt/ros/jazzy/opt/gz_msgs_vendor:/opt/ros/jazzy/opt/gz_common_vendor:/opt/ros/jazzy/opt/gz_math_vendor:/opt/ros/jazzy/opt/gz_utils_vendor:/opt/ros/jazzy/opt/gz_tools_vendor:/opt/ros/jazzy/opt/gz_ogre_next_vendor:/opt/ros/jazzy/opt/gz_dartsim_vendor:/opt/ros/jazzy/opt/gz_cmake_vendor:/home/harikrishnan/turtlebot3_ws/install/turtlebot3:/home/harikrishnan/turtlebot3_ws/install/turtlebot3_bringup:/home/harikrishnan/turtlebot3_ws/install/turtlebot3_node:/home/harikrishnan/turtlebot3_ws/install/turtlebot3_navigation2:/home/harikrishnan/turtlebot3_ws/install/turtlebot3_msgs:/home/harikrishnan/turtlebot3_ws/install/turtlebot3_description:/home/harikrishnan/turtlebot3_ws/install/turtlebot3_cartographer:/home/harikrishnan/turtlebot3_ws/install/dynamixel_sdk_examples:/home/harikrishnan/turtlebot3_ws/install/dynamixel_sdk_custom_interfaces:/home/harikrishnan/turtlebot3_ws/install/dynamixel_sdk:/home/harikrishnan/ros2_ws/install/snake_bot:/opt/ros/jazzy:/home/harikrishnan/turtlebot3_ws/install/turtlebot3_teleop:/home/harikrishnan/turtlebot3_ws/install/turtlebot3_example DEBUGINFOD_URLS=https://debuginfod.ubuntu.com GZ_SIM_RESOURCE_PATH=/home/harikrishnan/ROS_PROJECTS/snake_robot_harmonic_ws/install/ros_gz_example_description/share/ros_gz_example_description/models:${GZ_SIM_RESOURCE_PATH} /usr/bin/cmake /home/harikrishnan/ROS_PROJECTS/snake_robot_harmonic_ws/src/ros_gz_example_gazebo -DCMAKE_INSTALL_PREFIX=/home/harikrishnan/ROS_PROJECTS/snake_robot_harmonic_ws/install/ros_gz_example_gazebo
[0.066s] -- Found ament_cmake: 2.5.3 (/opt/ros/jazzy/share/ament_cmake/cmake)
[0.484s] -- Override CMake install command with custom implementation using symlinks instead of copying resources
[0.496s] -- Found ros_gz_example_description: 0.0.0 (/home/harikrishnan/ROS_PROJECTS/snake_robot_harmonic_ws/install/ros_gz_example_description/share/ros_gz_example_description/cmake)
[0.510s] -- Looking for gz-plugin2 -- found version 2.0.4
[0.511s] -- Searching for dependencies of gz-plugin2
[0.513s] -- Looking for gz-utils2 -- found version 2.2.0
[0.513s] -- Searching for dependencies of gz-utils2
[0.514s] -- Searching for <gz-utils2> component [cli]
[0.515s] -- Looking for gz-utils2-cli -- found version 2.2.0
[0.515s] -- Searching for dependencies of gz-utils2-cli
[0.517s] -- Searching for <gz-plugin2> component [register]
[0.518s] -- Looking for gz-plugin2-register -- found version 2.0.4
[0.518s] -- Searching for dependencies of gz-plugin2-register
[0.520s] -- Looking for gz-common5 -- found version 5.7.1
[0.520s] -- Searching for dependencies of gz-common5
[0.520s] -- Looking for gz-utils2 -- found version 2.2.0
[0.521s] -- Looking for dlfcn.h - found
[0.522s] -- Looking for libdl - found
[0.535s] -- Checking for module 'uuid'
[0.569s] --   Found uuid, version 2.39.3
[0.624s] -- Searching for <gz-common5> component [profiler]
[0.626s] -- Looking for gz-common5-profiler -- found version 5.7.1
[0.626s] -- Searching for dependencies of gz-common5-profiler
[0.630s] -- Looking for gz-sim8 -- found version 8.9.0
[0.630s] -- Searching for dependencies of gz-sim8
[0.631s] -- Looking for sdformat14 -- found version 14.7.0
[0.631s] -- Searching for dependencies of sdformat14
[0.640s] -- Checking for module 'tinyxml2'
[0.673s] --   Found tinyxml2, version 10.0.0
[0.726s] -- Looking for gz-math7 -- found version 7.5.1
[0.727s] -- Searching for dependencies of gz-math7
[0.727s] -- Looking for gz-utils2 -- found version 2.2.0
[0.729s] -- Looking for gz-utils2 -- found version 2.2.0
[0.731s] -- Looking for gz-plugin2 -- found version 2.0.4
[0.731s] -- Searching for dependencies of gz-plugin2
[0.732s] -- Looking for gz-utils2 -- found version 2.2.0
[0.732s] -- Searching for <gz-plugin2> component [loader]
[0.734s] -- Looking for gz-plugin2-loader -- found version 2.0.4
[0.734s] -- Searching for dependencies of gz-plugin2-loader
[0.735s] -- Searching for <gz-plugin2> component [register]
[0.736s] -- Looking for gz-transport13 -- found version 13.4.1
[0.736s] -- Searching for dependencies of gz-transport13
[0.812s] -- Config-file not installed for ZeroMQ -- checking for pkg-config
[0.819s] -- Checking for module 'libzmq >= 4'
[0.845s] --   Found libzmq, version 4.3.5
[0.931s] -- Looking for gz-utils2 -- found version 2.2.0
[0.932s] -- Looking for gz-msgs10 -- found version 10.3.2
[0.932s] -- Searching for dependencies of gz-msgs10
[0.971s] -- Looking for gz-utils2 -- found version 2.2.0
[0.973s] -- Looking for gz-math7 -- found version 7.5.1
[0.989s] -- Searching for <gz-transport13> component [log]
[0.991s] -- Looking for gz-transport13-log -- found version 13.4.1
[0.991s] -- Searching for dependencies of gz-transport13-log
[0.993s] -- Searching for <gz-transport13> component [parameters]
[0.994s] -- Looking for gz-transport13-parameters -- found version 13.4.1
[0.994s] -- Searching for dependencies of gz-transport13-parameters
[0.996s] -- Looking for gz-msgs10 -- found version 10.3.2
[0.997s] -- Looking for gz-common5 -- found version 5.7.1
[0.997s] -- Searching for dependencies of gz-common5
[0.998s] -- Looking for gz-utils2 -- found version 2.2.0
[0.999s] -- Looking for dlfcn.h - found
[0.999s] -- Looking for libdl - found
[1.012s] -- Searching for <gz-common5> component [av]
[1.013s] -- Looking for gz-common5-av -- found version 5.7.1
[1.013s] -- Searching for dependencies of gz-common5-av
[1.021s] -- Checking for module 'libswscale'
[1.046s] --   Found libswscale, version 7.5.100
[1.119s] -- Checking for module 'libavdevice >= 56.4.100'
[1.144s] --   Found libavdevice, version 60.3.100
[1.238s] -- Checking for module 'libavformat'
[1.268s] --   Found libavformat, version 60.16.100
[1.341s] -- Checking for module 'libavcodec'
[1.375s] --   Found libavcodec, version 60.31.102
[1.443s] -- Checking for module 'libavutil'
[1.476s] --   Found libavutil, version 58.29.100
[1.537s] -- Searching for <gz-common5> component [events]
[1.538s] -- Looking for gz-common5-events -- found version 5.7.1
[1.538s] -- Searching for dependencies of gz-common5-events
[1.539s] -- Looking for gz-math7 -- found version 7.5.1
[1.540s] -- Searching for <gz-common5> component [graphics]
[1.541s] -- Looking for gz-common5-graphics -- found version 5.7.1
[1.541s] -- Searching for dependencies of gz-common5-graphics
[1.542s] -- Looking for gz-math7 -- found version 7.5.1
[1.547s] -- Searching for <gz-common5> component [io]
[1.549s] -- Looking for gz-common5-io -- found version 5.7.1
[1.549s] -- Searching for dependencies of gz-common5-io
[1.551s] -- Searching for <gz-common5> component [profiler]
[1.553s] -- Looking for gz-fuel_tools9 -- found version 9.1.1
[1.553s] -- Searching for dependencies of gz-fuel_tools9
[1.668s] -- Checking for module 'jsoncpp'
[1.708s] --   Found jsoncpp, version 1.9.5
[1.803s] -- Checking for module 'yaml-0.1'
[1.830s] --   Found yaml-0.1, version 0.2.5
[1.904s] -- Checking for module 'libzip'
[1.927s] --   Found libzip, version 1.7.3
[1.990s] -- Looking for gz-utils2 -- found version 2.2.0
[1.990s] -- Looking for gz-common5 -- found version 5.7.1
[1.991s] -- Searching for dependencies of gz-common5
[1.991s] -- Looking for gz-utils2 -- found version 2.2.0
[1.992s] -- Looking for dlfcn.h - found
[1.992s] -- Looking for libdl - found
[2.005s] -- Searching for <gz-common5> component [testing]
[2.007s] -- Looking for gz-common5-testing -- found version 5.7.1
[2.007s] -- Searching for dependencies of gz-common5-testing
[2.009s] -- Looking for gz-math7 -- found version 7.5.1
[2.010s] -- Looking for gz-msgs10 -- found version 10.3.2
[2.012s] -- Looking for gz-gui8 -- found version 8.4.0
[2.012s] -- Searching for dependencies of gz-gui8
[2.052s] -- Looking for gz-utils2 -- found version 2.2.0
[2.053s] -- Looking for gz-math7 -- found version 7.5.1
[2.054s] -- Looking for gz-common5 -- found version 5.7.1
[2.055s] -- Looking for gz-plugin2 -- found version 2.0.4
[2.056s] -- Looking for gz-transport13 -- found version 13.4.1
[2.058s] -- Looking for gz-rendering8 -- found version 8.2.2
[2.059s] -- Searching for dependencies of gz-rendering8
[2.060s] -- Looking for gz-math7 -- found version 7.5.1
[2.060s] -- Searching for dependencies of gz-math7
[2.061s] -- Looking for gz-utils2 -- found version 2.2.0
[2.061s] -- Searching for <gz-math7> component [eigen3]
[2.063s] -- Looking for gz-math7-eigen3 -- found version 7.5.1
[2.063s] -- Searching for dependencies of gz-math7-eigen3
[2.068s] -- Looking for gz-common5 -- found version 5.7.1
[2.068s] -- Searching for dependencies of gz-common5
[2.069s] -- Looking for gz-utils2 -- found version 2.2.0
[2.069s] -- Looking for dlfcn.h - found
[2.069s] -- Looking for libdl - found
[2.086s] -- Searching for <gz-common5> component [graphics]
[2.086s] -- Searching for <gz-common5> component [events]
[2.086s] -- Searching for <gz-common5> component [geospatial]
[2.087s] -- Looking for gz-common5-geospatial -- found version 5.7.1
[2.087s] -- Searching for dependencies of gz-common5-geospatial
[2.088s] -- Looking for gz-math7 -- found version 7.5.1
[2.089s] -- Looking for gz-common5 -- found version 5.7.1
[2.091s] -- Looking for gz-plugin2 -- found version 2.0.4
[2.091s] -- Searching for dependencies of gz-plugin2
[2.092s] -- Looking for gz-utils2 -- found version 2.2.0
[2.092s] -- Searching for <gz-plugin2> component [all]
[2.093s] -- Looking for all libraries of gz-plugin2 -- found version 2.0.4
[2.094s] -- Looking for gz-plugin2 -- found version 2.0.4
[2.095s] -- Looking for gz-utils2 -- found version 2.2.0
[2.105s] -- Looking for gz-msgs10 -- found version 10.3.2
[2.143s] -- Looking for gz-physics7 -- found version 7.5.0
[2.143s] -- Searching for dependencies of gz-physics7
[2.144s] -- Looking for gz-common5 -- found version 5.7.1
[2.145s] -- Looking for gz-math7 -- found version 7.5.1
[2.145s] -- Looking for gz-plugin2 -- found version 2.0.4
[2.146s] -- Looking for gz-utils2 -- found version 2.2.0
[2.148s] -- Searching for <gz-physics7> component [heightmap]
[2.149s] -- Looking for gz-physics7-heightmap -- found version 7.5.0
[2.150s] -- Searching for dependencies of gz-physics7-heightmap
[2.151s] -- Looking for gz-common5 -- found version 5.7.1
[2.152s] -- Searching for <gz-physics7> component [mesh]
[2.154s] -- Looking for gz-physics7-mesh -- found version 7.5.0
[2.154s] -- Searching for dependencies of gz-physics7-mesh
[2.156s] -- Looking for gz-common5 -- found version 5.7.1
[2.157s] -- Searching for <gz-physics7> component [sdf]
[2.159s] -- Looking for gz-physics7-sdf -- found version 7.5.0
[2.159s] -- Searching for dependencies of gz-physics7-sdf
[2.160s] -- Looking for sdformat14 -- found version 14.7.0
[2.163s] -- Looking for gz-sensors8 -- found version 8.2.2
[2.163s] -- Searching for dependencies of gz-sensors8
[2.206s] -- Looking for gz-math7 -- found version 7.5.1
[2.207s] -- Looking for gz-common5 -- found version 5.7.1
[2.208s] -- Looking for gz-transport13 -- found version 13.4.1
[2.209s] -- Looking for gz-rendering8 -- found version 8.2.2
[2.210s] -- Looking for gz-msgs10 -- found version 10.3.2
[2.211s] -- Looking for sdformat14 -- found version 14.7.0
[2.213s] -- Searching for <gz-sensors8> component [air_pressure]
[2.214s] -- Looking for gz-sensors8-air_pressure -- found version 8.2.2
[2.214s] -- Searching for dependencies of gz-sensors8-air_pressure
[2.216s] -- Searching for <gz-sensors8> component [air_speed]
[2.217s] -- Looking for gz-sensors8-air_speed -- found version 8.2.2
[2.218s] -- Searching for dependencies of gz-sensors8-air_speed
[2.219s] -- Searching for <gz-sensors8> component [altimeter]
[2.221s] -- Looking for gz-sensors8-altimeter -- found version 8.2.2
[2.221s] -- Searching for dependencies of gz-sensors8-altimeter
[2.222s] -- Searching for <gz-sensors8> component [imu]
[2.224s] -- Looking for gz-sensors8-imu -- found version 8.2.2
[2.224s] -- Searching for dependencies of gz-sensors8-imu
[2.226s] -- Searching for <gz-sensors8> component [force_torque]
[2.227s] -- Looking for gz-sensors8-force_torque -- found version 8.2.2
[2.227s] -- Searching for dependencies of gz-sensors8-force_torque
[2.229s] -- Searching for <gz-sensors8> component [logical_camera]
[2.230s] -- Looking for gz-sensors8-logical_camera -- found version 8.2.2
[2.230s] -- Searching for dependencies of gz-sensors8-logical_camera
[2.232s] -- Searching for <gz-sensors8> component [magnetometer]
[2.233s] -- Looking for gz-sensors8-magnetometer -- found version 8.2.2
[2.234s] -- Searching for dependencies of gz-sensors8-magnetometer
[2.235s] -- Searching for <gz-sensors8> component [navsat]
[2.237s] -- Looking for gz-sensors8-navsat -- found version 8.2.2
[2.237s] -- Searching for dependencies of gz-sensors8-navsat
[2.239s] -- Searching for <gz-sensors8> component [dvl]
[2.240s] -- Looking for gz-sensors8-dvl -- found version 8.2.2
[2.240s] -- Searching for dependencies of gz-sensors8-dvl
[2.241s] -- Looking for gz-sensors8 -- found version 8.2.2
[2.241s] -- Searching for dependencies of gz-sensors8
[2.287s] -- Looking for gz-math7 -- found version 7.5.1
[2.288s] -- Looking for gz-common5 -- found version 5.7.1
[2.288s] -- Looking for gz-transport13 -- found version 13.4.1
[2.289s] -- Looking for gz-rendering8 -- found version 8.2.2
[2.290s] -- Looking for gz-msgs10 -- found version 10.3.2
[2.290s] -- Looking for sdformat14 -- found version 14.7.0
[2.290s] -- Searching for <gz-sensors8> component [rendering]
[2.292s] -- Looking for gz-sensors8-rendering -- found version 8.2.2
[2.292s] -- Searching for dependencies of gz-sensors8-rendering
[2.295s] -- Searching for <gz-sensors8> component [rendering]
[2.295s] -- Searching for <gz-sensors8> component [lidar]
[2.296s] -- Looking for gz-sensors8-lidar -- found version 8.2.2
[2.296s] -- Searching for dependencies of gz-sensors8-lidar
[2.297s] -- Looking for gz-sensors8 -- found version 8.2.2
[2.298s] -- Searching for <gz-sensors8> component [gpu_lidar]
[2.299s] -- Looking for gz-sensors8-gpu_lidar -- found version 8.2.2
[2.300s] -- Searching for dependencies of gz-sensors8-gpu_lidar
[2.301s] -- Looking for gz-sensors8 -- found version 8.2.2
[2.304s] -- Searching for <gz-sensors8> component [camera]
[2.305s] -- Looking for gz-sensors8-camera -- found version 8.2.2
[2.306s] -- Searching for dependencies of gz-sensors8-camera
[2.308s] -- Looking for gz-sensors8 -- found version 8.2.2
[2.310s] -- Searching for <gz-sensors8> component [boundingbox_camera]
[2.312s] -- Looking for gz-sensors8-boundingbox_camera -- found version 8.2.2
[2.312s] -- Searching for dependencies of gz-sensors8-boundingbox_camera
[2.314s] -- Searching for <gz-sensors8> component [segmentation_camera]
[2.320s] -- Looking for gz-sensors8-segmentation_camera -- found version 8.2.2
[2.320s] -- Searching for dependencies of gz-sensors8-segmentation_camera
[2.323s] -- Searching for <gz-sensors8> component [depth_camera]
[2.325s] -- Looking for gz-sensors8-depth_camera -- found version 8.2.2
[2.326s] -- Searching for dependencies of gz-sensors8-depth_camera
[2.327s] -- Looking for gz-sensors8 -- found version 8.2.2
[2.329s] -- Searching for <gz-sensors8> component [rgbd_camera]
[2.331s] -- Looking for gz-sensors8-rgbd_camera -- found version 8.2.2
[2.332s] -- Searching for dependencies of gz-sensors8-rgbd_camera
[2.333s] -- Looking for gz-sensors8 -- found version 8.2.2
[2.336s] -- Searching for <gz-sensors8> component [thermal_camera]
[2.338s] -- Looking for gz-sensors8-thermal_camera -- found version 8.2.2
[2.338s] -- Searching for dependencies of gz-sensors8-thermal_camera
[2.340s] -- Looking for gz-sensors8 -- found version 8.2.2
[2.342s] -- Searching for <gz-sensors8> component [wide_angle_camera]
[2.344s] -- Looking for gz-sensors8-wide_angle_camera -- found version 8.2.2
[2.344s] -- Searching for dependencies of gz-sensors8-wide_angle_camera
[2.346s] -- Looking for gz-rendering8 -- found version 8.2.2
[2.347s] -- Looking for gz-math7 -- found version 7.5.1
[2.348s] -- Looking for gz-utils2 -- found version 2.2.0
[2.396s] -- Compiling against Gazebo Garden
[2.398s] -- Found ament_lint_auto: 0.17.1 (/opt/ros/jazzy/share/ament_lint_auto/cmake)
[2.554s] -- Configuring done (2.5s)
[2.589s] -- Generating done (0.0s)
[2.597s] -- Build files have been written to: /home/harikrishnan/ROS_PROJECTS/snake_robot_harmonic_ws/build/ros_gz_example_gazebo
[2.607s] Invoked command in '/home/harikrishnan/ROS_PROJECTS/snake_robot_harmonic_ws/build/ros_gz_example_gazebo' returned '0': CMAKE_PREFIX_PATH=/home/harikrishnan/ROS_PROJECTS/snake_robot_harmonic_ws/install/ros_gz_example_description:/home/harikrishnan/ROS_PROJECTS/snake_robot_harmonic_ws/install/ros_gz_example_bringup:/home/harikrishnan/ROS_PROJECTS/snake_robot_harmonic_ws/install/ros_gz_example_gazebo:/home/harikrishnan/ROS_PROJECTS/snake_robot_harmonic_ws/install/ros_gz_example_application:/opt/ros/jazzy/opt/gz_sim_vendor:/opt/ros/jazzy/opt/gz_sensors_vendor:/opt/ros/jazzy/opt/gz_physics_vendor:/opt/ros/jazzy/opt/sdformat_vendor:/opt/ros/jazzy/opt/gz_gui_vendor:/opt/ros/jazzy/opt/gz_transport_vendor:/opt/ros/jazzy/opt/gz_rendering_vendor:/opt/ros/jazzy/opt/gz_plugin_vendor:/opt/ros/jazzy/opt/gz_fuel_tools_vendor:/opt/ros/jazzy/opt/gz_msgs_vendor:/opt/ros/jazzy/opt/gz_common_vendor:/opt/ros/jazzy/opt/gz_math_vendor:/opt/ros/jazzy/opt/gz_utils_vendor:/opt/ros/jazzy/opt/gz_tools_vendor:/opt/ros/jazzy/opt/gz_ogre_next_vendor:/opt/ros/jazzy/opt/gz_dartsim_vendor:/opt/ros/jazzy/opt/gz_cmake_vendor:/home/harikrishnan/turtlebot3_ws/install/turtlebot3:/home/harikrishnan/turtlebot3_ws/install/turtlebot3_bringup:/home/harikrishnan/turtlebot3_ws/install/turtlebot3_node:/home/harikrishnan/turtlebot3_ws/install/turtlebot3_navigation2:/home/harikrishnan/turtlebot3_ws/install/turtlebot3_msgs:/home/harikrishnan/turtlebot3_ws/install/turtlebot3_description:/home/harikrishnan/turtlebot3_ws/install/turtlebot3_cartographer:/home/harikrishnan/turtlebot3_ws/install/dynamixel_sdk_examples:/home/harikrishnan/turtlebot3_ws/install/dynamixel_sdk_custom_interfaces:/home/harikrishnan/turtlebot3_ws/install/dynamixel_sdk:/home/harikrishnan/ros2_ws/install/snake_bot:/opt/ros/jazzy:/home/harikrishnan/turtlebot3_ws/install/turtlebot3_teleop:/home/harikrishnan/turtlebot3_ws/install/turtlebot3_example DEBUGINFOD_URLS=https://debuginfod.ubuntu.com GZ_SIM_RESOURCE_PATH=/home/harikrishnan/ROS_PROJECTS/snake_robot_harmonic_ws/install/ros_gz_example_description/share/ros_gz_example_description/models:${GZ_SIM_RESOURCE_PATH} /usr/bin/cmake /home/harikrishnan/ROS_PROJECTS/snake_robot_harmonic_ws/src/ros_gz_example_gazebo -DCMAKE_INSTALL_PREFIX=/home/harikrishnan/ROS_PROJECTS/snake_robot_harmonic_ws/install/ros_gz_example_gazebo
[2.610s] Invoking command in '/home/harikrishnan/ROS_PROJECTS/snake_robot_harmonic_ws/build/ros_gz_example_gazebo': CMAKE_PREFIX_PATH=/home/harikrishnan/ROS_PROJECTS/snake_robot_harmonic_ws/install/ros_gz_example_description:/home/harikrishnan/ROS_PROJECTS/snake_robot_harmonic_ws/install/ros_gz_example_bringup:/home/harikrishnan/ROS_PROJECTS/snake_robot_harmonic_ws/install/ros_gz_example_gazebo:/home/harikrishnan/ROS_PROJECTS/snake_robot_harmonic_ws/install/ros_gz_example_application:/opt/ros/jazzy/opt/gz_sim_vendor:/opt/ros/jazzy/opt/gz_sensors_vendor:/opt/ros/jazzy/opt/gz_physics_vendor:/opt/ros/jazzy/opt/sdformat_vendor:/opt/ros/jazzy/opt/gz_gui_vendor:/opt/ros/jazzy/opt/gz_transport_vendor:/opt/ros/jazzy/opt/gz_rendering_vendor:/opt/ros/jazzy/opt/gz_plugin_vendor:/opt/ros/jazzy/opt/gz_fuel_tools_vendor:/opt/ros/jazzy/opt/gz_msgs_vendor:/opt/ros/jazzy/opt/gz_common_vendor:/opt/ros/jazzy/opt/gz_math_vendor:/opt/ros/jazzy/opt/gz_utils_vendor:/opt/ros/jazzy/opt/gz_tools_vendor:/opt/ros/jazzy/opt/gz_ogre_next_vendor:/opt/ros/jazzy/opt/gz_dartsim_vendor:/opt/ros/jazzy/opt/gz_cmake_vendor:/home/harikrishnan/turtlebot3_ws/install/turtlebot3:/home/harikrishnan/turtlebot3_ws/install/turtlebot3_bringup:/home/harikrishnan/turtlebot3_ws/install/turtlebot3_node:/home/harikrishnan/turtlebot3_ws/install/turtlebot3_navigation2:/home/harikrishnan/turtlebot3_ws/install/turtlebot3_msgs:/home/harikrishnan/turtlebot3_ws/install/turtlebot3_description:/home/harikrishnan/turtlebot3_ws/install/turtlebot3_cartographer:/home/harikrishnan/turtlebot3_ws/install/dynamixel_sdk_examples:/home/harikrishnan/turtlebot3_ws/install/dynamixel_sdk_custom_interfaces:/home/harikrishnan/turtlebot3_ws/install/dynamixel_sdk:/home/harikrishnan/ros2_ws/install/snake_bot:/opt/ros/jazzy:/home/harikrishnan/turtlebot3_ws/install/turtlebot3_teleop:/home/harikrishnan/turtlebot3_ws/install/turtlebot3_example DEBUGINFOD_URLS=https://debuginfod.ubuntu.com GZ_SIM_RESOURCE_PATH=/home/harikrishnan/ROS_PROJECTS/snake_robot_harmonic_ws/install/ros_gz_example_description/share/ros_gz_example_description/models:${GZ_SIM_RESOURCE_PATH} /usr/bin/cmake --build /home/harikrishnan/ROS_PROJECTS/snake_robot_harmonic_ws/build/ros_gz_example_gazebo -- -j12 -l12
[2.729s] [ 25%] [32m[1mLinking CXX shared library libBasicSystem.so[0m
[2.729s] [ 50%] [32m[1mLinking CXX shared library libFullSystem.so[0m
[3.074s] [ 75%] Built target BasicSystem
[3.084s] [100%] Built target FullSystem
[3.106s] Invoked command in '/home/harikrishnan/ROS_PROJECTS/snake_robot_harmonic_ws/build/ros_gz_example_gazebo' returned '0': CMAKE_PREFIX_PATH=/home/harikrishnan/ROS_PROJECTS/snake_robot_harmonic_ws/install/ros_gz_example_description:/home/harikrishnan/ROS_PROJECTS/snake_robot_harmonic_ws/install/ros_gz_example_bringup:/home/harikrishnan/ROS_PROJECTS/snake_robot_harmonic_ws/install/ros_gz_example_gazebo:/home/harikrishnan/ROS_PROJECTS/snake_robot_harmonic_ws/install/ros_gz_example_application:/opt/ros/jazzy/opt/gz_sim_vendor:/opt/ros/jazzy/opt/gz_sensors_vendor:/opt/ros/jazzy/opt/gz_physics_vendor:/opt/ros/jazzy/opt/sdformat_vendor:/opt/ros/jazzy/opt/gz_gui_vendor:/opt/ros/jazzy/opt/gz_transport_vendor:/opt/ros/jazzy/opt/gz_rendering_vendor:/opt/ros/jazzy/opt/gz_plugin_vendor:/opt/ros/jazzy/opt/gz_fuel_tools_vendor:/opt/ros/jazzy/opt/gz_msgs_vendor:/opt/ros/jazzy/opt/gz_common_vendor:/opt/ros/jazzy/opt/gz_math_vendor:/opt/ros/jazzy/opt/gz_utils_vendor:/opt/ros/jazzy/opt/gz_tools_vendor:/opt/ros/jazzy/opt/gz_ogre_next_vendor:/opt/ros/jazzy/opt/gz_dartsim_vendor:/opt/ros/jazzy/opt/gz_cmake_vendor:/home/harikrishnan/turtlebot3_ws/install/turtlebot3:/home/harikrishnan/turtlebot3_ws/install/turtlebot3_bringup:/home/harikrishnan/turtlebot3_ws/install/turtlebot3_node:/home/harikrishnan/turtlebot3_ws/install/turtlebot3_navigation2:/home/harikrishnan/turtlebot3_ws/install/turtlebot3_msgs:/home/harikrishnan/turtlebot3_ws/install/turtlebot3_description:/home/harikrishnan/turtlebot3_ws/install/turtlebot3_cartographer:/home/harikrishnan/turtlebot3_ws/install/dynamixel_sdk_examples:/home/harikrishnan/turtlebot3_ws/install/dynamixel_sdk_custom_interfaces:/home/harikrishnan/turtlebot3_ws/install/dynamixel_sdk:/home/harikrishnan/ros2_ws/install/snake_bot:/opt/ros/jazzy:/home/harikrishnan/turtlebot3_ws/install/turtlebot3_teleop:/home/harikrishnan/turtlebot3_ws/install/turtlebot3_example DEBUGINFOD_URLS=https://debuginfod.ubuntu.com GZ_SIM_RESOURCE_PATH=/home/harikrishnan/ROS_PROJECTS/snake_robot_harmonic_ws/install/ros_gz_example_description/share/ros_gz_example_description/models:${GZ_SIM_RESOURCE_PATH} /usr/bin/cmake --build /home/harikrishnan/ROS_PROJECTS/snake_robot_harmonic_ws/build/ros_gz_example_gazebo -- -j12 -l12
[3.108s] Invoking command in '/home/harikrishnan/ROS_PROJECTS/snake_robot_harmonic_ws/build/ros_gz_example_gazebo': CMAKE_PREFIX_PATH=/home/harikrishnan/ROS_PROJECTS/snake_robot_harmonic_ws/install/ros_gz_example_description:/home/harikrishnan/ROS_PROJECTS/snake_robot_harmonic_ws/install/ros_gz_example_bringup:/home/harikrishnan/ROS_PROJECTS/snake_robot_harmonic_ws/install/ros_gz_example_gazebo:/home/harikrishnan/ROS_PROJECTS/snake_robot_harmonic_ws/install/ros_gz_example_application:/opt/ros/jazzy/opt/gz_sim_vendor:/opt/ros/jazzy/opt/gz_sensors_vendor:/opt/ros/jazzy/opt/gz_physics_vendor:/opt/ros/jazzy/opt/sdformat_vendor:/opt/ros/jazzy/opt/gz_gui_vendor:/opt/ros/jazzy/opt/gz_transport_vendor:/opt/ros/jazzy/opt/gz_rendering_vendor:/opt/ros/jazzy/opt/gz_plugin_vendor:/opt/ros/jazzy/opt/gz_fuel_tools_vendor:/opt/ros/jazzy/opt/gz_msgs_vendor:/opt/ros/jazzy/opt/gz_common_vendor:/opt/ros/jazzy/opt/gz_math_vendor:/opt/ros/jazzy/opt/gz_utils_vendor:/opt/ros/jazzy/opt/gz_tools_vendor:/opt/ros/jazzy/opt/gz_ogre_next_vendor:/opt/ros/jazzy/opt/gz_dartsim_vendor:/opt/ros/jazzy/opt/gz_cmake_vendor:/home/harikrishnan/turtlebot3_ws/install/turtlebot3:/home/harikrishnan/turtlebot3_ws/install/turtlebot3_bringup:/home/harikrishnan/turtlebot3_ws/install/turtlebot3_node:/home/harikrishnan/turtlebot3_ws/install/turtlebot3_navigation2:/home/harikrishnan/turtlebot3_ws/install/turtlebot3_msgs:/home/harikrishnan/turtlebot3_ws/install/turtlebot3_description:/home/harikrishnan/turtlebot3_ws/install/turtlebot3_cartographer:/home/harikrishnan/turtlebot3_ws/install/dynamixel_sdk_examples:/home/harikrishnan/turtlebot3_ws/install/dynamixel_sdk_custom_interfaces:/home/harikrishnan/turtlebot3_ws/install/dynamixel_sdk:/home/harikrishnan/ros2_ws/install/snake_bot:/opt/ros/jazzy:/home/harikrishnan/turtlebot3_ws/install/turtlebot3_teleop:/home/harikrishnan/turtlebot3_ws/install/turtlebot3_example DEBUGINFOD_URLS=https://debuginfod.ubuntu.com GZ_SIM_RESOURCE_PATH=/home/harikrishnan/ROS_PROJECTS/snake_robot_harmonic_ws/install/ros_gz_example_description/share/ros_gz_example_description/models:${GZ_SIM_RESOURCE_PATH} /usr/bin/cmake --install /home/harikrishnan/ROS_PROJECTS/snake_robot_harmonic_ws/build/ros_gz_example_gazebo
[3.123s] -- Install configuration: ""
[3.124s] -- Execute custom install script
[3.124s] -- Up-to-date symlink: /home/harikrishnan/ROS_PROJECTS/snake_robot_harmonic_ws/install/ros_gz_example_gazebo/lib/ros_gz_example_gazebo/libBasicSystem.so
[3.124s] -- Up-to-date symlink: /home/harikrishnan/ROS_PROJECTS/snake_robot_harmonic_ws/install/ros_gz_example_gazebo/lib/ros_gz_example_gazebo/libFullSystem.so
[3.125s] -- Up-to-date symlink: /home/harikrishnan/ROS_PROJECTS/snake_robot_harmonic_ws/install/ros_gz_example_gazebo/share/ros_gz_example_gazebo/worlds/diff_drive.sdf
[3.125s] -- Up-to-date symlink: /home/harikrishnan/ROS_PROJECTS/snake_robot_harmonic_ws/install/ros_gz_example_gazebo/share/ros_gz_example_gazebo/environment/ros_gz_example_gazebo.dsv
[3.125s] -- Up-to-date symlink: /home/harikrishnan/ROS_PROJECTS/snake_robot_harmonic_ws/install/ros_gz_example_gazebo/share/ros_gz_example_gazebo/environment/ros_gz_example_gazebo.sh
[3.125s] -- Up-to-date symlink: /home/harikrishnan/ROS_PROJECTS/snake_robot_harmonic_ws/install/ros_gz_example_gazebo/share/ament_index/resource_index/package_run_dependencies/ros_gz_example_gazebo
[3.126s] -- Up-to-date symlink: /home/harikrishnan/ROS_PROJECTS/snake_robot_harmonic_ws/install/ros_gz_example_gazebo/share/ament_index/resource_index/parent_prefix_path/ros_gz_example_gazebo
[3.126s] -- Up-to-date symlink: /home/harikrishnan/ROS_PROJECTS/snake_robot_harmonic_ws/install/ros_gz_example_gazebo/share/ros_gz_example_gazebo/environment/ament_prefix_path.sh
[3.126s] -- Up-to-date symlink: /home/harikrishnan/ROS_PROJECTS/snake_robot_harmonic_ws/install/ros_gz_example_gazebo/share/ros_gz_example_gazebo/environment/ament_prefix_path.dsv
[3.126s] -- Up-to-date symlink: /home/harikrishnan/ROS_PROJECTS/snake_robot_harmonic_ws/install/ros_gz_example_gazebo/share/ros_gz_example_gazebo/environment/path.sh
[3.126s] -- Up-to-date symlink: /home/harikrishnan/ROS_PROJECTS/snake_robot_harmonic_ws/install/ros_gz_example_gazebo/share/ros_gz_example_gazebo/environment/path.dsv
[3.126s] -- Up-to-date symlink: /home/harikrishnan/ROS_PROJECTS/snake_robot_harmonic_ws/install/ros_gz_example_gazebo/share/ros_gz_example_gazebo/local_setup.bash
[3.126s] -- Up-to-date symlink: /home/harikrishnan/ROS_PROJECTS/snake_robot_harmonic_ws/install/ros_gz_example_gazebo/share/ros_gz_example_gazebo/local_setup.sh
[3.126s] -- Up-to-date symlink: /home/harikrishnan/ROS_PROJECTS/snake_robot_harmonic_ws/install/ros_gz_example_gazebo/share/ros_gz_example_gazebo/local_setup.zsh
[3.127s] -- Up-to-date symlink: /home/harikrishnan/ROS_PROJECTS/snake_robot_harmonic_ws/install/ros_gz_example_gazebo/share/ros_gz_example_gazebo/local_setup.dsv
[3.127s] -- Symlinking: /home/harikrishnan/ROS_PROJECTS/snake_robot_harmonic_ws/install/ros_gz_example_gazebo/share/ros_gz_example_gazebo/package.dsv
[3.142s] -- Up-to-date symlink: /home/harikrishnan/ROS_PROJECTS/snake_robot_harmonic_ws/install/ros_gz_example_gazebo/share/ament_index/resource_index/packages/ros_gz_example_gazebo
[3.142s] -- Up-to-date symlink: /home/harikrishnan/ROS_PROJECTS/snake_robot_harmonic_ws/install/ros_gz_example_gazebo/share/ros_gz_example_gazebo/cmake/ros_gz_example_gazeboConfig.cmake
[3.142s] -- Up-to-date symlink: /home/harikrishnan/ROS_PROJECTS/snake_robot_harmonic_ws/install/ros_gz_example_gazebo/share/ros_gz_example_gazebo/cmake/ros_gz_example_gazeboConfig-version.cmake
[3.142s] -- Up-to-date symlink: /home/harikrishnan/ROS_PROJECTS/snake_robot_harmonic_ws/install/ros_gz_example_gazebo/share/ros_gz_example_gazebo/package.xml
[3.145s] Invoked command in '/home/harikrishnan/ROS_PROJECTS/snake_robot_harmonic_ws/build/ros_gz_example_gazebo' returned '0': CMAKE_PREFIX_PATH=/home/harikrishnan/ROS_PROJECTS/snake_robot_harmonic_ws/install/ros_gz_example_description:/home/harikrishnan/ROS_PROJECTS/snake_robot_harmonic_ws/install/ros_gz_example_bringup:/home/harikrishnan/ROS_PROJECTS/snake_robot_harmonic_ws/install/ros_gz_example_gazebo:/home/harikrishnan/ROS_PROJECTS/snake_robot_harmonic_ws/install/ros_gz_example_application:/opt/ros/jazzy/opt/gz_sim_vendor:/opt/ros/jazzy/opt/gz_sensors_vendor:/opt/ros/jazzy/opt/gz_physics_vendor:/opt/ros/jazzy/opt/sdformat_vendor:/opt/ros/jazzy/opt/gz_gui_vendor:/opt/ros/jazzy/opt/gz_transport_vendor:/opt/ros/jazzy/opt/gz_rendering_vendor:/opt/ros/jazzy/opt/gz_plugin_vendor:/opt/ros/jazzy/opt/gz_fuel_tools_vendor:/opt/ros/jazzy/opt/gz_msgs_vendor:/opt/ros/jazzy/opt/gz_common_vendor:/opt/ros/jazzy/opt/gz_math_vendor:/opt/ros/jazzy/opt/gz_utils_vendor:/opt/ros/jazzy/opt/gz_tools_vendor:/opt/ros/jazzy/opt/gz_ogre_next_vendor:/opt/ros/jazzy/opt/gz_dartsim_vendor:/opt/ros/jazzy/opt/gz_cmake_vendor:/home/harikrishnan/turtlebot3_ws/install/turtlebot3:/home/harikrishnan/turtlebot3_ws/install/turtlebot3_bringup:/home/harikrishnan/turtlebot3_ws/install/turtlebot3_node:/home/harikrishnan/turtlebot3_ws/install/turtlebot3_navigation2:/home/harikrishnan/turtlebot3_ws/install/turtlebot3_msgs:/home/harikrishnan/turtlebot3_ws/install/turtlebot3_description:/home/harikrishnan/turtlebot3_ws/install/turtlebot3_cartographer:/home/harikrishnan/turtlebot3_ws/install/dynamixel_sdk_examples:/home/harikrishnan/turtlebot3_ws/install/dynamixel_sdk_custom_interfaces:/home/harikrishnan/turtlebot3_ws/install/dynamixel_sdk:/home/harikrishnan/ros2_ws/install/snake_bot:/opt/ros/jazzy:/home/harikrishnan/turtlebot3_ws/install/turtlebot3_teleop:/home/harikrishnan/turtlebot3_ws/install/turtlebot3_example DEBUGINFOD_URLS=https://debuginfod.ubuntu.com GZ_SIM_RESOURCE_PATH=/home/harikrishnan/ROS_PROJECTS/snake_robot_harmonic_ws/install/ros_gz_example_description/share/ros_gz_example_description/models:${GZ_SIM_RESOURCE_PATH} /usr/bin/cmake --install /home/harikrishnan/ROS_PROJECTS/snake_robot_harmonic_ws/build/ros_gz_example_gazebo
