[0.009s] Invoking command in '/home/harikrishnan/ROS_PROJECTS/snake_robot_harmonic_ws/build/ros_gz_example_gazebo': CMAKE_PREFIX_PATH=/home/harikrishnan/ROS_PROJECTS/snake_robot_harmonic_ws/install/ros_gz_example_description:/home/harikrishnan/ROS_PROJECTS/snake_robot_harmonic_ws/install/ros_gz_example_bringup:/home/harikrishnan/ROS_PROJECTS/snake_robot_harmonic_ws/install/ros_gz_example_gazebo:/home/harikrishnan/ROS_PROJECTS/snake_robot_harmonic_ws/install/ros_gz_example_application:/opt/ros/jazzy/opt/gz_sim_vendor:/opt/ros/jazzy/opt/gz_sensors_vendor:/opt/ros/jazzy/opt/gz_physics_vendor:/opt/ros/jazzy/opt/sdformat_vendor:/opt/ros/jazzy/opt/gz_gui_vendor:/opt/ros/jazzy/opt/gz_transport_vendor:/opt/ros/jazzy/opt/gz_rendering_vendor:/opt/ros/jazzy/opt/gz_plugin_vendor:/opt/ros/jazzy/opt/gz_fuel_tools_vendor:/opt/ros/jazzy/opt/gz_msgs_vendor:/opt/ros/jazzy/opt/gz_common_vendor:/opt/ros/jazzy/opt/gz_math_vendor:/opt/ros/jazzy/opt/gz_utils_vendor:/opt/ros/jazzy/opt/gz_tools_vendor:/opt/ros/jazzy/opt/gz_ogre_next_vendor:/opt/ros/jazzy/opt/gz_dartsim_vendor:/opt/ros/jazzy/opt/gz_cmake_vendor:/home/harikrishnan/turtlebot3_ws/install/turtlebot3:/home/harikrishnan/turtlebot3_ws/install/turtlebot3_bringup:/home/harikrishnan/turtlebot3_ws/install/turtlebot3_node:/home/harikrishnan/turtlebot3_ws/install/turtlebot3_navigation2:/home/harikrishnan/turtlebot3_ws/install/turtlebot3_msgs:/home/harikrishnan/turtlebot3_ws/install/turtlebot3_description:/home/harikrishnan/turtlebot3_ws/install/turtlebot3_cartographer:/home/harikrishnan/turtlebot3_ws/install/dynamixel_sdk_examples:/home/harikrishnan/turtlebot3_ws/install/dynamixel_sdk_custom_interfaces:/home/harikrishnan/turtlebot3_ws/install/dynamixel_sdk:/home/harikrishnan/ros2_ws/install/snake_bot:/opt/ros/jazzy:/home/harikrishnan/turtlebot3_ws/install/turtlebot3_teleop:/home/harikrishnan/turtlebot3_ws/install/turtlebot3_example DEBUGINFOD_URLS=https://debuginfod.ubuntu.com GZ_SIM_RESOURCE_PATH=/home/harikrishnan/ROS_PROJECTS/snake_robot_harmonic_ws/install/ros_gz_example_description/share/ros_gz_example_description/models:${GZ_SIM_RESOURCE_PATH} /usr/bin/cmake /home/harikrishnan/ROS_PROJECTS/snake_robot_harmonic_ws/src/ros_gz_example_gazebo -DAMENT_CMAKE_SYMLINK_INSTALL=1 -DCMAKE_INSTALL_PREFIX=/home/harikrishnan/ROS_PROJECTS/snake_robot_harmonic_ws/install/ros_gz_example_gazebo
[0.020s] -- Found ament_cmake: 2.5.2 (/opt/ros/jazzy/share/ament_cmake/cmake)
[0.167s] -- Override CMake install command with custom implementation using symlinks instead of copying resources
[0.171s] -- Found ros_gz_example_description: 0.0.0 (/home/harikrishnan/ROS_PROJECTS/snake_robot_harmonic_ws/install/ros_gz_example_description/share/ros_gz_example_description/cmake)
[0.178s] -- Looking for gz-plugin2 -- found version 2.0.3
[0.178s] -- Searching for dependencies of gz-plugin2
[0.178s] -- Looking for gz-utils2 -- found version 2.2.0
[0.178s] -- Searching for dependencies of gz-utils2
[0.179s] -- Searching for <gz-utils2> component [cli]
[0.179s] -- Looking for gz-utils2-cli -- found version 2.2.0
[0.179s] -- Searching for dependencies of gz-utils2-cli
[0.180s] -- Searching for <gz-plugin2> component [register]
[0.180s] -- Looking for gz-plugin2-register -- found version 2.0.3
[0.180s] -- Searching for dependencies of gz-plugin2-register
[0.181s] -- Looking for gz-common5 -- found version 5.7.0
[0.181s] -- Searching for dependencies of gz-common5
[0.181s] -- Looking for gz-utils2 -- found version 2.2.0
[0.182s] -- Looking for dlfcn.h - found
[0.182s] -- Looking for libdl - found
[0.187s] -- Checking for module 'uuid'
[0.203s] --   Found uuid, version 2.39.3
[0.243s] -- Searching for <gz-common5> component [profiler]
[0.244s] -- Looking for gz-common5-profiler -- found version 5.7.0
[0.244s] -- Searching for dependencies of gz-common5-profiler
[0.246s] -- Looking for gz-sim8 -- found version 8.7.0
[0.246s] -- Searching for dependencies of gz-sim8
[0.247s] -- Looking for sdformat14 -- found version 14.6.0
[0.247s] -- Searching for dependencies of sdformat14
[0.251s] -- Checking for module 'tinyxml2'
[0.264s] --   Found tinyxml2, version 10.0.0
[0.296s] -- Looking for gz-math7 -- found version 7.5.1
[0.296s] -- Searching for dependencies of gz-math7
[0.296s] -- Looking for gz-utils2 -- found version 2.2.0
[0.297s] -- Looking for gz-utils2 -- found version 2.2.0
[0.298s] -- Looking for gz-plugin2 -- found version 2.0.3
[0.298s] -- Searching for dependencies of gz-plugin2
[0.298s] -- Looking for gz-utils2 -- found version 2.2.0
[0.298s] -- Searching for <gz-plugin2> component [loader]
[0.299s] -- Looking for gz-plugin2-loader -- found version 2.0.3
[0.299s] -- Searching for dependencies of gz-plugin2-loader
[0.299s] -- Searching for <gz-plugin2> component [register]
[0.300s] -- Looking for gz-transport13 -- found version 13.4.0
[0.300s] -- Searching for dependencies of gz-transport13
[0.328s] -- Config-file not installed for ZeroMQ -- checking for pkg-config
[0.331s] -- Checking for module 'libzmq >= 4'
[0.343s] --   Found libzmq, version 4.3.5
[0.405s] -- Looking for gz-utils2 -- found version 2.2.0
[0.406s] -- Looking for gz-msgs10 -- found version 10.3.1
[0.406s] -- Searching for dependencies of gz-msgs10
[0.421s] -- Looking for gz-utils2 -- found version 2.2.0
[0.421s] -- Looking for gz-math7 -- found version 7.5.1
[0.534s] -- Searching for <gz-transport13> component [log]
[0.534s] -- Looking for gz-transport13-log -- found version 13.4.0
[0.534s] -- Searching for dependencies of gz-transport13-log
[0.535s] -- Searching for <gz-transport13> component [parameters]
[0.536s] -- Looking for gz-transport13-parameters -- found version 13.4.0
[0.536s] -- Searching for dependencies of gz-transport13-parameters
[0.537s] -- Looking for gz-msgs10 -- found version 10.3.1
[0.537s] -- Looking for gz-common5 -- found version 5.7.0
[0.537s] -- Searching for dependencies of gz-common5
[0.538s] -- Looking for gz-utils2 -- found version 2.2.0
[0.538s] -- Looking for dlfcn.h - found
[0.538s] -- Looking for libdl - found
[0.543s] -- Searching for <gz-common5> component [av]
[0.544s] -- Looking for gz-common5-av -- found version 5.7.0
[0.544s] -- Searching for dependencies of gz-common5-av
[0.548s] -- Checking for module 'libswscale'
[0.566s] --   Found libswscale, version 7.5.100
[0.597s] -- Checking for module 'libavdevice >= 56.4.100'
[0.613s] --   Found libavdevice, version 60.3.100
[0.675s] -- Checking for module 'libavformat'
[0.692s] --   Found libavformat, version 60.16.100
[0.748s] -- Checking for module 'libavcodec'
[0.770s] --   Found libavcodec, version 60.31.102
[0.832s] -- Checking for module 'libavutil'
[0.854s] --   Found libavutil, version 58.29.100
[0.892s] -- Searching for <gz-common5> component [events]
[0.892s] -- Looking for gz-common5-events -- found version 5.7.0
[0.892s] -- Searching for dependencies of gz-common5-events
[0.893s] -- Looking for gz-math7 -- found version 7.5.1
[0.894s] -- Searching for <gz-common5> component [graphics]
[0.894s] -- Looking for gz-common5-graphics -- found version 5.7.0
[0.894s] -- Searching for dependencies of gz-common5-graphics
[0.895s] -- Looking for gz-math7 -- found version 7.5.1
[0.898s] -- Searching for <gz-common5> component [io]
[0.898s] -- Looking for gz-common5-io -- found version 5.7.0
[0.898s] -- Searching for dependencies of gz-common5-io
[0.899s] -- Searching for <gz-common5> component [profiler]
[0.899s] -- Looking for gz-fuel_tools9 -- found version 9.1.0
[0.900s] -- Searching for dependencies of gz-fuel_tools9
[0.936s] -- Checking for module 'jsoncpp'
[0.951s] --   Found jsoncpp, version 1.9.5
[1.005s] -- Checking for module 'yaml-0.1'
[1.019s] --   Found yaml-0.1, version 0.2.5
[1.060s] -- Checking for module 'libzip'
[1.076s] --   Found libzip, version 1.7.3
[1.121s] -- Looking for gz-utils2 -- found version 2.2.0
[1.122s] -- Looking for gz-common5 -- found version 5.7.0
[1.122s] -- Searching for dependencies of gz-common5
[1.122s] -- Looking for gz-utils2 -- found version 2.2.0
[1.123s] -- Looking for dlfcn.h - found
[1.123s] -- Looking for libdl - found
[1.133s] -- Searching for <gz-common5> component [testing]
[1.135s] -- Looking for gz-common5-testing -- found version 5.7.0
[1.135s] -- Searching for dependencies of gz-common5-testing
[1.136s] -- Looking for gz-math7 -- found version 7.5.1
[1.136s] -- Looking for gz-msgs10 -- found version 10.3.1
[1.137s] -- Looking for gz-gui8 -- found version 8.3.0
[1.137s] -- Searching for dependencies of gz-gui8
[1.157s] -- Looking for gz-utils2 -- found version 2.2.0
[1.157s] -- Looking for gz-math7 -- found version 7.5.1
[1.157s] -- Looking for gz-common5 -- found version 5.7.0
[1.158s] -- Looking for gz-plugin2 -- found version 2.0.3
[1.158s] -- Looking for gz-transport13 -- found version 13.4.0
[1.158s] -- Looking for gz-rendering8 -- found version 8.2.1
[1.158s] -- Searching for dependencies of gz-rendering8
[1.159s] -- Looking for gz-math7 -- found version 7.5.1
[1.159s] -- Searching for dependencies of gz-math7
[1.159s] -- Looking for gz-utils2 -- found version 2.2.0
[1.159s] -- Searching for <gz-math7> component [eigen3]
[1.160s] -- Looking for gz-math7-eigen3 -- found version 7.5.1
[1.160s] -- Searching for dependencies of gz-math7-eigen3
[1.161s] -- Looking for gz-common5 -- found version 5.7.0
[1.161s] -- Searching for dependencies of gz-common5
[1.161s] -- Looking for gz-utils2 -- found version 2.2.0
[1.161s] -- Looking for dlfcn.h - found
[1.162s] -- Looking for libdl - found
[1.167s] -- Searching for <gz-common5> component [graphics]
[1.167s] -- Searching for <gz-common5> component [events]
[1.167s] -- Searching for <gz-common5> component [geospatial]
[1.167s] -- Looking for gz-common5-geospatial -- found version 5.7.0
[1.167s] -- Searching for dependencies of gz-common5-geospatial
[1.168s] -- Looking for gz-math7 -- found version 7.5.1
[1.168s] -- Looking for gz-common5 -- found version 5.7.0
[1.169s] -- Looking for gz-plugin2 -- found version 2.0.3
[1.169s] -- Searching for dependencies of gz-plugin2
[1.169s] -- Looking for gz-utils2 -- found version 2.2.0
[1.169s] -- Searching for <gz-plugin2> component [all]
[1.170s] -- Looking for all libraries of gz-plugin2 -- found version 2.0.3
[1.170s] -- Looking for gz-plugin2 -- found version 2.0.3
[1.171s] -- Looking for gz-utils2 -- found version 2.2.0
[1.175s] -- Looking for gz-msgs10 -- found version 10.3.1
[1.192s] -- Looking for gz-physics7 -- found version 7.4.0
[1.192s] -- Searching for dependencies of gz-physics7
[1.192s] -- Looking for gz-common5 -- found version 5.7.0
[1.192s] -- Looking for gz-math7 -- found version 7.5.1
[1.193s] -- Looking for gz-plugin2 -- found version 2.0.3
[1.193s] -- Looking for gz-utils2 -- found version 2.2.0
[1.194s] -- Searching for <gz-physics7> component [heightmap]
[1.194s] -- Looking for gz-physics7-heightmap -- found version 7.4.0
[1.195s] -- Searching for dependencies of gz-physics7-heightmap
[1.195s] -- Looking for gz-common5 -- found version 5.7.0
[1.195s] -- Searching for <gz-physics7> component [mesh]
[1.196s] -- Looking for gz-physics7-mesh -- found version 7.4.0
[1.196s] -- Searching for dependencies of gz-physics7-mesh
[1.196s] -- Looking for gz-common5 -- found version 5.7.0
[1.197s] -- Searching for <gz-physics7> component [sdf]
[1.197s] -- Looking for gz-physics7-sdf -- found version 7.4.0
[1.197s] -- Searching for dependencies of gz-physics7-sdf
[1.198s] -- Looking for sdformat14 -- found version 14.6.0
[1.198s] -- Looking for gz-sensors8 -- found version 8.2.1
[1.199s] -- Searching for dependencies of gz-sensors8
[1.214s] -- Looking for gz-math7 -- found version 7.5.1
[1.214s] -- Looking for gz-common5 -- found version 5.7.0
[1.215s] -- Looking for gz-transport13 -- found version 13.4.0
[1.215s] -- Looking for gz-rendering8 -- found version 8.2.1
[1.216s] -- Looking for gz-msgs10 -- found version 10.3.1
[1.216s] -- Looking for sdformat14 -- found version 14.6.0
[1.217s] -- Searching for <gz-sensors8> component [air_pressure]
[1.217s] -- Looking for gz-sensors8-air_pressure -- found version 8.2.1
[1.217s] -- Searching for dependencies of gz-sensors8-air_pressure
[1.218s] -- Searching for <gz-sensors8> component [air_speed]
[1.219s] -- Looking for gz-sensors8-air_speed -- found version 8.2.1
[1.219s] -- Searching for dependencies of gz-sensors8-air_speed
[1.219s] -- Searching for <gz-sensors8> component [altimeter]
[1.220s] -- Looking for gz-sensors8-altimeter -- found version 8.2.1
[1.220s] -- Searching for dependencies of gz-sensors8-altimeter
[1.221s] -- Searching for <gz-sensors8> component [imu]
[1.222s] -- Looking for gz-sensors8-imu -- found version 8.2.1
[1.222s] -- Searching for dependencies of gz-sensors8-imu
[1.222s] -- Searching for <gz-sensors8> component [force_torque]
[1.223s] -- Looking for gz-sensors8-force_torque -- found version 8.2.1
[1.223s] -- Searching for dependencies of gz-sensors8-force_torque
[1.223s] -- Searching for <gz-sensors8> component [logical_camera]
[1.224s] -- Looking for gz-sensors8-logical_camera -- found version 8.2.1
[1.224s] -- Searching for dependencies of gz-sensors8-logical_camera
[1.224s] -- Searching for <gz-sensors8> component [magnetometer]
[1.225s] -- Looking for gz-sensors8-magnetometer -- found version 8.2.1
[1.225s] -- Searching for dependencies of gz-sensors8-magnetometer
[1.225s] -- Searching for <gz-sensors8> component [navsat]
[1.226s] -- Looking for gz-sensors8-navsat -- found version 8.2.1
[1.226s] -- Searching for dependencies of gz-sensors8-navsat
[1.226s] -- Searching for <gz-sensors8> component [dvl]
[1.227s] -- Looking for gz-sensors8-dvl -- found version 8.2.1
[1.227s] -- Searching for dependencies of gz-sensors8-dvl
[1.227s] -- Looking for gz-sensors8 -- found version 8.2.1
[1.227s] -- Searching for dependencies of gz-sensors8
[1.242s] -- Looking for gz-math7 -- found version 7.5.1
[1.242s] -- Looking for gz-common5 -- found version 5.7.0
[1.242s] -- Looking for gz-transport13 -- found version 13.4.0
[1.242s] -- Looking for gz-rendering8 -- found version 8.2.1
[1.243s] -- Looking for gz-msgs10 -- found version 10.3.1
[1.243s] -- Looking for sdformat14 -- found version 14.6.0
[1.243s] -- Searching for <gz-sensors8> component [rendering]
[1.243s] -- Looking for gz-sensors8-rendering -- found version 8.2.1
[1.243s] -- Searching for dependencies of gz-sensors8-rendering
[1.244s] -- Searching for <gz-sensors8> component [rendering]
[1.245s] -- Searching for <gz-sensors8> component [lidar]
[1.245s] -- Looking for gz-sensors8-lidar -- found version 8.2.1
[1.245s] -- Searching for dependencies of gz-sensors8-lidar
[1.245s] -- Looking for gz-sensors8 -- found version 8.2.1
[1.246s] -- Searching for <gz-sensors8> component [gpu_lidar]
[1.246s] -- Looking for gz-sensors8-gpu_lidar -- found version 8.2.1
[1.246s] -- Searching for dependencies of gz-sensors8-gpu_lidar
[1.247s] -- Looking for gz-sensors8 -- found version 8.2.1
[1.247s] -- Searching for <gz-sensors8> component [camera]
[1.248s] -- Looking for gz-sensors8-camera -- found version 8.2.1
[1.248s] -- Searching for dependencies of gz-sensors8-camera
[1.248s] -- Looking for gz-sensors8 -- found version 8.2.1
[1.248s] -- Searching for <gz-sensors8> component [boundingbox_camera]
[1.249s] -- Looking for gz-sensors8-boundingbox_camera -- found version 8.2.1
[1.249s] -- Searching for dependencies of gz-sensors8-boundingbox_camera
[1.249s] -- Searching for <gz-sensors8> component [segmentation_camera]
[1.250s] -- Looking for gz-sensors8-segmentation_camera -- found version 8.2.1
[1.250s] -- Searching for dependencies of gz-sensors8-segmentation_camera
[1.250s] -- Searching for <gz-sensors8> component [depth_camera]
[1.251s] -- Looking for gz-sensors8-depth_camera -- found version 8.2.1
[1.251s] -- Searching for dependencies of gz-sensors8-depth_camera
[1.251s] -- Looking for gz-sensors8 -- found version 8.2.1
[1.251s] -- Searching for <gz-sensors8> component [rgbd_camera]
[1.252s] -- Looking for gz-sensors8-rgbd_camera -- found version 8.2.1
[1.252s] -- Searching for dependencies of gz-sensors8-rgbd_camera
[1.252s] -- Looking for gz-sensors8 -- found version 8.2.1
[1.253s] -- Searching for <gz-sensors8> component [thermal_camera]
[1.253s] -- Looking for gz-sensors8-thermal_camera -- found version 8.2.1
[1.253s] -- Searching for dependencies of gz-sensors8-thermal_camera
[1.253s] -- Looking for gz-sensors8 -- found version 8.2.1
[1.254s] -- Searching for <gz-sensors8> component [wide_angle_camera]
[1.254s] -- Looking for gz-sensors8-wide_angle_camera -- found version 8.2.1
[1.254s] -- Searching for dependencies of gz-sensors8-wide_angle_camera
[1.255s] -- Looking for gz-rendering8 -- found version 8.2.1
[1.255s] -- Looking for gz-math7 -- found version 7.5.1
[1.256s] -- Looking for gz-utils2 -- found version 2.2.0
[1.272s] -- Compiling against Gazebo Garden
[1.273s] -- Found ament_lint_auto: 0.17.1 (/opt/ros/jazzy/share/ament_lint_auto/cmake)
[1.338s] -- Configuring done (1.3s)
[1.348s] -- Generating done (0.0s)
[1.351s] -- Build files have been written to: /home/harikrishnan/ROS_PROJECTS/snake_robot_harmonic_ws/build/ros_gz_example_gazebo
[1.357s] Invoked command in '/home/harikrishnan/ROS_PROJECTS/snake_robot_harmonic_ws/build/ros_gz_example_gazebo' returned '0': CMAKE_PREFIX_PATH=/home/harikrishnan/ROS_PROJECTS/snake_robot_harmonic_ws/install/ros_gz_example_description:/home/harikrishnan/ROS_PROJECTS/snake_robot_harmonic_ws/install/ros_gz_example_bringup:/home/harikrishnan/ROS_PROJECTS/snake_robot_harmonic_ws/install/ros_gz_example_gazebo:/home/harikrishnan/ROS_PROJECTS/snake_robot_harmonic_ws/install/ros_gz_example_application:/opt/ros/jazzy/opt/gz_sim_vendor:/opt/ros/jazzy/opt/gz_sensors_vendor:/opt/ros/jazzy/opt/gz_physics_vendor:/opt/ros/jazzy/opt/sdformat_vendor:/opt/ros/jazzy/opt/gz_gui_vendor:/opt/ros/jazzy/opt/gz_transport_vendor:/opt/ros/jazzy/opt/gz_rendering_vendor:/opt/ros/jazzy/opt/gz_plugin_vendor:/opt/ros/jazzy/opt/gz_fuel_tools_vendor:/opt/ros/jazzy/opt/gz_msgs_vendor:/opt/ros/jazzy/opt/gz_common_vendor:/opt/ros/jazzy/opt/gz_math_vendor:/opt/ros/jazzy/opt/gz_utils_vendor:/opt/ros/jazzy/opt/gz_tools_vendor:/opt/ros/jazzy/opt/gz_ogre_next_vendor:/opt/ros/jazzy/opt/gz_dartsim_vendor:/opt/ros/jazzy/opt/gz_cmake_vendor:/home/harikrishnan/turtlebot3_ws/install/turtlebot3:/home/harikrishnan/turtlebot3_ws/install/turtlebot3_bringup:/home/harikrishnan/turtlebot3_ws/install/turtlebot3_node:/home/harikrishnan/turtlebot3_ws/install/turtlebot3_navigation2:/home/harikrishnan/turtlebot3_ws/install/turtlebot3_msgs:/home/harikrishnan/turtlebot3_ws/install/turtlebot3_description:/home/harikrishnan/turtlebot3_ws/install/turtlebot3_cartographer:/home/harikrishnan/turtlebot3_ws/install/dynamixel_sdk_examples:/home/harikrishnan/turtlebot3_ws/install/dynamixel_sdk_custom_interfaces:/home/harikrishnan/turtlebot3_ws/install/dynamixel_sdk:/home/harikrishnan/ros2_ws/install/snake_bot:/opt/ros/jazzy:/home/harikrishnan/turtlebot3_ws/install/turtlebot3_teleop:/home/harikrishnan/turtlebot3_ws/install/turtlebot3_example DEBUGINFOD_URLS=https://debuginfod.ubuntu.com GZ_SIM_RESOURCE_PATH=/home/harikrishnan/ROS_PROJECTS/snake_robot_harmonic_ws/install/ros_gz_example_description/share/ros_gz_example_description/models:${GZ_SIM_RESOURCE_PATH} /usr/bin/cmake /home/harikrishnan/ROS_PROJECTS/snake_robot_harmonic_ws/src/ros_gz_example_gazebo -DAMENT_CMAKE_SYMLINK_INSTALL=1 -DCMAKE_INSTALL_PREFIX=/home/harikrishnan/ROS_PROJECTS/snake_robot_harmonic_ws/install/ros_gz_example_gazebo
[1.357s] Invoking command in '/home/harikrishnan/ROS_PROJECTS/snake_robot_harmonic_ws/build/ros_gz_example_gazebo': CMAKE_PREFIX_PATH=/home/harikrishnan/ROS_PROJECTS/snake_robot_harmonic_ws/install/ros_gz_example_description:/home/harikrishnan/ROS_PROJECTS/snake_robot_harmonic_ws/install/ros_gz_example_bringup:/home/harikrishnan/ROS_PROJECTS/snake_robot_harmonic_ws/install/ros_gz_example_gazebo:/home/harikrishnan/ROS_PROJECTS/snake_robot_harmonic_ws/install/ros_gz_example_application:/opt/ros/jazzy/opt/gz_sim_vendor:/opt/ros/jazzy/opt/gz_sensors_vendor:/opt/ros/jazzy/opt/gz_physics_vendor:/opt/ros/jazzy/opt/sdformat_vendor:/opt/ros/jazzy/opt/gz_gui_vendor:/opt/ros/jazzy/opt/gz_transport_vendor:/opt/ros/jazzy/opt/gz_rendering_vendor:/opt/ros/jazzy/opt/gz_plugin_vendor:/opt/ros/jazzy/opt/gz_fuel_tools_vendor:/opt/ros/jazzy/opt/gz_msgs_vendor:/opt/ros/jazzy/opt/gz_common_vendor:/opt/ros/jazzy/opt/gz_math_vendor:/opt/ros/jazzy/opt/gz_utils_vendor:/opt/ros/jazzy/opt/gz_tools_vendor:/opt/ros/jazzy/opt/gz_ogre_next_vendor:/opt/ros/jazzy/opt/gz_dartsim_vendor:/opt/ros/jazzy/opt/gz_cmake_vendor:/home/harikrishnan/turtlebot3_ws/install/turtlebot3:/home/harikrishnan/turtlebot3_ws/install/turtlebot3_bringup:/home/harikrishnan/turtlebot3_ws/install/turtlebot3_node:/home/harikrishnan/turtlebot3_ws/install/turtlebot3_navigation2:/home/harikrishnan/turtlebot3_ws/install/turtlebot3_msgs:/home/harikrishnan/turtlebot3_ws/install/turtlebot3_description:/home/harikrishnan/turtlebot3_ws/install/turtlebot3_cartographer:/home/harikrishnan/turtlebot3_ws/install/dynamixel_sdk_examples:/home/harikrishnan/turtlebot3_ws/install/dynamixel_sdk_custom_interfaces:/home/harikrishnan/turtlebot3_ws/install/dynamixel_sdk:/home/harikrishnan/ros2_ws/install/snake_bot:/opt/ros/jazzy:/home/harikrishnan/turtlebot3_ws/install/turtlebot3_teleop:/home/harikrishnan/turtlebot3_ws/install/turtlebot3_example DEBUGINFOD_URLS=https://debuginfod.ubuntu.com GZ_SIM_RESOURCE_PATH=/home/harikrishnan/ROS_PROJECTS/snake_robot_harmonic_ws/install/ros_gz_example_description/share/ros_gz_example_description/models:${GZ_SIM_RESOURCE_PATH} /usr/bin/cmake --build /home/harikrishnan/ROS_PROJECTS/snake_robot_harmonic_ws/build/ros_gz_example_gazebo -- -j12 -l12
[1.412s] [ 25%] [32m[1mLinking CXX shared library libBasicSystem.so[0m
[1.413s] [ 50%] [32m[1mLinking CXX shared library libFullSystem.so[0m
[1.547s] [ 75%] Built target BasicSystem
[1.550s] [100%] Built target FullSystem
[1.559s] Invoked command in '/home/harikrishnan/ROS_PROJECTS/snake_robot_harmonic_ws/build/ros_gz_example_gazebo' returned '0': CMAKE_PREFIX_PATH=/home/harikrishnan/ROS_PROJECTS/snake_robot_harmonic_ws/install/ros_gz_example_description:/home/harikrishnan/ROS_PROJECTS/snake_robot_harmonic_ws/install/ros_gz_example_bringup:/home/harikrishnan/ROS_PROJECTS/snake_robot_harmonic_ws/install/ros_gz_example_gazebo:/home/harikrishnan/ROS_PROJECTS/snake_robot_harmonic_ws/install/ros_gz_example_application:/opt/ros/jazzy/opt/gz_sim_vendor:/opt/ros/jazzy/opt/gz_sensors_vendor:/opt/ros/jazzy/opt/gz_physics_vendor:/opt/ros/jazzy/opt/sdformat_vendor:/opt/ros/jazzy/opt/gz_gui_vendor:/opt/ros/jazzy/opt/gz_transport_vendor:/opt/ros/jazzy/opt/gz_rendering_vendor:/opt/ros/jazzy/opt/gz_plugin_vendor:/opt/ros/jazzy/opt/gz_fuel_tools_vendor:/opt/ros/jazzy/opt/gz_msgs_vendor:/opt/ros/jazzy/opt/gz_common_vendor:/opt/ros/jazzy/opt/gz_math_vendor:/opt/ros/jazzy/opt/gz_utils_vendor:/opt/ros/jazzy/opt/gz_tools_vendor:/opt/ros/jazzy/opt/gz_ogre_next_vendor:/opt/ros/jazzy/opt/gz_dartsim_vendor:/opt/ros/jazzy/opt/gz_cmake_vendor:/home/harikrishnan/turtlebot3_ws/install/turtlebot3:/home/harikrishnan/turtlebot3_ws/install/turtlebot3_bringup:/home/harikrishnan/turtlebot3_ws/install/turtlebot3_node:/home/harikrishnan/turtlebot3_ws/install/turtlebot3_navigation2:/home/harikrishnan/turtlebot3_ws/install/turtlebot3_msgs:/home/harikrishnan/turtlebot3_ws/install/turtlebot3_description:/home/harikrishnan/turtlebot3_ws/install/turtlebot3_cartographer:/home/harikrishnan/turtlebot3_ws/install/dynamixel_sdk_examples:/home/harikrishnan/turtlebot3_ws/install/dynamixel_sdk_custom_interfaces:/home/harikrishnan/turtlebot3_ws/install/dynamixel_sdk:/home/harikrishnan/ros2_ws/install/snake_bot:/opt/ros/jazzy:/home/harikrishnan/turtlebot3_ws/install/turtlebot3_teleop:/home/harikrishnan/turtlebot3_ws/install/turtlebot3_example DEBUGINFOD_URLS=https://debuginfod.ubuntu.com GZ_SIM_RESOURCE_PATH=/home/harikrishnan/ROS_PROJECTS/snake_robot_harmonic_ws/install/ros_gz_example_description/share/ros_gz_example_description/models:${GZ_SIM_RESOURCE_PATH} /usr/bin/cmake --build /home/harikrishnan/ROS_PROJECTS/snake_robot_harmonic_ws/build/ros_gz_example_gazebo -- -j12 -l12
[1.559s] Invoking command in '/home/harikrishnan/ROS_PROJECTS/snake_robot_harmonic_ws/build/ros_gz_example_gazebo': CMAKE_PREFIX_PATH=/home/harikrishnan/ROS_PROJECTS/snake_robot_harmonic_ws/install/ros_gz_example_description:/home/harikrishnan/ROS_PROJECTS/snake_robot_harmonic_ws/install/ros_gz_example_bringup:/home/harikrishnan/ROS_PROJECTS/snake_robot_harmonic_ws/install/ros_gz_example_gazebo:/home/harikrishnan/ROS_PROJECTS/snake_robot_harmonic_ws/install/ros_gz_example_application:/opt/ros/jazzy/opt/gz_sim_vendor:/opt/ros/jazzy/opt/gz_sensors_vendor:/opt/ros/jazzy/opt/gz_physics_vendor:/opt/ros/jazzy/opt/sdformat_vendor:/opt/ros/jazzy/opt/gz_gui_vendor:/opt/ros/jazzy/opt/gz_transport_vendor:/opt/ros/jazzy/opt/gz_rendering_vendor:/opt/ros/jazzy/opt/gz_plugin_vendor:/opt/ros/jazzy/opt/gz_fuel_tools_vendor:/opt/ros/jazzy/opt/gz_msgs_vendor:/opt/ros/jazzy/opt/gz_common_vendor:/opt/ros/jazzy/opt/gz_math_vendor:/opt/ros/jazzy/opt/gz_utils_vendor:/opt/ros/jazzy/opt/gz_tools_vendor:/opt/ros/jazzy/opt/gz_ogre_next_vendor:/opt/ros/jazzy/opt/gz_dartsim_vendor:/opt/ros/jazzy/opt/gz_cmake_vendor:/home/harikrishnan/turtlebot3_ws/install/turtlebot3:/home/harikrishnan/turtlebot3_ws/install/turtlebot3_bringup:/home/harikrishnan/turtlebot3_ws/install/turtlebot3_node:/home/harikrishnan/turtlebot3_ws/install/turtlebot3_navigation2:/home/harikrishnan/turtlebot3_ws/install/turtlebot3_msgs:/home/harikrishnan/turtlebot3_ws/install/turtlebot3_description:/home/harikrishnan/turtlebot3_ws/install/turtlebot3_cartographer:/home/harikrishnan/turtlebot3_ws/install/dynamixel_sdk_examples:/home/harikrishnan/turtlebot3_ws/install/dynamixel_sdk_custom_interfaces:/home/harikrishnan/turtlebot3_ws/install/dynamixel_sdk:/home/harikrishnan/ros2_ws/install/snake_bot:/opt/ros/jazzy:/home/harikrishnan/turtlebot3_ws/install/turtlebot3_teleop:/home/harikrishnan/turtlebot3_ws/install/turtlebot3_example DEBUGINFOD_URLS=https://debuginfod.ubuntu.com GZ_SIM_RESOURCE_PATH=/home/harikrishnan/ROS_PROJECTS/snake_robot_harmonic_ws/install/ros_gz_example_description/share/ros_gz_example_description/models:${GZ_SIM_RESOURCE_PATH} /usr/bin/cmake --install /home/harikrishnan/ROS_PROJECTS/snake_robot_harmonic_ws/build/ros_gz_example_gazebo
[1.565s] -- Install configuration: ""
[1.565s] -- Execute custom install script
[1.565s] -- Symlinking: /home/harikrishnan/ROS_PROJECTS/snake_robot_harmonic_ws/install/ros_gz_example_gazebo/lib/ros_gz_example_gazebo/libBasicSystem.so
[1.572s] -- Symlinking: /home/harikrishnan/ROS_PROJECTS/snake_robot_harmonic_ws/install/ros_gz_example_gazebo/lib/ros_gz_example_gazebo/libFullSystem.so
[1.578s] -- Symlinking: /home/harikrishnan/ROS_PROJECTS/snake_robot_harmonic_ws/install/ros_gz_example_gazebo/share/ros_gz_example_gazebo/worlds/diff_drive.sdf
[1.585s] -- Symlinking: /home/harikrishnan/ROS_PROJECTS/snake_robot_harmonic_ws/install/ros_gz_example_gazebo/share/ros_gz_example_gazebo/environment/ros_gz_example_gazebo.dsv
[1.591s] -- Symlinking: /home/harikrishnan/ROS_PROJECTS/snake_robot_harmonic_ws/install/ros_gz_example_gazebo/share/ros_gz_example_gazebo/environment/ros_gz_example_gazebo.sh
[1.597s] -- Symlinking: /home/harikrishnan/ROS_PROJECTS/snake_robot_harmonic_ws/install/ros_gz_example_gazebo/share/ament_index/resource_index/package_run_dependencies/ros_gz_example_gazebo
[1.603s] -- Symlinking: /home/harikrishnan/ROS_PROJECTS/snake_robot_harmonic_ws/install/ros_gz_example_gazebo/share/ament_index/resource_index/parent_prefix_path/ros_gz_example_gazebo
[1.611s] -- Symlinking: /home/harikrishnan/ROS_PROJECTS/snake_robot_harmonic_ws/install/ros_gz_example_gazebo/share/ros_gz_example_gazebo/environment/ament_prefix_path.sh
[1.617s] -- Symlinking: /home/harikrishnan/ROS_PROJECTS/snake_robot_harmonic_ws/install/ros_gz_example_gazebo/share/ros_gz_example_gazebo/environment/ament_prefix_path.dsv
[1.623s] -- Symlinking: /home/harikrishnan/ROS_PROJECTS/snake_robot_harmonic_ws/install/ros_gz_example_gazebo/share/ros_gz_example_gazebo/environment/path.sh
[1.632s] -- Symlinking: /home/harikrishnan/ROS_PROJECTS/snake_robot_harmonic_ws/install/ros_gz_example_gazebo/share/ros_gz_example_gazebo/environment/path.dsv
[1.638s] -- Symlinking: /home/harikrishnan/ROS_PROJECTS/snake_robot_harmonic_ws/install/ros_gz_example_gazebo/share/ros_gz_example_gazebo/local_setup.bash
[1.646s] -- Symlinking: /home/harikrishnan/ROS_PROJECTS/snake_robot_harmonic_ws/install/ros_gz_example_gazebo/share/ros_gz_example_gazebo/local_setup.sh
[1.654s] -- Symlinking: /home/harikrishnan/ROS_PROJECTS/snake_robot_harmonic_ws/install/ros_gz_example_gazebo/share/ros_gz_example_gazebo/local_setup.zsh
[1.661s] -- Symlinking: /home/harikrishnan/ROS_PROJECTS/snake_robot_harmonic_ws/install/ros_gz_example_gazebo/share/ros_gz_example_gazebo/local_setup.dsv
[1.670s] -- Symlinking: /home/harikrishnan/ROS_PROJECTS/snake_robot_harmonic_ws/install/ros_gz_example_gazebo/share/ros_gz_example_gazebo/package.dsv
[1.677s] -- Symlinking: /home/harikrishnan/ROS_PROJECTS/snake_robot_harmonic_ws/install/ros_gz_example_gazebo/share/ament_index/resource_index/packages/ros_gz_example_gazebo
[1.685s] -- Symlinking: /home/harikrishnan/ROS_PROJECTS/snake_robot_harmonic_ws/install/ros_gz_example_gazebo/share/ros_gz_example_gazebo/cmake/ros_gz_example_gazeboConfig.cmake
[1.692s] -- Symlinking: /home/harikrishnan/ROS_PROJECTS/snake_robot_harmonic_ws/install/ros_gz_example_gazebo/share/ros_gz_example_gazebo/cmake/ros_gz_example_gazeboConfig-version.cmake
[1.700s] -- Symlinking: /home/harikrishnan/ROS_PROJECTS/snake_robot_harmonic_ws/install/ros_gz_example_gazebo/share/ros_gz_example_gazebo/package.xml
[1.711s] Invoked command in '/home/harikrishnan/ROS_PROJECTS/snake_robot_harmonic_ws/build/ros_gz_example_gazebo' returned '0': CMAKE_PREFIX_PATH=/home/harikrishnan/ROS_PROJECTS/snake_robot_harmonic_ws/install/ros_gz_example_description:/home/harikrishnan/ROS_PROJECTS/snake_robot_harmonic_ws/install/ros_gz_example_bringup:/home/harikrishnan/ROS_PROJECTS/snake_robot_harmonic_ws/install/ros_gz_example_gazebo:/home/harikrishnan/ROS_PROJECTS/snake_robot_harmonic_ws/install/ros_gz_example_application:/opt/ros/jazzy/opt/gz_sim_vendor:/opt/ros/jazzy/opt/gz_sensors_vendor:/opt/ros/jazzy/opt/gz_physics_vendor:/opt/ros/jazzy/opt/sdformat_vendor:/opt/ros/jazzy/opt/gz_gui_vendor:/opt/ros/jazzy/opt/gz_transport_vendor:/opt/ros/jazzy/opt/gz_rendering_vendor:/opt/ros/jazzy/opt/gz_plugin_vendor:/opt/ros/jazzy/opt/gz_fuel_tools_vendor:/opt/ros/jazzy/opt/gz_msgs_vendor:/opt/ros/jazzy/opt/gz_common_vendor:/opt/ros/jazzy/opt/gz_math_vendor:/opt/ros/jazzy/opt/gz_utils_vendor:/opt/ros/jazzy/opt/gz_tools_vendor:/opt/ros/jazzy/opt/gz_ogre_next_vendor:/opt/ros/jazzy/opt/gz_dartsim_vendor:/opt/ros/jazzy/opt/gz_cmake_vendor:/home/harikrishnan/turtlebot3_ws/install/turtlebot3:/home/harikrishnan/turtlebot3_ws/install/turtlebot3_bringup:/home/harikrishnan/turtlebot3_ws/install/turtlebot3_node:/home/harikrishnan/turtlebot3_ws/install/turtlebot3_navigation2:/home/harikrishnan/turtlebot3_ws/install/turtlebot3_msgs:/home/harikrishnan/turtlebot3_ws/install/turtlebot3_description:/home/harikrishnan/turtlebot3_ws/install/turtlebot3_cartographer:/home/harikrishnan/turtlebot3_ws/install/dynamixel_sdk_examples:/home/harikrishnan/turtlebot3_ws/install/dynamixel_sdk_custom_interfaces:/home/harikrishnan/turtlebot3_ws/install/dynamixel_sdk:/home/harikrishnan/ros2_ws/install/snake_bot:/opt/ros/jazzy:/home/harikrishnan/turtlebot3_ws/install/turtlebot3_teleop:/home/harikrishnan/turtlebot3_ws/install/turtlebot3_example DEBUGINFOD_URLS=https://debuginfod.ubuntu.com GZ_SIM_RESOURCE_PATH=/home/harikrishnan/ROS_PROJECTS/snake_robot_harmonic_ws/install/ros_gz_example_description/share/ros_gz_example_description/models:${GZ_SIM_RESOURCE_PATH} /usr/bin/cmake --install /home/harikrishnan/ROS_PROJECTS/snake_robot_harmonic_ws/build/ros_gz_example_gazebo
